[2023.12.18 10:49:07 - info ] Market Data subscribed: DCE.i.2405
[2023.12.18 10:56:40 - info ] 理论价格0.000000，最新价：918.500000
[2023.12.18 10:56:40 - info ] 出现反向信号
[2023.12.18 10:59:39 - info ] cancelcount -> 1
[2023.12.18 10:59:40 - info ] cancelcount -> 0
[2023.12.18 10:59:40 - info ] 理论价格0.000000，最新价：918.500000
[2023.12.18 10:59:40 - info ] 出现反向信号
[2023.12.18 11:10:34 - info ] cancelcount -> 1
[2023.12.18 11:10:34 - info ] cancelcount -> 0
[2023.12.18 11:10:35 - info ] 理论价格906.440789，最新价：918.500000
[2023.12.18 11:10:35 - info ] 出现反向信号
[2023.12.18 11:18:23 - info ] cancelcount -> 1
[2023.12.18 11:18:23 - info ] cancelcount -> 0
[2023.12.18 11:18:23 - info ] 理论价格916.968723，最新价：918.500000
[2023.12.18 11:18:23 - info ] 出现反向信号
[2023.12.18 11:30:25 - info ] Target position updated: 0 -> 1
[2023.12.18 13:04:48 - info ] 交易通道连接丢失
[2023.12.18 13:32:22 - info ] cancelcount -> 1
[2023.12.18 13:32:23 - info ] cancelcount -> 0
[2023.12.18 13:32:23 - info ] 理论价格917.028696，最新价：918.500000
[2023.12.18 13:32:23 - info ] 出现反向信号
[2023.12.18 13:39:29 - info ] cancelcount -> 1
[2023.12.18 13:39:29 - info ] cancelcount -> 0
[2023.12.18 13:39:29 - info ] 理论价格917.088773，最新价：918.500000
[2023.12.18 13:39:29 - info ] 出现反向信号
[2023.12.18 13:43:29 - info ] cancelcount -> 1
[2023.12.18 13:43:29 - info ] cancelcount -> 0
[2023.12.18 13:43:30 - info ] 理论价格917.148955，最新价：918.500000
[2023.12.18 13:43:30 - info ] 出现反向信号
[2023.12.18 13:45:27 - info ] cancelcount -> 1
[2023.12.18 13:45:28 - info ] cancelcount -> 0
[2023.12.18 13:45:28 - info ] 理论价格917.209241，最新价：918.500000
[2023.12.18 13:45:28 - info ] 出现反向信号
[2023.12.18 14:02:34 - info ] cancelcount -> 1
[2023.12.18 14:02:34 - info ] cancelcount -> 0
[2023.12.18 14:02:35 - info ] 理论价格917.329108，最新价：848.000000
[2023.12.18 14:02:35 - info ] 出现正向信号
[2023.12.18 14:04:52 - info ] cancelcount -> 1
[2023.12.18 14:04:52 - info ] cancelcount -> 0
[2023.12.18 14:04:52 - info ] 理论价格917.450525，最新价：918.500000
[2023.12.18 14:04:52 - info ] 出现反向信号
[2023.12.18 14:06:03 - info ] cancelcount -> 1
[2023.12.18 14:06:03 - info ] cancelcount -> 0
[2023.12.18 14:06:03 - info ] 理论价格917.511394，最新价：918.500000
[2023.12.18 14:06:03 - info ] 出现反向信号
[2023.12.18 14:10:45 - info ] cancelcount -> 1
[2023.12.18 14:10:45 - info ] cancelcount -> 0
[2023.12.18 14:10:45 - info ] 理论价格917.450525，最新价：918.500000
[2023.12.18 14:10:45 - info ] 出现反向信号
[2023.12.18 14:11:26 - info ] cancelcount -> 1
[2023.12.18 14:11:26 - info ] cancelcount -> 0
[2023.12.18 14:11:26 - info ] 理论价格917.511394，最新价：918.500000
[2023.12.18 14:11:26 - info ] 出现反向信号
[2023.12.18 14:12:15 - info ] cancelcount -> 1
[2023.12.18 14:12:16 - info ] cancelcount -> 0
[2023.12.18 14:18:20 - info ] 理论价格917.511394，最新价：918.500000
[2023.12.18 14:18:20 - info ] 出现反向信号
[2023.12.18 14:32:47 - info ] cancelcount -> 1
[2023.12.18 14:32:47 - info ] cancelcount -> 0
[2023.12.18 14:32:57 - info ] 理论价格917.512259，最新价：918.500000
[2023.12.18 14:32:57 - info ] 出现反向信号
[2023.12.18 14:52:04 - info ] cancelcount -> 1
[2023.12.18 14:52:04 - info ] cancelcount -> 0
[2023.12.18 14:52:04 - info ] 理论价格894.970588，最新价：918.500000
[2023.12.18 14:52:04 - info ] 出现反向信号
[2023.12.18 15:00:30 - info ] cancelcount -> 1
[2023.12.18 15:02:38 - info ] cancelcount -> 2
[2023.12.18 16:27:18 - info ] 交易通道连接丢失
[2023.12.18 16:37:51 - info ] Market Data subscribed: DCE.i.2405
[2023.12.18 16:58:50 - info ] Market Data subscribed: DCE.i.2405
