[2023.12.18 10:49:07 - info ] WonderTrader HFT production framework initialzied, version: X64 v0.9.9 Build@Nov 29 2023 15:47:44
[2023.12.18 10:49:07 - info ] Trading sessions loaded
[2023.12.18 10:49:07 - warning] No session configured for CFFEX.TL
[2023.12.18 10:49:07 - warning] No session configured for CZCE.PX
[2023.12.18 10:49:07 - warning] No session configured for CZCE.SH
[2023.12.18 10:49:07 - warning] No session configured for GFEX.lc
[2023.12.18 10:49:07 - warning] No session configured for GFEX.si
[2023.12.18 10:49:07 - warning] No session configured for INE.ec
[2023.12.18 10:49:07 - warning] No session configured for SHFE.ao
[2023.12.18 10:49:07 - warning] No session configured for SHFE.br
[2023.12.18 10:49:07 - info ] Commodities configuration file ../common/commodities.json loaded
[2023.12.18 10:49:07 - info ] Contracts configuration file ../common/contracts_SP.json loaded, 1 exchanges
[2023.12.18 10:49:07 - info ] Holidays loaded
[2023.12.18 10:49:07 - info ] Hot rules loaded
[2023.12.18 10:49:07 - info ] Trading environment initialized, engine name: HFT
[2023.12.18 10:49:07 - info ] Running mode: Production
[2023.12.18 10:49:07 - debug] Filters configuration file filters.yaml not exists
[2023.12.18 10:49:07 - info ] 0 fee templates loaded
[2023.12.18 10:49:07 - warning] RiskMon is not configured, portfilio fund will be updated every 5s
[2023.12.18 10:49:07 - info ] Resampled bars will be aligned by section:  no
[2023.12.18 10:49:07 - info ] Force to cache bars: yes
[2023.12.18 10:49:07 - info ] WtDataReader initialized, rt dir is ../FUT_Data/rt/, hist dir is ../FUT_Data/his/, adjust_flag is 0
[2023.12.18 10:49:07 - info ] No adjusting factor file configured, loading skipped
[2023.12.18 10:49:07 - info ] Data manager initialized
[2023.12.18 10:49:07 - info ] Action policies initialized
[2023.12.18 10:49:07 - info ] Reading parser config from tdparsers.yaml...
[2023.12.18 10:49:07 - info ] [parserUDP] Parser module E:/miniconda3/envs/wtpy/lib/site-packages/wtpy/wrapper/x64/parsers/ParserUDP.dll loaded
[2023.12.18 10:49:07 - info ] [parserUDP] Parser initialzied, check_time: false
[2023.12.18 10:49:07 - info ] 1 parsers loaded
[2023.12.18 10:49:07 - info ] Reading trader config from tdtraders.yaml...
[2023.12.18 10:49:07 - info ] [zhongxinFUT] Risk control rule default of trading channel loaded
[2023.12.18 10:49:07 - info ] [zhongxinFUT] Trader module E:/miniconda3/envs/wtpy/lib/site-packages/wtpy/wrapper/x64/traders/TraderCTP.dll loaded
[2023.12.18 10:49:07 - info ] 1 traders loaded
[2023.12.18 10:49:07 - info ] 1 parsers started
[2023.12.18 10:49:07 - info ] registerFront: tcp://121.13.217.132:44205
[2023.12.18 10:49:07 - info ] 1 trading channels started
[2023.12.18 10:49:07 - info ] Market Data subscribed: DCE.i.2405
[2023.12.18 10:49:07 - info ] Trading day 20231218 begun
[2023.12.18 10:49:07 - info ] [TraderCTP][7050-58110678] Login succeed, AppID: wz_wt_v100, Sessionid: 3002729792, login time: 10:48:44...
[2023.12.18 10:49:07 - info ] [TraderCTP][7050-58110678] Login succeed, trading date: 20231218...
[2023.12.18 10:49:07 - info ] [TraderCTP][7050-58110678] Querying confirming state of settlement data...
[2023.12.18 10:49:08 - info ] [TraderCTP][7050-58110678] Trading channel initialized...
[2023.12.18 10:49:08 - info ] [zhongxinFUT] Trader login succeed, trading date: 20231218
[2023.12.18 10:49:08 - info ] [zhongxinFUT] DCE.y.2403 position updated, long:0[0]|0[0], short:1[1]|0[0]
[2023.12.18 10:49:08 - info ] [zhongxinFUT] DCE.p.2408 position updated, long:0[0]|0[0], short:0[0]|1[1]
[2023.12.18 10:49:08 - info ] [zhongxinFUT] Position data updated
[2023.12.18 10:49:10 - info ] [zhongxinFUT] DCE.p.2408 action stats updated, long opened: 0, long closed: 0, new long closed: 0, short opened: 1, short closed: 0, new short closed: 0
[2023.12.18 10:49:11 - info ] [zhongxinFUT] Trading channel ready
[2023.12.18 10:50:30 - info ] Minute bar 20231218.1050 closed automatically
[2023.12.18 10:51:30 - info ] Minute bar 20231218.1051 closed automatically
[2023.12.18 10:53:30 - info ] Minute bar 20231218.1053 closed automatically
[2023.12.18 10:54:30 - info ] Minute bar 20231218.1054 closed automatically
[2023.12.18 10:55:30 - info ] Minute bar 20231218.1055 closed automatically
[2023.12.18 10:56:30 - info ] Minute bar 20231218.1056 closed automatically
[2023.12.18 10:56:40 - info ] 理论价格0.000000，最新价：918.500000
[2023.12.18 10:56:40 - info ] 出现反向信号
[2023.12.18 10:56:40 - info ] [zhongxinFUT] Selling DCE.i.2405 of quantity 1
[2023.12.18 10:56:40 - info ] [zhongxinFUT] DCE.i.2405 qty of undone order updated, 0 -> -1
[2023.12.18 10:56:40 - info ] [zhongxinFUT] Signal of selling DCE.i.2405 of quantity 1 triggered: Opening short of quantity 1
[2023.12.18 10:56:40 - debug] [zhongxinFUT] Order notified, instrument: DCE.i.2405, usertag: otp.zhongxinFUT.1518290000, state: Smtting
[2023.12.18 10:56:40 - debug] [zhongxinFUT] Order notified, instrument: DCE.i.2405, usertag: otp.zhongxinFUT.1518290000, state: UnTrd
[2023.12.18 10:57:30 - info ] Minute bar 20231218.1057 closed automatically
[2023.12.18 10:59:30 - info ] Minute Bar 20231218.1059 Closed by data
[2023.12.18 10:59:39 - info ] cancelcount -> 1
[2023.12.18 10:59:39 - debug] [zhongxinFUT] Order notified, instrument: DCE.i.2405, usertag: otp.zhongxinFUT.1518290000, state: UnTrd
[2023.12.18 10:59:40 - debug] [zhongxinFUT] Order notified, instrument: DCE.i.2405, usertag: otp.zhongxinFUT.1518290000, state: Cncld
[2023.12.18 10:59:40 - info ] [zhongxinFUT] DCE.i.2405 qty of undone order updated, -1 -> 0
[2023.12.18 10:59:40 - info ] [zhongxinFUT] Order otp.zhongxinFUT.1518290000 of DCE.i.2405 canceled:已撤单, action: OS, leftqty: 1
[2023.12.18 10:59:40 - info ] cancelcount -> 0
[2023.12.18 10:59:40 - info ] 理论价格0.000000，最新价：918.500000
[2023.12.18 10:59:40 - info ] 出现反向信号
[2023.12.18 10:59:40 - info ] [zhongxinFUT] Selling DCE.i.2405 of quantity 1
[2023.12.18 10:59:40 - info ] [zhongxinFUT] DCE.i.2405 qty of undone order updated, 0 -> -1
[2023.12.18 10:59:40 - info ] [zhongxinFUT] Signal of selling DCE.i.2405 of quantity 1 triggered: Opening short of quantity 1
[2023.12.18 10:59:40 - debug] [zhongxinFUT] Order notified, instrument: DCE.i.2405, usertag: otp.zhongxinFUT.1518290001, state: Smtting
[2023.12.18 10:59:40 - debug] [zhongxinFUT] Order notified, instrument: DCE.i.2405, usertag: otp.zhongxinFUT.1518290001, state: UnTrd
[2023.12.18 11:00:30 - info ] Minute bar 20231218.1100 closed automatically
[2023.12.18 11:01:30 - info ] Minute bar 20231218.1101 closed automatically
[2023.12.18 11:02:30 - info ] Minute bar 20231218.1102 closed automatically
[2023.12.18 11:03:30 - info ] Minute bar 20231218.1103 closed automatically
[2023.12.18 11:04:30 - info ] Minute bar 20231218.1104 closed automatically
[2023.12.18 11:05:30 - info ] Minute bar 20231218.1105 closed automatically
[2023.12.18 11:06:30 - info ] Minute bar 20231218.1106 closed automatically
[2023.12.18 11:09:30 - info ] Minute bar 20231218.1109 closed automatically
[2023.12.18 11:10:30 - info ] Minute bar 20231218.1110 closed automatically
[2023.12.18 11:10:34 - info ] cancelcount -> 1
[2023.12.18 11:10:34 - debug] [zhongxinFUT] Order notified, instrument: DCE.i.2405, usertag: otp.zhongxinFUT.1518290001, state: UnTrd
[2023.12.18 11:10:34 - debug] [zhongxinFUT] Order notified, instrument: DCE.i.2405, usertag: otp.zhongxinFUT.1518290001, state: Cncld
[2023.12.18 11:10:34 - info ] [zhongxinFUT] DCE.i.2405 qty of undone order updated, -1 -> 0
[2023.12.18 11:10:34 - info ] [zhongxinFUT] Order otp.zhongxinFUT.1518290001 of DCE.i.2405 canceled:已撤单, action: OS, leftqty: 1
[2023.12.18 11:10:34 - info ] cancelcount -> 0
[2023.12.18 11:10:35 - info ] 理论价格906.440789，最新价：918.500000
[2023.12.18 11:10:35 - info ] 出现反向信号
[2023.12.18 11:10:35 - info ] [zhongxinFUT] Selling DCE.i.2405 of quantity 1
[2023.12.18 11:10:35 - info ] [zhongxinFUT] DCE.i.2405 qty of undone order updated, 0 -> -1
[2023.12.18 11:10:35 - info ] [zhongxinFUT] Signal of selling DCE.i.2405 of quantity 1 triggered: Opening short of quantity 1
[2023.12.18 11:10:35 - debug] [zhongxinFUT] Order notified, instrument: DCE.i.2405, usertag: otp.zhongxinFUT.1518290002, state: Smtting
[2023.12.18 11:10:35 - debug] [zhongxinFUT] Order notified, instrument: DCE.i.2405, usertag: otp.zhongxinFUT.1518290002, state: UnTrd
[2023.12.18 11:11:30 - info ] Minute bar 20231218.1111 closed automatically
[2023.12.18 11:12:30 - info ] Minute bar 20231218.1112 closed automatically
[2023.12.18 11:13:30 - info ] Minute bar 20231218.1113 closed automatically
[2023.12.18 11:14:30 - info ] Minute bar 20231218.1114 closed automatically
[2023.12.18 11:18:23 - info ] cancelcount -> 1
[2023.12.18 11:18:23 - debug] [zhongxinFUT] Order notified, instrument: DCE.i.2405, usertag: otp.zhongxinFUT.1518290002, state: UnTrd
[2023.12.18 11:18:23 - debug] [zhongxinFUT] Order notified, instrument: DCE.i.2405, usertag: otp.zhongxinFUT.1518290002, state: Cncld
[2023.12.18 11:18:23 - info ] [zhongxinFUT] DCE.i.2405 qty of undone order updated, -1 -> 0
[2023.12.18 11:18:23 - info ] [zhongxinFUT] Order otp.zhongxinFUT.1518290002 of DCE.i.2405 canceled:已撤单, action: OS, leftqty: 1
[2023.12.18 11:18:23 - info ] cancelcount -> 0
[2023.12.18 11:18:23 - info ] 理论价格916.968723，最新价：918.500000
[2023.12.18 11:18:23 - info ] 出现反向信号
[2023.12.18 11:18:23 - info ] [zhongxinFUT] Selling DCE.i.2405 of quantity 1
[2023.12.18 11:18:23 - info ] [zhongxinFUT] DCE.i.2405 qty of undone order updated, 0 -> -1
[2023.12.18 11:18:23 - info ] [zhongxinFUT] Signal of selling DCE.i.2405 of quantity 1 triggered: Opening short of quantity 1
[2023.12.18 11:18:23 - debug] [zhongxinFUT] Order notified, instrument: DCE.i.2405, usertag: otp.zhongxinFUT.1518290003, state: Smtting
[2023.12.18 11:18:24 - debug] [zhongxinFUT] Order notified, instrument: DCE.i.2405, usertag: otp.zhongxinFUT.1518290003, state: UnTrd
[2023.12.18 11:18:30 - info ] Minute bar 20231218.1118 closed automatically
[2023.12.18 11:19:30 - info ] Minute bar 20231218.1119 closed automatically
[2023.12.18 11:20:30 - info ] Minute bar 20231218.1120 closed automatically
[2023.12.18 11:22:30 - info ] Minute bar 20231218.1122 closed automatically
[2023.12.18 11:23:30 - info ] Minute bar 20231218.1123 closed automatically
[2023.12.18 11:24:30 - info ] Minute bar 20231218.1124 closed automatically
[2023.12.18 11:25:30 - info ] Minute bar 20231218.1125 closed automatically
[2023.12.18 11:26:30 - info ] Minute bar 20231218.1126 closed automatically
[2023.12.18 11:28:30 - info ] Minute bar 20231218.1128 closed automatically
[2023.12.18 11:29:30 - info ] Minute bar 20231218.1129 closed automatically
[2023.12.18 11:30:08 - error] CTP:该交易所不支持套利/做市商类型报单(61)
[2023.12.18 11:30:08 - error] [zhongxinFUT] Order placing failed: CTP:该交易所不支持套利/做市商类型报单(61), instrument: lh2403, action: open long, qty: 1
[2023.12.18 11:30:17 - error] CTP:该交易所不支持套利/做市商类型报单(61)
[2023.12.18 11:30:17 - error] [zhongxinFUT] Order placing failed: CTP:该交易所不支持套利/做市商类型报单(61), instrument: lh2403, action: open long, qty: 1
[2023.12.18 11:30:25 - debug] [zhongxinFUT] Order notified, instrument: DCE.lh.2403, usertag: 000002#3148220031#000011, state: Smtting
[2023.12.18 11:30:25 - debug] [zhongxinFUT] Order notified, instrument: DCE.lh.2403, usertag: 000002#3148220031#000011, state: UnTrd
[2023.12.18 11:30:25 - debug] [zhongxinFUT] Order notified, instrument: DCE.lh.2403, usertag: 000002#3148220031#000011, state: AllTrd
[2023.12.18 11:30:25 - info ] [zhongxinFUT] Trade notified, instrument: DCE.lh.2403, usertag: , trdqty: 1, trdprice: 14120
[2023.12.18 11:30:25 - info ] [zhongxinFUT] DCE.lh.2403 position updated, long:0[0]|1[1], short:0[0]|0[0]
[2023.12.18 11:30:25 - info ] Target position updated: 0 -> 1
[2023.12.18 11:30:30 - info ] Minute Bar 20231218.1130 Closed by data
[2023.12.18 11:31:30 - info ] Minute bar 20231218.1301 closed automatically
[2023.12.18 11:31:54 - debug] [zhongxinFUT] Order notified, instrument: DCE.lh.2401, usertag: 000002#3148220031#000012, state: Smtting
[2023.12.18 11:31:54 - debug] [zhongxinFUT] Order notified, instrument: DCE.lh.2401, usertag: 000002#3148220031#000012, state: Cncld
[2023.12.18 11:34:36 - debug] [zhongxinFUT] Order notified, instrument: DCE.lh.2401, usertag: 000002#3148220031#000013, state: Smtting
[2023.12.18 11:34:36 - debug] [zhongxinFUT] Order notified, instrument: DCE.lh.2401, usertag: 000002#3148220031#000013, state: Cncld
[2023.12.18 11:34:40 - debug] [zhongxinFUT] Order notified, instrument: DCE.lh.2401, usertag: 000002#3148220031#000014, state: Smtting
[2023.12.18 11:34:40 - debug] [zhongxinFUT] Order notified, instrument: DCE.lh.2401, usertag: 000002#3148220031#000014, state: Cncld
[2023.12.18 11:34:47 - debug] [zhongxinFUT] Order notified, instrument: DCE.lh.2401, usertag: 000002#3148220031#000015, state: Smtting
[2023.12.18 11:34:48 - debug] [zhongxinFUT] Order notified, instrument: DCE.lh.2401, usertag: 000002#3148220031#000015, state: Cncld
[2023.12.18 11:35:02 - debug] [zhongxinFUT] Order notified, instrument: DCE.lh.2401, usertag: 000002#3148220031#000016, state: Smtting
[2023.12.18 11:35:02 - debug] [zhongxinFUT] Order notified, instrument: DCE.lh.2401, usertag: 000002#3148220031#000016, state: Cncld
[2023.12.18 13:04:47 - error] [zhongxinFUT] Trading channel disconnected: 8193
[2023.12.18 13:04:48 - info ] 交易通道连接丢失
[2023.12.18 13:04:49 - info ] [TraderCTP][7050-58110678] Login succeed, AppID: wz_wt_v100, Sessionid: 3537504715, login time: 13:04:26...
[2023.12.18 13:04:49 - info ] [TraderCTP][7050-58110678] Login succeed, trading date: 20231218...
[2023.12.18 13:04:49 - info ] [TraderCTP][7050-58110678] Querying confirming state of settlement data...
[2023.12.18 13:04:49 - info ] [TraderCTP][7050-58110678] Trading channel initialized...
[2023.12.18 13:04:49 - info ] [zhongxinFUT] Trader login succeed, trading date: 20231218
[2023.12.18 13:04:50 - info ] [zhongxinFUT] DCE.y.2403 position updated, long:0[0]|0[0], short:1[1]|0[0]
[2023.12.18 13:04:50 - info ] [zhongxinFUT] DCE.p.2408 position updated, long:0[0]|0[0], short:0[0]|1[1]
[2023.12.18 13:04:50 - info ] [zhongxinFUT] DCE.i.2405 position updated, long:0[0]|0[0], short:0[-1]|0[0]
[2023.12.18 13:04:50 - info ] [zhongxinFUT] DCE.lh.2403 position updated, long:0[0]|1[1], short:0[0]|0[0]
[2023.12.18 13:04:50 - info ] [zhongxinFUT] DCE.lh.2401 position updated, long:0[0]|0[0], short:0[0]|0[0]
[2023.12.18 13:04:50 - info ] [zhongxinFUT] Position data updated
[2023.12.18 13:04:51 - info ] [zhongxinFUT]DCE.i.2405 undone quantity -1
[2023.12.18 13:04:52 - info ] [zhongxinFUT] DCE.p.2408 action stats updated, long opened: 0, long closed: 0, new long closed: 0, short opened: 2, short closed: 0, new short closed: 0
[2023.12.18 13:04:52 - info ] [zhongxinFUT] DCE.i.2405 action stats updated, long opened: 0, long closed: 0, new long closed: 0, short opened: 0, short closed: 0, new short closed: 0
[2023.12.18 13:04:52 - info ] [zhongxinFUT] DCE.lh.2403 action stats updated, long opened: 2, long closed: 0, new long closed: 0, short opened: 0, short closed: 0, new short closed: 0
[2023.12.18 13:04:52 - info ] [zhongxinFUT] DCE.lh.2401 action stats updated, long opened: 0, long closed: 0, new long closed: 0, short opened: 0, short closed: 0, new short closed: 0
[2023.12.18 13:04:53 - info ] [zhongxinFUT] Trading channel ready
[2023.12.18 13:31:30 - info ] Minute bar 20231218.1331 closed automatically
[2023.12.18 13:32:22 - info ] cancelcount -> 1
[2023.12.18 13:32:22 - debug] [zhongxinFUT] Order notified, instrument: DCE.i.2405, usertag: otp.zhongxinFUT.1518290003, state: UnTrd
[2023.12.18 13:32:23 - debug] [zhongxinFUT] Order notified, instrument: DCE.i.2405, usertag: otp.zhongxinFUT.1518290003, state: Cncld
[2023.12.18 13:32:23 - info ] [zhongxinFUT] DCE.i.2405 qty of undone order updated, -1 -> 0
[2023.12.18 13:32:23 - info ] [zhongxinFUT] Order otp.zhongxinFUT.1518290003 of DCE.i.2405 canceled:已撤单, action: OS, leftqty: 1
[2023.12.18 13:32:23 - info ] cancelcount -> 0
[2023.12.18 13:32:23 - info ] 理论价格917.028696，最新价：918.500000
[2023.12.18 13:32:23 - info ] 出现反向信号
[2023.12.18 13:32:23 - info ] [zhongxinFUT] Selling DCE.i.2405 of quantity 1
[2023.12.18 13:32:23 - info ] [zhongxinFUT] DCE.i.2405 qty of undone order updated, 0 -> -1
[2023.12.18 13:32:23 - info ] [zhongxinFUT] Signal of selling DCE.i.2405 of quantity 1 triggered: Opening short of quantity 1
[2023.12.18 13:32:23 - debug] [zhongxinFUT] Order notified, instrument: DCE.i.2405, usertag: otp.zhongxinFUT.1518290004, state: Smtting
[2023.12.18 13:32:23 - debug] [zhongxinFUT] Order notified, instrument: DCE.i.2405, usertag: otp.zhongxinFUT.1518290004, state: UnTrd
[2023.12.18 13:32:30 - info ] Minute bar 20231218.1332 closed automatically
[2023.12.18 13:33:29 - info ] Minute bar 20231218.1333 closed automatically
[2023.12.18 13:34:30 - info ] Minute bar 20231218.1334 closed automatically
[2023.12.18 13:35:30 - info ] Minute bar 20231218.1335 closed automatically
[2023.12.18 13:36:30 - info ] Minute bar 20231218.1336 closed automatically
[2023.12.18 13:37:29 - info ] Minute bar 20231218.1337 closed automatically
[2023.12.18 13:38:30 - info ] Minute bar 20231218.1338 closed automatically
[2023.12.18 13:39:29 - info ] cancelcount -> 1
[2023.12.18 13:39:29 - debug] [zhongxinFUT] Order notified, instrument: DCE.i.2405, usertag: otp.zhongxinFUT.1518290004, state: UnTrd
[2023.12.18 13:39:29 - debug] [zhongxinFUT] Order notified, instrument: DCE.i.2405, usertag: otp.zhongxinFUT.1518290004, state: Cncld
[2023.12.18 13:39:29 - info ] [zhongxinFUT] DCE.i.2405 qty of undone order updated, -1 -> 0
[2023.12.18 13:39:29 - info ] [zhongxinFUT] Order otp.zhongxinFUT.1518290004 of DCE.i.2405 canceled:已撤单, action: OS, leftqty: 1
[2023.12.18 13:39:29 - info ] cancelcount -> 0
[2023.12.18 13:39:29 - info ] 理论价格917.088773，最新价：918.500000
[2023.12.18 13:39:29 - info ] 出现反向信号
[2023.12.18 13:39:29 - info ] [zhongxinFUT] Selling DCE.i.2405 of quantity 1
[2023.12.18 13:39:29 - info ] [zhongxinFUT] DCE.i.2405 qty of undone order updated, 0 -> -1
[2023.12.18 13:39:29 - info ] [zhongxinFUT] Signal of selling DCE.i.2405 of quantity 1 triggered: Opening short of quantity 1
[2023.12.18 13:39:29 - debug] [zhongxinFUT] Order notified, instrument: DCE.i.2405, usertag: otp.zhongxinFUT.1518290005, state: Smtting
[2023.12.18 13:39:29 - debug] [zhongxinFUT] Order notified, instrument: DCE.i.2405, usertag: otp.zhongxinFUT.1518290005, state: UnTrd
[2023.12.18 13:39:30 - info ] Minute bar 20231218.1339 closed automatically
[2023.12.18 13:40:30 - info ] Minute bar 20231218.1340 closed automatically
[2023.12.18 13:41:30 - info ] Minute bar 20231218.1341 closed automatically
[2023.12.18 13:42:30 - info ] Minute bar 20231218.1342 closed automatically
[2023.12.18 13:43:29 - info ] cancelcount -> 1
[2023.12.18 13:43:29 - debug] [zhongxinFUT] Order notified, instrument: DCE.i.2405, usertag: otp.zhongxinFUT.1518290005, state: UnTrd
[2023.12.18 13:43:29 - debug] [zhongxinFUT] Order notified, instrument: DCE.i.2405, usertag: otp.zhongxinFUT.1518290005, state: Cncld
[2023.12.18 13:43:29 - info ] [zhongxinFUT] DCE.i.2405 qty of undone order updated, -1 -> 0
[2023.12.18 13:43:29 - info ] [zhongxinFUT] Order otp.zhongxinFUT.1518290005 of DCE.i.2405 canceled:已撤单, action: OS, leftqty: 1
[2023.12.18 13:43:29 - info ] cancelcount -> 0
[2023.12.18 13:43:30 - info ] Minute bar 20231218.1343 closed automatically
[2023.12.18 13:43:30 - info ] 理论价格917.148955，最新价：918.500000
[2023.12.18 13:43:30 - info ] 出现反向信号
[2023.12.18 13:43:30 - info ] [zhongxinFUT] Selling DCE.i.2405 of quantity 1
[2023.12.18 13:43:30 - info ] [zhongxinFUT] DCE.i.2405 qty of undone order updated, 0 -> -1
[2023.12.18 13:43:30 - info ] [zhongxinFUT] Signal of selling DCE.i.2405 of quantity 1 triggered: Opening short of quantity 1
[2023.12.18 13:43:30 - debug] [zhongxinFUT] Order notified, instrument: DCE.i.2405, usertag: otp.zhongxinFUT.1518290006, state: Smtting
[2023.12.18 13:43:30 - debug] [zhongxinFUT] Order notified, instrument: DCE.i.2405, usertag: otp.zhongxinFUT.1518290006, state: UnTrd
[2023.12.18 13:44:30 - info ] Minute bar 20231218.1344 closed automatically
[2023.12.18 13:45:27 - info ] cancelcount -> 1
[2023.12.18 13:45:28 - debug] [zhongxinFUT] Order notified, instrument: DCE.i.2405, usertag: otp.zhongxinFUT.1518290006, state: UnTrd
[2023.12.18 13:45:28 - debug] [zhongxinFUT] Order notified, instrument: DCE.i.2405, usertag: otp.zhongxinFUT.1518290006, state: Cncld
[2023.12.18 13:45:28 - info ] [zhongxinFUT] DCE.i.2405 qty of undone order updated, -1 -> 0
[2023.12.18 13:45:28 - info ] [zhongxinFUT] Order otp.zhongxinFUT.1518290006 of DCE.i.2405 canceled:已撤单, action: OS, leftqty: 1
[2023.12.18 13:45:28 - info ] cancelcount -> 0
[2023.12.18 13:45:28 - info ] 理论价格917.209241，最新价：918.500000
[2023.12.18 13:45:28 - info ] 出现反向信号
[2023.12.18 13:45:28 - info ] [zhongxinFUT] Selling DCE.i.2405 of quantity 1
[2023.12.18 13:45:28 - info ] [zhongxinFUT] DCE.i.2405 qty of undone order updated, 0 -> -1
[2023.12.18 13:45:28 - info ] [zhongxinFUT] Signal of selling DCE.i.2405 of quantity 1 triggered: Opening short of quantity 1
[2023.12.18 13:45:28 - debug] [zhongxinFUT] Order notified, instrument: DCE.i.2405, usertag: otp.zhongxinFUT.1518290007, state: Smtting
[2023.12.18 13:45:28 - debug] [zhongxinFUT] Order notified, instrument: DCE.i.2405, usertag: otp.zhongxinFUT.1518290007, state: UnTrd
[2023.12.18 13:45:30 - info ] Minute bar 20231218.1345 closed automatically
[2023.12.18 13:46:29 - info ] Minute bar 20231218.1346 closed automatically
[2023.12.18 13:47:30 - info ] Minute bar 20231218.1347 closed automatically
[2023.12.18 13:48:30 - info ] Minute bar 20231218.1348 closed automatically
[2023.12.18 13:49:30 - info ] Minute bar 20231218.1349 closed automatically
[2023.12.18 13:50:30 - info ] Minute bar 20231218.1350 closed automatically
[2023.12.18 13:51:30 - info ] Minute bar 20231218.1351 closed automatically
[2023.12.18 13:52:30 - info ] Minute bar 20231218.1352 closed automatically
[2023.12.18 13:53:30 - info ] Minute bar 20231218.1353 closed automatically
[2023.12.18 13:54:30 - info ] Minute bar 20231218.1354 closed automatically
[2023.12.18 13:55:30 - info ] Minute bar 20231218.1355 closed automatically
[2023.12.18 13:56:30 - info ] Minute bar 20231218.1356 closed automatically
[2023.12.18 14:01:30 - info ] Minute bar 20231218.1401 closed automatically
[2023.12.18 14:02:34 - info ] cancelcount -> 1
[2023.12.18 14:02:34 - debug] [zhongxinFUT] Order notified, instrument: DCE.i.2405, usertag: otp.zhongxinFUT.1518290007, state: UnTrd
[2023.12.18 14:02:34 - debug] [zhongxinFUT] Order notified, instrument: DCE.i.2405, usertag: otp.zhongxinFUT.1518290007, state: Cncld
[2023.12.18 14:02:34 - info ] [zhongxinFUT] DCE.i.2405 qty of undone order updated, -1 -> 0
[2023.12.18 14:02:34 - info ] [zhongxinFUT] Order otp.zhongxinFUT.1518290007 of DCE.i.2405 canceled:已撤单, action: OS, leftqty: 1
[2023.12.18 14:02:34 - info ] cancelcount -> 0
[2023.12.18 14:02:35 - info ] 理论价格917.329108，最新价：848.000000
[2023.12.18 14:02:35 - info ] 出现正向信号
[2023.12.18 14:02:35 - info ] [zhongxinFUT] Buying DCE.i.2405 of quantity 1
[2023.12.18 14:02:35 - info ] [zhongxinFUT] DCE.i.2405 qty of undone order updated, 0 -> 1
[2023.12.18 14:02:35 - info ] [zhongxinFUT] Signal of buying DCE.i.2405 of quantity 1 triggered: Opening long of quantity 1
[2023.12.18 14:02:35 - debug] [zhongxinFUT] Order notified, instrument: DCE.i.2405, usertag: otp.zhongxinFUT.1518290008, state: Smtting
[2023.12.18 14:02:35 - debug] [zhongxinFUT] Order notified, instrument: DCE.i.2405, usertag: otp.zhongxinFUT.1518290008, state: UnTrd
[2023.12.18 14:03:30 - info ] Minute bar 20231218.1403 closed automatically
[2023.12.18 14:04:30 - info ] Minute bar 20231218.1404 closed automatically
[2023.12.18 14:04:52 - info ] cancelcount -> 1
[2023.12.18 14:04:52 - debug] [zhongxinFUT] Order notified, instrument: DCE.i.2405, usertag: otp.zhongxinFUT.1518290008, state: UnTrd
[2023.12.18 14:04:52 - debug] [zhongxinFUT] Order notified, instrument: DCE.i.2405, usertag: otp.zhongxinFUT.1518290008, state: Cncld
[2023.12.18 14:04:52 - info ] [zhongxinFUT] DCE.i.2405 qty of undone order updated, 1 -> 0
[2023.12.18 14:04:52 - info ] [zhongxinFUT] Order otp.zhongxinFUT.1518290008 of DCE.i.2405 canceled:已撤单, action: OL, leftqty: 1
[2023.12.18 14:04:52 - info ] cancelcount -> 0
[2023.12.18 14:04:52 - info ] 理论价格917.450525，最新价：918.500000
[2023.12.18 14:04:52 - info ] 出现反向信号
[2023.12.18 14:04:52 - info ] [zhongxinFUT] Selling DCE.i.2405 of quantity 1
[2023.12.18 14:04:52 - info ] [zhongxinFUT] DCE.i.2405 qty of undone order updated, 0 -> -1
[2023.12.18 14:04:52 - info ] [zhongxinFUT] Signal of selling DCE.i.2405 of quantity 1 triggered: Opening short of quantity 1
[2023.12.18 14:04:52 - debug] [zhongxinFUT] Order notified, instrument: DCE.i.2405, usertag: otp.zhongxinFUT.1518290009, state: Smtting
[2023.12.18 14:04:52 - debug] [zhongxinFUT] Order notified, instrument: DCE.i.2405, usertag: otp.zhongxinFUT.1518290009, state: UnTrd
[2023.12.18 14:05:30 - info ] Minute bar 20231218.1405 closed automatically
[2023.12.18 14:06:03 - info ] cancelcount -> 1
[2023.12.18 14:06:03 - debug] [zhongxinFUT] Order notified, instrument: DCE.i.2405, usertag: otp.zhongxinFUT.1518290009, state: UnTrd
[2023.12.18 14:06:03 - debug] [zhongxinFUT] Order notified, instrument: DCE.i.2405, usertag: otp.zhongxinFUT.1518290009, state: Cncld
[2023.12.18 14:06:03 - info ] [zhongxinFUT] DCE.i.2405 qty of undone order updated, -1 -> 0
[2023.12.18 14:06:03 - info ] [zhongxinFUT] Order otp.zhongxinFUT.1518290009 of DCE.i.2405 canceled:已撤单, action: OS, leftqty: 1
[2023.12.18 14:06:03 - info ] cancelcount -> 0
[2023.12.18 14:06:03 - info ] 理论价格917.511394，最新价：918.500000
[2023.12.18 14:06:03 - info ] 出现反向信号
[2023.12.18 14:06:03 - info ] [zhongxinFUT] Selling DCE.i.2405 of quantity 1
[2023.12.18 14:06:03 - info ] [zhongxinFUT] DCE.i.2405 qty of undone order updated, 0 -> -1
[2023.12.18 14:06:03 - info ] [zhongxinFUT] Signal of selling DCE.i.2405 of quantity 1 triggered: Opening short of quantity 1
[2023.12.18 14:06:03 - debug] [zhongxinFUT] Order notified, instrument: DCE.i.2405, usertag: otp.zhongxinFUT.1518290010, state: Smtting
[2023.12.18 14:06:03 - debug] [zhongxinFUT] Order notified, instrument: DCE.i.2405, usertag: otp.zhongxinFUT.1518290010, state: UnTrd
[2023.12.18 14:06:30 - info ] Minute bar 20231218.1406 closed automatically
[2023.12.18 14:07:29 - info ] Minute bar 20231218.1407 closed automatically
[2023.12.18 14:08:30 - info ] Minute bar 20231218.1408 closed automatically
[2023.12.18 14:09:29 - info ] Minute bar 20231218.1409 closed automatically
[2023.12.18 14:10:29 - info ] Minute bar 20231218.1410 closed automatically
[2023.12.18 14:10:45 - info ] cancelcount -> 1
[2023.12.18 14:10:45 - debug] [zhongxinFUT] Order notified, instrument: DCE.i.2405, usertag: otp.zhongxinFUT.1518290010, state: UnTrd
[2023.12.18 14:10:45 - debug] [zhongxinFUT] Order notified, instrument: DCE.i.2405, usertag: otp.zhongxinFUT.1518290010, state: Cncld
[2023.12.18 14:10:45 - info ] [zhongxinFUT] DCE.i.2405 qty of undone order updated, -1 -> 0
[2023.12.18 14:10:45 - info ] [zhongxinFUT] Order otp.zhongxinFUT.1518290010 of DCE.i.2405 canceled:已撤单, action: OS, leftqty: 1
[2023.12.18 14:10:45 - info ] cancelcount -> 0
[2023.12.18 14:10:45 - info ] 理论价格917.450525，最新价：918.500000
[2023.12.18 14:10:45 - info ] 出现反向信号
[2023.12.18 14:10:45 - info ] [zhongxinFUT] Selling DCE.i.2405 of quantity 1
[2023.12.18 14:10:45 - info ] [zhongxinFUT] DCE.i.2405 qty of undone order updated, 0 -> -1
[2023.12.18 14:10:45 - info ] [zhongxinFUT] Signal of selling DCE.i.2405 of quantity 1 triggered: Opening short of quantity 1
[2023.12.18 14:10:45 - debug] [zhongxinFUT] Order notified, instrument: DCE.i.2405, usertag: otp.zhongxinFUT.1518290011, state: Smtting
[2023.12.18 14:10:46 - debug] [zhongxinFUT] Order notified, instrument: DCE.i.2405, usertag: otp.zhongxinFUT.1518290011, state: UnTrd
[2023.12.18 14:11:26 - info ] cancelcount -> 1
[2023.12.18 14:11:26 - debug] [zhongxinFUT] Order notified, instrument: DCE.i.2405, usertag: otp.zhongxinFUT.1518290011, state: UnTrd
[2023.12.18 14:11:26 - debug] [zhongxinFUT] Order notified, instrument: DCE.i.2405, usertag: otp.zhongxinFUT.1518290011, state: Cncld
[2023.12.18 14:11:26 - info ] [zhongxinFUT] DCE.i.2405 qty of undone order updated, -1 -> 0
[2023.12.18 14:11:26 - info ] [zhongxinFUT] Order otp.zhongxinFUT.1518290011 of DCE.i.2405 canceled:已撤单, action: OS, leftqty: 1
[2023.12.18 14:11:26 - info ] cancelcount -> 0
[2023.12.18 14:11:26 - info ] 理论价格917.511394，最新价：918.500000
[2023.12.18 14:11:26 - info ] 出现反向信号
[2023.12.18 14:11:26 - info ] [zhongxinFUT] Selling DCE.i.2405 of quantity 1
[2023.12.18 14:11:26 - info ] [zhongxinFUT] DCE.i.2405 qty of undone order updated, 0 -> -1
[2023.12.18 14:11:26 - info ] [zhongxinFUT] Signal of selling DCE.i.2405 of quantity 1 triggered: Opening short of quantity 1
[2023.12.18 14:11:26 - debug] [zhongxinFUT] Order notified, instrument: DCE.i.2405, usertag: otp.zhongxinFUT.1518290012, state: Smtting
[2023.12.18 14:11:27 - debug] [zhongxinFUT] Order notified, instrument: DCE.i.2405, usertag: otp.zhongxinFUT.1518290012, state: UnTrd
[2023.12.18 14:11:30 - info ] Minute bar 20231218.1411 closed automatically
[2023.12.18 14:12:15 - info ] cancelcount -> 1
[2023.12.18 14:12:16 - debug] [zhongxinFUT] Order notified, instrument: DCE.i.2405, usertag: otp.zhongxinFUT.1518290012, state: UnTrd
[2023.12.18 14:12:16 - debug] [zhongxinFUT] Order notified, instrument: DCE.i.2405, usertag: otp.zhongxinFUT.1518290012, state: Cncld
[2023.12.18 14:12:16 - info ] [zhongxinFUT] DCE.i.2405 qty of undone order updated, -1 -> 0
[2023.12.18 14:12:16 - info ] [zhongxinFUT] Order otp.zhongxinFUT.1518290012 of DCE.i.2405 canceled:已撤单, action: OS, leftqty: 1
[2023.12.18 14:12:16 - info ] cancelcount -> 0
[2023.12.18 14:12:29 - info ] Minute bar 20231218.1412 closed automatically
[2023.12.18 14:13:29 - info ] Minute bar 20231218.1413 closed automatically
[2023.12.18 14:14:30 - info ] Minute bar 20231218.1414 closed automatically
[2023.12.18 14:15:30 - info ] Minute bar 20231218.1415 closed automatically
[2023.12.18 14:16:30 - info ] Minute bar 20231218.1416 closed automatically
[2023.12.18 14:17:30 - info ] Minute bar 20231218.1417 closed automatically
[2023.12.18 14:18:20 - info ] 理论价格917.511394，最新价：918.500000
[2023.12.18 14:18:20 - info ] 出现反向信号
[2023.12.18 14:18:20 - info ] [zhongxinFUT] Selling DCE.i.2405 of quantity 1
[2023.12.18 14:18:20 - info ] [zhongxinFUT] DCE.i.2405 qty of undone order updated, 0 -> -1
[2023.12.18 14:18:20 - info ] [zhongxinFUT] Signal of selling DCE.i.2405 of quantity 1 triggered: Opening short of quantity 1
[2023.12.18 14:18:20 - debug] [zhongxinFUT] Order notified, instrument: DCE.i.2405, usertag: otp.zhongxinFUT.1518290013, state: Smtting
[2023.12.18 14:18:20 - debug] [zhongxinFUT] Order notified, instrument: DCE.i.2405, usertag: otp.zhongxinFUT.1518290013, state: UnTrd
[2023.12.18 14:18:30 - info ] Minute bar 20231218.1418 closed automatically
[2023.12.18 14:19:30 - info ] Minute bar 20231218.1419 closed automatically
[2023.12.18 14:20:30 - info ] Minute bar 20231218.1420 closed automatically
[2023.12.18 14:21:29 - info ] Minute bar 20231218.1421 closed automatically
[2023.12.18 14:22:30 - info ] Minute bar 20231218.1422 closed automatically
[2023.12.18 14:23:29 - info ] Minute bar 20231218.1423 closed automatically
[2023.12.18 14:24:30 - info ] Minute bar 20231218.1424 closed automatically
[2023.12.18 14:25:30 - info ] Minute bar 20231218.1425 closed automatically
[2023.12.18 14:26:30 - info ] Minute bar 20231218.1426 closed automatically
[2023.12.18 14:27:30 - info ] Minute bar 20231218.1427 closed automatically
[2023.12.18 14:28:29 - info ] Minute bar 20231218.1428 closed automatically
[2023.12.18 14:29:29 - info ] Minute bar 20231218.1429 closed automatically
[2023.12.18 14:30:30 - info ] Minute bar 20231218.1430 closed automatically
[2023.12.18 14:31:30 - info ] Minute bar 20231218.1431 closed automatically
[2023.12.18 14:32:30 - info ] Minute bar 20231218.1432 closed automatically
[2023.12.18 14:32:47 - info ] cancelcount -> 1
[2023.12.18 14:32:47 - debug] [zhongxinFUT] Order notified, instrument: DCE.i.2405, usertag: otp.zhongxinFUT.1518290013, state: UnTrd
[2023.12.18 14:32:47 - debug] [zhongxinFUT] Order notified, instrument: DCE.i.2405, usertag: otp.zhongxinFUT.1518290013, state: Cncld
[2023.12.18 14:32:47 - info ] [zhongxinFUT] DCE.i.2405 qty of undone order updated, -1 -> 0
[2023.12.18 14:32:47 - info ] [zhongxinFUT] Order otp.zhongxinFUT.1518290013 of DCE.i.2405 canceled:已撤单, action: OS, leftqty: 1
[2023.12.18 14:32:47 - info ] cancelcount -> 0
[2023.12.18 14:32:57 - info ] 理论价格917.512259，最新价：918.500000
[2023.12.18 14:32:57 - info ] 出现反向信号
[2023.12.18 14:32:57 - info ] [zhongxinFUT] Selling DCE.i.2405 of quantity 1
[2023.12.18 14:32:57 - info ] [zhongxinFUT] DCE.i.2405 qty of undone order updated, 0 -> -1
[2023.12.18 14:32:57 - info ] [zhongxinFUT] Signal of selling DCE.i.2405 of quantity 1 triggered: Opening short of quantity 1
[2023.12.18 14:32:57 - debug] [zhongxinFUT] Order notified, instrument: DCE.i.2405, usertag: otp.zhongxinFUT.1518290014, state: Smtting
[2023.12.18 14:32:57 - debug] [zhongxinFUT] Order notified, instrument: DCE.i.2405, usertag: otp.zhongxinFUT.1518290014, state: UnTrd
[2023.12.18 14:33:29 - info ] Minute bar 20231218.1433 closed automatically
[2023.12.18 14:34:30 - info ] Minute bar 20231218.1434 closed automatically
[2023.12.18 14:35:29 - info ] Minute bar 20231218.1435 closed automatically
[2023.12.18 14:36:30 - info ] Minute bar 20231218.1436 closed automatically
[2023.12.18 14:37:30 - info ] Minute bar 20231218.1437 closed automatically
[2023.12.18 14:38:30 - info ] Minute bar 20231218.1438 closed automatically
[2023.12.18 14:39:30 - info ] Minute bar 20231218.1439 closed automatically
[2023.12.18 14:40:30 - info ] Minute bar 20231218.1440 closed automatically
[2023.12.18 14:41:30 - info ] Minute bar 20231218.1441 closed automatically
[2023.12.18 14:42:29 - info ] Minute bar 20231218.1442 closed automatically
[2023.12.18 14:43:30 - info ] Minute bar 20231218.1443 closed automatically
[2023.12.18 14:44:30 - info ] Minute bar 20231218.1444 closed automatically
[2023.12.18 14:48:29 - info ] Minute bar 20231218.1448 closed automatically
[2023.12.18 14:49:29 - info ] Minute bar 20231218.1449 closed automatically
[2023.12.18 14:50:29 - info ] Minute bar 20231218.1450 closed automatically
[2023.12.18 14:51:30 - info ] Minute bar 20231218.1451 closed automatically
[2023.12.18 14:52:04 - info ] cancelcount -> 1
[2023.12.18 14:52:04 - debug] [zhongxinFUT] Order notified, instrument: DCE.i.2405, usertag: otp.zhongxinFUT.1518290014, state: UnTrd
[2023.12.18 14:52:04 - debug] [zhongxinFUT] Order notified, instrument: DCE.i.2405, usertag: otp.zhongxinFUT.1518290014, state: Cncld
[2023.12.18 14:52:04 - info ] [zhongxinFUT] DCE.i.2405 qty of undone order updated, -1 -> 0
[2023.12.18 14:52:04 - info ] [zhongxinFUT] Order otp.zhongxinFUT.1518290014 of DCE.i.2405 canceled:已撤单, action: OS, leftqty: 1
[2023.12.18 14:52:04 - info ] cancelcount -> 0
[2023.12.18 14:52:04 - info ] 理论价格894.970588，最新价：918.500000
[2023.12.18 14:52:04 - info ] 出现反向信号
[2023.12.18 14:52:04 - info ] [zhongxinFUT] Selling DCE.i.2405 of quantity 1
[2023.12.18 14:52:04 - info ] [zhongxinFUT] DCE.i.2405 qty of undone order updated, 0 -> -1
[2023.12.18 14:52:04 - info ] [zhongxinFUT] Signal of selling DCE.i.2405 of quantity 1 triggered: Opening short of quantity 1
[2023.12.18 14:52:04 - debug] [zhongxinFUT] Order notified, instrument: DCE.i.2405, usertag: otp.zhongxinFUT.1518290015, state: Smtting
[2023.12.18 14:52:04 - debug] [zhongxinFUT] Order notified, instrument: DCE.i.2405, usertag: otp.zhongxinFUT.1518290015, state: UnTrd
[2023.12.18 14:52:30 - info ] Minute bar 20231218.1452 closed automatically
[2023.12.18 14:55:30 - info ] Minute bar 20231218.1455 closed automatically
[2023.12.18 15:00:30 - info ] Minute Bar 20231218.1500 Closed by data
[2023.12.18 15:00:30 - info ] cancelcount -> 1
[2023.12.18 15:00:30 - debug] [zhongxinFUT] Order notified, instrument: DCE.i.2405, usertag: otp.zhongxinFUT.1518290015, state: UnTrd
[2023.12.18 15:01:30 - info ] Minute bar 20231218.1501 closed automatically
[2023.12.18 15:02:38 - info ] cancelcount -> 2
[2023.12.18 15:02:38 - debug] [zhongxinFUT] Order notified, instrument: DCE.i.2405, usertag: otp.zhongxinFUT.1518290015, state: UnTrd
[2023.12.18 15:03:30 - info ] Minute bar 20231218.1503 closed automatically
[2023.12.18 15:06:13 - debug] [ParserUDP] 1000 ticks received in total
[2023.12.18 15:06:29 - info ] Minute bar 20231218.1506 closed automatically
[2023.12.18 16:27:18 - error] [zhongxinFUT] Trading channel disconnected: 4097
[2023.12.18 16:27:18 - info ] 交易通道连接丢失
[2023.12.18 16:37:51 - info ] WonderTrader HFT production framework initialzied, version: X64 v0.9.9 Build@Nov 29 2023 15:47:44
[2023.12.18 16:37:51 - info ] Trading sessions loaded
[2023.12.18 16:37:51 - warning] No session configured for CFFEX.TL
[2023.12.18 16:37:51 - warning] No session configured for CZCE.PX
[2023.12.18 16:37:51 - warning] No session configured for CZCE.SH
[2023.12.18 16:37:51 - warning] No session configured for GFEX.lc
[2023.12.18 16:37:51 - warning] No session configured for GFEX.si
[2023.12.18 16:37:51 - warning] No session configured for INE.ec
[2023.12.18 16:37:51 - warning] No session configured for SHFE.ao
[2023.12.18 16:37:51 - warning] No session configured for SHFE.br
[2023.12.18 16:37:51 - info ] Commodities configuration file ../common/commodities.json loaded
[2023.12.18 16:37:51 - info ] Contracts configuration file ../common/contracts_SP.json loaded, 1 exchanges
[2023.12.18 16:37:51 - info ] Holidays loaded
[2023.12.18 16:37:51 - info ] Hot rules loaded
[2023.12.18 16:37:51 - info ] Trading environment initialized, engine name: HFT
[2023.12.18 16:37:51 - info ] Running mode: Production
[2023.12.18 16:37:51 - debug] Filters configuration file filters.yaml not exists
[2023.12.18 16:37:51 - info ] 0 fee templates loaded
[2023.12.18 16:37:51 - warning] RiskMon is not configured, portfilio fund will be updated every 5s
[2023.12.18 16:37:51 - info ] Resampled bars will be aligned by section:  no
[2023.12.18 16:37:51 - info ] Force to cache bars: yes
[2023.12.18 16:37:51 - info ] WtDataReader initialized, rt dir is ../FUT_Data/rt/, hist dir is ../FUT_Data/his/, adjust_flag is 0
[2023.12.18 16:37:51 - info ] No adjusting factor file configured, loading skipped
[2023.12.18 16:37:51 - info ] Data manager initialized
[2023.12.18 16:37:51 - info ] Action policies initialized
[2023.12.18 16:37:51 - info ] Reading parser config from tdparsers.yaml...
[2023.12.18 16:37:51 - info ] [parserUDP] Parser module E:/miniconda3/envs/wtpy/lib/site-packages/wtpy/wrapper/x64/parsers/ParserUDP.dll loaded
[2023.12.18 16:37:51 - info ] [parserUDP] Parser initialzied, check_time: false
[2023.12.18 16:37:51 - info ] 1 parsers loaded
[2023.12.18 16:37:51 - info ] Reading trader config from tdtraders.yaml...
[2023.12.18 16:37:51 - info ] [zhongxinFUT] Risk control rule default of trading channel loaded
[2023.12.18 16:37:51 - info ] [zhongxinFUT] Trader module E:/miniconda3/envs/wtpy/lib/site-packages/wtpy/wrapper/x64/traders/TraderCTP.dll loaded
[2023.12.18 16:37:51 - info ] 1 traders loaded
[2023.12.18 16:37:51 - info ] 1 parsers started
[2023.12.18 16:37:51 - info ] registerFront: tcp://121.13.217.132:44205
[2023.12.18 16:37:51 - info ] 1 trading channels started
[2023.12.18 16:37:51 - info ] Market Data subscribed: DCE.i.2405
[2023.12.18 16:37:51 - info ] Trading day 20231218 begun
[2023.12.18 16:58:50 - info ] WonderTrader HFT production framework initialzied, version: X64 v0.9.9 Build@Nov 29 2023 15:47:44
[2023.12.18 16:58:50 - info ] Trading sessions loaded
[2023.12.18 16:58:50 - warning] No session configured for CFFEX.TL
[2023.12.18 16:58:50 - warning] No session configured for CZCE.PX
[2023.12.18 16:58:50 - warning] No session configured for CZCE.SH
[2023.12.18 16:58:50 - warning] No session configured for GFEX.lc
[2023.12.18 16:58:50 - warning] No session configured for GFEX.si
[2023.12.18 16:58:50 - warning] No session configured for INE.ec
[2023.12.18 16:58:50 - warning] No session configured for SHFE.ao
[2023.12.18 16:58:50 - warning] No session configured for SHFE.br
[2023.12.18 16:58:50 - info ] Commodities configuration file ../common/commodities.json loaded
[2023.12.18 16:58:50 - info ] Contracts configuration file ../common/contracts_SP.json loaded, 1 exchanges
[2023.12.18 16:58:50 - info ] Holidays loaded
[2023.12.18 16:58:50 - info ] Hot rules loaded
[2023.12.18 16:58:50 - info ] Trading environment initialized, engine name: HFT
[2023.12.18 16:58:50 - info ] Running mode: Production
[2023.12.18 16:58:50 - debug] Filters configuration file filters.yaml not exists
[2023.12.18 16:58:50 - info ] 0 fee templates loaded
[2023.12.18 16:58:50 - warning] RiskMon is not configured, portfilio fund will be updated every 5s
[2023.12.18 16:58:50 - info ] Resampled bars will be aligned by section:  no
[2023.12.18 16:58:50 - info ] Force to cache bars: yes
[2023.12.18 16:58:50 - info ] WtDataReader initialized, rt dir is ../FUT_Data/rt/, hist dir is ../FUT_Data/his/, adjust_flag is 0
[2023.12.18 16:58:50 - info ] No adjusting factor file configured, loading skipped
[2023.12.18 16:58:50 - info ] Data manager initialized
[2023.12.18 16:58:50 - info ] Action policies initialized
[2023.12.18 16:58:50 - info ] Reading parser config from tdparsers.yaml...
[2023.12.18 16:58:50 - info ] [parserUDP] Parser module E:/miniconda3/envs/wtpy/lib/site-packages/wtpy/wrapper/x64/parsers/ParserUDP.dll loaded
[2023.12.18 16:58:50 - info ] [parserUDP] Parser initialzied, check_time: false
[2023.12.18 16:58:50 - info ] 1 parsers loaded
[2023.12.18 16:58:50 - info ] Reading trader config from tdtraders.yaml...
[2023.12.18 16:58:50 - info ] [zhongxinFUT] Risk control rule default of trading channel loaded
[2023.12.18 16:58:50 - info ] [zhongxinFUT] Trader module E:/miniconda3/envs/wtpy/lib/site-packages/wtpy/wrapper/x64/traders/TraderCTP.dll loaded
[2023.12.18 16:58:50 - info ] 1 traders loaded
[2023.12.18 16:58:50 - info ] 1 parsers started
[2023.12.18 16:58:50 - info ] registerFront: tcp://121.13.217.132:44205
[2023.12.18 16:58:50 - info ] 1 trading channels started
[2023.12.18 16:58:50 - info ] Market Data subscribed: DCE.i.2405
[2023.12.18 16:58:50 - info ] Trading day 20231218 begun
