[2023.12.19 13:17:24 - info ] [zhongxinFUT] Risk control rule default of trading channel loaded
[2023.12.19 13:17:24 - info ] [zhongxinFUT] Trader module E:/miniconda3/envs/wtpy/lib/site-packages/wtpy/wrapper/x64/traders/TraderCTP.dll loaded
[2023.12.19 13:23:26 - info ] [zhongxinFUT] Risk control rule default of trading channel loaded
[2023.12.19 13:23:26 - info ] [zhongxinFUT] Trader module E:/miniconda3/envs/wtpy/lib/site-packages/wtpy/wrapper/x64/traders/TraderCTP.dll loaded
[2023.12.19 13:23:51 - info ] [zhongxinFUT] Risk control rule default of trading channel loaded
[2023.12.19 13:23:51 - info ] [zhongxinFUT] Trader module E:/miniconda3/envs/wtpy/lib/site-packages/wtpy/wrapper/x64/traders/TraderCTP.dll loaded
[2023.12.19 13:39:57 - info ] [zhongxinFUT] Risk control rule default of trading channel loaded
[2023.12.19 13:39:57 - info ] [zhongxinFUT] Trader module E:/miniconda3/envs/wtpy/lib/site-packages/wtpy/wrapper/x64/traders/TraderCTP.dll loaded
[2023.12.19 13:41:37 - info ] [zhongxinFUT] Risk control rule default of trading channel loaded
[2023.12.19 13:41:37 - info ] [zhongxinFUT] Trader module E:/miniconda3/envs/wtpy/lib/site-packages/wtpy/wrapper/x64/traders/TraderCTP.dll loaded
[2023.12.19 13:41:37 - info ] registerFront: tcp://121.13.217.132:44205
[2023.12.19 13:41:37 - info ] [TraderCTP][7050-58110678] Login succeed, AppID: wz_wt_v100, Sessionid: 754059621, login time: 13:41:14...
[2023.12.19 13:41:37 - warning] Cache file reset due to a different date
[2023.12.19 13:41:37 - warning] Cache file reset due to a different date
[2023.12.19 13:41:37 - info ] [TraderCTP][7050-58110678] Login succeed, trading date: 20231219...
[2023.12.19 13:41:37 - info ] [TraderCTP][7050-58110678] Querying confirming state of settlement data...
[2023.12.19 13:41:38 - info ] [TraderCTP][7050-58110678] Trading channel initialized...
[2023.12.19 13:41:38 - info ] [zhongxinFUT] Trader login succeed, trading date: 20231219
[2023.12.19 13:41:38 - info ] [zhongxinFUT] DCE.lh.2403 position updated, long:1[1]|0[0], short:0[0]|0[0]
[2023.12.19 13:41:38 - info ] [zhongxinFUT] DCE.y.2403 position updated, long:0[0]|0[0], short:1[1]|0[0]
[2023.12.19 13:41:38 - info ] [zhongxinFUT] DCE.p.2408 position updated, long:0[0]|0[0], short:1[1]|0[0]
[2023.12.19 13:41:38 - info ] [zhongxinFUT] Position data updated
[2023.12.19 13:42:27 - info ] [zhongxinFUT] Risk control rule default of trading channel loaded
[2023.12.19 13:42:27 - info ] [zhongxinFUT] Trader module E:/miniconda3/envs/wtpy/lib/site-packages/wtpy/wrapper/x64/traders/TraderCTP.dll loaded
[2023.12.19 13:42:27 - info ] registerFront: tcp://121.13.217.132:44205
[2023.12.19 13:42:27 - info ] [TraderCTP][7050-58110678] Login succeed, AppID: wz_wt_v100, Sessionid: 757336428, login time: 13:42:04...
[2023.12.19 13:42:27 - info ] [TraderCTP][7050-58110678] Login succeed, trading date: 20231219...
[2023.12.19 13:42:27 - info ] [TraderCTP][7050-58110678] Querying confirming state of settlement data...
[2023.12.19 13:42:28 - info ] [TraderCTP][7050-58110678] Trading channel initialized...
[2023.12.19 13:42:28 - info ] [zhongxinFUT] Trader login succeed, trading date: 20231219
[2023.12.19 13:42:28 - info ] [zhongxinFUT] DCE.lh.2403 position updated, long:1[1]|0[0], short:0[0]|0[0]
[2023.12.19 13:42:28 - info ] [zhongxinFUT] DCE.y.2403 position updated, long:0[0]|0[0], short:1[1]|0[0]
[2023.12.19 13:42:28 - info ] [zhongxinFUT] DCE.p.2408 position updated, long:0[0]|0[0], short:1[1]|0[0]
[2023.12.19 13:42:28 - info ] [zhongxinFUT] Position data updated
[2023.12.19 13:42:39 - info ] [zhongxinFUT] Risk control rule default of trading channel loaded
[2023.12.19 13:42:39 - info ] [zhongxinFUT] Trader module E:/miniconda3/envs/wtpy/lib/site-packages/wtpy/wrapper/x64/traders/TraderCTP.dll loaded
[2023.12.19 13:42:55 - info ] [zhongxinFUT] Risk control rule default of trading channel loaded
[2023.12.19 13:42:55 - info ] [zhongxinFUT] Trader module E:/miniconda3/envs/wtpy/lib/site-packages/wtpy/wrapper/x64/traders/TraderCTP.dll loaded
[2023.12.19 13:43:38 - info ] [zhongxinFUT] Risk control rule default of trading channel loaded
[2023.12.19 13:43:38 - info ] [zhongxinFUT] Trader module E:/miniconda3/envs/wtpy/lib/site-packages/wtpy/wrapper/x64/traders/TraderCTP.dll loaded
[2023.12.19 13:44:09 - info ] [zhongxinFUT] Risk control rule default of trading channel loaded
[2023.12.19 13:44:09 - info ] [zhongxinFUT] Trader module E:/miniconda3/envs/wtpy/lib/site-packages/wtpy/wrapper/x64/traders/TraderCTP.dll loaded
[2023.12.19 13:44:09 - info ] registerFront: tcp://121.13.217.132:44205
[2023.12.19 13:44:09 - info ] [TraderCTP][7050-58110678] Login succeed, AppID: wz_wt_v100, Sessionid: 764545404, login time: 13:43:46...
[2023.12.19 13:44:09 - info ] [TraderCTP][7050-58110678] Login succeed, trading date: 20231219...
[2023.12.19 13:44:09 - info ] [TraderCTP][7050-58110678] Querying confirming state of settlement data...
[2023.12.19 13:44:10 - info ] [TraderCTP][7050-58110678] Trading channel initialized...
[2023.12.19 13:44:10 - info ] [zhongxinFUT] Trader login succeed, trading date: 20231219
[2023.12.19 13:44:10 - info ] [zhongxinFUT] DCE.lh.2403 position updated, long:1[1]|0[0], short:0[0]|0[0]
[2023.12.19 13:44:10 - info ] [zhongxinFUT] DCE.y.2403 position updated, long:0[0]|0[0], short:1[1]|0[0]
[2023.12.19 13:44:10 - info ] [zhongxinFUT] DCE.p.2408 position updated, long:0[0]|0[0], short:1[1]|0[0]
[2023.12.19 13:44:10 - info ] [zhongxinFUT] Position data updated
[2023.12.19 13:44:13 - info ] [zhongxinFUT] Trading channel ready
[2023.12.19 13:47:41 - info ] [zhongxinFUT] Risk control rule default of trading channel loaded
[2023.12.19 13:47:41 - info ] [zhongxinFUT] Trader module E:/miniconda3/envs/wtpy/lib/site-packages/wtpy/wrapper/x64/traders/TraderCTP.dll loaded
[2023.12.19 13:47:41 - info ] registerFront: tcp://121.13.217.132:44205
[2023.12.19 13:47:42 - info ] [TraderCTP][7050-58110678] Login succeed, AppID: wz_wt_v100, Sessionid: 777652635, login time: 13:47:19...
[2023.12.19 13:47:42 - info ] [TraderCTP][7050-58110678] Login succeed, trading date: 20231219...
[2023.12.19 13:47:42 - info ] [TraderCTP][7050-58110678] Querying confirming state of settlement data...
[2023.12.19 13:47:42 - info ] [TraderCTP][7050-58110678] Trading channel initialized...
[2023.12.19 13:47:42 - info ] [zhongxinFUT] Trader login succeed, trading date: 20231219
[2023.12.19 13:47:43 - info ] [zhongxinFUT] DCE.lh.2403 position updated, long:1[1]|0[0], short:0[0]|0[0]
[2023.12.19 13:47:43 - info ] [zhongxinFUT] DCE.y.2403 position updated, long:0[0]|0[0], short:1[1]|0[0]
[2023.12.19 13:47:43 - info ] [zhongxinFUT] DCE.p.2408 position updated, long:0[0]|0[0], short:1[1]|0[0]
[2023.12.19 13:47:43 - info ] [zhongxinFUT] Position data updated
[2023.12.19 13:52:07 - info ] [zhongxinFUT] Risk control rule default of trading channel loaded
[2023.12.19 13:52:07 - info ] [zhongxinFUT] Trader module E:/miniconda3/envs/wtpy/lib/site-packages/wtpy/wrapper/x64/traders/TraderCTP.dll loaded
[2023.12.19 13:52:07 - info ] registerFront: tcp://121.13.217.132:44205
[2023.12.19 13:52:08 - info ] [TraderCTP][7050-58110678] Login succeed, AppID: wz_wt_v100, Sessionid: 795937217, login time: 13:51:45...
[2023.12.19 13:52:08 - info ] [TraderCTP][7050-58110678] Login succeed, trading date: 20231219...
[2023.12.19 13:52:08 - info ] [TraderCTP][7050-58110678] Querying confirming state of settlement data...
[2023.12.19 13:52:09 - info ] [TraderCTP][7050-58110678] Trading channel initialized...
[2023.12.19 13:52:09 - info ] [zhongxinFUT] Trader login succeed, trading date: 20231219
[2023.12.19 13:52:09 - info ] [zhongxinFUT] DCE.lh.2403 position updated, long:1[1]|0[0], short:0[0]|0[0]
[2023.12.19 13:52:09 - info ] [zhongxinFUT] DCE.y.2403 position updated, long:0[0]|0[0], short:1[1]|0[0]
[2023.12.19 13:52:09 - info ] [zhongxinFUT] DCE.p.2408 position updated, long:0[0]|0[0], short:1[1]|0[0]
[2023.12.19 13:52:09 - info ] [zhongxinFUT] Position data updated
[2023.12.19 13:52:12 - info ] [zhongxinFUT] Trading channel ready
[2023.12.19 13:53:42 - info ] [zhongxinFUT] Risk control rule default of trading channel loaded
[2023.12.19 13:53:42 - info ] [zhongxinFUT] Trader module E:/miniconda3/envs/wtpy/lib/site-packages/wtpy/wrapper/x64/traders/TraderCTP.dll loaded
[2023.12.19 13:53:42 - info ] registerFront: tcp://121.13.217.132:44205
[2023.12.19 13:53:42 - info ] [TraderCTP][7050-58110678] Login succeed, AppID: wz_wt_v100, Sessionid: 801245648, login time: 13:53:19...
[2023.12.19 13:53:42 - info ] [TraderCTP][7050-58110678] Login succeed, trading date: 20231219...
[2023.12.19 13:53:42 - info ] [TraderCTP][7050-58110678] Querying confirming state of settlement data...
[2023.12.19 13:53:42 - info ] [TraderCTP][7050-58110678] Trading channel initialized...
[2023.12.19 13:53:42 - info ] [zhongxinFUT] Trader login succeed, trading date: 20231219
[2023.12.19 13:53:43 - info ] [zhongxinFUT] DCE.lh.2403 position updated, long:1[1]|0[0], short:0[0]|0[0]
[2023.12.19 13:53:43 - info ] [zhongxinFUT] DCE.y.2403 position updated, long:0[0]|0[0], short:1[1]|0[0]
[2023.12.19 13:53:43 - info ] [zhongxinFUT] DCE.p.2408 position updated, long:0[0]|0[0], short:1[1]|0[0]
[2023.12.19 13:53:43 - info ] [zhongxinFUT] Position data updated
[2023.12.19 13:54:02 - info ] [zhongxinFUT] Risk control rule default of trading channel loaded
[2023.12.19 13:54:02 - info ] [zhongxinFUT] Trader module E:/miniconda3/envs/wtpy/lib/site-packages/wtpy/wrapper/x64/traders/TraderCTP.dll loaded
[2023.12.19 13:54:02 - info ] registerFront: tcp://121.13.217.132:44205
[2023.12.19 13:54:02 - info ] [TraderCTP][7050-58110678] Login succeed, AppID: wz_wt_v100, Sessionid: 802556371, login time: 13:53:40...
[2023.12.19 13:54:02 - info ] [TraderCTP][7050-58110678] Login succeed, trading date: 20231219...
[2023.12.19 13:54:02 - info ] [TraderCTP][7050-58110678] Querying confirming state of settlement data...
[2023.12.19 13:54:04 - info ] [TraderCTP][7050-58110678] Trading channel initialized...
[2023.12.19 13:54:04 - info ] [zhongxinFUT] Trader login succeed, trading date: 20231219
[2023.12.19 13:54:04 - info ] [zhongxinFUT] DCE.lh.2403 position updated, long:1[1]|0[0], short:0[0]|0[0]
[2023.12.19 13:54:04 - info ] [zhongxinFUT] DCE.y.2403 position updated, long:0[0]|0[0], short:1[1]|0[0]
[2023.12.19 13:54:04 - info ] [zhongxinFUT] DCE.p.2408 position updated, long:0[0]|0[0], short:1[1]|0[0]
[2023.12.19 13:54:04 - info ] [zhongxinFUT] Position data updated
[2023.12.19 13:54:16 - info ] [zhongxinFUT] Risk control rule default of trading channel loaded
[2023.12.19 13:54:16 - info ] [zhongxinFUT] Trader module E:/miniconda3/envs/wtpy/lib/site-packages/wtpy/wrapper/x64/traders/TraderCTP.dll loaded
[2023.12.19 13:54:16 - info ] registerFront: tcp://121.13.217.132:44205
[2023.12.19 13:54:16 - info ] [TraderCTP][7050-58110678] Login succeed, AppID: wz_wt_v100, Sessionid: 804129239, login time: 13:53:53...
[2023.12.19 13:54:16 - info ] [TraderCTP][7050-58110678] Login succeed, trading date: 20231219...
[2023.12.19 13:54:16 - info ] [TraderCTP][7050-58110678] Querying confirming state of settlement data...
[2023.12.19 13:54:17 - info ] [TraderCTP][7050-58110678] Trading channel initialized...
[2023.12.19 13:54:17 - info ] [zhongxinFUT] Trader login succeed, trading date: 20231219
[2023.12.19 13:54:17 - info ] [zhongxinFUT] DCE.lh.2403 position updated, long:1[1]|0[0], short:0[0]|0[0]
[2023.12.19 13:54:17 - info ] [zhongxinFUT] DCE.y.2403 position updated, long:0[0]|0[0], short:1[1]|0[0]
[2023.12.19 13:54:17 - info ] [zhongxinFUT] DCE.p.2408 position updated, long:0[0]|0[0], short:1[1]|0[0]
[2023.12.19 13:54:17 - info ] [zhongxinFUT] Position data updated
[2023.12.19 13:54:20 - info ] [zhongxinFUT] Trading channel ready
[2023.12.19 13:56:14 - info ] [zhongxinFUT] Risk control rule default of trading channel loaded
[2023.12.19 13:56:14 - info ] [zhongxinFUT] Trader module E:/miniconda3/envs/wtpy/lib/site-packages/wtpy/wrapper/x64/traders/TraderCTP.dll loaded
[2023.12.19 13:56:14 - info ] registerFront: tcp://121.13.217.132:44205
[2023.12.19 13:56:14 - info ] [TraderCTP][7050-58110678] Login succeed, AppID: wz_wt_v100, Sessionid: 811731433, login time: 13:55:51...
[2023.12.19 13:56:14 - info ] [TraderCTP][7050-58110678] Login succeed, trading date: 20231219...
[2023.12.19 13:56:14 - info ] [TraderCTP][7050-58110678] Querying confirming state of settlement data...
[2023.12.19 13:56:14 - info ] [TraderCTP][7050-58110678] Trading channel initialized...
[2023.12.19 13:56:14 - info ] [zhongxinFUT] Trader login succeed, trading date: 20231219
[2023.12.19 13:56:15 - info ] [zhongxinFUT] DCE.lh.2403 position updated, long:1[1]|0[0], short:0[0]|0[0]
[2023.12.19 13:56:15 - info ] [zhongxinFUT] DCE.y.2403 position updated, long:0[0]|0[0], short:1[1]|0[0]
[2023.12.19 13:56:15 - info ] [zhongxinFUT] DCE.p.2408 position updated, long:0[0]|0[0], short:1[1]|0[0]
[2023.12.19 13:56:15 - info ] [zhongxinFUT] Position data updated
[2023.12.19 13:56:18 - info ] [zhongxinFUT] Trading channel ready
[2023.12.19 13:57:00 - info ] [zhongxinFUT] Risk control rule default of trading channel loaded
[2023.12.19 13:57:00 - info ] [zhongxinFUT] Trader module E:/miniconda3/envs/wtpy/lib/site-packages/wtpy/wrapper/x64/traders/TraderCTP.dll loaded
[2023.12.19 13:57:00 - info ] registerFront: tcp://121.13.217.132:44205
[2023.12.19 13:57:00 - info ] [TraderCTP][7050-58110678] Login succeed, AppID: wz_wt_v100, Sessionid: 814352880, login time: 13:56:37...
[2023.12.19 13:57:00 - info ] [TraderCTP][7050-58110678] Login succeed, trading date: 20231219...
[2023.12.19 13:57:00 - info ] [TraderCTP][7050-58110678] Querying confirming state of settlement data...
[2023.12.19 13:57:00 - info ] [TraderCTP][7050-58110678] Trading channel initialized...
[2023.12.19 13:57:00 - info ] [zhongxinFUT] Trader login succeed, trading date: 20231219
[2023.12.19 13:57:01 - info ] [zhongxinFUT] DCE.lh.2403 position updated, long:1[1]|0[0], short:0[0]|0[0]
[2023.12.19 13:57:01 - info ] [zhongxinFUT] DCE.y.2403 position updated, long:0[0]|0[0], short:1[1]|0[0]
[2023.12.19 13:57:01 - info ] [zhongxinFUT] DCE.p.2408 position updated, long:0[0]|0[0], short:1[1]|0[0]
[2023.12.19 13:57:01 - info ] [zhongxinFUT] Position data updated
[2023.12.19 13:57:04 - info ] [zhongxinFUT] Trading channel ready
[2023.12.19 13:58:52 - info ] [zhongxinFUT] Risk control rule default of trading channel loaded
[2023.12.19 13:58:52 - info ] [zhongxinFUT] Trader module E:/miniconda3/envs/wtpy/lib/site-packages/wtpy/wrapper/x64/traders/TraderCTP.dll loaded
[2023.12.19 13:58:52 - info ] registerFront: tcp://121.13.217.132:44205
[2023.12.19 13:58:52 - info ] [TraderCTP][7050-58110678] Login succeed, AppID: wz_wt_v100, Sessionid: 822217218, login time: 13:58:29...
[2023.12.19 13:58:52 - info ] [TraderCTP][7050-58110678] Login succeed, trading date: 20231219...
[2023.12.19 13:58:52 - info ] [TraderCTP][7050-58110678] Querying confirming state of settlement data...
[2023.12.19 13:58:53 - info ] [TraderCTP][7050-58110678] Trading channel initialized...
[2023.12.19 13:58:53 - info ] [zhongxinFUT] Trader login succeed, trading date: 20231219
[2023.12.19 13:58:53 - info ] [zhongxinFUT] DCE.lh.2403 position updated, long:1[1]|0[0], short:0[0]|0[0]
[2023.12.19 13:58:53 - info ] [zhongxinFUT] DCE.y.2403 position updated, long:0[0]|0[0], short:1[1]|0[0]
[2023.12.19 13:58:53 - info ] [zhongxinFUT] DCE.p.2408 position updated, long:0[0]|0[0], short:1[1]|0[0]
[2023.12.19 13:58:53 - info ] [zhongxinFUT] Position data updated
[2023.12.19 13:58:56 - info ] [zhongxinFUT] Trading channel ready
[2023.12.19 14:06:09 - info ] [zhongxinFUT] Risk control rule default of trading channel loaded
[2023.12.19 14:06:09 - info ] [zhongxinFUT] Trader module E:/miniconda3/envs/wtpy/lib/site-packages/wtpy/wrapper/x64/traders/TraderCTP.dll loaded
[2023.12.19 14:06:09 - info ] registerFront: tcp://121.13.217.132:44205
[2023.12.19 14:06:09 - info ] [TraderCTP][7050-58110678] Login succeed, AppID: wz_wt_v100, Sessionid: 851053123, login time: 14:05:47...
[2023.12.19 14:06:09 - info ] [TraderCTP][7050-58110678] Login succeed, trading date: 20231219...
[2023.12.19 14:06:09 - info ] [TraderCTP][7050-58110678] Querying confirming state of settlement data...
[2023.12.19 14:06:09 - info ] [TraderCTP][7050-58110678] Trading channel initialized...
[2023.12.19 14:06:09 - info ] [zhongxinFUT] Trader login succeed, trading date: 20231219
[2023.12.19 14:06:10 - info ] [zhongxinFUT] DCE.lh.2403 position updated, long:1[1]|0[0], short:0[0]|0[0]
[2023.12.19 14:06:10 - info ] [zhongxinFUT] DCE.y.2403 position updated, long:0[0]|0[0], short:1[1]|0[0]
[2023.12.19 14:06:10 - info ] [zhongxinFUT] DCE.p.2408 position updated, long:0[0]|0[0], short:1[1]|0[0]
[2023.12.19 14:06:10 - info ] [zhongxinFUT] Position data updated
[2023.12.19 14:06:14 - info ] [zhongxinFUT] Trading channel ready
[2023.12.19 14:20:02 - debug] [zhongxinFUT] Order notified, instrument: DCE.lh.2403, usertag: 000002#0890374811#000001, state: Smtting
[2023.12.19 14:20:02 - debug] [zhongxinFUT] Order notified, instrument: DCE.lh.2403, usertag: 000002#0890374811#000001, state: UnTrd
[2023.12.19 14:20:02 - info ] [zhongxinFUT] DCE.lh.2403 position updated, long:1[0]|0[0], short:0[0]|0[0]
[2023.12.19 14:20:02 - debug] [zhongxinFUT] Order notified, instrument: DCE.lh.2403, usertag: 000002#0890374811#000001, state: AllTrd
[2023.12.19 14:20:02 - info ] [zhongxinFUT] Trade notified, instrument: DCE.lh.2403, usertag: , trdqty: 1, trdprice: 15120
[2023.12.19 14:20:02 - info ] [zhongxinFUT] DCE.lh.2403 position updated, long:0[0]|0[0], short:0[0]|0[0]
[2023.12.19 14:20:06 - debug] [zhongxinFUT] Order notified, instrument: DCE.y.2403, usertag: 000002#0890374811#000002, state: Smtting
[2023.12.19 14:20:06 - debug] [zhongxinFUT] Order notified, instrument: DCE.y.2403, usertag: 000002#0890374811#000002, state: UnTrd
[2023.12.19 14:20:06 - info ] [zhongxinFUT] DCE.y.2403 position updated, long:0[0]|0[0], short:1[0]|0[0]
[2023.12.19 14:20:06 - debug] [zhongxinFUT] Order notified, instrument: DCE.y.2403, usertag: 000002#0890374811#000002, state: Cncld
[2023.12.19 14:20:06 - info ] [zhongxinFUT] DCE.y.2403 position updated, long:0[0]|0[0], short:1[1]|0[0]
[2023.12.19 14:20:11 - debug] [zhongxinFUT] Order notified, instrument: DCE.p.2408, usertag: 000002#0890374811#000003, state: Smtting
[2023.12.19 14:20:12 - debug] [zhongxinFUT] Order notified, instrument: DCE.p.2408, usertag: 000002#0890374811#000003, state: UnTrd
[2023.12.19 14:20:12 - info ] [zhongxinFUT] DCE.p.2408 position updated, long:0[0]|0[0], short:1[0]|0[0]
[2023.12.19 14:20:12 - debug] [zhongxinFUT] Order notified, instrument: DCE.p.2408, usertag: 000002#0890374811#000003, state: Cncld
[2023.12.19 14:20:12 - info ] [zhongxinFUT] DCE.p.2408 position updated, long:0[0]|0[0], short:1[1]|0[0]
[2023.12.19 14:20:24 - debug] [zhongxinFUT] Order notified, instrument: DCE.y.2403, usertag: 000002#0890374811#000004, state: Smtting
[2023.12.19 14:20:24 - debug] [zhongxinFUT] Order notified, instrument: DCE.p.2408, usertag: 000002#0890374811#000005, state: Smtting
[2023.12.19 14:20:24 - debug] [zhongxinFUT] Order notified, instrument: DCE.y.2403, usertag: 000002#0890374811#000004, state: UnTrd
[2023.12.19 14:20:24 - info ] [zhongxinFUT] DCE.y.2403 position updated, long:0[0]|0[0], short:1[0]|0[0]
[2023.12.19 14:20:24 - debug] [zhongxinFUT] Order notified, instrument: DCE.y.2403, usertag: 000002#0890374811#000004, state: Cncld
[2023.12.19 14:20:24 - info ] [zhongxinFUT] DCE.y.2403 position updated, long:0[0]|0[0], short:1[1]|0[0]
[2023.12.19 14:20:24 - debug] [zhongxinFUT] Order notified, instrument: DCE.p.2408, usertag: 000002#0890374811#000005, state: UnTrd
[2023.12.19 14:20:24 - info ] [zhongxinFUT] DCE.p.2408 position updated, long:0[0]|0[0], short:1[0]|0[0]
[2023.12.19 14:20:24 - debug] [zhongxinFUT] Order notified, instrument: DCE.p.2408, usertag: 000002#0890374811#000005, state: Cncld
[2023.12.19 14:20:24 - info ] [zhongxinFUT] DCE.p.2408 position updated, long:0[0]|0[0], short:1[1]|0[0]
[2023.12.19 14:20:41 - debug] [zhongxinFUT] Order notified, instrument: DCE.y.2403, usertag: 000002#0890374811#000006, state: Smtting
[2023.12.19 14:20:41 - debug] [zhongxinFUT] Order notified, instrument: DCE.p.2408, usertag: 000002#0890374811#000007, state: Smtting
[2023.12.19 14:20:41 - debug] [zhongxinFUT] Order notified, instrument: DCE.y.2403, usertag: 000002#0890374811#000006, state: UnTrd
[2023.12.19 14:20:41 - info ] [zhongxinFUT] DCE.y.2403 position updated, long:0[0]|0[0], short:1[0]|0[0]
[2023.12.19 14:20:41 - debug] [zhongxinFUT] Order notified, instrument: DCE.y.2403, usertag: 000002#0890374811#000006, state: Cncld
[2023.12.19 14:20:41 - info ] [zhongxinFUT] DCE.y.2403 position updated, long:0[0]|0[0], short:1[1]|0[0]
[2023.12.19 14:20:41 - debug] [zhongxinFUT] Order notified, instrument: DCE.p.2408, usertag: 000002#0890374811#000007, state: UnTrd
[2023.12.19 14:20:41 - info ] [zhongxinFUT] DCE.p.2408 position updated, long:0[0]|0[0], short:1[0]|0[0]
[2023.12.19 14:20:41 - debug] [zhongxinFUT] Order notified, instrument: DCE.p.2408, usertag: 000002#0890374811#000007, state: Cncld
[2023.12.19 14:20:41 - info ] [zhongxinFUT] DCE.p.2408 position updated, long:0[0]|0[0], short:1[1]|0[0]
[2023.12.19 14:20:45 - debug] [zhongxinFUT] Order notified, instrument: DCE.y.2403, usertag: 000002#0890374811#000008, state: Smtting
[2023.12.19 14:20:45 - debug] [zhongxinFUT] Order notified, instrument: DCE.p.2408, usertag: 000002#0890374811#000009, state: Smtting
[2023.12.19 14:20:45 - debug] [zhongxinFUT] Order notified, instrument: DCE.y.2403, usertag: 000002#0890374811#000008, state: UnTrd
[2023.12.19 14:20:45 - info ] [zhongxinFUT] DCE.y.2403 position updated, long:0[0]|0[0], short:1[0]|0[0]
[2023.12.19 14:20:45 - debug] [zhongxinFUT] Order notified, instrument: DCE.y.2403, usertag: 000002#0890374811#000008, state: Cncld
[2023.12.19 14:20:45 - info ] [zhongxinFUT] DCE.y.2403 position updated, long:0[0]|0[0], short:1[1]|0[0]
[2023.12.19 14:20:45 - debug] [zhongxinFUT] Order notified, instrument: DCE.p.2408, usertag: 000002#0890374811#000009, state: UnTrd
[2023.12.19 14:20:45 - info ] [zhongxinFUT] DCE.p.2408 position updated, long:0[0]|0[0], short:1[0]|0[0]
[2023.12.19 14:20:45 - debug] [zhongxinFUT] Order notified, instrument: DCE.p.2408, usertag: 000002#0890374811#000009, state: Cncld
[2023.12.19 14:20:45 - info ] [zhongxinFUT] DCE.p.2408 position updated, long:0[0]|0[0], short:1[1]|0[0]
[2023.12.19 14:24:37 - debug] [zhongxinFUT] Order notified, instrument: DCE.y.2403, usertag: 000002#0890374811#000010, state: Smtting
[2023.12.19 14:24:37 - debug] [zhongxinFUT] Order notified, instrument: DCE.p.2408, usertag: 000002#0890374811#000011, state: Smtting
[2023.12.19 14:24:37 - debug] [zhongxinFUT] Order notified, instrument: DCE.y.2403, usertag: 000002#0890374811#000010, state: UnTrd
[2023.12.19 14:24:37 - info ] [zhongxinFUT] DCE.y.2403 position updated, long:0[0]|0[0], short:1[0]|0[0]
[2023.12.19 14:24:37 - debug] [zhongxinFUT] Order notified, instrument: DCE.y.2403, usertag: 000002#0890374811#000010, state: Cncld
[2023.12.19 14:24:37 - info ] [zhongxinFUT] DCE.y.2403 position updated, long:0[0]|0[0], short:1[1]|0[0]
[2023.12.19 14:24:37 - debug] [zhongxinFUT] Order notified, instrument: DCE.p.2408, usertag: 000002#0890374811#000011, state: UnTrd
[2023.12.19 14:24:37 - info ] [zhongxinFUT] DCE.p.2408 position updated, long:0[0]|0[0], short:1[0]|0[0]
[2023.12.19 14:24:37 - debug] [zhongxinFUT] Order notified, instrument: DCE.p.2408, usertag: 000002#0890374811#000011, state: Cncld
[2023.12.19 14:24:37 - info ] [zhongxinFUT] DCE.p.2408 position updated, long:0[0]|0[0], short:1[1]|0[0]
[2023.12.19 14:29:03 - info ] [zhongxinFUT] Risk control rule default of trading channel loaded
[2023.12.19 14:29:03 - info ] [zhongxinFUT] Trader module E:/miniconda3/envs/wtpy/lib/site-packages/wtpy/wrapper/x64/traders/TraderCTP.dll loaded
[2023.12.19 14:29:03 - info ] registerFront: tcp://121.13.217.132:44205
[2023.12.19 14:29:04 - info ] [TraderCTP][7050-58110678] Login succeed, AppID: wz_wt_v100, Sessionid: 940182283, login time: 14:28:41...
[2023.12.19 14:29:04 - info ] [TraderCTP][7050-58110678] Login succeed, trading date: 20231219...
[2023.12.19 14:29:04 - info ] [TraderCTP][7050-58110678] Querying confirming state of settlement data...
[2023.12.19 14:29:05 - info ] [TraderCTP][7050-58110678] Trading channel initialized...
[2023.12.19 14:29:05 - info ] [zhongxinFUT] Trader login succeed, trading date: 20231219
[2023.12.19 14:29:05 - info ] [zhongxinFUT] DCE.lh.2403 position updated, long:0[0]|0[0], short:0[0]|0[0]
[2023.12.19 14:29:05 - info ] [zhongxinFUT] DCE.y.2403 position updated, long:0[0]|0[0], short:1[1]|0[0]
[2023.12.19 14:29:05 - info ] [zhongxinFUT] DCE.p.2408 position updated, long:0[0]|0[0], short:1[1]|0[0]
[2023.12.19 14:29:05 - info ] [zhongxinFUT] Position data updated
[2023.12.19 14:29:07 - info ] [zhongxinFUT] DCE.lh.2403 action stats updated, long opened: 0, long closed: 1, new long closed: 0, short opened: 0, short closed: 0, new short closed: 0
[2023.12.19 14:29:07 - info ] [zhongxinFUT] DCE.p.2408 action stats updated, long opened: 0, long closed: 0, new long closed: 0, short opened: 0, short closed: 0, new short closed: 0
[2023.12.19 14:29:07 - info ] [zhongxinFUT] DCE.y.2403 action stats updated, long opened: 0, long closed: 0, new long closed: 0, short opened: 0, short closed: 0, new short closed: 0
[2023.12.19 14:29:08 - info ] [zhongxinFUT] Trading channel ready
[2023.12.19 14:29:38 - debug] [zhongxinFUT] Order notified, instrument: DCE.y.2403, usertag: 000002#0890374811#000012, state: Smtting
[2023.12.19 14:29:38 - debug] [zhongxinFUT] Order notified, instrument: DCE.p.2408, usertag: 000002#0890374811#000013, state: Smtting
[2023.12.19 14:29:38 - debug] [zhongxinFUT] Order notified, instrument: DCE.y.2403, usertag: 000002#0890374811#000012, state: UnTrd
[2023.12.19 14:29:38 - info ] [zhongxinFUT] DCE.y.2403 position updated, long:0[0]|0[0], short:1[0]|0[0]
[2023.12.19 14:29:38 - debug] [zhongxinFUT] Order notified, instrument: DCE.y.2403, usertag: 000002#0890374811#000012, state: Cncld
[2023.12.19 14:29:38 - info ] [zhongxinFUT] DCE.y.2403 position updated, long:0[0]|0[0], short:1[1]|0[0]
[2023.12.19 14:29:38 - debug] [zhongxinFUT] Order notified, instrument: DCE.p.2408, usertag: 000002#0890374811#000013, state: UnTrd
[2023.12.19 14:29:38 - info ] [zhongxinFUT] DCE.p.2408 position updated, long:0[0]|0[0], short:1[0]|0[0]
[2023.12.19 14:29:38 - debug] [zhongxinFUT] Order notified, instrument: DCE.p.2408, usertag: 000002#0890374811#000013, state: Cncld
[2023.12.19 14:29:38 - info ] [zhongxinFUT] DCE.p.2408 position updated, long:0[0]|0[0], short:1[1]|0[0]
[2023.12.19 14:32:07 - debug] [zhongxinFUT] Order notified, instrument: DCE.y.2403, usertag: 000002#0890374811#000014, state: Smtting
[2023.12.19 14:32:07 - debug] [zhongxinFUT] Order notified, instrument: DCE.y.2403, usertag: 000002#0890374811#000014, state: UnTrd
[2023.12.19 14:32:07 - info ] [zhongxinFUT] DCE.y.2403 position updated, long:0[0]|0[0], short:1[0]|0[0]
[2023.12.19 14:32:19 - debug] [zhongxinFUT] Order notified, instrument: DCE.p.2408, usertag: 000002#0890374811#000015, state: Smtting
[2023.12.19 14:32:19 - debug] [zhongxinFUT] Order notified, instrument: DCE.p.2408, usertag: 000002#0890374811#000015, state: UnTrd
[2023.12.19 14:32:19 - info ] [zhongxinFUT] DCE.p.2408 position updated, long:0[0]|0[0], short:1[0]|0[0]
[2023.12.19 14:33:54 - debug] [zhongxinFUT] Order notified, instrument: DCE.p.2408, usertag: 000002#0890374811#000015, state: UnTrd
[2023.12.19 14:33:54 - debug] [zhongxinFUT] Order notified, instrument: DCE.p.2408, usertag: 000002#0890374811#000015, state: Cncld
[2023.12.19 14:33:54 - info ] [zhongxinFUT] DCE.p.2408 position updated, long:0[0]|0[0], short:1[1]|0[0]
[2023.12.19 14:33:56 - debug] [zhongxinFUT] Order notified, instrument: DCE.y.2403, usertag: 000002#0890374811#000014, state: UnTrd
[2023.12.19 14:33:56 - debug] [zhongxinFUT] Order notified, instrument: DCE.y.2403, usertag: 000002#0890374811#000014, state: Cncld
[2023.12.19 14:33:56 - info ] [zhongxinFUT] DCE.y.2403 position updated, long:0[0]|0[0], short:1[1]|0[0]
[2023.12.19 14:34:16 - debug] [zhongxinFUT] Order notified, instrument: DCE.p.2408, usertag: 000002#0890374811#000018, state: Smtting
[2023.12.19 14:34:17 - debug] [zhongxinFUT] Order notified, instrument: DCE.p.2408, usertag: 000002#0890374811#000018, state: UnTrd
[2023.12.19 14:34:17 - info ] [zhongxinFUT] DCE.p.2408 position updated, long:0[0]|0[0], short:1[0]|0[0]
[2023.12.19 14:34:27 - debug] [zhongxinFUT] Order notified, instrument: DCE.p.2408, usertag: 000002#0890374811#000018, state: UnTrd
[2023.12.19 14:34:27 - debug] [zhongxinFUT] Order notified, instrument: DCE.p.2408, usertag: 000002#0890374811#000018, state: Cncld
[2023.12.19 14:34:27 - info ] [zhongxinFUT] DCE.p.2408 position updated, long:0[0]|0[0], short:1[1]|0[0]
[2023.12.19 14:34:36 - debug] [zhongxinFUT] Order notified, instrument: DCE.p.2408, usertag: 000002#0890374811#000020, state: Smtting
[2023.12.19 14:34:36 - debug] [zhongxinFUT] Order notified, instrument: DCE.p.2408, usertag: 000002#0890374811#000020, state: UnTrd
[2023.12.19 14:34:36 - info ] [zhongxinFUT] DCE.p.2408 position updated, long:0[0]|0[0], short:1[0]|0[0]
[2023.12.19 14:37:01 - debug] [zhongxinFUT] Order notified, instrument: DCE.p.2408, usertag: 000002#0890374811#000020, state: UnTrd
[2023.12.19 14:37:01 - debug] [zhongxinFUT] Order notified, instrument: DCE.p.2408, usertag: 000002#0890374811#000020, state: Cncld
[2023.12.19 14:37:01 - info ] [zhongxinFUT] DCE.p.2408 position updated, long:0[0]|0[0], short:1[1]|0[0]
[2023.12.19 14:37:36 - debug] [zhongxinFUT] Order notified, instrument: DCE.y.2403, usertag: 000002#0890374811#000022, state: Smtting
[2023.12.19 14:37:36 - debug] [zhongxinFUT] Order notified, instrument: DCE.y.2403, usertag: 000002#0890374811#000022, state: UnTrd
[2023.12.19 14:37:36 - info ] [zhongxinFUT] DCE.y.2403 position updated, long:0[0]|0[0], short:1[0]|0[0]
[2023.12.19 14:39:54 - debug] [zhongxinFUT] Order notified, instrument: DCE.y.2403, usertag: 000002#0890374811#000022, state: UnTrd
[2023.12.19 14:39:54 - debug] [zhongxinFUT] Order notified, instrument: DCE.y.2403, usertag: 000002#0890374811#000022, state: Cncld
[2023.12.19 14:39:54 - info ] [zhongxinFUT] DCE.y.2403 position updated, long:0[0]|0[0], short:1[1]|0[0]
[2023.12.19 14:40:21 - debug] [zhongxinFUT] Order notified, instrument: DCE.y.2403, usertag: 000002#0890374811#000024, state: Smtting
[2023.12.19 14:40:21 - debug] [zhongxinFUT] Order notified, instrument: DCE.y.2403, usertag: 000002#0890374811#000024, state: UnTrd
[2023.12.19 14:40:21 - info ] [zhongxinFUT] DCE.y.2403 position updated, long:0[0]|0[0], short:1[0]|0[0]
[2023.12.19 14:41:10 - debug] [zhongxinFUT] Order notified, instrument: DCE.p.2408, usertag: 000002#0890374811#000025, state: Smtting
[2023.12.19 14:41:10 - debug] [zhongxinFUT] Order notified, instrument: DCE.p.2408, usertag: 000002#0890374811#000025, state: UnTrd
[2023.12.19 14:41:10 - info ] [zhongxinFUT] DCE.p.2408 position updated, long:0[0]|0[0], short:1[0]|0[0]
[2023.12.19 14:51:55 - info ] [zhongxinFUT] Risk control rule default of trading channel loaded
[2023.12.19 14:51:55 - info ] [zhongxinFUT] Trader module E:/miniconda3/envs/wtpy/lib/site-packages/wtpy/wrapper/x64/traders/TraderCTP.dll loaded
[2023.12.19 14:51:55 - info ] registerFront: tcp://121.13.217.132:44205
[2023.12.19 14:51:55 - info ] [TraderCTP][7050-58110678] Login succeed, AppID: wz_wt_v100, Sessionid: 1030622166, login time: 14:51:33...
[2023.12.19 14:51:55 - info ] [TraderCTP][7050-58110678] Login succeed, trading date: 20231219...
[2023.12.19 14:51:55 - info ] [TraderCTP][7050-58110678] Querying confirming state of settlement data...
[2023.12.19 14:51:55 - info ] [TraderCTP][7050-58110678] Trading channel initialized...
[2023.12.19 14:51:55 - info ] [zhongxinFUT] Trader login succeed, trading date: 20231219
[2023.12.19 14:51:56 - info ] [zhongxinFUT] DCE.lh.2403 position updated, long:0[0]|0[0], short:0[0]|0[0]
[2023.12.19 14:51:56 - info ] [zhongxinFUT] DCE.y.2403 position updated, long:0[0]|0[0], short:1[0]|0[0]
[2023.12.19 14:51:56 - info ] [zhongxinFUT] DCE.p.2408 position updated, long:0[0]|0[0], short:1[0]|0[0]
[2023.12.19 14:51:56 - info ] [zhongxinFUT] Position data updated
[2023.12.19 14:51:58 - info ] [zhongxinFUT] DCE.lh.2403 action stats updated, long opened: 0, long closed: 1, new long closed: 0, short opened: 0, short closed: 0, new short closed: 0
[2023.12.19 14:51:58 - info ] [zhongxinFUT] DCE.p.2408 action stats updated, long opened: 0, long closed: 0, new long closed: 0, short opened: 0, short closed: 0, new short closed: 0
[2023.12.19 14:51:58 - info ] [zhongxinFUT] DCE.y.2403 action stats updated, long opened: 0, long closed: 0, new long closed: 0, short opened: 0, short closed: 0, new short closed: 0
[2023.12.19 14:51:59 - info ] [zhongxinFUT] Trading channel ready
[2023.12.19 14:57:43 - info ] [zhongxinFUT] Risk control rule default of trading channel loaded
[2023.12.19 14:57:43 - info ] [zhongxinFUT] Trader module E:/miniconda3/envs/wtpy/lib/site-packages/wtpy/wrapper/x64/traders/TraderCTP.dll loaded
[2023.12.19 14:57:43 - info ] registerFront: tcp://121.13.217.132:44205
[2023.12.19 14:57:44 - info ] [TraderCTP][7050-58110678] Login succeed, AppID: wz_wt_v100, Sessionid: 1053559818, login time: 14:57:21...
[2023.12.19 14:57:44 - info ] [TraderCTP][7050-58110678] Login succeed, trading date: 20231219...
[2023.12.19 14:57:44 - info ] [TraderCTP][7050-58110678] Querying confirming state of settlement data...
[2023.12.19 14:57:45 - info ] [TraderCTP][7050-58110678] Trading channel initialized...
[2023.12.19 14:57:45 - info ] [zhongxinFUT] Trader login succeed, trading date: 20231219
[2023.12.19 14:57:45 - info ] [zhongxinFUT] DCE.lh.2403 position updated, long:0[0]|0[0], short:0[0]|0[0]
[2023.12.19 14:57:45 - info ] [zhongxinFUT] DCE.y.2403 position updated, long:0[0]|0[0], short:1[0]|0[0]
[2023.12.19 14:57:45 - info ] [zhongxinFUT] DCE.p.2408 position updated, long:0[0]|0[0], short:1[0]|0[0]
[2023.12.19 14:57:45 - info ] [zhongxinFUT] Position data updated
[2023.12.19 14:57:47 - info ] [zhongxinFUT] DCE.lh.2403 action stats updated, long opened: 0, long closed: 1, new long closed: 0, short opened: 0, short closed: 0, new short closed: 0
[2023.12.19 14:57:47 - info ] [zhongxinFUT] DCE.p.2408 action stats updated, long opened: 0, long closed: 0, new long closed: 0, short opened: 0, short closed: 0, new short closed: 0
[2023.12.19 14:57:47 - info ] [zhongxinFUT] DCE.y.2403 action stats updated, long opened: 0, long closed: 0, new long closed: 0, short opened: 0, short closed: 0, new short closed: 0
[2023.12.19 14:57:48 - info ] [zhongxinFUT] Trading channel ready
[2023.12.19 15:15:41 - debug] [zhongxinFUT] Order notified, instrument: DCE.y.2403, usertag: 000002#0890374811#000024, state: UnTrd
[2023.12.19 15:15:44 - debug] [zhongxinFUT] Order notified, instrument: DCE.p.2408, usertag: 000002#0890374811#000025, state: UnTrd
