[2023.09.01 09:15:21 - info ] [dw_etf] Risk control rule default of trading channel loaded
[2023.09.01 09:15:21 - info ] [dw_etf] Trader module F:/deploy/ETF_T0/traders/TraderFix.dll loaded
[2023.09.01 09:15:22 - info ] [TraderFix] Connected!
[2023.09.01 09:15:22 - info ] [TraderFix] Request Login success, code: 1, msg: 验证成功
[2023.09.01 09:15:22 - info ] [TraderFix] Subscribe order report success
[2023.09.01 09:15:22 - info ] [TraderFix] Subscribe trade report success
[2023.09.01 09:15:22 - info ] [TraderFix] Account information init success ...
[2023.09.01 09:15:22 - info ] [dw_etf] Trader login succeed, trading date: 20230901
[2023.09.01 09:15:22 - debug] [queryPositions] Cur Pos: 0, Pre Pos: 500000, Cur Avail Pos: 0, Pre Avail Pos: 500000, Total Pos: 500000, Total Avail Pos: 500000 | curVol: 500000, preVol: 500000, curAvail: 500000
[2023.09.01 09:15:22 - info ] [dw_etf] Position data updated
[2023.09.01 09:15:22 - info ] [dw_etf] Trading channel ready
[2023.09.01 09:25:03 - info ] [dw_etf] Risk control rule default of trading channel loaded
[2023.09.01 09:25:03 - info ] [dw_etf] Trader module F:/deploy/ETF_T0/traders/TraderFix.dll loaded
[2023.09.01 09:25:04 - info ] [TraderFix] Connected!
[2023.09.01 09:25:04 - info ] [TraderFix] Request Login success, code: 1, msg: 验证成功
[2023.09.01 09:25:04 - info ] [TraderFix] Subscribe order report success
[2023.09.01 09:25:04 - info ] [TraderFix] Subscribe trade report success
[2023.09.01 09:25:04 - info ] [TraderFix] Account information init success ...
[2023.09.01 09:25:04 - info ] [dw_etf] Trader login succeed, trading date: 20230901
[2023.09.01 09:25:04 - debug] [queryPositions] Cur Pos: 0, Pre Pos: 500000, Cur Avail Pos: 0, Pre Avail Pos: 500000, Total Pos: 500000, Total Avail Pos: 500000 | curVol: 500000, preVol: 500000, curAvail: 500000
[2023.09.01 09:25:04 - info ] [dw_etf] Position data updated
[2023.09.01 09:25:04 - info ] [dw_etf] Trading channel ready
[2023.09.01 09:53:19 - info ] [dw_etf] Risk control rule default of trading channel loaded
[2023.09.01 09:53:19 - info ] [dw_etf] Trader module F:/deploy/ETF_T0/traders/TraderFix.dll loaded
[2023.09.01 09:53:20 - info ] [TraderFix] Connected!
[2023.09.01 09:53:20 - info ] [TraderFix] Request Login success, code: 1, msg: 
[2023.09.01 09:53:20 - error] [TraderFix] Subscribe order report fail：failed to subscribe, param KHH or TOKEN is empty(-503)
[2023.09.01 09:53:35 - info ] [dw_etf] Risk control rule default of trading channel loaded
[2023.09.01 09:53:35 - info ] [dw_etf] Trader module F:/deploy/ETF_T0/traders/TraderFix.dll loaded
[2023.09.01 09:53:35 - info ] [TraderFix] Connected!
[2023.09.01 09:53:35 - info ] [TraderFix] Request Login success, code: 1, msg: 验证成功
[2023.09.01 09:53:35 - info ] [TraderFix] Subscribe order report success
[2023.09.01 09:53:36 - info ] [TraderFix] Subscribe trade report success
[2023.09.01 09:53:36 - info ] [TraderFix] Account information init success ...
[2023.09.01 09:53:36 - info ] [dw_etf] Trader login succeed, trading date: 20230901
[2023.09.01 09:53:36 - debug] [queryPositions] Cur Pos: 0, Pre Pos: 500000, Cur Avail Pos: 0, Pre Avail Pos: 500000, Total Pos: 500000, Total Avail Pos: 500000 | curVol: 500000, preVol: 500000, curAvail: 500000
[2023.09.01 09:53:36 - info ] [dw_etf] Position data updated
[2023.09.01 09:53:36 - info ] [dw_etf] Trading channel ready
[2023.09.01 09:57:08 - info ] [dw_etf] Risk control rule default of trading channel loaded
[2023.09.01 09:57:08 - info ] [dw_etf] Trader module F:/deploy/ETF_T0/traders/TraderFix.dll loaded
[2023.09.01 09:57:08 - info ] [TraderFix] Connected!
[2023.09.01 09:57:08 - info ] [TraderFix] Request Login success, code: 1, msg: 验证成功
[2023.09.01 09:57:08 - info ] [TraderFix] Subscribe order report success
[2023.09.01 09:57:08 - info ] [TraderFix] Subscribe trade report success
[2023.09.01 09:57:08 - info ] [TraderFix] Account information init success ...
[2023.09.01 09:57:08 - info ] [dw_etf] Trader login succeed, trading date: 20230901
[2023.09.01 09:57:08 - debug] [queryPositions] Cur Pos: 0, Pre Pos: 500000, Cur Avail Pos: 0, Pre Avail Pos: 500000, Total Pos: 500000, Total Avail Pos: 500000 | curVol: 500000, preVol: 500000, curAvail: 500000
[2023.09.01 09:57:08 - info ] [dw_etf] Position data updated
[2023.09.01 09:57:08 - info ] [dw_etf] Trading channel ready
[2023.09.01 09:58:06 - info ] [dw_etf] Risk control rule default of trading channel loaded
[2023.09.01 09:58:06 - info ] [dw_etf] Trader module F:/deploy/ETF_T0/traders/TraderFix.dll loaded
[2023.09.01 09:58:06 - info ] [TraderFix] Connected!
[2023.09.01 09:58:06 - info ] [TraderFix] Request Login success, code: 1, msg: 验证成功
[2023.09.01 09:58:06 - info ] [TraderFix] Subscribe order report success
[2023.09.01 09:58:06 - info ] [TraderFix] Subscribe trade report success
[2023.09.01 09:58:06 - info ] [TraderFix] Account information init success ...
[2023.09.01 09:58:06 - info ] [dw_etf] Trader login succeed, trading date: 20230901
[2023.09.01 09:58:06 - debug] [queryPositions] Cur Pos: 0, Pre Pos: 500000, Cur Avail Pos: 0, Pre Avail Pos: 500000, Total Pos: 500000, Total Avail Pos: 500000 | curVol: 500000, preVol: 500000, curAvail: 500000
[2023.09.01 09:58:06 - info ] [dw_etf] Position data updated
[2023.09.01 09:58:06 - info ] [dw_etf] Trading channel ready
[2023.09.01 10:00:08 - info ] [dw_etf] Risk control rule default of trading channel loaded
[2023.09.01 10:00:08 - info ] [dw_etf] Trader module F:/deploy/ETF_T0/traders/TraderFix.dll loaded
[2023.09.01 10:00:08 - info ] [TraderFix] Connected!
[2023.09.01 10:00:08 - info ] [TraderFix] Request Login success, code: 1, msg: 验证成功
[2023.09.01 10:00:08 - info ] [TraderFix] Subscribe order report success
[2023.09.01 10:00:08 - info ] [TraderFix] Subscribe trade report success
[2023.09.01 10:00:08 - info ] [TraderFix] Account information init success ...
[2023.09.01 10:00:08 - info ] [dw_etf] Trader login succeed, trading date: 20230901
[2023.09.01 10:00:08 - debug] [queryPositions] Cur Pos: 0, Pre Pos: 500000, Cur Avail Pos: 0, Pre Avail Pos: 500000, Total Pos: 500000, Total Avail Pos: 500000 | curVol: 500000, preVol: 500000, curAvail: 500000
[2023.09.01 10:00:08 - info ] [dw_etf] Position data updated
[2023.09.01 10:00:08 - info ] [dw_etf] Trading channel ready
