[2023.07.03 15:32:33 - debug] Calculating hook disabled
[2023.07.03 15:32:34 - info ] DualThrust inited
[2023.07.03 15:32:34 - info ] 向下突破3956.00<=3974.44，空仓进场
[2023.07.03 15:32:34 - info ] 向上突破3951.00>=3949.72，空仓出场
[2023.07.03 15:32:34 - info ] 向下突破3940.60<=3942.62，空仓进场
[2023.07.03 15:32:34 - info ] 向上突破3947.80>=3945.14，空仓出场
[2023.07.03 15:32:34 - info ] 向下突破3940.80<=3941.46，空仓进场
[2023.07.03 15:32:34 - info ] 向上突破3947.00>=3945.94，空仓出场
[2023.07.03 15:32:34 - info ] 向下突破3939.40<=3941.06，空仓进场
[2023.07.03 15:32:34 - info ] 向上突破3948.20>=3946.80，空仓出场
[2023.07.03 15:32:34 - info ] 向下突破3951.40<=3953.06，空仓进场
[2023.07.03 15:32:34 - info ] 向上突破3955.80>=3954.14，空仓出场
[2023.07.03 15:32:34 - info ] 向下突破3959.20<=3960.98，空仓进场
[2023.07.03 15:32:34 - info ] 向上突破3961.00>=3959.22，空仓出场
[2023.07.03 15:32:34 - info ] 向下突破3946.60<=3960.82，空仓进场
[2023.07.03 15:32:34 - info ] 向上突破3951.20>=3950.88，空仓出场
[2023.07.03 15:32:34 - info ] 向下突破3943.80<=3945.40，空仓进场
[2023.07.03 15:32:34 - info ] 向上突破3945.40>=3943.28，空仓出场
[2023.07.03 15:32:34 - info ] 向下突破3932.80<=3935.70，空仓进场
[2023.07.03 15:32:34 - info ] 向上突破3935.40>=3934.50，空仓出场
[2023.07.03 15:32:34 - info ] 向下突破3942.00<=3943.88，空仓进场
[2023.07.03 15:32:34 - info ] 向上突破3949.00>=3948.72，空仓出场
[2023.07.03 15:32:34 - info ] 向下突破3930.40<=3933.04，空仓进场
[2023.07.03 15:32:34 - info ] 向上突破3935.80>=3934.66，空仓出场
[2023.07.03 15:32:34 - info ] 向下突破3932.40<=3932.54，空仓进场
[2023.07.03 15:32:34 - info ] 向上突破3937.00>=3936.66，空仓出场
[2023.07.03 15:32:34 - info ] 向下突破3933.80<=3936.94，空仓进场
[2023.07.03 15:32:34 - info ] 向上突破3935.00>=3934.46，空仓出场
[2023.07.03 15:32:34 - info ] 向下突破3932.60<=3936.94，空仓进场
[2023.07.03 15:32:34 - info ] 向上突破3937.80>=3936.66，空仓出场
[2023.07.03 15:32:34 - info ] 向下突破3932.80<=3932.80，空仓进场
[2023.07.03 15:32:34 - info ] 向上突破3960.20>=3955.90，空仓出场
[2023.07.03 15:32:34 - info ] 向下突破3947.00<=3947.54，空仓进场
[2023.07.03 15:32:34 - info ] 向上突破3953.00>=3947.06，空仓出场
[2023.07.03 15:32:34 - info ] 向下突破3944.00<=3945.94，空仓进场
[2023.07.03 15:32:34 - info ] 向上突破3953.40>=3952.06，空仓出场
[2023.07.03 15:32:34 - info ] 向下突破3949.20<=3949.34，空仓进场
[2023.07.03 15:32:34 - info ] 向上突破3955.20>=3954.46，空仓出场
[2023.07.03 15:32:34 - info ] 向下突破3958.20<=3958.44，空仓进场
[2023.07.03 15:32:34 - info ] 向上突破3964.20>=3961.56，空仓出场
[2023.07.03 15:32:34 - info ] 向下突破3960.60<=3960.64，空仓进场
[2023.07.03 15:32:34 - info ] 向上突破3965.60>=3963.16，空仓出场
[2023.07.03 15:32:34 - info ] 向下突破3976.00<=3976.50，空仓进场
[2023.07.03 15:32:34 - info ] 向上突破3959.40>=3957.48，空仓出场
[2023.07.03 15:32:34 - info ] 向下突破3961.60<=3964.14，空仓进场
[2023.07.03 15:32:34 - info ] 向上突破3961.00>=3959.26，空仓出场
[2023.07.03 15:32:34 - info ] 向下突破3958.00<=3958.44，空仓进场
[2023.07.03 15:32:34 - info ] 向上突破3963.40>=3961.66，空仓出场
[2023.07.03 15:32:34 - info ] 向下突破3962.00<=3962.86，空仓进场
[2023.07.03 15:32:34 - info ] 向上突破3965.00>=3963.78，空仓出场
[2023.07.03 15:32:34 - info ] 向下突破3944.20<=3950.54，空仓进场
[2023.07.03 15:32:34 - info ] 向上突破3948.00>=3947.90，空仓出场
[2023.07.03 15:32:34 - info ] 向下突破3926.40<=3929.84，空仓进场
[2023.07.03 15:32:34 - info ] 向上突破3932.40>=3930.32，空仓出场
[2023.07.03 15:32:34 - info ] 向下突破3927.60<=3928.56，空仓进场
[2023.07.03 15:32:34 - info ] 向上突破3936.80>=3935.40，空仓出场
[2023.07.03 15:32:34 - info ] 向下突破3931.40<=3933.00，空仓进场
[2023.07.03 15:32:34 - info ] 向上突破3915.80>=3915.12，空仓出场
[2023.07.03 15:32:34 - info ] 向下突破3906.20<=3912.64，空仓进场
[2023.07.03 15:32:34 - info ] 向上突破3906.00>=3905.76，空仓出场
[2023.07.03 15:32:34 - info ] 向下突破3890.60<=3898.34，空仓进场
[2023.07.03 15:32:34 - info ] 向上突破3902.20>=3900.20，空仓出场
[2023.07.03 15:32:34 - info ] 向下突破3890.60<=3893.60，空仓进场
[2023.07.03 15:32:34 - info ] 向上突破3888.60>=3884.86，空仓出场
[2023.07.03 15:32:34 - info ] 向下突破3903.00<=3906.80，空仓进场
[2023.07.03 15:32:34 - info ] 向上突破3906.80>=3906.52，空仓出场
[2023.07.03 15:32:34 - info ] 向下突破3905.20<=3910.94，空仓进场
[2023.07.03 15:32:34 - info ] 向上突破3912.40>=3912.06，空仓出场
[2023.07.03 15:32:34 - info ] 向下突破3895.20<=3902.94，空仓进场
[2023.07.03 15:32:34 - info ] 向上突破3898.40>=3897.96，空仓出场
[2023.07.03 15:32:34 - info ] 向下突破3901.00<=3903.52，空仓进场
[2023.07.03 15:32:34 - info ] 向上突破3903.00>=3902.76，空仓出场
[2023.07.03 15:32:34 - info ] 向下突破3908.00<=3911.66，空仓进场
[2023.07.03 15:32:34 - info ] 向上突破3918.60>=3911.34，空仓出场
[2023.07.03 15:32:34 - info ] 向下突破3919.00<=3923.04，空仓进场
[2023.07.03 15:32:34 - info ] 向上突破3925.40>=3925.36，空仓出场
[2023.07.03 15:32:34 - info ] 向下突破3923.40<=3923.64，空仓进场
[2023.07.03 15:32:34 - info ] 向上突破3929.00>=3928.58，空仓出场
[2023.07.03 15:32:34 - info ] 向下突破3919.20<=3919.48，空仓进场
[2023.07.03 15:32:34 - info ] 向上突破3927.60>=3925.12，空仓出场
[2023.07.03 15:32:34 - info ] 向下突破3924.00<=3927.84，空仓进场
[2023.07.03 15:32:34 - info ] 向上突破3925.40>=3923.56，空仓出场
[2023.07.03 15:32:34 - info ] 向下突破3922.60<=3923.24，空仓进场
[2023.07.03 15:32:34 - info ] 向上突破3925.40>=3925.36，空仓出场
[2023.07.03 15:32:34 - info ] 向下突破3924.40<=3924.84，空仓进场
[2023.07.03 15:32:34 - info ] 向上突破3928.80>=3928.16，空仓出场
[2023.07.03 15:32:34 - info ] 向下突破3886.00<=3910.44，空仓进场
[2023.07.03 15:32:34 - info ] 向上突破3872.40>=3870.56，空仓出场
[2023.07.03 15:32:34 - info ] 向下突破3869.40<=3869.80，空仓进场
[2023.07.03 15:32:34 - info ] 向上突破3875.20>=3871.20，空仓出场
[2023.07.03 15:32:34 - info ] 向下突破3872.00<=3873.60，空仓进场
[2023.07.03 15:32:34 - info ] 向上突破3874.80>=3874.60，空仓出场
[2023.07.03 15:32:34 - info ] 向下突破3892.80<=3894.80，空仓进场
[2023.07.03 15:32:34 - info ] 向上突破3905.00>=3905.00，空仓出场
[2023.07.03 15:32:34 - info ] 向下突破3891.40<=3892.58，空仓进场
[2023.07.03 15:32:34 - info ] 向上突破3896.60>=3895.22，空仓出场
[2023.07.03 15:32:34 - info ] 向下突破3890.00<=3890.78，空仓进场
[2023.07.03 15:32:34 - info ] 向上突破3895.80>=3893.62，空仓出场
[2023.07.03 15:32:34 - info ] 向下突破3917.80<=3922.36，空仓进场
[2023.07.03 15:32:34 - info ] 向上突破3922.80>=3921.26，空仓出场
[2023.07.03 15:32:34 - info ] 向下突破3914.00<=3914.80，空仓进场
[2023.07.03 15:32:34 - info ] 向上突破3902.40>=3902.32，空仓出场
[2023.07.03 15:32:34 - info ] 向下突破3890.80<=3893.68，空仓进场
[2023.07.03 15:32:34 - info ] 向上突破3900.00>=3898.04，空仓出场
[2023.07.03 15:32:34 - info ] 向下突破3893.20<=3894.16，空仓进场
[2023.07.03 15:32:34 - info ] 向上突破3882.00>=3879.46，空仓出场
[2023.07.03 15:32:34 - info ] 向下突破3881.20<=3883.16，空仓进场
[2023.07.03 15:32:34 - info ] 向上突破3892.00>=3889.28，空仓出场
[2023.07.03 15:32:34 - info ] 向下突破3886.80<=3888.30，空仓进场
[2023.07.03 15:32:34 - info ] 向上突破3891.40>=3890.78，空仓出场
[2023.07.03 15:32:34 - info ] 向下突破3881.40<=3888.02，空仓进场
[2023.07.03 15:32:34 - info ] 向上突破3888.60>=3886.14，空仓出场
[2023.07.03 15:32:34 - info ] 向下突破3883.40<=3885.26，空仓进场
[2023.07.03 15:32:34 - info ] 向上突破3889.20>=3886.74，空仓出场
[2023.07.03 15:32:34 - info ] 向下突破3879.60<=3881.70，空仓进场
[2023.07.03 15:32:34 - info ] 向上突破3884.20>=3884.16，空仓出场
[2023.07.03 15:32:34 - info ] 向下突破3879.60<=3882.24，空仓进场
[2023.07.03 15:32:34 - info ] 向上突破3889.60>=3881.50，空仓出场
[2023.07.03 15:32:34 - info ] 向下突破3885.20<=3886.50，空仓进场
[2023.07.03 15:32:34 - info ] 向上突破3878.80>=3877.42，空仓出场
[2023.07.03 15:32:34 - info ] 向下突破3883.00<=3883.04，空仓进场
[2023.07.03 15:32:34 - info ] 向上突破3886.80>=3885.16，空仓出场
[2023.07.03 15:32:34 - info ] 向下突破3874.40<=3881.04，空仓进场
[2023.07.03 15:32:34 - info ] 向上突破3876.00>=3874.76，空仓出场
[2023.07.03 15:32:34 - info ] 向下突破3860.20<=3868.08，空仓进场
[2023.07.03 15:32:34 - info ] 向上突破3856.00>=3855.78，空仓出场
[2023.07.03 15:32:34 - info ] 向下突破3854.20<=3857.94，空仓进场
[2023.07.03 15:32:34 - info ] 向上突破3859.00>=3858.26，空仓出场
[2023.07.03 15:32:34 - info ] 向下突破3849.40<=3853.00，空仓进场
[2023.07.03 15:32:34 - info ] 向上突破3852.80>=3850.48，空仓出场
[2023.07.03 15:32:34 - info ] 向下突破3841.80<=3846.56，空仓进场
[2023.07.03 15:32:34 - info ] 向上突破3851.60>=3845.62，空仓出场
[2023.07.03 15:32:34 - info ] 向下突破3846.20<=3847.42，空仓进场
[2023.07.03 15:32:34 - info ] 向上突破3848.20>=3847.22，空仓出场
[2023.07.03 15:32:34 - info ] 向下突破3846.20<=3846.28，空仓进场
[2023.07.03 15:32:34 - info ] 向上突破3851.60>=3847.32，空仓出场
[2023.07.03 15:32:34 - info ] 向下突破3847.20<=3847.88，空仓进场
[2023.07.03 15:32:34 - info ] 向上突破3857.60>=3854.12，空仓出场
[2023.07.03 15:32:34 - info ] 向下突破3853.40<=3853.40，空仓进场
[2023.07.03 15:32:34 - info ] 向上突破3859.00>=3858.50，空仓出场
[2023.07.03 15:32:34 - info ] 向下突破3852.40<=3855.30，空仓进场
[2023.07.03 15:32:34 - info ] 向上突破3858.60>=3857.70，空仓出场
[2023.07.03 15:32:34 - info ] 向下突破3851.20<=3855.30，空仓进场
[2023.07.03 15:32:34 - info ] 向上突破3854.60>=3853.14，空仓出场
[2023.07.03 15:32:34 - info ] 向下突破3857.20<=3859.16，空仓进场
[2023.07.03 15:32:34 - info ] 向上突破3861.60>=3859.12，空仓出场
[2023.07.03 15:32:34 - info ] 向下突破3855.80<=3856.28，空仓进场
[2023.07.03 15:32:34 - info ] 向上突破3855.40>=3853.52，空仓出场
[2023.07.03 15:32:34 - info ] 向下突破3853.60<=3853.68，空仓进场
[2023.07.03 15:32:34 - info ] 向上突破3854.40>=3851.52，空仓出场
[2023.07.03 15:32:34 - info ] 向下突破3845.60<=3851.00，空仓进场
[2023.07.03 15:32:34 - info ] 向上突破3851.60>=3849.84，空仓出场
[2023.07.03 15:32:34 - info ] 向下突破3846.00<=3846.70，空仓进场
[2023.07.03 15:32:34 - info ] 向上突破3848.80>=3848.70，空仓出场
[2023.07.03 15:32:34 - info ] 向下突破3837.00<=3841.98，空仓进场
[2023.07.03 15:32:34 - info ] 向上突破3841.40>=3840.88，空仓出场
[2023.07.03 15:32:34 - info ] 向下突破3831.80<=3837.72，空仓进场
[2023.07.03 15:32:34 - info ] 向上突破3840.00>=3837.40，空仓出场
[2023.07.03 15:32:34 - info ] 向下突破3844.00<=3846.76，空仓进场
[2023.07.03 15:32:34 - info ] 向上突破3839.00>=3837.44，空仓出场
[2023.07.03 15:32:34 - info ] 向下突破3831.20<=3831.24，空仓进场
[2023.07.03 15:32:34 - info ] 向上突破3837.60>=3832.16，空仓出场
[2023.07.03 15:32:34 - info ] 向下突破3820.20<=3833.84，空仓进场
[2023.07.03 15:32:34 - info ] 向上突破3826.60>=3823.76，空仓出场
[2023.07.03 15:32:34 - info ] 向下突破3792.60<=3797.96，空仓进场
[2023.07.03 15:32:34 - info ] 向上突破3821.20>=3817.38，空仓出场
[2023.07.03 15:32:34 - info ] 向下突破3836.20<=3839.44，空仓进场
[2023.07.03 15:32:34 - info ] 向上突破3840.40>=3838.74，空仓出场
[2023.07.03 15:32:34 - info ] 向下突破3834.20<=3836.66，空仓进场
[2023.07.03 15:32:34 - info ] 向上突破3805.60>=3804.54，空仓出场
[2023.07.03 15:32:34 - info ] 向下突破3827.80<=3829.50，空仓进场
[2023.07.03 15:32:34 - info ] 向上突破3830.60>=3828.90，空仓出场
[2023.07.03 15:32:34 - info ] 向下突破3832.80<=3833.50，空仓进场
[2023.07.03 15:32:34 - info ] 向上突破3840.40>=3838.52，空仓出场
[2023.07.03 15:32:34 - info ] 向下突破3840.00<=3842.22，空仓进场
[2023.07.03 15:32:34 - info ] 向上突破3843.80>=3843.18，空仓出场
[2023.07.03 15:32:34 - info ] 向下突破3837.60<=3839.42，空仓进场
[2023.07.03 15:32:34 - info ] 向上突破3837.00>=3836.78，空仓出场
[2023.07.03 15:32:34 - info ] 向下突破3872.00<=3872.10，空仓进场
[2023.07.03 15:32:34 - info ] 向上突破3872.20>=3870.50，空仓出场
[2023.07.03 15:32:34 - info ] 向下突破3867.20<=3869.10，空仓进场
[2023.07.03 15:32:34 - info ] 向上突破3869.80>=3869.06，空仓出场
[2023.07.03 15:32:34 - info ] 向下突破3865.20<=3866.00，空仓进场
[2023.07.03 15:32:34 - info ] 向上突破3864.20>=3861.80，空仓出场
[2023.07.03 15:32:34 - info ] 向下突破3907.20<=3910.54，空仓进场
[2023.07.03 15:32:34 - info ] 向上突破3919.00>=3918.86，空仓出场
[2023.07.03 15:32:34 - info ] 向下突破3907.00<=3907.74，空仓进场
[2023.07.03 15:32:34 - info ] 向上突破3953.60>=3949.42，空仓出场
[2023.07.03 15:32:34 - info ] 向下突破3935.20<=3935.22，空仓进场
[2023.07.03 15:32:34 - info ] 向上突破3953.00>=3951.06，空仓出场
[2023.07.03 15:32:34 - info ] 向下突破3945.00<=3945.70，空仓进场
[2023.07.03 15:32:34 - info ] 向上突破3954.80>=3954.46，空仓出场
[2023.07.03 15:32:34 - info ] 向下突破3947.20<=3949.72，空仓进场
[2023.07.03 15:32:34 - info ] 向上突破3953.60>=3952.54，空仓出场
[2023.07.03 15:32:34 - info ] 向下突破3948.60<=3949.66，空仓进场
[2023.07.03 15:32:34 - info ] 向上突破3954.60>=3953.74，空仓出场
[2023.07.03 15:32:34 - info ] 向下突破3951.20<=3951.26，空仓进场
[2023.07.03 15:32:34 - info ] 向上突破3946.60>=3945.02，空仓出场
[2023.07.03 15:32:34 - info ] 向下突破3942.60<=3944.18，空仓进场
[2023.07.03 15:32:34 - info ] 向上突破3948.40>=3946.82，空仓出场
[2023.07.03 15:32:34 - info ] 向下突破3935.20<=3937.56，空仓进场
[2023.07.03 15:32:34 - info ] 向上突破3937.20>=3936.08，空仓出场
[2023.07.03 15:32:34 - info ] 向下突破3931.20<=3932.12，空仓进场
[2023.07.03 15:32:34 - info ] 向上突破3937.80>=3936.08，空仓出场
[2023.07.03 15:32:34 - info ] 向下突破3935.40<=3935.78，空仓进场
[2023.07.03 15:32:34 - info ] 向上突破3936.80>=3935.42，空仓出场
[2023.07.03 15:32:34 - info ] 向下突破3932.60<=3933.54，空仓进场
[2023.07.03 15:32:34 - info ] 向上突破3937.00>=3934.16，空仓出场
[2023.07.03 15:32:34 - info ] 向下突破3933.20<=3934.62，空仓进场
[2023.07.03 15:32:34 - info ] 向上突破3939.20>=3936.38，空仓出场
[2023.07.03 15:32:34 - info ] 向下突破3937.60<=3938.80，空仓进场
[2023.07.03 15:32:34 - info ] 向上突破3940.40>=3940.40，空仓出场
[2023.07.03 15:32:34 - info ] 向下突破3956.80<=3960.84，空仓进场
[2023.07.03 15:32:34 - info ] 向上突破3947.80>=3946.96，空仓出场
[2023.07.03 15:32:34 - info ] 向下突破3937.00<=3938.74，空仓进场
[2023.07.03 15:32:34 - info ] 向上突破3944.40>=3940.84，空仓出场
[2023.07.03 15:32:34 - info ] 向下突破3937.20<=3940.56，空仓进场
[2023.07.03 15:32:34 - info ] 向上突破3942.60>=3941.02，空仓出场
[2023.07.03 15:32:34 - info ] 向下突破3940.60<=3940.78，空仓进场
[2023.07.03 15:32:34 - info ] 向上突破3926.20>=3922.84，空仓出场
[2023.07.03 15:32:34 - info ] 向下突破3915.20<=3918.72，空仓进场
[2023.07.03 15:32:34 - info ] 向上突破3926.20>=3925.44，空仓出场
[2023.07.03 15:32:34 - info ] 向下突破3921.80<=3923.16，空仓进场
[2023.07.03 15:32:34 - info ] 向上突破3928.80>=3924.64，空仓出场
[2023.07.03 15:32:34 - info ] 向下突破3923.60<=3924.18，空仓进场
[2023.07.03 15:32:34 - info ] 向上突破3933.00>=3928.42，空仓出场
[2023.07.03 15:32:34 - info ] 向下突破3925.40<=3927.58，空仓进场
[2023.07.03 15:32:34 - info ] 向上突破3931.80>=3928.42，空仓出场
[2023.07.03 15:32:34 - info ] 向下突破3929.80<=3929.98，空仓进场
[2023.07.03 15:32:34 - info ] 向上突破3925.40>=3924.90，空仓出场
[2023.07.03 15:32:34 - info ] 向下突破3918.00<=3918.74，空仓进场
[2023.07.03 15:32:34 - info ] 向上突破3923.20>=3921.14，空仓出场
[2023.07.03 15:32:34 - info ] 向下突破3918.40<=3921.06，空仓进场
[2023.07.03 15:32:34 - info ] 向上突破3921.80>=3920.20，空仓出场
[2023.07.03 15:32:34 - info ] 向下突破3914.20<=3917.60，空仓进场
[2023.07.03 15:32:34 - info ] 向上突破3917.40>=3914.56，空仓出场
[2023.07.03 15:32:34 - info ] 向下突破3914.40<=3914.64，空仓进场
[2023.07.03 15:32:34 - info ] 向上突破3919.80>=3918.24，空仓出场
[2023.07.03 15:32:34 - info ] 向下突破3927.80<=3929.70，空仓进场
[2023.07.03 15:32:34 - info ] 向上突破3932.40>=3931.10，空仓出场
[2023.07.03 15:32:34 - info ] 向下突破3927.80<=3927.90，空仓进场
[2023.07.03 15:32:34 - info ] 向上突破3917.40>=3917.30，空仓出场
[2023.07.03 15:32:34 - info ] 向下突破3912.00<=3912.70，空仓进场
[2023.07.03 15:32:34 - info ] 向上突破3866.00>=3865.68，空仓出场
[2023.07.03 15:32:34 - info ] 向下突破3847.00<=3849.72，空仓进场
[2023.07.03 15:32:34 - info ] 向上突破3859.80>=3856.56，空仓出场
[2023.07.03 15:32:34 - info ] 向下突破3850.20<=3852.28，空仓进场
[2023.07.03 15:32:34 - info ] 向上突破3860.20>=3857.12，空仓出场
[2023.07.03 15:32:34 - info ] 向下突破3865.00<=3865.84，空仓进场
[2023.07.03 15:32:34 - info ] 向上突破3871.40>=3871.36，空仓出场
[2023.07.03 15:32:34 - info ] 向下突破3867.60<=3868.24，空仓进场
[2023.07.03 15:32:34 - info ] 向上突破3873.60>=3871.64，空仓出场
[2023.07.03 15:32:34 - info ] 向下突破3869.20<=3869.56，空仓进场
[2023.07.03 15:32:34 - info ] 向上突破3862.00>=3861.02，空仓出场
[2023.07.03 15:32:34 - info ] 向下突破3856.80<=3857.26，空仓进场
[2023.07.03 15:32:34 - info ] 向上突破3860.40>=3860.32，空仓出场
[2023.07.03 15:32:34 - info ] 向下突破3854.80<=3855.60，空仓进场
[2023.07.03 15:32:34 - info ] 向上突破3861.00>=3857.70，空仓出场
[2023.07.03 15:32:34 - info ] 向下突破3855.40<=3857.70，空仓进场
[2023.07.03 15:32:34 - info ] 向上突破3855.00>=3852.14，空仓出场
[2023.07.03 15:32:34 - info ] 向下突破3851.40<=3852.26，空仓进场
[2023.07.03 15:32:34 - info ] 向上突破3857.60>=3854.34，空仓出场
[2023.07.03 15:32:34 - info ] 向下突破3866.80<=3870.96，空仓进场
[2023.07.03 15:32:34 - info ] 向上突破3871.20>=3870.64，空仓出场
[2023.07.03 15:32:34 - info ] 向下突破3862.80<=3864.96，空仓进场
[2023.07.03 15:32:34 - info ] 向上突破3868.60>=3867.84，空仓出场
[2023.07.03 15:32:34 - info ] 向下突破3856.60<=3858.36，空仓进场
[2023.07.03 15:32:34 - info ] 向上突破3863.80>=3862.04，空仓出场
[2023.07.03 15:32:34 - info ] 向下突破3854.60<=3854.94，空仓进场
[2023.07.03 15:32:34 - info ] 向上突破3859.00>=3858.86，空仓出场
[2023.07.03 15:32:34 - info ] 向下突破3855.80<=3856.64，空仓进场
[2023.07.03 15:32:34 - info ] 向上突破3858.60>=3857.72，空仓出场
[2023.07.03 15:32:34 - info ] 向下突破3875.20<=3878.32，空仓进场
[2023.07.03 15:32:34 - info ] 向上突破3879.20>=3879.08，空仓出场
[2023.07.03 15:32:34 - info ] 向下突破3864.60<=3864.84，空仓进场
[2023.07.03 15:32:34 - info ] 向上突破3871.00>=3870.50，空仓出场
[2023.07.03 15:32:34 - info ] 向下突破3869.20<=3870.00，空仓进场
[2023.07.03 15:32:34 - info ] 向上突破3868.20>=3866.14，空仓出场
[2023.07.03 15:32:34 - info ] 向下突破3858.00<=3861.38，空仓进场
[2023.07.03 15:32:34 - info ] 向上突破3859.20>=3858.52，空仓出场
[2023.07.03 15:32:34 - info ] 向下突破3843.00<=3850.12，空仓进场
[2023.07.03 15:32:34 - info ] 向上突破3850.60>=3847.10，空仓出场
[2023.07.03 15:32:34 - info ] 向下突破3858.60<=3861.70，空仓进场
[2023.07.03 15:32:34 - info ] 向上突破3864.80>=3863.70，空仓出场
[2023.07.03 15:32:34 - info ] 向下突破3855.60<=3857.90，空仓进场
[2023.07.03 15:32:34 - info ] 向上突破3861.40>=3861.10，空仓出场
[2023.07.03 15:32:34 - info ] 向下突破3850.20<=3850.48，空仓进场
[2023.07.03 15:32:34 - info ] 向上突破3851.60>=3849.88，空仓出场
[2023.07.03 15:32:34 - info ] 向下突破3844.40<=3846.52，空仓进场
[2023.07.03 15:32:34 - info ] 向上突破3858.40>=3849.68，空仓出场
[2023.07.03 15:32:34 - info ] 向下突破3852.60<=3854.74，空仓进场
[2023.07.03 15:32:34 - info ] 向上突破3846.80>=3843.62，空仓出场
[2023.07.03 15:32:34 - info ] 向下突破3842.60<=3842.86，空仓进场
[2023.07.03 15:32:34 - info ] 向上突破3846.80>=3845.34，空仓出场
[2023.07.03 15:32:34 - info ] 向下突破3841.20<=3843.12，空仓进场
[2023.07.03 15:32:34 - info ] 向上突破3847.00>=3845.48，空仓出场
[2023.07.03 15:32:34 - info ] 向下突破3840.80<=3841.12，空仓进场
[2023.07.03 15:32:34 - info ] 向上突破3867.60>=3848.88，空仓出场
[2023.07.03 15:32:34 - info ] 向下突破3863.60<=3865.32，空仓进场
[2023.07.03 15:32:34 - info ] 向上突破3870.20>=3869.88，空仓出场
[2023.07.03 15:32:34 - info ] 向下突破3862.40<=3866.44，空仓进场
[2023.07.03 15:32:34 - info ] 向上突破3871.00>=3868.96，空仓出场
[2023.07.03 15:32:34 - info ] 向下突破3863.20<=3864.04，空仓进场
[2023.07.03 15:32:34 - info ] 向上突破3879.40>=3873.16，空仓出场
[2023.07.03 15:32:34 - info ] 向下突破3914.00<=3914.36，空仓进场
[2023.07.03 15:32:34 - info ] 向上突破3915.00>=3914.00，空仓出场
[2023.07.03 15:32:34 - info ] 向下突破3908.40<=3909.00，空仓进场
[2023.07.03 15:32:34 - info ] 向上突破3921.40>=3916.60，空仓出场
[2023.07.03 15:32:34 - info ] 向下突破3915.60<=3916.80，空仓进场
[2023.07.03 15:32:34 - info ] 向上突破3915.40>=3915.06，空仓出场
[2023.07.03 15:32:34 - info ] 向下突破3914.40<=3915.34，空仓进场
[2023.07.03 15:32:34 - info ] 向上突破3920.60>=3918.86，空仓出场
[2023.07.03 15:32:34 - info ] 向下突破3914.20<=3916.18，空仓进场
[2023.07.03 15:32:34 - info ] 向上突破3919.00>=3918.38，空仓出场
[2023.07.03 15:32:34 - info ] 向下突破3918.00<=3920.26，空仓进场
[2023.07.03 15:32:34 - info ] 向上突破3921.80>=3920.34，空仓出场
[2023.07.03 15:32:34 - info ] 向下突破3916.40<=3919.26，空仓进场
[2023.07.03 15:32:34 - info ] 向上突破3918.00>=3916.08，空仓出场
[2023.07.03 15:32:34 - info ] 向下突破3914.40<=3915.18，空仓进场
[2023.07.03 15:32:34 - info ] 向上突破3917.40>=3916.82，空仓出场
[2023.07.03 15:32:34 - info ] 向下突破3914.20<=3916.42，空仓进场
[2023.07.03 15:32:34 - info ] 向上突破3908.60>=3908.10，空仓出场
[2023.07.03 15:32:34 - info ] 向下突破3904.60<=3905.50，空仓进场
[2023.07.03 15:32:34 - info ] 向上突破3913.60>=3909.30，空仓出场
[2023.07.03 15:32:34 - info ] 向下突破3908.80<=3910.70，空仓进场
[2023.07.03 15:32:34 - info ] 向上突破3911.00>=3908.50，空仓出场
[2023.07.03 15:32:34 - info ] 向下突破3907.20<=3908.72，空仓进场
[2023.07.03 15:32:34 - info ] 向上突破3905.80>=3901.66，空仓出场
[2023.07.03 15:32:34 - info ] 向下突破3871.40<=3872.72，空仓进场
[2023.07.03 15:32:34 - info ] 向上突破3882.20>=3879.08，空仓出场
[2023.07.03 15:32:34 - info ] 向下突破3886.60<=3887.92，空仓进场
[2023.07.03 15:32:34 - info ] 向上突破3882.80>=3881.60，空仓出场
[2023.07.03 15:32:34 - info ] 向下突破3875.60<=3878.74，空仓进场
[2023.07.03 15:32:34 - info ] 向上突破3881.00>=3880.92，空仓出场
[2023.07.03 15:32:34 - info ] 向下突破3878.80<=3880.24，空仓进场
[2023.07.03 15:32:34 - info ] 向上突破3882.40>=3882.12，空仓出场
[2023.07.03 15:32:34 - info ] 向下突破3876.40<=3877.28，空仓进场
[2023.07.03 15:32:34 - info ] 向上突破3880.20>=3879.72，空仓出场
[2023.07.03 15:32:34 - info ] 向下突破3872.80<=3875.28，空仓进场
[2023.07.03 15:32:34 - info ] 向上突破3878.40>=3877.18，空仓出场
[2023.07.03 15:32:34 - info ] 向下突破3870.00<=3874.26，空仓进场
[2023.07.03 15:32:34 - info ] 向上突破3880.00>=3875.58，空仓出场
[2023.07.03 15:32:34 - info ] 向下突破3883.00<=3890.08，空仓进场
[2023.07.03 15:32:34 - info ] 向上突破3889.60>=3885.00，空仓出场
[2023.07.03 15:32:34 - info ] 向下突破3889.80<=3890.22，空仓进场
[2023.07.03 15:32:34 - info ] 向上突破3883.00>=3881.58，空仓出场
[2023.07.03 15:32:34 - info ] 向下突破3883.40<=3883.80，空仓进场
[2023.07.03 15:32:34 - info ] 向上突破3885.80>=3884.48，空仓出场
[2023.07.03 15:32:34 - info ] 向下突破3881.00<=3881.46，空仓进场
[2023.07.03 15:32:34 - info ] 向上突破3886.80>=3883.24，空仓出场
[2023.07.03 15:32:34 - info ] 向下突破3883.00<=3883.16，空仓进场
[2023.07.03 15:32:34 - info ] 向上突破3883.00>=3882.96，空仓出场
[2023.07.03 15:32:34 - info ] 向下突破3876.20<=3876.22，空仓进场
[2023.07.03 15:32:34 - info ] 向上突破3878.60>=3878.58，空仓出场
[2023.07.03 15:32:34 - info ] 向下突破3865.00<=3875.82，空仓进场
[2023.07.03 15:32:34 - info ] 向上突破3873.20>=3869.94，空仓出场
[2023.07.03 15:32:34 - info ] Strategy has been scheduled 1536 times, totally taking 165203 us, 107.554 us each time
[2023.07.03 15:32:34 - debug] Notify strategy the end of backtest
[2023.09.19 14:52:36 - debug] Calculating hook disabled
[2023.09.19 14:52:36 - info ] DualThrust inited
[2023.09.19 14:52:36 - info ] 向下突破3956.00<=3974.44，空仓进场
[2023.09.19 14:52:36 - info ] 向上突破3951.00>=3949.72，空仓出场
[2023.09.19 14:52:36 - info ] 向下突破3940.60<=3942.62，空仓进场
[2023.09.19 14:52:36 - info ] 向上突破3947.80>=3945.14，空仓出场
[2023.09.19 14:52:36 - info ] 向下突破3940.80<=3941.46，空仓进场
[2023.09.19 14:52:36 - info ] 向上突破3947.00>=3945.94，空仓出场
[2023.09.19 14:52:36 - info ] 向下突破3939.40<=3941.06，空仓进场
[2023.09.19 14:52:36 - info ] 向上突破3948.20>=3946.80，空仓出场
[2023.09.19 14:52:36 - info ] 向下突破3951.40<=3953.06，空仓进场
[2023.09.19 14:52:36 - info ] 向上突破3955.80>=3954.14，空仓出场
[2023.09.19 14:52:36 - info ] 向下突破3959.20<=3960.98，空仓进场
[2023.09.19 14:52:36 - info ] 向上突破3961.00>=3959.22，空仓出场
[2023.09.19 14:52:36 - info ] 向下突破3946.60<=3960.82，空仓进场
[2023.09.19 14:52:36 - info ] 向上突破3951.20>=3950.88，空仓出场
[2023.09.19 14:52:36 - info ] 向下突破3943.80<=3945.40，空仓进场
[2023.09.19 14:52:36 - info ] 向上突破3945.40>=3943.28，空仓出场
[2023.09.19 14:52:36 - info ] 向下突破3932.80<=3935.70，空仓进场
[2023.09.19 14:52:36 - info ] 向上突破3935.40>=3934.50，空仓出场
[2023.09.19 14:52:36 - info ] 向下突破3942.00<=3943.88，空仓进场
[2023.09.19 14:52:36 - info ] 向上突破3949.00>=3948.72，空仓出场
[2023.09.19 14:52:36 - info ] 向下突破3930.40<=3933.04，空仓进场
[2023.09.19 14:52:36 - info ] 向上突破3935.80>=3934.66，空仓出场
[2023.09.19 14:52:36 - info ] 向下突破3932.40<=3932.54，空仓进场
[2023.09.19 14:52:36 - info ] 向上突破3937.00>=3936.66，空仓出场
[2023.09.19 14:52:36 - info ] 向下突破3933.80<=3936.94，空仓进场
[2023.09.19 14:52:36 - info ] 向上突破3935.00>=3934.46，空仓出场
[2023.09.19 14:52:36 - info ] 向下突破3932.60<=3936.94，空仓进场
[2023.09.19 14:52:36 - info ] 向上突破3937.80>=3936.66，空仓出场
[2023.09.19 14:52:36 - info ] 向下突破3932.80<=3932.80，空仓进场
[2023.09.19 14:52:36 - info ] 向上突破3960.20>=3955.90，空仓出场
[2023.09.19 14:52:36 - info ] 向下突破3947.00<=3947.54，空仓进场
[2023.09.19 14:52:36 - info ] 向上突破3953.00>=3947.06，空仓出场
[2023.09.19 14:52:36 - info ] 向下突破3944.00<=3945.94，空仓进场
[2023.09.19 14:52:36 - info ] 向上突破3953.40>=3952.06，空仓出场
[2023.09.19 14:52:36 - info ] 向下突破3949.20<=3949.34，空仓进场
[2023.09.19 14:52:36 - info ] 向上突破3955.20>=3954.46，空仓出场
[2023.09.19 14:52:36 - info ] 向下突破3958.20<=3958.44，空仓进场
[2023.09.19 14:52:36 - info ] 向上突破3964.20>=3961.56，空仓出场
[2023.09.19 14:52:36 - info ] 向下突破3960.60<=3960.64，空仓进场
[2023.09.19 14:52:36 - info ] 向上突破3965.60>=3963.16，空仓出场
[2023.09.19 14:52:36 - info ] 向下突破3976.00<=3976.50，空仓进场
[2023.09.19 14:52:36 - info ] 向上突破3959.40>=3957.48，空仓出场
[2023.09.19 14:52:36 - info ] 向下突破3961.60<=3964.14，空仓进场
[2023.09.19 14:52:36 - info ] 向上突破3961.00>=3959.26，空仓出场
[2023.09.19 14:52:36 - info ] 向下突破3958.00<=3958.44，空仓进场
[2023.09.19 14:52:36 - info ] 向上突破3963.40>=3961.66，空仓出场
[2023.09.19 14:52:36 - info ] 向下突破3962.00<=3962.86，空仓进场
[2023.09.19 14:52:36 - info ] 向上突破3965.00>=3963.78，空仓出场
[2023.09.19 14:52:36 - info ] 向下突破3944.20<=3950.54，空仓进场
[2023.09.19 14:52:36 - info ] 向上突破3948.00>=3947.90，空仓出场
[2023.09.19 14:52:36 - info ] 向下突破3926.40<=3929.84，空仓进场
[2023.09.19 14:52:36 - info ] 向上突破3932.40>=3930.32，空仓出场
[2023.09.19 14:52:36 - info ] 向下突破3927.60<=3928.56，空仓进场
[2023.09.19 14:52:36 - info ] 向上突破3936.80>=3935.40，空仓出场
[2023.09.19 14:52:36 - info ] 向下突破3931.40<=3933.00，空仓进场
[2023.09.19 14:52:36 - info ] 向上突破3915.80>=3915.12，空仓出场
[2023.09.19 14:52:36 - info ] 向下突破3906.20<=3912.64，空仓进场
[2023.09.19 14:52:36 - info ] 向上突破3906.00>=3905.76，空仓出场
[2023.09.19 14:52:36 - info ] 向下突破3890.60<=3898.34，空仓进场
[2023.09.19 14:52:36 - info ] 向上突破3902.20>=3900.20，空仓出场
[2023.09.19 14:52:36 - info ] 向下突破3890.60<=3893.60，空仓进场
[2023.09.19 14:52:36 - info ] 向上突破3888.60>=3884.86，空仓出场
[2023.09.19 14:52:36 - info ] 向下突破3903.00<=3906.80，空仓进场
[2023.09.19 14:52:36 - info ] 向上突破3906.80>=3906.52，空仓出场
[2023.09.19 14:52:36 - info ] 向下突破3905.20<=3910.94，空仓进场
[2023.09.19 14:52:36 - info ] 向上突破3912.40>=3912.06，空仓出场
[2023.09.19 14:52:36 - info ] 向下突破3895.20<=3902.94，空仓进场
[2023.09.19 14:52:36 - info ] 向上突破3898.40>=3897.96，空仓出场
[2023.09.19 14:52:36 - info ] 向下突破3901.00<=3903.52，空仓进场
[2023.09.19 14:52:36 - info ] 向上突破3903.00>=3902.76，空仓出场
[2023.09.19 14:52:36 - info ] 向下突破3908.00<=3911.66，空仓进场
[2023.09.19 14:52:36 - info ] 向上突破3918.60>=3911.34，空仓出场
[2023.09.19 14:52:36 - info ] 向下突破3919.00<=3923.04，空仓进场
[2023.09.19 14:52:36 - info ] 向上突破3925.40>=3925.36，空仓出场
[2023.09.19 14:52:36 - info ] 向下突破3923.40<=3923.64，空仓进场
[2023.09.19 14:52:36 - info ] 向上突破3929.00>=3928.58，空仓出场
[2023.09.19 14:52:36 - info ] 向下突破3919.20<=3919.48，空仓进场
[2023.09.19 14:52:36 - info ] 向上突破3927.60>=3925.12，空仓出场
[2023.09.19 14:52:36 - info ] 向下突破3924.00<=3927.84，空仓进场
[2023.09.19 14:52:36 - info ] 向上突破3925.40>=3923.56，空仓出场
[2023.09.19 14:52:36 - info ] 向下突破3922.60<=3923.24，空仓进场
[2023.09.19 14:52:36 - info ] 向上突破3925.40>=3925.36，空仓出场
[2023.09.19 14:52:36 - info ] 向下突破3924.40<=3924.84，空仓进场
[2023.09.19 14:52:36 - info ] 向上突破3928.80>=3928.16，空仓出场
[2023.09.19 14:52:36 - info ] 向下突破3886.00<=3910.44，空仓进场
[2023.09.19 14:52:36 - info ] 向上突破3872.40>=3870.56，空仓出场
[2023.09.19 14:52:36 - info ] 向下突破3869.40<=3869.80，空仓进场
[2023.09.19 14:52:36 - info ] 向上突破3875.20>=3871.20，空仓出场
[2023.09.19 14:52:36 - info ] 向下突破3872.00<=3873.60，空仓进场
[2023.09.19 14:52:36 - info ] 向上突破3874.80>=3874.60，空仓出场
[2023.09.19 14:52:36 - info ] 向下突破3892.80<=3894.80，空仓进场
[2023.09.19 14:52:36 - info ] 向上突破3905.00>=3905.00，空仓出场
[2023.09.19 14:52:36 - info ] 向下突破3891.40<=3892.58，空仓进场
[2023.09.19 14:52:36 - info ] 向上突破3896.60>=3895.22，空仓出场
[2023.09.19 14:52:36 - info ] 向下突破3890.00<=3890.78，空仓进场
[2023.09.19 14:52:36 - info ] 向上突破3895.80>=3893.62，空仓出场
[2023.09.19 14:52:36 - info ] 向下突破3917.80<=3922.36，空仓进场
[2023.09.19 14:52:36 - info ] 向上突破3922.80>=3921.26，空仓出场
[2023.09.19 14:52:36 - info ] 向下突破3914.00<=3914.80，空仓进场
[2023.09.19 14:52:36 - info ] 向上突破3902.40>=3902.32，空仓出场
[2023.09.19 14:52:36 - info ] 向下突破3890.80<=3893.68，空仓进场
[2023.09.19 14:52:36 - info ] 向上突破3900.00>=3898.04，空仓出场
[2023.09.19 14:52:36 - info ] 向下突破3893.20<=3894.16，空仓进场
[2023.09.19 14:52:36 - info ] 向上突破3882.00>=3879.46，空仓出场
[2023.09.19 14:52:36 - info ] 向下突破3881.20<=3883.16，空仓进场
[2023.09.19 14:52:36 - info ] 向上突破3892.00>=3889.28，空仓出场
[2023.09.19 14:52:36 - info ] 向下突破3886.80<=3888.30，空仓进场
[2023.09.19 14:52:36 - info ] 向上突破3891.40>=3890.78，空仓出场
[2023.09.19 14:52:36 - info ] 向下突破3881.40<=3888.02，空仓进场
[2023.09.19 14:52:36 - info ] 向上突破3888.60>=3886.14，空仓出场
[2023.09.19 14:52:36 - info ] 向下突破3883.40<=3885.26，空仓进场
[2023.09.19 14:52:36 - info ] 向上突破3889.20>=3886.74，空仓出场
[2023.09.19 14:52:36 - info ] 向下突破3879.60<=3881.70，空仓进场
[2023.09.19 14:52:36 - info ] 向上突破3884.20>=3884.16，空仓出场
[2023.09.19 14:52:36 - info ] 向下突破3879.60<=3882.24，空仓进场
[2023.09.19 14:52:36 - info ] 向上突破3889.60>=3881.50，空仓出场
[2023.09.19 14:52:36 - info ] 向下突破3885.20<=3886.50，空仓进场
[2023.09.19 14:52:36 - info ] 向上突破3878.80>=3877.42，空仓出场
[2023.09.19 14:52:36 - info ] 向下突破3883.00<=3883.04，空仓进场
[2023.09.19 14:52:36 - info ] 向上突破3886.80>=3885.16，空仓出场
[2023.09.19 14:52:36 - info ] 向下突破3874.40<=3881.04，空仓进场
[2023.09.19 14:52:36 - info ] 向上突破3876.00>=3874.76，空仓出场
[2023.09.19 14:52:36 - info ] 向下突破3860.20<=3868.08，空仓进场
[2023.09.19 14:52:36 - info ] 向上突破3856.00>=3855.78，空仓出场
[2023.09.19 14:52:36 - info ] 向下突破3854.20<=3857.94，空仓进场
[2023.09.19 14:52:36 - info ] 向上突破3859.00>=3858.26，空仓出场
[2023.09.19 14:52:36 - info ] 向下突破3849.40<=3853.00，空仓进场
[2023.09.19 14:52:36 - info ] 向上突破3852.80>=3850.48，空仓出场
[2023.09.19 14:52:36 - info ] 向下突破3841.80<=3846.56，空仓进场
[2023.09.19 14:52:36 - info ] 向上突破3851.60>=3845.62，空仓出场
[2023.09.19 14:52:36 - info ] 向下突破3846.20<=3847.42，空仓进场
[2023.09.19 14:52:36 - info ] 向上突破3848.20>=3847.22，空仓出场
[2023.09.19 14:52:36 - info ] 向下突破3846.20<=3846.28，空仓进场
[2023.09.19 14:52:36 - info ] 向上突破3851.60>=3847.32，空仓出场
[2023.09.19 14:52:36 - info ] 向下突破3847.20<=3847.88，空仓进场
[2023.09.19 14:52:36 - info ] 向上突破3857.60>=3854.12，空仓出场
[2023.09.19 14:52:36 - info ] 向下突破3853.40<=3853.40，空仓进场
[2023.09.19 14:52:36 - info ] 向上突破3859.00>=3858.50，空仓出场
[2023.09.19 14:52:36 - info ] 向下突破3852.40<=3855.30，空仓进场
[2023.09.19 14:52:36 - info ] 向上突破3858.60>=3857.70，空仓出场
[2023.09.19 14:52:36 - info ] 向下突破3851.20<=3855.30，空仓进场
[2023.09.19 14:52:36 - info ] 向上突破3854.60>=3853.14，空仓出场
[2023.09.19 14:52:36 - info ] 向下突破3857.20<=3859.16，空仓进场
[2023.09.19 14:52:36 - info ] 向上突破3861.60>=3859.12，空仓出场
[2023.09.19 14:52:36 - info ] 向下突破3855.80<=3856.28，空仓进场
[2023.09.19 14:52:36 - info ] 向上突破3855.40>=3853.52，空仓出场
[2023.09.19 14:52:36 - info ] 向下突破3853.60<=3853.68，空仓进场
[2023.09.19 14:52:36 - info ] 向上突破3854.40>=3851.52，空仓出场
[2023.09.19 14:52:36 - info ] 向下突破3845.60<=3851.00，空仓进场
[2023.09.19 14:52:36 - info ] 向上突破3851.60>=3849.84，空仓出场
[2023.09.19 14:52:36 - info ] 向下突破3846.00<=3846.70，空仓进场
[2023.09.19 14:52:36 - info ] 向上突破3848.80>=3848.70，空仓出场
[2023.09.19 14:52:36 - info ] 向下突破3837.00<=3841.98，空仓进场
[2023.09.19 14:52:36 - info ] 向上突破3841.40>=3840.88，空仓出场
[2023.09.19 14:52:36 - info ] 向下突破3831.80<=3837.72，空仓进场
[2023.09.19 14:52:36 - info ] 向上突破3840.00>=3837.40，空仓出场
[2023.09.19 14:52:36 - info ] 向下突破3844.00<=3846.76，空仓进场
[2023.09.19 14:52:36 - info ] 向上突破3839.00>=3837.44，空仓出场
[2023.09.19 14:52:36 - info ] 向下突破3831.20<=3831.24，空仓进场
[2023.09.19 14:52:36 - info ] 向上突破3837.60>=3832.16，空仓出场
[2023.09.19 14:52:36 - info ] 向下突破3820.20<=3833.84，空仓进场
[2023.09.19 14:52:36 - info ] 向上突破3826.60>=3823.76，空仓出场
[2023.09.19 14:52:36 - info ] 向下突破3792.60<=3797.96，空仓进场
[2023.09.19 14:52:36 - info ] 向上突破3821.20>=3817.38，空仓出场
[2023.09.19 14:52:36 - info ] 向下突破3836.20<=3839.44，空仓进场
[2023.09.19 14:52:36 - info ] 向上突破3840.40>=3838.74，空仓出场
[2023.09.19 14:52:36 - info ] 向下突破3834.20<=3836.66，空仓进场
[2023.09.19 14:52:36 - info ] 向上突破3805.60>=3804.54，空仓出场
[2023.09.19 14:52:36 - info ] 向下突破3827.80<=3829.50，空仓进场
[2023.09.19 14:52:36 - info ] 向上突破3830.60>=3828.90，空仓出场
[2023.09.19 14:52:36 - info ] 向下突破3832.80<=3833.50，空仓进场
[2023.09.19 14:52:36 - info ] 向上突破3840.40>=3838.52，空仓出场
[2023.09.19 14:52:36 - info ] 向下突破3840.00<=3842.22，空仓进场
[2023.09.19 14:52:36 - info ] 向上突破3843.80>=3843.18，空仓出场
[2023.09.19 14:52:36 - info ] 向下突破3837.60<=3839.42，空仓进场
[2023.09.19 14:52:36 - info ] 向上突破3837.00>=3836.78，空仓出场
[2023.09.19 14:52:36 - info ] 向下突破3872.00<=3872.10，空仓进场
[2023.09.19 14:52:36 - info ] 向上突破3872.20>=3870.50，空仓出场
[2023.09.19 14:52:36 - info ] 向下突破3867.20<=3869.10，空仓进场
[2023.09.19 14:52:36 - info ] 向上突破3869.80>=3869.06，空仓出场
[2023.09.19 14:52:36 - info ] 向下突破3865.20<=3866.00，空仓进场
[2023.09.19 14:52:36 - info ] 向上突破3864.20>=3861.80，空仓出场
[2023.09.19 14:52:36 - info ] 向下突破3907.20<=3910.54，空仓进场
[2023.09.19 14:52:36 - info ] 向上突破3919.00>=3918.86，空仓出场
[2023.09.19 14:52:36 - info ] 向下突破3907.00<=3907.74，空仓进场
[2023.09.19 14:52:36 - info ] 向上突破3953.60>=3949.42，空仓出场
[2023.09.19 14:52:36 - info ] 向下突破3935.20<=3935.22，空仓进场
[2023.09.19 14:52:36 - info ] 向上突破3953.00>=3951.06，空仓出场
[2023.09.19 14:52:36 - info ] 向下突破3945.00<=3945.70，空仓进场
[2023.09.19 14:52:36 - info ] 向上突破3954.80>=3954.46，空仓出场
[2023.09.19 14:52:36 - info ] 向下突破3947.20<=3949.72，空仓进场
[2023.09.19 14:52:36 - info ] 向上突破3953.60>=3952.54，空仓出场
[2023.09.19 14:52:36 - info ] 向下突破3948.60<=3949.66，空仓进场
[2023.09.19 14:52:36 - info ] 向上突破3954.60>=3953.74，空仓出场
[2023.09.19 14:52:36 - info ] 向下突破3951.20<=3951.26，空仓进场
[2023.09.19 14:52:36 - info ] 向上突破3946.60>=3945.02，空仓出场
[2023.09.19 14:52:36 - info ] 向下突破3942.60<=3944.18，空仓进场
[2023.09.19 14:52:36 - info ] 向上突破3948.40>=3946.82，空仓出场
[2023.09.19 14:52:36 - info ] 向下突破3935.20<=3937.56，空仓进场
[2023.09.19 14:52:36 - info ] 向上突破3937.20>=3936.08，空仓出场
[2023.09.19 14:52:36 - info ] 向下突破3931.20<=3932.12，空仓进场
[2023.09.19 14:52:36 - info ] 向上突破3937.80>=3936.08，空仓出场
[2023.09.19 14:52:36 - info ] 向下突破3935.40<=3935.78，空仓进场
[2023.09.19 14:52:36 - info ] 向上突破3936.80>=3935.42，空仓出场
[2023.09.19 14:52:36 - info ] 向下突破3932.60<=3933.54，空仓进场
[2023.09.19 14:52:36 - info ] 向上突破3937.00>=3934.16，空仓出场
[2023.09.19 14:52:36 - info ] 向下突破3933.20<=3934.62，空仓进场
[2023.09.19 14:52:36 - info ] 向上突破3939.20>=3936.38，空仓出场
[2023.09.19 14:52:36 - info ] 向下突破3937.60<=3938.80，空仓进场
[2023.09.19 14:52:36 - info ] 向上突破3940.40>=3940.40，空仓出场
[2023.09.19 14:52:36 - info ] 向下突破3956.80<=3960.84，空仓进场
[2023.09.19 14:52:36 - info ] 向上突破3947.80>=3946.96，空仓出场
[2023.09.19 14:52:36 - info ] 向下突破3937.00<=3938.74，空仓进场
[2023.09.19 14:52:36 - info ] 向上突破3944.40>=3940.84，空仓出场
[2023.09.19 14:52:36 - info ] 向下突破3937.20<=3940.56，空仓进场
[2023.09.19 14:52:36 - info ] 向上突破3942.60>=3941.02，空仓出场
[2023.09.19 14:52:36 - info ] 向下突破3940.60<=3940.78，空仓进场
[2023.09.19 14:52:36 - info ] 向上突破3926.20>=3922.84，空仓出场
[2023.09.19 14:52:36 - info ] 向下突破3915.20<=3918.72，空仓进场
[2023.09.19 14:52:36 - info ] 向上突破3926.20>=3925.44，空仓出场
[2023.09.19 14:52:36 - info ] 向下突破3921.80<=3923.16，空仓进场
[2023.09.19 14:52:36 - info ] 向上突破3928.80>=3924.64，空仓出场
[2023.09.19 14:52:36 - info ] 向下突破3923.60<=3924.18，空仓进场
[2023.09.19 14:52:36 - info ] 向上突破3933.00>=3928.42，空仓出场
[2023.09.19 14:52:36 - info ] 向下突破3925.40<=3927.58，空仓进场
[2023.09.19 14:52:36 - info ] 向上突破3931.80>=3928.42，空仓出场
[2023.09.19 14:52:36 - info ] 向下突破3929.80<=3929.98，空仓进场
[2023.09.19 14:52:36 - info ] 向上突破3925.40>=3924.90，空仓出场
[2023.09.19 14:52:36 - info ] 向下突破3918.00<=3918.74，空仓进场
[2023.09.19 14:52:36 - info ] 向上突破3923.20>=3921.14，空仓出场
[2023.09.19 14:52:36 - info ] 向下突破3918.40<=3921.06，空仓进场
[2023.09.19 14:52:36 - info ] 向上突破3921.80>=3920.20，空仓出场
[2023.09.19 14:52:36 - info ] 向下突破3914.20<=3917.60，空仓进场
[2023.09.19 14:52:36 - info ] 向上突破3917.40>=3914.56，空仓出场
[2023.09.19 14:52:36 - info ] 向下突破3914.40<=3914.64，空仓进场
[2023.09.19 14:52:36 - info ] 向上突破3919.80>=3918.24，空仓出场
[2023.09.19 14:52:36 - info ] 向下突破3927.80<=3929.70，空仓进场
[2023.09.19 14:52:36 - info ] 向上突破3932.40>=3931.10，空仓出场
[2023.09.19 14:52:36 - info ] 向下突破3927.80<=3927.90，空仓进场
[2023.09.19 14:52:36 - info ] 向上突破3917.40>=3917.30，空仓出场
[2023.09.19 14:52:36 - info ] 向下突破3912.00<=3912.70，空仓进场
[2023.09.19 14:52:36 - info ] 向上突破3866.00>=3865.68，空仓出场
[2023.09.19 14:52:36 - info ] 向下突破3847.00<=3849.72，空仓进场
[2023.09.19 14:52:36 - info ] 向上突破3859.80>=3856.56，空仓出场
[2023.09.19 14:52:36 - info ] 向下突破3850.20<=3852.28，空仓进场
[2023.09.19 14:52:36 - info ] 向上突破3860.20>=3857.12，空仓出场
[2023.09.19 14:52:36 - info ] 向下突破3865.00<=3865.84，空仓进场
[2023.09.19 14:52:36 - info ] 向上突破3871.40>=3871.36，空仓出场
[2023.09.19 14:52:36 - info ] 向下突破3867.60<=3868.24，空仓进场
[2023.09.19 14:52:36 - info ] 向上突破3873.60>=3871.64，空仓出场
[2023.09.19 14:52:36 - info ] 向下突破3869.20<=3869.56，空仓进场
[2023.09.19 14:52:36 - info ] 向上突破3862.00>=3861.02，空仓出场
[2023.09.19 14:52:36 - info ] 向下突破3856.80<=3857.26，空仓进场
[2023.09.19 14:52:36 - info ] 向上突破3860.40>=3860.32，空仓出场
[2023.09.19 14:52:36 - info ] 向下突破3854.80<=3855.60，空仓进场
[2023.09.19 14:52:36 - info ] 向上突破3861.00>=3857.70，空仓出场
[2023.09.19 14:52:36 - info ] 向下突破3855.40<=3857.70，空仓进场
[2023.09.19 14:52:36 - info ] 向上突破3855.00>=3852.14，空仓出场
[2023.09.19 14:52:36 - info ] 向下突破3851.40<=3852.26，空仓进场
[2023.09.19 14:52:36 - info ] 向上突破3857.60>=3854.34，空仓出场
[2023.09.19 14:52:36 - info ] 向下突破3866.80<=3870.96，空仓进场
[2023.09.19 14:52:36 - info ] 向上突破3871.20>=3870.64，空仓出场
[2023.09.19 14:52:36 - info ] 向下突破3862.80<=3864.96，空仓进场
[2023.09.19 14:52:36 - info ] 向上突破3868.60>=3867.84，空仓出场
[2023.09.19 14:52:36 - info ] 向下突破3856.60<=3858.36，空仓进场
[2023.09.19 14:52:36 - info ] 向上突破3863.80>=3862.04，空仓出场
[2023.09.19 14:52:36 - info ] 向下突破3854.60<=3854.94，空仓进场
[2023.09.19 14:52:36 - info ] 向上突破3859.00>=3858.86，空仓出场
[2023.09.19 14:52:36 - info ] 向下突破3855.80<=3856.64，空仓进场
[2023.09.19 14:52:36 - info ] 向上突破3858.60>=3857.72，空仓出场
[2023.09.19 14:52:36 - info ] 向下突破3875.20<=3878.32，空仓进场
[2023.09.19 14:52:36 - info ] 向上突破3879.20>=3879.08，空仓出场
[2023.09.19 14:52:36 - info ] 向下突破3864.60<=3864.84，空仓进场
[2023.09.19 14:52:36 - info ] 向上突破3871.00>=3870.50，空仓出场
[2023.09.19 14:52:36 - info ] 向下突破3869.20<=3870.00，空仓进场
[2023.09.19 14:52:36 - info ] 向上突破3868.20>=3866.14，空仓出场
[2023.09.19 14:52:36 - info ] 向下突破3858.00<=3861.38，空仓进场
[2023.09.19 14:52:36 - info ] 向上突破3859.20>=3858.52，空仓出场
[2023.09.19 14:52:36 - info ] 向下突破3843.00<=3850.12，空仓进场
[2023.09.19 14:52:36 - info ] 向上突破3850.60>=3847.10，空仓出场
[2023.09.19 14:52:36 - info ] 向下突破3858.60<=3861.70，空仓进场
[2023.09.19 14:52:36 - info ] 向上突破3864.80>=3863.70，空仓出场
[2023.09.19 14:52:36 - info ] 向下突破3855.60<=3857.90，空仓进场
[2023.09.19 14:52:36 - info ] 向上突破3861.40>=3861.10，空仓出场
[2023.09.19 14:52:36 - info ] 向下突破3850.20<=3850.48，空仓进场
[2023.09.19 14:52:36 - info ] 向上突破3851.60>=3849.88，空仓出场
[2023.09.19 14:52:36 - info ] 向下突破3844.40<=3846.52，空仓进场
[2023.09.19 14:52:36 - info ] 向上突破3858.40>=3849.68，空仓出场
[2023.09.19 14:52:36 - info ] 向下突破3852.60<=3854.74，空仓进场
[2023.09.19 14:52:36 - info ] 向上突破3846.80>=3843.62，空仓出场
[2023.09.19 14:52:36 - info ] 向下突破3842.60<=3842.86，空仓进场
[2023.09.19 14:52:36 - info ] 向上突破3846.80>=3845.34，空仓出场
[2023.09.19 14:52:36 - info ] 向下突破3841.20<=3843.12，空仓进场
[2023.09.19 14:52:36 - info ] 向上突破3847.00>=3845.48，空仓出场
[2023.09.19 14:52:36 - info ] 向下突破3840.80<=3841.12，空仓进场
[2023.09.19 14:52:36 - info ] 向上突破3867.60>=3848.88，空仓出场
[2023.09.19 14:52:36 - info ] 向下突破3863.60<=3865.32，空仓进场
[2023.09.19 14:52:36 - info ] 向上突破3870.20>=3869.88，空仓出场
[2023.09.19 14:52:36 - info ] 向下突破3862.40<=3866.44，空仓进场
[2023.09.19 14:52:36 - info ] 向上突破3871.00>=3868.96，空仓出场
[2023.09.19 14:52:36 - info ] 向下突破3863.20<=3864.04，空仓进场
[2023.09.19 14:52:36 - info ] 向上突破3879.40>=3873.16，空仓出场
[2023.09.19 14:52:36 - info ] 向下突破3914.00<=3914.36，空仓进场
[2023.09.19 14:52:36 - info ] 向上突破3915.00>=3914.00，空仓出场
[2023.09.19 14:52:36 - info ] 向下突破3908.40<=3909.00，空仓进场
[2023.09.19 14:52:36 - info ] 向上突破3921.40>=3916.60，空仓出场
[2023.09.19 14:52:36 - info ] 向下突破3915.60<=3916.80，空仓进场
[2023.09.19 14:52:36 - info ] 向上突破3915.40>=3915.06，空仓出场
[2023.09.19 14:52:36 - info ] 向下突破3914.40<=3915.34，空仓进场
[2023.09.19 14:52:36 - info ] 向上突破3920.60>=3918.86，空仓出场
[2023.09.19 14:52:36 - info ] 向下突破3914.20<=3916.18，空仓进场
[2023.09.19 14:52:36 - info ] 向上突破3919.00>=3918.38，空仓出场
[2023.09.19 14:52:36 - info ] 向下突破3918.00<=3920.26，空仓进场
[2023.09.19 14:52:36 - info ] 向上突破3921.80>=3920.34，空仓出场
[2023.09.19 14:52:36 - info ] 向下突破3916.40<=3919.26，空仓进场
[2023.09.19 14:52:36 - info ] 向上突破3918.00>=3916.08，空仓出场
[2023.09.19 14:52:36 - info ] 向下突破3914.40<=3915.18，空仓进场
[2023.09.19 14:52:36 - info ] 向上突破3917.40>=3916.82，空仓出场
[2023.09.19 14:52:36 - info ] 向下突破3914.20<=3916.42，空仓进场
[2023.09.19 14:52:36 - info ] 向上突破3908.60>=3908.10，空仓出场
[2023.09.19 14:52:36 - info ] 向下突破3904.60<=3905.50，空仓进场
[2023.09.19 14:52:36 - info ] 向上突破3913.60>=3909.30，空仓出场
[2023.09.19 14:52:36 - info ] 向下突破3908.80<=3910.70，空仓进场
[2023.09.19 14:52:36 - info ] 向上突破3911.00>=3908.50，空仓出场
[2023.09.19 14:52:36 - info ] 向下突破3907.20<=3908.72，空仓进场
[2023.09.19 14:52:36 - info ] 向上突破3905.80>=3901.66，空仓出场
[2023.09.19 14:52:36 - info ] 向下突破3871.40<=3872.72，空仓进场
[2023.09.19 14:52:36 - info ] 向上突破3882.20>=3879.08，空仓出场
[2023.09.19 14:52:36 - info ] 向下突破3886.60<=3887.92，空仓进场
[2023.09.19 14:52:36 - info ] 向上突破3882.80>=3881.60，空仓出场
[2023.09.19 14:52:36 - info ] 向下突破3875.60<=3878.74，空仓进场
[2023.09.19 14:52:36 - info ] 向上突破3881.00>=3880.92，空仓出场
[2023.09.19 14:52:36 - info ] 向下突破3878.80<=3880.24，空仓进场
[2023.09.19 14:52:36 - info ] 向上突破3882.40>=3882.12，空仓出场
[2023.09.19 14:52:36 - info ] 向下突破3876.40<=3877.28，空仓进场
[2023.09.19 14:52:36 - info ] 向上突破3880.20>=3879.72，空仓出场
[2023.09.19 14:52:36 - info ] 向下突破3872.80<=3875.28，空仓进场
[2023.09.19 14:52:36 - info ] 向上突破3878.40>=3877.18，空仓出场
[2023.09.19 14:52:36 - info ] 向下突破3870.00<=3874.26，空仓进场
[2023.09.19 14:52:36 - info ] 向上突破3880.00>=3875.58，空仓出场
[2023.09.19 14:52:36 - info ] 向下突破3883.00<=3890.08，空仓进场
[2023.09.19 14:52:36 - info ] 向上突破3889.60>=3885.00，空仓出场
[2023.09.19 14:52:36 - info ] 向下突破3889.80<=3890.22，空仓进场
[2023.09.19 14:52:36 - info ] 向上突破3883.00>=3881.58，空仓出场
[2023.09.19 14:52:36 - info ] 向下突破3883.40<=3883.80，空仓进场
[2023.09.19 14:52:36 - info ] 向上突破3885.80>=3884.48，空仓出场
[2023.09.19 14:52:36 - info ] 向下突破3881.00<=3881.46，空仓进场
[2023.09.19 14:52:36 - info ] 向上突破3886.80>=3883.24，空仓出场
[2023.09.19 14:52:36 - info ] 向下突破3883.00<=3883.16，空仓进场
[2023.09.19 14:52:36 - info ] 向上突破3883.00>=3882.96，空仓出场
[2023.09.19 14:52:36 - info ] 向下突破3876.20<=3876.22，空仓进场
[2023.09.19 14:52:36 - info ] 向上突破3878.60>=3878.58，空仓出场
[2023.09.19 14:52:36 - info ] 向下突破3865.00<=3875.82，空仓进场
[2023.09.19 14:52:36 - info ] 向上突破3873.20>=3869.94，空仓出场
[2023.09.19 14:52:36 - info ] Strategy has been scheduled 1536 times, totally taking 192789 us, 125.514 us each time
[2023.09.19 14:52:36 - debug] Notify strategy the end of backtest
