[2023.12.12 14:53:41 - info ] [parser] Parser module E:/miniconda3/envs/wtpy/lib/site-packages/wtpy/wrapper/x64/parsers/ParserCTP.dll loaded
[2023.12.12 14:53:41 - info ] [ParserCTP] Market data server connected
[2023.12.12 14:53:41 - error] [ParserCTP] Market data server disconnected: 0
[2023.12.12 14:53:41 - info ] [ParserCTP] Market data server connected
[2023.12.12 14:53:41 - error] [ParserCTP] Market data server disconnected: 0
[2023.12.12 14:53:41 - info ] [ParserCTP] Market data server connected
[2023.12.12 14:53:41 - error] [ParserCTP] Market data server disconnected: 0
[2023.12.12 14:53:41 - info ] [ParserCTP] Market data server connected
[2023.12.12 14:53:41 - error] [ParserCTP] Market data server disconnected: 0
[2023.12.12 14:53:41 - info ] [ParserCTP] Market data server connected
[2023.12.12 14:53:41 - error] [ParserCTP] Market data server disconnected: 0
[2023.12.12 14:53:41 - info ] [ParserCTP] Market data server connected
[2023.12.12 14:53:41 - error] [ParserCTP] Market data server disconnected: 0
[2023.12.12 14:53:41 - info ] [ParserCTP] Market data server connected
[2023.12.12 14:53:41 - error] [ParserCTP] Market data server disconnected: 0
[2023.12.12 14:53:41 - info ] [ParserCTP] Market data server connected
[2023.12.12 14:53:41 - error] [ParserCTP] Market data server disconnected: 0
[2023.12.12 14:53:41 - info ] [ParserCTP] Market data server connected
[2023.12.12 14:53:41 - error] [ParserCTP] Market data server disconnected: 0
[2023.12.12 14:53:41 - info ] [ParserCTP] Market data server connected
[2023.12.12 14:53:41 - error] [ParserCTP] Market data server disconnected: 0
[2023.12.12 14:53:41 - info ] [ParserCTP] Market data server connected
[2023.12.12 14:53:41 - error] [ParserCTP] Market data server disconnected: 0
[2023.12.12 14:53:41 - info ] [ParserCTP] Market data server connected
[2023.12.12 14:53:41 - error] [ParserCTP] Market data server disconnected: 0
[2023.12.12 14:53:41 - info ] [ParserCTP] Market data server connected
[2023.12.12 14:53:41 - error] [ParserCTP] Market data server disconnected: 0
[2023.12.12 14:53:41 - info ] [ParserCTP] Market data server connected
[2023.12.12 14:53:41 - error] [ParserCTP] Market data server disconnected: 0
[2023.12.12 14:53:41 - info ] [ParserCTP] Market data server connected
[2023.12.12 14:53:41 - error] [ParserCTP] Market data server disconnected: 0
[2023.12.12 14:53:41 - info ] [ParserCTP] Market data server connected
[2023.12.12 14:53:41 - error] [ParserCTP] Market data server disconnected: 0
[2023.12.12 14:53:41 - info ] [ParserCTP] Market data server connected
[2023.12.12 14:53:41 - error] [ParserCTP] Market data server disconnected: 0
[2023.12.12 14:53:41 - info ] [ParserCTP] Market data server connected
[2023.12.12 14:53:41 - error] [ParserCTP] Market data server disconnected: 0
[2023.12.12 14:53:41 - info ] [ParserCTP] Market data server connected
[2023.12.12 14:53:41 - error] [ParserCTP] Market data server disconnected: 0
[2023.12.12 14:53:41 - info ] [ParserCTP] Market data server connected
[2023.12.12 14:53:41 - error] [ParserCTP] Market data server disconnected: 0
[2023.12.12 14:53:41 - info ] [ParserCTP] Market data server connected
[2023.12.12 14:53:41 - error] [ParserCTP] Market data server disconnected: 0
[2023.12.12 14:53:41 - info ] [ParserCTP] Market data server connected
[2023.12.12 14:53:41 - error] [ParserCTP] Market data server disconnected: 0
[2023.12.12 14:53:41 - info ] [ParserCTP] Market data server connected
[2023.12.12 14:53:41 - error] [ParserCTP] Market data server disconnected: 0
[2023.12.12 14:53:41 - info ] [ParserCTP] Market data server connected
[2023.12.12 14:53:41 - error] [ParserCTP] Market data server disconnected: 0
[2023.12.12 14:53:41 - info ] [ParserCTP] Market data server connected
[2023.12.12 14:53:41 - error] [ParserCTP] Market data server disconnected: 0
[2023.12.12 14:53:41 - info ] [ParserCTP] Market data server connected
[2023.12.12 14:53:41 - error] [ParserCTP] Market data server disconnected: 0
[2023.12.12 14:53:41 - info ] [ParserCTP] Market data server connected
[2023.12.12 14:53:41 - error] [ParserCTP] Market data server disconnected: 0
[2023.12.12 14:53:41 - info ] [ParserCTP] Market data server connected
[2023.12.12 14:53:41 - error] [ParserCTP] Market data server disconnected: 0
[2023.12.12 14:53:41 - info ] [ParserCTP] Market data server connected
[2023.12.12 14:53:41 - error] [ParserCTP] Market data server disconnected: 0
[2023.12.12 14:53:41 - info ] [ParserCTP] Market data server connected
[2023.12.12 14:53:41 - error] [ParserCTP] Market data server disconnected: 0
[2023.12.12 14:53:41 - info ] [ParserCTP] Market data server connected
[2023.12.12 14:53:41 - error] [ParserCTP] Market data server disconnected: 0
[2023.12.12 14:53:41 - info ] [ParserCTP] Market data server connected
[2023.12.12 14:53:41 - error] [ParserCTP] Market data server disconnected: 0
[2023.12.12 14:53:41 - info ] [ParserCTP] Market data server connected
[2023.12.12 14:53:41 - error] [ParserCTP] Market data server disconnected: 0
[2023.12.12 14:53:41 - info ] [ParserCTP] Market data server connected
[2023.12.12 14:53:41 - error] [ParserCTP] Market data server disconnected: 0
[2023.12.12 14:53:41 - info ] [ParserCTP] Market data server connected
[2023.12.12 14:53:41 - error] [ParserCTP] Market data server disconnected: 0
[2023.12.12 14:53:41 - info ] [ParserCTP] Market data server connected
[2023.12.12 14:53:41 - error] [ParserCTP] Market data server disconnected: 0
[2023.12.12 14:53:41 - info ] [ParserCTP] Market data server connected
[2023.12.12 14:53:41 - error] [ParserCTP] Market data server disconnected: 0
[2023.12.12 14:53:41 - info ] [ParserCTP] Market data server connected
[2023.12.12 14:53:41 - error] [ParserCTP] Market data server disconnected: 0
[2023.12.12 14:53:41 - info ] [ParserCTP] Market data server connected
[2023.12.12 14:53:41 - error] [ParserCTP] Market data server disconnected: 0
[2023.12.12 14:53:41 - info ] [ParserCTP] Market data server connected
[2023.12.12 14:53:41 - error] [ParserCTP] Market data server disconnected: 0
[2023.12.12 14:53:41 - info ] [ParserCTP] Market data server connected
[2023.12.12 14:53:41 - error] [ParserCTP] Market data server disconnected: 0
[2023.12.12 14:53:41 - info ] [ParserCTP] Market data server connected
[2023.12.12 14:53:41 - error] [ParserCTP] Market data server disconnected: 0
[2023.12.12 14:53:41 - info ] [ParserCTP] Market data server connected
[2023.12.12 14:53:41 - error] [ParserCTP] Market data server disconnected: 0
[2023.12.12 14:53:41 - info ] [ParserCTP] Market data server connected
[2023.12.12 14:53:41 - error] [ParserCTP] Market data server disconnected: 0
[2023.12.12 14:53:41 - info ] [ParserCTP] Market data server connected
[2023.12.12 14:53:41 - error] [ParserCTP] Market data server disconnected: 0
[2023.12.12 14:53:41 - info ] [ParserCTP] Market data server connected
[2023.12.12 14:53:41 - error] [ParserCTP] Market data server disconnected: 0
[2023.12.12 14:53:41 - info ] [ParserCTP] Market data server connected
[2023.12.12 14:53:41 - error] [ParserCTP] Market data server disconnected: 0
[2023.12.12 14:53:41 - info ] [ParserCTP] Market data server connected
[2023.12.12 14:53:41 - error] [ParserCTP] Market data server disconnected: 0
[2023.12.12 14:53:41 - info ] [ParserCTP] Market data server connected
[2023.12.12 14:53:41 - error] [ParserCTP] Market data server disconnected: 0
[2023.12.12 14:53:41 - info ] [ParserCTP] Market data server connected
[2023.12.12 14:53:41 - error] [ParserCTP] Market data server disconnected: 0
[2023.12.12 14:53:41 - info ] [ParserCTP] Market data server connected
[2023.12.12 14:53:41 - error] [ParserCTP] Market data server disconnected: 0
[2023.12.12 14:53:41 - info ] [ParserCTP] Market data server connected
[2023.12.12 14:53:41 - error] [ParserCTP] Market data server disconnected: 0
[2023.12.12 14:53:41 - info ] [ParserCTP] Market data server connected
[2023.12.12 14:53:41 - error] [ParserCTP] Market data server disconnected: 0
[2023.12.12 14:53:41 - info ] [ParserCTP] Market data server connected
[2023.12.12 14:53:41 - error] [ParserCTP] Market data server disconnected: 0
[2023.12.12 14:53:41 - info ] [ParserCTP] Market data server connected
[2023.12.12 14:53:41 - error] [ParserCTP] Market data server disconnected: 0
[2023.12.12 14:53:41 - info ] [ParserCTP] Market data server connected
[2023.12.12 14:53:41 - error] [ParserCTP] Market data server disconnected: 0
[2023.12.12 14:53:41 - info ] [ParserCTP] Market data server connected
[2023.12.12 14:53:41 - error] [ParserCTP] Market data server disconnected: 0
[2023.12.12 14:53:41 - info ] [ParserCTP] Market data server connected
[2023.12.12 14:53:41 - error] [ParserCTP] Market data server disconnected: 0
[2023.12.12 14:53:42 - info ] [ParserCTP] Market data server connected
[2023.12.12 14:53:42 - error] [ParserCTP] Market data server disconnected: 0
[2023.12.12 14:53:42 - info ] [ParserCTP] Market data server connected
[2023.12.12 14:53:42 - error] [ParserCTP] Market data server disconnected: 0
[2023.12.12 14:53:42 - info ] [ParserCTP] Market data server connected
[2023.12.12 14:53:42 - error] [ParserCTP] Market data server disconnected: 0
[2023.12.12 14:53:42 - info ] [ParserCTP] Market data server connected
[2023.12.12 14:53:42 - error] [ParserCTP] Market data server disconnected: 0
[2023.12.12 14:53:42 - info ] [ParserCTP] Market data server connected
[2023.12.12 14:53:42 - error] [ParserCTP] Market data server disconnected: 0
[2023.12.12 14:53:42 - info ] [ParserCTP] Market data server connected
[2023.12.12 14:53:42 - error] [ParserCTP] Market data server disconnected: 0
[2023.12.12 14:53:42 - info ] [ParserCTP] Market data server connected
[2023.12.12 14:53:42 - error] [ParserCTP] Market data server disconnected: 0
[2023.12.12 14:53:42 - info ] [ParserCTP] Market data server connected
[2023.12.12 14:53:42 - error] [ParserCTP] Market data server disconnected: 0
[2023.12.12 14:53:42 - info ] [ParserCTP] Market data server connected
[2023.12.12 14:53:42 - error] [ParserCTP] Market data server disconnected: 0
[2023.12.12 14:53:42 - info ] [ParserCTP] Market data server connected
[2023.12.12 14:53:42 - error] [ParserCTP] Market data server disconnected: 0
[2023.12.12 14:53:42 - info ] [ParserCTP] Market data server connected
[2023.12.12 14:53:42 - error] [ParserCTP] Market data server disconnected: 0
[2023.12.12 14:53:42 - info ] [ParserCTP] Market data server connected
[2023.12.12 14:53:42 - error] [ParserCTP] Market data server disconnected: 0
[2023.12.12 14:53:42 - info ] [ParserCTP] Market data server connected
[2023.12.12 14:53:42 - error] [ParserCTP] Market data server disconnected: 0
[2023.12.12 14:53:42 - info ] [ParserCTP] Market data server connected
[2023.12.12 14:53:42 - error] [ParserCTP] Market data server disconnected: 0
[2023.12.12 14:53:42 - info ] [ParserCTP] Market data server connected
[2023.12.12 14:53:42 - error] [ParserCTP] Market data server disconnected: 0
[2023.12.12 14:53:42 - info ] [ParserCTP] Market data server connected
[2023.12.12 14:53:42 - error] [ParserCTP] Market data server disconnected: 0
[2023.12.12 14:53:42 - info ] [ParserCTP] Market data server connected
[2023.12.12 14:53:42 - error] [ParserCTP] Market data server disconnected: 0
[2023.12.12 14:53:42 - info ] [ParserCTP] Market data server connected
[2023.12.12 14:53:42 - error] [ParserCTP] Market data server disconnected: 0
[2023.12.12 14:53:42 - info ] [ParserCTP] Market data server connected
[2023.12.12 14:53:42 - error] [ParserCTP] Market data server disconnected: 0
[2023.12.12 14:53:42 - info ] [ParserCTP] Market data server connected
[2023.12.12 14:53:42 - error] [ParserCTP] Market data server disconnected: 0
[2023.12.12 14:53:42 - info ] [ParserCTP] Market data server connected
[2023.12.12 14:53:42 - error] [ParserCTP] Market data server disconnected: 0
[2023.12.12 14:53:42 - info ] [ParserCTP] Market data server connected
[2023.12.12 14:53:42 - error] [ParserCTP] Market data server disconnected: 0
[2023.12.12 14:53:42 - info ] [ParserCTP] Market data server connected
[2023.12.12 14:53:42 - error] [ParserCTP] Market data server disconnected: 0
[2023.12.12 14:53:42 - info ] [ParserCTP] Market data server connected
[2023.12.12 14:53:42 - error] [ParserCTP] Market data server disconnected: 0
[2023.12.12 14:53:42 - info ] [ParserCTP] Market data server connected
[2023.12.12 14:53:42 - error] [ParserCTP] Market data server disconnected: 0
[2023.12.12 14:53:42 - info ] [ParserCTP] Market data server connected
[2023.12.12 14:53:42 - error] [ParserCTP] Market data server disconnected: 0
[2023.12.12 14:53:42 - info ] [ParserCTP] Market data server connected
[2023.12.12 14:53:42 - error] [ParserCTP] Market data server disconnected: 0
[2023.12.12 14:53:42 - info ] [ParserCTP] Market data server connected
[2023.12.12 14:53:42 - error] [ParserCTP] Market data server disconnected: 0
[2023.12.12 14:53:42 - info ] [ParserCTP] Market data server connected
[2023.12.12 14:53:42 - error] [ParserCTP] Market data server disconnected: 0
[2023.12.12 14:53:42 - info ] [ParserCTP] Market data server connected
[2023.12.12 14:53:42 - error] [ParserCTP] Market data server disconnected: 0
[2023.12.12 14:53:42 - info ] [ParserCTP] Market data server connected
[2023.12.12 14:53:42 - error] [ParserCTP] Market data server disconnected: 0
[2023.12.12 14:53:42 - info ] [ParserCTP] Market data server connected
[2023.12.12 14:53:42 - error] [ParserCTP] Market data server disconnected: 0
[2023.12.12 14:53:42 - info ] [ParserCTP] Market data server connected
[2023.12.12 14:53:42 - error] [ParserCTP] Market data server disconnected: 0
[2023.12.12 14:53:42 - info ] [ParserCTP] Market data server connected
[2023.12.12 14:53:42 - error] [ParserCTP] Market data server disconnected: 0
[2023.12.12 14:53:42 - info ] [ParserCTP] Market data server connected
[2023.12.12 14:53:42 - error] [ParserCTP] Market data server disconnected: 0
[2023.12.12 14:53:42 - info ] [ParserCTP] Market data server connected
[2023.12.12 14:53:42 - error] [ParserCTP] Market data server disconnected: 0
[2023.12.12 14:53:42 - info ] [ParserCTP] Market data server connected
[2023.12.12 14:53:42 - error] [ParserCTP] Market data server disconnected: 0
[2023.12.12 14:53:42 - info ] [ParserCTP] Market data server connected
[2023.12.12 14:53:42 - error] [ParserCTP] Market data server disconnected: 0
[2023.12.12 14:53:42 - info ] [ParserCTP] Market data server connected
[2023.12.12 14:53:42 - error] [ParserCTP] Market data server disconnected: 0
[2023.12.12 14:53:42 - info ] [ParserCTP] Market data server connected
[2023.12.12 14:53:42 - error] [ParserCTP] Market data server disconnected: 0
[2023.12.12 14:53:42 - info ] [ParserCTP] Market data server connected
[2023.12.12 14:53:42 - error] [ParserCTP] Market data server disconnected: 0
[2023.12.12 14:53:42 - info ] [ParserCTP] Market data server connected
[2023.12.12 14:53:42 - error] [ParserCTP] Market data server disconnected: 0
[2023.12.12 14:53:42 - info ] [ParserCTP] Market data server connected
[2023.12.12 14:53:42 - error] [ParserCTP] Market data server disconnected: 0
[2023.12.12 14:53:42 - info ] [ParserCTP] Market data server connected
[2023.12.12 14:53:42 - error] [ParserCTP] Market data server disconnected: 0
[2023.12.12 14:53:42 - info ] [ParserCTP] Market data server connected
[2023.12.12 14:53:42 - error] [ParserCTP] Market data server disconnected: 0
[2023.12.12 14:53:42 - info ] [ParserCTP] Market data server connected
[2023.12.12 14:53:42 - error] [ParserCTP] Market data server disconnected: 0
[2023.12.12 14:53:42 - info ] [ParserCTP] Market data server connected
[2023.12.12 14:53:42 - error] [ParserCTP] Market data server disconnected: 0
[2023.12.12 14:53:42 - info ] [ParserCTP] Market data server connected
[2023.12.12 14:53:42 - error] [ParserCTP] Market data server disconnected: 0
[2023.12.12 14:54:43 - info ] [parser] Parser module E:/miniconda3/envs/wtpy/lib/site-packages/wtpy/wrapper/x64/parsers/ParserCTP.dll loaded
[2023.12.12 14:54:43 - info ] [ParserCTP] Market data server connected
[2023.12.12 14:54:43 - error] [ParserCTP] Market data server disconnected: 0
[2023.12.12 14:54:43 - info ] [ParserCTP] Market data server connected
[2023.12.12 14:54:43 - error] [ParserCTP] Market data server disconnected: 0
[2023.12.12 14:54:43 - info ] [ParserCTP] Market data server connected
[2023.12.12 14:54:43 - error] [ParserCTP] Market data server disconnected: 0
[2023.12.12 14:54:43 - info ] [ParserCTP] Market data server connected
[2023.12.12 14:54:43 - error] [ParserCTP] Market data server disconnected: 0
[2023.12.12 14:54:43 - info ] [ParserCTP] Market data server connected
[2023.12.12 14:54:43 - error] [ParserCTP] Market data server disconnected: 0
[2023.12.12 14:54:43 - info ] [ParserCTP] Market data server connected
[2023.12.12 14:54:43 - error] [ParserCTP] Market data server disconnected: 0
[2023.12.12 14:54:43 - info ] [ParserCTP] Market data server connected
[2023.12.12 14:54:43 - error] [ParserCTP] Market data server disconnected: 0
[2023.12.12 14:54:43 - info ] [ParserCTP] Market data server connected
[2023.12.12 14:54:43 - error] [ParserCTP] Market data server disconnected: 0
[2023.12.12 14:54:43 - info ] [ParserCTP] Market data server connected
[2023.12.12 14:54:43 - error] [ParserCTP] Market data server disconnected: 0
[2023.12.12 14:54:43 - info ] [ParserCTP] Market data server connected
[2023.12.12 14:54:43 - error] [ParserCTP] Market data server disconnected: 0
[2023.12.12 14:54:43 - info ] [ParserCTP] Market data server connected
[2023.12.12 14:54:43 - error] [ParserCTP] Market data server disconnected: 0
[2023.12.12 14:54:43 - info ] [ParserCTP] Market data server connected
[2023.12.12 14:54:43 - error] [ParserCTP] Market data server disconnected: 0
[2023.12.12 14:54:43 - info ] [ParserCTP] Market data server connected
[2023.12.12 14:54:43 - error] [ParserCTP] Market data server disconnected: 0
[2023.12.12 14:54:43 - info ] [ParserCTP] Market data server connected
[2023.12.12 14:54:43 - error] [ParserCTP] Market data server disconnected: 0
[2023.12.12 14:54:43 - info ] [ParserCTP] Market data server connected
[2023.12.12 14:54:43 - error] [ParserCTP] Market data server disconnected: 0
[2023.12.12 14:54:43 - info ] [ParserCTP] Market data server connected
[2023.12.12 14:54:43 - error] [ParserCTP] Market data server disconnected: 0
[2023.12.12 14:54:43 - info ] [ParserCTP] Market data server connected
[2023.12.12 14:54:43 - error] [ParserCTP] Market data server disconnected: 0
[2023.12.12 14:54:43 - info ] [ParserCTP] Market data server connected
[2023.12.12 14:54:43 - error] [ParserCTP] Market data server disconnected: 0
[2023.12.12 14:54:43 - info ] [ParserCTP] Market data server connected
[2023.12.12 14:54:43 - error] [ParserCTP] Market data server disconnected: 0
[2023.12.12 14:54:43 - info ] [ParserCTP] Market data server connected
[2023.12.12 14:54:43 - error] [ParserCTP] Market data server disconnected: 0
[2023.12.12 14:54:43 - info ] [ParserCTP] Market data server connected
[2023.12.12 14:54:43 - error] [ParserCTP] Market data server disconnected: 0
[2023.12.12 14:54:43 - info ] [ParserCTP] Market data server connected
[2023.12.12 14:54:44 - error] [ParserCTP] Market data server disconnected: 0
[2023.12.12 14:54:44 - info ] [ParserCTP] Market data server connected
[2023.12.12 14:54:44 - error] [ParserCTP] Market data server disconnected: 0
[2023.12.12 14:54:44 - info ] [ParserCTP] Market data server connected
[2023.12.12 14:54:44 - error] [ParserCTP] Market data server disconnected: 0
[2023.12.12 14:54:44 - info ] [ParserCTP] Market data server connected
[2023.12.12 14:54:44 - error] [ParserCTP] Market data server disconnected: 0
[2023.12.12 14:54:44 - info ] [ParserCTP] Market data server connected
[2023.12.12 14:54:44 - error] [ParserCTP] Market data server disconnected: 0
[2023.12.12 14:55:11 - info ] [parser] Parser module E:/miniconda3/envs/wtpy/lib/site-packages/wtpy/wrapper/x64/parsers/ParserCTP.dll loaded
[2023.12.12 14:55:11 - info ] [ParserCTP] Market data server connected
[2023.12.12 14:55:11 - error] [ParserCTP] Market data server disconnected: 0
[2023.12.12 14:55:11 - info ] [ParserCTP] Market data server connected
[2023.12.12 14:55:11 - error] [ParserCTP] Market data server disconnected: 0
[2023.12.12 14:55:11 - info ] [ParserCTP] Market data server connected
[2023.12.12 14:55:11 - error] [ParserCTP] Market data server disconnected: 0
[2023.12.12 14:55:11 - info ] [ParserCTP] Market data server connected
[2023.12.12 14:55:11 - error] [ParserCTP] Market data server disconnected: 0
[2023.12.12 14:55:11 - info ] [ParserCTP] Market data server connected
[2023.12.12 14:55:11 - error] [ParserCTP] Market data server disconnected: 0
[2023.12.12 14:55:11 - info ] [ParserCTP] Market data server connected
[2023.12.12 14:55:11 - error] [ParserCTP] Market data server disconnected: 0
[2023.12.12 14:55:11 - info ] [ParserCTP] Market data server connected
[2023.12.12 14:55:11 - error] [ParserCTP] Market data server disconnected: 0
[2023.12.12 14:55:11 - info ] [ParserCTP] Market data server connected
[2023.12.12 14:55:11 - error] [ParserCTP] Market data server disconnected: 0
[2023.12.12 14:55:11 - info ] [ParserCTP] Market data server connected
[2023.12.12 14:55:11 - error] [ParserCTP] Market data server disconnected: 0
[2023.12.12 14:55:11 - info ] [ParserCTP] Market data server connected
[2023.12.12 14:55:11 - error] [ParserCTP] Market data server disconnected: 0
[2023.12.12 14:55:11 - info ] [ParserCTP] Market data server connected
[2023.12.12 14:55:11 - error] [ParserCTP] Market data server disconnected: 0
[2023.12.12 14:55:11 - info ] [ParserCTP] Market data server connected
[2023.12.12 14:55:11 - error] [ParserCTP] Market data server disconnected: 0
[2023.12.12 14:55:11 - info ] [ParserCTP] Market data server connected
[2023.12.12 14:55:11 - error] [ParserCTP] Market data server disconnected: 0
[2023.12.12 14:55:11 - info ] [ParserCTP] Market data server connected
[2023.12.12 14:55:11 - error] [ParserCTP] Market data server disconnected: 0
[2023.12.12 14:55:11 - info ] [ParserCTP] Market data server connected
[2023.12.12 14:55:11 - error] [ParserCTP] Market data server disconnected: 0
[2023.12.12 14:55:11 - info ] [ParserCTP] Market data server connected
[2023.12.12 14:55:11 - error] [ParserCTP] Market data server disconnected: 0
[2023.12.12 14:55:11 - info ] [ParserCTP] Market data server connected
[2023.12.12 14:55:11 - error] [ParserCTP] Market data server disconnected: 0
[2023.12.12 14:55:11 - info ] [ParserCTP] Market data server connected
[2023.12.12 14:55:11 - error] [ParserCTP] Market data server disconnected: 0
[2023.12.12 14:55:11 - info ] [ParserCTP] Market data server connected
[2023.12.12 14:55:11 - error] [ParserCTP] Market data server disconnected: 0
[2023.12.12 14:55:11 - info ] [ParserCTP] Market data server connected
[2023.12.12 14:55:11 - error] [ParserCTP] Market data server disconnected: 0
[2023.12.12 14:55:11 - info ] [ParserCTP] Market data server connected
[2023.12.12 14:55:11 - error] [ParserCTP] Market data server disconnected: 0
[2023.12.12 14:55:11 - info ] [ParserCTP] Market data server connected
[2023.12.12 14:55:11 - error] [ParserCTP] Market data server disconnected: 0
[2023.12.12 14:55:11 - info ] [ParserCTP] Market data server connected
[2023.12.12 14:55:11 - error] [ParserCTP] Market data server disconnected: 0
[2023.12.12 14:55:11 - info ] [ParserCTP] Market data server connected
[2023.12.12 14:55:11 - error] [ParserCTP] Market data server disconnected: 0
[2023.12.12 14:55:11 - info ] [ParserCTP] Market data server connected
[2023.12.12 14:55:11 - error] [ParserCTP] Market data server disconnected: 0
[2023.12.12 14:55:11 - info ] [ParserCTP] Market data server connected
[2023.12.12 14:55:11 - error] [ParserCTP] Market data server disconnected: 0
[2023.12.12 14:55:11 - info ] [ParserCTP] Market data server connected
[2023.12.12 14:55:11 - error] [ParserCTP] Market data server disconnected: 0
[2023.12.12 14:55:11 - info ] [ParserCTP] Market data server connected
[2023.12.12 14:55:11 - error] [ParserCTP] Market data server disconnected: 0
[2023.12.12 14:55:11 - info ] [ParserCTP] Market data server connected
[2023.12.12 14:55:11 - error] [ParserCTP] Market data server disconnected: 0
[2023.12.12 14:55:11 - info ] [ParserCTP] Market data server connected
[2023.12.12 14:55:11 - error] [ParserCTP] Market data server disconnected: 0
[2023.12.12 14:55:11 - info ] [ParserCTP] Market data server connected
[2023.12.12 14:55:11 - error] [ParserCTP] Market data server disconnected: 0
[2023.12.12 14:55:11 - info ] [ParserCTP] Market data server connected
[2023.12.12 14:55:11 - error] [ParserCTP] Market data server disconnected: 0
[2023.12.12 14:55:11 - info ] [ParserCTP] Market data server connected
[2023.12.12 14:57:50 - info ] [parser] Parser module ParserCTP.dll loaded
[2023.12.12 14:59:04 - info ] [parser] Parser module ParserCTP.dll loaded
[2023.12.12 15:18:26 - info ] [parser] Parser module ParserCTP.dll loaded
[2023.12.12 15:20:26 - info ] [parser] Parser module ParserCTP.dll loaded
[2023.12.12 15:21:52 - info ] [parser] Parser module E:/miniconda3/envs/wtpy/lib/site-packages/wtpy/wrapper/x64/parsers/ParserCTP.dll loaded
[2023.12.12 15:21:52 - info ] [ParserCTP] Market data server connected
[2023.12.12 15:21:52 - error] [ParserCTP] Market data server disconnected: 0
[2023.12.12 15:21:52 - info ] [ParserCTP] Market data server connected
[2023.12.12 15:21:52 - error] [ParserCTP] Market data server disconnected: 0
[2023.12.12 15:21:52 - info ] [ParserCTP] Market data server connected
[2023.12.12 15:21:52 - error] [ParserCTP] Market data server disconnected: 0
[2023.12.12 15:21:52 - info ] [ParserCTP] Market data server connected
[2023.12.12 15:21:52 - error] [ParserCTP] Market data server disconnected: 0
[2023.12.12 15:21:52 - info ] [ParserCTP] Market data server connected
[2023.12.12 15:21:52 - error] [ParserCTP] Market data server disconnected: 0
[2023.12.12 15:21:52 - info ] [ParserCTP] Market data server connected
[2023.12.12 15:21:53 - error] [ParserCTP] Market data server disconnected: 0
[2023.12.12 15:21:53 - info ] [ParserCTP] Market data server connected
[2023.12.12 15:21:53 - error] [ParserCTP] Market data server disconnected: 0
[2023.12.12 15:21:53 - info ] [ParserCTP] Market data server connected
[2023.12.12 15:21:53 - error] [ParserCTP] Market data server disconnected: 0
[2023.12.12 15:21:53 - info ] [ParserCTP] Market data server connected
[2023.12.12 15:21:53 - error] [ParserCTP] Market data server disconnected: 0
[2023.12.12 15:21:53 - info ] [ParserCTP] Market data server connected
[2023.12.12 15:21:53 - error] [ParserCTP] Market data server disconnected: 0
[2023.12.12 15:21:53 - info ] [ParserCTP] Market data server connected
[2023.12.12 15:21:53 - error] [ParserCTP] Market data server disconnected: 0
[2023.12.12 15:21:53 - info ] [ParserCTP] Market data server connected
[2023.12.12 15:21:53 - error] [ParserCTP] Market data server disconnected: 0
[2023.12.12 15:21:53 - info ] [ParserCTP] Market data server connected
[2023.12.12 15:21:53 - error] [ParserCTP] Market data server disconnected: 0
[2023.12.12 15:21:53 - info ] [ParserCTP] Market data server connected
[2023.12.12 15:21:53 - error] [ParserCTP] Market data server disconnected: 0
[2023.12.12 15:21:53 - info ] [ParserCTP] Market data server connected
[2023.12.12 15:21:53 - error] [ParserCTP] Market data server disconnected: 0
[2023.12.12 15:21:53 - info ] [ParserCTP] Market data server connected
[2023.12.12 15:21:53 - error] [ParserCTP] Market data server disconnected: 0
[2023.12.12 15:21:53 - info ] [ParserCTP] Market data server connected
[2023.12.12 15:21:53 - error] [ParserCTP] Market data server disconnected: 0
[2023.12.12 15:21:53 - info ] [ParserCTP] Market data server connected
[2023.12.12 15:21:53 - error] [ParserCTP] Market data server disconnected: 0
[2023.12.12 15:21:53 - info ] [ParserCTP] Market data server connected
[2023.12.12 15:21:53 - error] [ParserCTP] Market data server disconnected: 0
[2023.12.12 15:21:53 - info ] [ParserCTP] Market data server connected
[2023.12.12 15:21:53 - error] [ParserCTP] Market data server disconnected: 0
[2023.12.12 15:21:53 - info ] [ParserCTP] Market data server connected
[2023.12.12 15:21:53 - error] [ParserCTP] Market data server disconnected: 0
[2023.12.12 15:21:53 - info ] [ParserCTP] Market data server connected
[2023.12.12 15:21:53 - error] [ParserCTP] Market data server disconnected: 0
[2023.12.12 15:21:53 - info ] [ParserCTP] Market data server connected
[2023.12.12 15:21:53 - error] [ParserCTP] Market data server disconnected: 0
[2023.12.12 15:21:53 - info ] [ParserCTP] Market data server connected
[2023.12.12 15:21:53 - error] [ParserCTP] Market data server disconnected: 0
[2023.12.12 15:21:53 - info ] [ParserCTP] Market data server connected
[2023.12.12 15:21:53 - error] [ParserCTP] Market data server disconnected: 0
[2023.12.12 15:21:53 - info ] [ParserCTP] Market data server connected
[2023.12.12 15:21:53 - error] [ParserCTP] Market data server disconnected: 0
[2023.12.12 15:21:53 - info ] [ParserCTP] Market data server connected
[2023.12.12 15:21:53 - error] [ParserCTP] Market data server disconnected: 0
[2023.12.12 15:21:53 - info ] [ParserCTP] Market data server connected
[2023.12.12 15:21:53 - error] [ParserCTP] Market data server disconnected: 0
[2023.12.12 15:21:53 - info ] [ParserCTP] Market data server connected
[2023.12.12 15:21:53 - error] [ParserCTP] Market data server disconnected: 0
[2023.12.12 15:21:53 - info ] [ParserCTP] Market data server connected
[2023.12.12 15:21:53 - error] [ParserCTP] Market data server disconnected: 0
[2023.12.12 15:21:53 - info ] [ParserCTP] Market data server connected
[2023.12.12 15:21:53 - error] [ParserCTP] Market data server disconnected: 0
[2023.12.12 15:21:53 - info ] [ParserCTP] Market data server connected
[2023.12.12 15:21:53 - error] [ParserCTP] Market data server disconnected: 0
[2023.12.12 15:21:53 - info ] [ParserCTP] Market data server connected
[2023.12.12 15:21:53 - error] [ParserCTP] Market data server disconnected: 0
[2023.12.12 15:21:53 - info ] [ParserCTP] Market data server connected
[2023.12.12 15:21:53 - error] [ParserCTP] Market data server disconnected: 0
[2023.12.12 15:21:53 - info ] [ParserCTP] Market data server connected
[2023.12.12 15:21:53 - error] [ParserCTP] Market data server disconnected: 0
[2023.12.12 15:21:53 - info ] [ParserCTP] Market data server connected
[2023.12.12 15:21:53 - error] [ParserCTP] Market data server disconnected: 0
[2023.12.12 15:21:53 - info ] [ParserCTP] Market data server connected
[2023.12.12 15:21:53 - error] [ParserCTP] Market data server disconnected: 0
[2023.12.12 15:21:53 - info ] [ParserCTP] Market data server connected
[2023.12.12 15:21:53 - error] [ParserCTP] Market data server disconnected: 0
[2023.12.12 15:21:53 - info ] [ParserCTP] Market data server connected
[2023.12.12 15:21:53 - error] [ParserCTP] Market data server disconnected: 0
[2023.12.12 15:21:53 - info ] [ParserCTP] Market data server connected
[2023.12.12 15:21:53 - error] [ParserCTP] Market data server disconnected: 0
[2023.12.12 15:21:53 - info ] [ParserCTP] Market data server connected
[2023.12.12 15:21:53 - error] [ParserCTP] Market data server disconnected: 0
[2023.12.12 15:21:53 - info ] [ParserCTP] Market data server connected
[2023.12.12 15:21:53 - error] [ParserCTP] Market data server disconnected: 0
[2023.12.12 15:21:53 - info ] [ParserCTP] Market data server connected
[2023.12.12 15:21:53 - error] [ParserCTP] Market data server disconnected: 0
[2023.12.12 15:21:53 - info ] [ParserCTP] Market data server connected
[2023.12.12 15:21:53 - error] [ParserCTP] Market data server disconnected: 0
[2023.12.12 15:21:53 - info ] [ParserCTP] Market data server connected
[2023.12.12 15:21:53 - error] [ParserCTP] Market data server disconnected: 0
[2023.12.12 15:21:53 - info ] [ParserCTP] Market data server connected
[2023.12.12 15:21:53 - error] [ParserCTP] Market data server disconnected: 0
[2023.12.12 15:21:53 - info ] [ParserCTP] Market data server connected
[2023.12.12 15:21:53 - error] [ParserCTP] Market data server disconnected: 0
[2023.12.12 15:21:53 - info ] [ParserCTP] Market data server connected
[2023.12.12 15:21:53 - error] [ParserCTP] Market data server disconnected: 0
[2023.12.12 15:21:53 - info ] [ParserCTP] Market data server connected
[2023.12.12 15:21:53 - error] [ParserCTP] Market data server disconnected: 0
[2023.12.12 15:21:53 - info ] [ParserCTP] Market data server connected
[2023.12.12 15:21:53 - error] [ParserCTP] Market data server disconnected: 0
[2023.12.12 15:21:53 - info ] [ParserCTP] Market data server connected
[2023.12.12 15:21:53 - error] [ParserCTP] Market data server disconnected: 0
[2023.12.12 15:21:53 - info ] [ParserCTP] Market data server connected
[2023.12.12 15:21:53 - error] [ParserCTP] Market data server disconnected: 0
[2023.12.12 15:21:53 - info ] [ParserCTP] Market data server connected
[2023.12.12 15:21:53 - error] [ParserCTP] Market data server disconnected: 0
[2023.12.12 15:21:53 - info ] [ParserCTP] Market data server connected
[2023.12.12 15:21:53 - error] [ParserCTP] Market data server disconnected: 0
[2023.12.12 15:21:53 - info ] [ParserCTP] Market data server connected
[2023.12.12 15:21:53 - error] [ParserCTP] Market data server disconnected: 0
[2023.12.12 15:21:53 - info ] [ParserCTP] Market data server connected
[2023.12.12 15:21:53 - error] [ParserCTP] Market data server disconnected: 0
[2023.12.12 15:21:53 - info ] [ParserCTP] Market data server connected
[2023.12.12 15:21:53 - error] [ParserCTP] Market data server disconnected: 0
[2023.12.12 15:21:53 - info ] [ParserCTP] Market data server connected
[2023.12.12 15:21:53 - error] [ParserCTP] Market data server disconnected: 0
[2023.12.12 15:21:53 - info ] [ParserCTP] Market data server connected
[2023.12.12 15:21:53 - error] [ParserCTP] Market data server disconnected: 0
[2023.12.12 15:21:53 - info ] [ParserCTP] Market data server connected
[2023.12.12 15:21:53 - error] [ParserCTP] Market data server disconnected: 0
[2023.12.12 15:21:53 - info ] [ParserCTP] Market data server connected
[2023.12.12 15:21:53 - error] [ParserCTP] Market data server disconnected: 0
[2023.12.12 15:21:53 - info ] [ParserCTP] Market data server connected
[2023.12.12 15:21:53 - error] [ParserCTP] Market data server disconnected: 0
[2023.12.12 15:21:53 - info ] [ParserCTP] Market data server connected
[2023.12.12 15:21:53 - error] [ParserCTP] Market data server disconnected: 0
[2023.12.12 15:21:53 - info ] [ParserCTP] Market data server connected
[2023.12.12 15:21:53 - error] [ParserCTP] Market data server disconnected: 0
[2023.12.12 15:21:53 - info ] [ParserCTP] Market data server connected
[2023.12.12 15:21:53 - error] [ParserCTP] Market data server disconnected: 0
[2023.12.12 15:21:53 - info ] [ParserCTP] Market data server connected
[2023.12.12 15:21:53 - error] [ParserCTP] Market data server disconnected: 0
[2023.12.12 15:21:53 - info ] [ParserCTP] Market data server connected
[2023.12.12 15:21:53 - error] [ParserCTP] Market data server disconnected: 0
[2023.12.12 15:21:53 - info ] [ParserCTP] Market data server connected
[2023.12.12 15:21:53 - error] [ParserCTP] Market data server disconnected: 0
[2023.12.12 15:21:53 - info ] [ParserCTP] Market data server connected
[2023.12.12 15:21:53 - error] [ParserCTP] Market data server disconnected: 0
[2023.12.12 15:21:53 - info ] [ParserCTP] Market data server connected
[2023.12.12 15:21:53 - error] [ParserCTP] Market data server disconnected: 0
[2023.12.12 15:21:53 - info ] [ParserCTP] Market data server connected
[2023.12.12 15:21:53 - error] [ParserCTP] Market data server disconnected: 0
[2023.12.12 15:21:53 - info ] [ParserCTP] Market data server connected
[2023.12.12 15:21:53 - error] [ParserCTP] Market data server disconnected: 0
[2023.12.12 15:21:53 - info ] [ParserCTP] Market data server connected
[2023.12.12 15:21:53 - error] [ParserCTP] Market data server disconnected: 0
[2023.12.12 15:21:53 - info ] [ParserCTP] Market data server connected
[2023.12.12 15:21:53 - error] [ParserCTP] Market data server disconnected: 0
[2023.12.12 15:21:53 - info ] [ParserCTP] Market data server connected
[2023.12.12 15:21:53 - error] [ParserCTP] Market data server disconnected: 0
[2023.12.12 15:21:53 - info ] [ParserCTP] Market data server connected
[2023.12.12 15:21:53 - error] [ParserCTP] Market data server disconnected: 0
[2023.12.12 15:21:53 - info ] [ParserCTP] Market data server connected
[2023.12.12 15:21:53 - error] [ParserCTP] Market data server disconnected: 0
[2023.12.12 15:21:53 - info ] [ParserCTP] Market data server connected
[2023.12.12 15:21:53 - error] [ParserCTP] Market data server disconnected: 0
[2023.12.12 15:21:53 - info ] [ParserCTP] Market data server connected
[2023.12.12 15:21:53 - error] [ParserCTP] Market data server disconnected: 0
[2023.12.12 15:21:53 - info ] [ParserCTP] Market data server connected
[2023.12.12 15:21:53 - error] [ParserCTP] Market data server disconnected: 0
[2023.12.12 15:21:53 - info ] [ParserCTP] Market data server connected
[2023.12.12 15:21:53 - error] [ParserCTP] Market data server disconnected: 0
[2023.12.12 15:21:53 - info ] [ParserCTP] Market data server connected
[2023.12.12 15:21:53 - error] [ParserCTP] Market data server disconnected: 0
[2023.12.12 15:21:53 - info ] [ParserCTP] Market data server connected
[2023.12.12 15:21:53 - error] [ParserCTP] Market data server disconnected: 0
[2023.12.12 15:21:53 - info ] [ParserCTP] Market data server connected
[2023.12.12 15:21:53 - error] [ParserCTP] Market data server disconnected: 0
[2023.12.12 15:21:53 - info ] [ParserCTP] Market data server connected
[2023.12.12 15:21:53 - error] [ParserCTP] Market data server disconnected: 0
[2023.12.12 15:21:53 - info ] [ParserCTP] Market data server connected
[2023.12.12 15:21:53 - error] [ParserCTP] Market data server disconnected: 0
[2023.12.12 15:21:53 - info ] [ParserCTP] Market data server connected
[2023.12.12 15:21:53 - error] [ParserCTP] Market data server disconnected: 0
[2023.12.12 15:21:53 - info ] [ParserCTP] Market data server connected
[2023.12.12 15:21:53 - error] [ParserCTP] Market data server disconnected: 0
[2023.12.12 15:21:53 - info ] [ParserCTP] Market data server connected
[2023.12.12 15:21:53 - error] [ParserCTP] Market data server disconnected: 0
[2023.12.12 15:21:53 - info ] [ParserCTP] Market data server connected
[2023.12.12 15:21:53 - error] [ParserCTP] Market data server disconnected: 0
[2023.12.12 15:21:53 - info ] [ParserCTP] Market data server connected
[2023.12.12 15:21:53 - error] [ParserCTP] Market data server disconnected: 0
[2023.12.12 15:21:53 - info ] [ParserCTP] Market data server connected
[2023.12.12 15:21:53 - error] [ParserCTP] Market data server disconnected: 0
[2023.12.12 15:21:53 - info ] [ParserCTP] Market data server connected
[2023.12.12 15:21:53 - error] [ParserCTP] Market data server disconnected: 0
[2023.12.12 15:21:53 - info ] [ParserCTP] Market data server connected
[2023.12.12 15:21:53 - error] [ParserCTP] Market data server disconnected: 0
[2023.12.12 15:21:53 - info ] [ParserCTP] Market data server connected
[2023.12.12 15:21:53 - error] [ParserCTP] Market data server disconnected: 0
[2023.12.12 15:21:53 - info ] [ParserCTP] Market data server connected
[2023.12.12 15:21:53 - error] [ParserCTP] Market data server disconnected: 0
[2023.12.12 15:21:53 - info ] [ParserCTP] Market data server connected
[2023.12.12 15:21:53 - error] [ParserCTP] Market data server disconnected: 0
[2023.12.12 15:21:53 - info ] [ParserCTP] Market data server connected
[2023.12.12 15:21:53 - error] [ParserCTP] Market data server disconnected: 0
[2023.12.12 15:21:53 - info ] [ParserCTP] Market data server connected
[2023.12.12 15:21:53 - error] [ParserCTP] Market data server disconnected: 0
[2023.12.12 15:21:53 - info ] [ParserCTP] Market data server connected
[2023.12.12 15:21:53 - error] [ParserCTP] Market data server disconnected: 0
[2023.12.12 15:21:53 - info ] [ParserCTP] Market data server connected
[2023.12.12 15:21:53 - error] [ParserCTP] Market data server disconnected: 0
[2023.12.12 15:21:53 - info ] [ParserCTP] Market data server connected
[2023.12.12 15:21:53 - error] [ParserCTP] Market data server disconnected: 0
[2023.12.12 15:21:53 - info ] [ParserCTP] Market data server connected
[2023.12.12 15:21:54 - error] [ParserCTP] Market data server disconnected: 0
[2023.12.12 15:21:54 - info ] [ParserCTP] Market data server connected
[2023.12.12 15:21:54 - error] [ParserCTP] Market data server disconnected: 0
[2023.12.12 15:21:54 - info ] [ParserCTP] Market data server connected
[2023.12.12 15:21:54 - error] [ParserCTP] Market data server disconnected: 0
[2023.12.12 15:21:54 - info ] [ParserCTP] Market data server connected
[2023.12.12 15:21:54 - error] [ParserCTP] Market data server disconnected: 0
[2023.12.12 15:21:54 - info ] [ParserCTP] Market data server connected
[2023.12.12 15:21:54 - error] [ParserCTP] Market data server disconnected: 0
[2023.12.12 15:21:54 - info ] [ParserCTP] Market data server connected
[2023.12.12 15:21:54 - error] [ParserCTP] Market data server disconnected: 0
[2023.12.12 15:21:54 - info ] [ParserCTP] Market data server connected
[2023.12.12 15:21:54 - error] [ParserCTP] Market data server disconnected: 0
[2023.12.12 15:21:54 - info ] [ParserCTP] Market data server connected
[2023.12.12 15:21:54 - error] [ParserCTP] Market data server disconnected: 0
[2023.12.12 15:21:54 - info ] [ParserCTP] Market data server connected
[2023.12.12 15:21:54 - error] [ParserCTP] Market data server disconnected: 0
[2023.12.12 15:21:54 - info ] [ParserCTP] Market data server connected
[2023.12.12 15:21:54 - error] [ParserCTP] Market data server disconnected: 0
[2023.12.12 15:21:54 - info ] [ParserCTP] Market data server connected
[2023.12.12 15:21:54 - error] [ParserCTP] Market data server disconnected: 0
[2023.12.12 15:21:54 - info ] [ParserCTP] Market data server connected
[2023.12.12 15:21:54 - error] [ParserCTP] Market data server disconnected: 0
[2023.12.12 15:22:16 - info ] [parser] Parser module E:/miniconda3/envs/wtpy/lib/site-packages/wtpy/wrapper/x64/parsers/ParserCTP.dll loaded
[2023.12.12 15:22:16 - info ] [ParserCTP] Market data server connected
[2023.12.12 15:22:16 - error] [ParserCTP] Market data server disconnected: 0
[2023.12.12 15:22:16 - info ] [ParserCTP] Market data server connected
[2023.12.12 15:22:16 - error] [ParserCTP] Market data server disconnected: 0
[2023.12.12 15:22:16 - info ] [ParserCTP] Market data server connected
[2023.12.12 15:22:16 - error] [ParserCTP] Market data server disconnected: 0
[2023.12.12 15:22:16 - info ] [ParserCTP] Market data server connected
[2023.12.12 15:22:16 - error] [ParserCTP] Market data server disconnected: 0
[2023.12.12 15:22:16 - info ] [ParserCTP] Market data server connected
[2023.12.12 15:22:16 - error] [ParserCTP] Market data server disconnected: 0
[2023.12.12 15:22:16 - info ] [ParserCTP] Market data server connected
[2023.12.12 15:22:16 - error] [ParserCTP] Market data server disconnected: 0
[2023.12.12 15:22:16 - info ] [ParserCTP] Market data server connected
[2023.12.12 15:22:16 - error] [ParserCTP] Market data server disconnected: 0
[2023.12.12 15:22:17 - info ] [ParserCTP] Market data server connected
[2023.12.12 15:22:17 - error] [ParserCTP] Market data server disconnected: 0
[2023.12.12 15:22:17 - info ] [ParserCTP] Market data server connected
[2023.12.12 15:22:17 - error] [ParserCTP] Market data server disconnected: 0
[2023.12.12 15:22:17 - info ] [ParserCTP] Market data server connected
[2023.12.12 15:22:17 - error] [ParserCTP] Market data server disconnected: 0
[2023.12.12 15:22:17 - info ] [ParserCTP] Market data server connected
[2023.12.12 15:22:17 - error] [ParserCTP] Market data server disconnected: 0
[2023.12.12 15:22:17 - info ] [ParserCTP] Market data server connected
[2023.12.12 15:22:17 - error] [ParserCTP] Market data server disconnected: 0
[2023.12.12 15:22:17 - info ] [ParserCTP] Market data server connected
[2023.12.12 15:22:17 - error] [ParserCTP] Market data server disconnected: 0
[2023.12.12 15:22:17 - info ] [ParserCTP] Market data server connected
[2023.12.12 15:22:17 - error] [ParserCTP] Market data server disconnected: 0
[2023.12.12 15:22:17 - info ] [ParserCTP] Market data server connected
[2023.12.12 15:22:17 - error] [ParserCTP] Market data server disconnected: 0
[2023.12.12 15:22:17 - info ] [ParserCTP] Market data server connected
[2023.12.12 15:22:17 - error] [ParserCTP] Market data server disconnected: 0
[2023.12.12 15:22:17 - info ] [ParserCTP] Market data server connected
[2023.12.12 15:22:17 - error] [ParserCTP] Market data server disconnected: 0
[2023.12.12 15:22:17 - info ] [ParserCTP] Market data server connected
[2023.12.12 15:22:17 - error] [ParserCTP] Market data server disconnected: 0
[2023.12.12 15:22:17 - info ] [ParserCTP] Market data server connected
[2023.12.12 15:22:17 - error] [ParserCTP] Market data server disconnected: 0
[2023.12.12 15:22:17 - info ] [ParserCTP] Market data server connected
[2023.12.12 15:22:17 - error] [ParserCTP] Market data server disconnected: 0
[2023.12.12 15:22:17 - info ] [ParserCTP] Market data server connected
[2023.12.12 15:22:17 - error] [ParserCTP] Market data server disconnected: 0
[2023.12.12 15:22:17 - info ] [ParserCTP] Market data server connected
[2023.12.12 15:22:17 - error] [ParserCTP] Market data server disconnected: 0
[2023.12.12 15:22:17 - info ] [ParserCTP] Market data server connected
[2023.12.12 15:22:17 - error] [ParserCTP] Market data server disconnected: 0
[2023.12.12 15:22:17 - info ] [ParserCTP] Market data server connected
[2023.12.12 15:22:17 - error] [ParserCTP] Market data server disconnected: 0
[2023.12.12 15:22:17 - info ] [ParserCTP] Market data server connected
[2023.12.12 15:22:17 - error] [ParserCTP] Market data server disconnected: 0
[2023.12.12 15:22:17 - info ] [ParserCTP] Market data server connected
[2023.12.12 15:22:17 - error] [ParserCTP] Market data server disconnected: 0
[2023.12.12 15:22:17 - info ] [ParserCTP] Market data server connected
[2023.12.12 15:22:17 - error] [ParserCTP] Market data server disconnected: 0
[2023.12.12 15:22:17 - info ] [ParserCTP] Market data server connected
[2023.12.12 15:22:17 - error] [ParserCTP] Market data server disconnected: 0
[2023.12.12 15:22:17 - info ] [ParserCTP] Market data server connected
[2023.12.12 15:22:17 - error] [ParserCTP] Market data server disconnected: 0
[2023.12.12 15:22:17 - info ] [ParserCTP] Market data server connected
[2023.12.12 15:22:17 - error] [ParserCTP] Market data server disconnected: 0
[2023.12.12 15:22:17 - info ] [ParserCTP] Market data server connected
[2023.12.12 15:22:17 - error] [ParserCTP] Market data server disconnected: 0
[2023.12.12 15:22:17 - info ] [ParserCTP] Market data server connected
[2023.12.12 15:22:17 - error] [ParserCTP] Market data server disconnected: 0
[2023.12.12 15:22:17 - info ] [ParserCTP] Market data server connected
[2023.12.12 15:22:17 - error] [ParserCTP] Market data server disconnected: 0
[2023.12.12 15:22:17 - info ] [ParserCTP] Market data server connected
[2023.12.12 15:22:17 - error] [ParserCTP] Market data server disconnected: 0
[2023.12.12 15:23:33 - info ] [parser] Parser module E:/miniconda3/envs/wtpy/lib/site-packages/wtpy/wrapper/x64/parsers/ParserCTP.dll loaded
[2023.12.12 15:23:33 - info ] [ParserCTP] Market data server connected
[2023.12.12 15:23:33 - error] [ParserCTP] Market data server disconnected: 0
[2023.12.12 15:23:33 - info ] [ParserCTP] Market data server connected
[2023.12.12 15:23:33 - error] [ParserCTP] Market data server disconnected: 0
[2023.12.12 15:23:33 - info ] [ParserCTP] Market data server connected
[2023.12.12 15:23:33 - error] [ParserCTP] Market data server disconnected: 0
[2023.12.12 15:23:33 - info ] [ParserCTP] Market data server connected
[2023.12.12 15:23:33 - error] [ParserCTP] Market data server disconnected: 0
[2023.12.12 15:23:33 - info ] [ParserCTP] Market data server connected
[2023.12.12 15:23:33 - error] [ParserCTP] Market data server disconnected: 0
[2023.12.12 15:23:33 - info ] [ParserCTP] Market data server connected
[2023.12.12 15:23:33 - error] [ParserCTP] Market data server disconnected: 0
[2023.12.12 15:23:33 - info ] [ParserCTP] Market data server connected
[2023.12.12 15:23:33 - error] [ParserCTP] Market data server disconnected: 0
[2023.12.12 15:23:33 - info ] [ParserCTP] Market data server connected
[2023.12.12 15:23:33 - error] [ParserCTP] Market data server disconnected: 0
[2023.12.12 15:23:33 - info ] [ParserCTP] Market data server connected
[2023.12.12 15:23:33 - error] [ParserCTP] Market data server disconnected: 0
[2023.12.12 15:23:33 - info ] [ParserCTP] Market data server connected
[2023.12.12 15:23:33 - error] [ParserCTP] Market data server disconnected: 0
[2023.12.12 15:23:33 - info ] [ParserCTP] Market data server connected
[2023.12.12 15:23:33 - error] [ParserCTP] Market data server disconnected: 0
[2023.12.12 15:23:33 - info ] [ParserCTP] Market data server connected
[2023.12.12 15:23:33 - error] [ParserCTP] Market data server disconnected: 0
[2023.12.12 15:23:33 - info ] [ParserCTP] Market data server connected
[2023.12.12 15:23:33 - error] [ParserCTP] Market data server disconnected: 0
[2023.12.12 15:23:33 - info ] [ParserCTP] Market data server connected
[2023.12.12 15:23:33 - error] [ParserCTP] Market data server disconnected: 0
[2023.12.12 15:23:33 - info ] [ParserCTP] Market data server connected
[2023.12.12 15:23:33 - error] [ParserCTP] Market data server disconnected: 0
[2023.12.12 15:23:33 - info ] [ParserCTP] Market data server connected
[2023.12.12 15:23:33 - error] [ParserCTP] Market data server disconnected: 0
[2023.12.12 15:23:33 - info ] [ParserCTP] Market data server connected
[2023.12.12 15:23:33 - error] [ParserCTP] Market data server disconnected: 0
[2023.12.12 15:23:33 - info ] [ParserCTP] Market data server connected
[2023.12.12 15:23:33 - error] [ParserCTP] Market data server disconnected: 0
[2023.12.12 15:23:33 - info ] [ParserCTP] Market data server connected
[2023.12.12 15:23:33 - error] [ParserCTP] Market data server disconnected: 0
[2023.12.12 15:23:33 - info ] [ParserCTP] Market data server connected
[2023.12.12 15:23:33 - error] [ParserCTP] Market data server disconnected: 0
[2023.12.12 15:23:33 - info ] [ParserCTP] Market data server connected
[2023.12.12 15:23:33 - error] [ParserCTP] Market data server disconnected: 0
[2023.12.12 15:23:33 - info ] [ParserCTP] Market data server connected
[2023.12.12 15:23:33 - error] [ParserCTP] Market data server disconnected: 0
[2023.12.12 15:23:33 - info ] [ParserCTP] Market data server connected
[2023.12.12 15:23:33 - error] [ParserCTP] Market data server disconnected: 0
[2023.12.12 15:23:33 - info ] [ParserCTP] Market data server connected
[2023.12.12 15:23:33 - error] [ParserCTP] Market data server disconnected: 0
[2023.12.12 15:23:33 - info ] [ParserCTP] Market data server connected
[2023.12.12 15:23:33 - error] [ParserCTP] Market data server disconnected: 0
[2023.12.12 15:23:33 - info ] [ParserCTP] Market data server connected
[2023.12.12 15:23:33 - error] [ParserCTP] Market data server disconnected: 0
[2023.12.12 15:23:33 - info ] [ParserCTP] Market data server connected
[2023.12.12 15:23:33 - error] [ParserCTP] Market data server disconnected: 0
[2023.12.12 15:23:33 - info ] [ParserCTP] Market data server connected
[2023.12.12 15:23:33 - error] [ParserCTP] Market data server disconnected: 0
[2023.12.12 15:23:33 - info ] [ParserCTP] Market data server connected
[2023.12.12 15:23:33 - error] [ParserCTP] Market data server disconnected: 0
[2023.12.12 15:23:33 - info ] [ParserCTP] Market data server connected
[2023.12.12 15:23:33 - error] [ParserCTP] Market data server disconnected: 0
[2023.12.12 15:23:33 - info ] [ParserCTP] Market data server connected
[2023.12.12 15:23:33 - error] [ParserCTP] Market data server disconnected: 0
[2023.12.12 15:23:33 - info ] [ParserCTP] Market data server connected
[2023.12.12 15:23:33 - error] [ParserCTP] Market data server disconnected: 0
[2023.12.12 15:23:33 - info ] [ParserCTP] Market data server connected
[2023.12.12 15:23:33 - error] [ParserCTP] Market data server disconnected: 0
[2023.12.12 15:23:33 - info ] [ParserCTP] Market data server connected
[2023.12.12 15:23:33 - error] [ParserCTP] Market data server disconnected: 0
[2023.12.12 15:23:33 - info ] [ParserCTP] Market data server connected
[2023.12.12 15:23:33 - error] [ParserCTP] Market data server disconnected: 0
[2023.12.12 15:23:33 - info ] [ParserCTP] Market data server connected
[2023.12.12 15:23:33 - error] [ParserCTP] Market data server disconnected: 0
[2023.12.12 15:23:33 - info ] [ParserCTP] Market data server connected
[2023.12.12 15:23:33 - error] [ParserCTP] Market data server disconnected: 0
[2023.12.12 15:23:33 - info ] [ParserCTP] Market data server connected
[2023.12.12 15:23:33 - error] [ParserCTP] Market data server disconnected: 0
[2023.12.12 15:23:33 - info ] [ParserCTP] Market data server connected
[2023.12.12 15:23:33 - error] [ParserCTP] Market data server disconnected: 0
[2023.12.12 15:23:33 - info ] [ParserCTP] Market data server connected
[2023.12.12 15:23:33 - error] [ParserCTP] Market data server disconnected: 0
[2023.12.12 15:23:33 - info ] [ParserCTP] Market data server connected
[2023.12.12 15:23:33 - error] [ParserCTP] Market data server disconnected: 0
[2023.12.12 15:23:33 - info ] [ParserCTP] Market data server connected
[2023.12.12 15:23:33 - error] [ParserCTP] Market data server disconnected: 0
[2023.12.12 15:23:33 - info ] [ParserCTP] Market data server connected
[2023.12.12 15:23:33 - error] [ParserCTP] Market data server disconnected: 0
[2023.12.12 15:23:33 - info ] [ParserCTP] Market data server connected
[2023.12.12 15:23:33 - error] [ParserCTP] Market data server disconnected: 0
[2023.12.12 15:23:33 - info ] [ParserCTP] Market data server connected
[2023.12.12 15:23:33 - error] [ParserCTP] Market data server disconnected: 0
[2023.12.12 15:23:33 - info ] [ParserCTP] Market data server connected
[2023.12.12 15:23:33 - error] [ParserCTP] Market data server disconnected: 0
[2023.12.12 15:23:33 - info ] [ParserCTP] Market data server connected
[2023.12.12 15:23:33 - error] [ParserCTP] Market data server disconnected: 0
[2023.12.12 15:23:33 - info ] [ParserCTP] Market data server connected
[2023.12.12 15:45:34 - info ] [parser] Parser module E:/miniconda3/envs/wtpy/lib/site-packages/wtpy/wrapper/x64/parsers/ParserCTP.dll loaded
[2023.12.12 15:45:34 - info ] [ParserCTP] Market data server connected
[2023.12.12 15:45:34 - error] [ParserCTP] Market data server disconnected: 0
[2023.12.12 15:45:34 - info ] [ParserCTP] Market data server connected
[2023.12.12 15:45:34 - error] [ParserCTP] Market data server disconnected: 0
[2023.12.12 15:45:34 - info ] [ParserCTP] Market data server connected
[2023.12.12 15:45:34 - error] [ParserCTP] Market data server disconnected: 0
[2023.12.12 15:45:34 - info ] [ParserCTP] Market data server connected
[2023.12.12 15:45:34 - error] [ParserCTP] Market data server disconnected: 0
[2023.12.12 15:45:34 - info ] [ParserCTP] Market data server connected
[2023.12.12 15:45:34 - error] [ParserCTP] Market data server disconnected: 0
[2023.12.12 15:45:34 - info ] [ParserCTP] Market data server connected
[2023.12.12 15:45:34 - error] [ParserCTP] Market data server disconnected: 0
[2023.12.12 15:45:34 - info ] [ParserCTP] Market data server connected
[2023.12.12 15:45:34 - error] [ParserCTP] Market data server disconnected: 0
[2023.12.12 15:45:34 - info ] [ParserCTP] Market data server connected
[2023.12.12 15:45:34 - error] [ParserCTP] Market data server disconnected: 0
[2023.12.12 15:45:34 - info ] [ParserCTP] Market data server connected
[2023.12.12 15:45:34 - error] [ParserCTP] Market data server disconnected: 0
[2023.12.12 15:45:34 - info ] [ParserCTP] Market data server connected
[2023.12.12 15:45:34 - error] [ParserCTP] Market data server disconnected: 0
[2023.12.12 15:45:34 - info ] [ParserCTP] Market data server connected
[2023.12.12 15:45:34 - error] [ParserCTP] Market data server disconnected: 0
[2023.12.12 15:45:34 - info ] [ParserCTP] Market data server connected
[2023.12.12 15:45:34 - error] [ParserCTP] Market data server disconnected: 0
[2023.12.12 15:45:34 - info ] [ParserCTP] Market data server connected
[2023.12.12 15:45:34 - error] [ParserCTP] Market data server disconnected: 0
[2023.12.12 15:45:34 - info ] [ParserCTP] Market data server connected
[2023.12.12 15:45:34 - error] [ParserCTP] Market data server disconnected: 0
[2023.12.12 15:45:34 - info ] [ParserCTP] Market data server connected
[2023.12.12 15:45:34 - error] [ParserCTP] Market data server disconnected: 0
[2023.12.12 15:45:34 - info ] [ParserCTP] Market data server connected
[2023.12.12 15:45:34 - error] [ParserCTP] Market data server disconnected: 0
[2023.12.12 15:45:34 - info ] [ParserCTP] Market data server connected
[2023.12.12 15:45:34 - error] [ParserCTP] Market data server disconnected: 0
[2023.12.12 15:45:34 - info ] [ParserCTP] Market data server connected
[2023.12.12 15:45:34 - error] [ParserCTP] Market data server disconnected: 0
[2023.12.12 15:45:34 - info ] [ParserCTP] Market data server connected
[2023.12.12 15:45:34 - error] [ParserCTP] Market data server disconnected: 0
[2023.12.12 15:45:34 - info ] [ParserCTP] Market data server connected
[2023.12.12 15:45:34 - error] [ParserCTP] Market data server disconnected: 0
[2023.12.12 15:45:34 - info ] [ParserCTP] Market data server connected
[2023.12.12 15:45:34 - error] [ParserCTP] Market data server disconnected: 0
[2023.12.12 15:45:35 - info ] [ParserCTP] Market data server connected
[2023.12.12 15:45:35 - error] [ParserCTP] Market data server disconnected: 0
[2023.12.12 15:45:35 - info ] [ParserCTP] Market data server connected
[2023.12.12 15:45:35 - error] [ParserCTP] Market data server disconnected: 0
[2023.12.12 15:45:35 - info ] [ParserCTP] Market data server connected
[2023.12.12 15:45:35 - error] [ParserCTP] Market data server disconnected: 0
[2023.12.12 15:45:35 - info ] [ParserCTP] Market data server connected
[2023.12.12 15:45:35 - error] [ParserCTP] Market data server disconnected: 0
[2023.12.12 15:45:35 - info ] [ParserCTP] Market data server connected
[2023.12.12 15:45:35 - error] [ParserCTP] Market data server disconnected: 0
[2023.12.12 15:45:35 - info ] [ParserCTP] Market data server connected
[2023.12.12 15:45:35 - error] [ParserCTP] Market data server disconnected: 0
[2023.12.12 15:45:35 - info ] [ParserCTP] Market data server connected
[2023.12.12 15:45:35 - error] [ParserCTP] Market data server disconnected: 0
[2023.12.12 15:45:35 - info ] [ParserCTP] Market data server connected
[2023.12.12 15:45:35 - error] [ParserCTP] Market data server disconnected: 0
[2023.12.12 15:45:35 - info ] [ParserCTP] Market data server connected
[2023.12.12 15:45:35 - error] [ParserCTP] Market data server disconnected: 0
[2023.12.12 15:45:35 - info ] [ParserCTP] Market data server connected
[2023.12.12 15:45:35 - error] [ParserCTP] Market data server disconnected: 0
[2023.12.12 15:45:35 - info ] [ParserCTP] Market data server connected
[2023.12.12 15:45:35 - error] [ParserCTP] Market data server disconnected: 0
[2023.12.12 15:45:35 - info ] [ParserCTP] Market data server connected
[2023.12.12 15:45:35 - error] [ParserCTP] Market data server disconnected: 0
[2023.12.12 15:45:35 - info ] [ParserCTP] Market data server connected
[2023.12.12 15:45:35 - error] [ParserCTP] Market data server disconnected: 0
[2023.12.12 15:45:35 - info ] [ParserCTP] Market data server connected
[2023.12.12 15:45:35 - error] [ParserCTP] Market data server disconnected: 0
[2023.12.12 15:45:35 - info ] [ParserCTP] Market data server connected
[2023.12.12 15:45:35 - error] [ParserCTP] Market data server disconnected: 0
[2023.12.12 15:45:35 - info ] [ParserCTP] Market data server connected
[2023.12.12 15:45:35 - error] [ParserCTP] Market data server disconnected: 0
[2023.12.12 15:45:35 - info ] [ParserCTP] Market data server connected
[2023.12.12 15:45:35 - error] [ParserCTP] Market data server disconnected: 0
[2023.12.12 15:45:35 - info ] [ParserCTP] Market data server connected
[2023.12.12 15:45:35 - error] [ParserCTP] Market data server disconnected: 0
[2023.12.12 15:45:35 - info ] [ParserCTP] Market data server connected
[2023.12.12 15:45:35 - error] [ParserCTP] Market data server disconnected: 0
[2023.12.12 15:45:35 - info ] [ParserCTP] Market data server connected
[2023.12.12 15:45:35 - error] [ParserCTP] Market data server disconnected: 0
[2023.12.12 15:45:35 - info ] [ParserCTP] Market data server connected
[2023.12.12 15:45:35 - error] [ParserCTP] Market data server disconnected: 0
[2023.12.12 15:45:35 - info ] [ParserCTP] Market data server connected
[2023.12.12 15:45:35 - error] [ParserCTP] Market data server disconnected: 0
[2023.12.12 15:45:35 - info ] [ParserCTP] Market data server connected
[2023.12.12 15:45:35 - error] [ParserCTP] Market data server disconnected: 0
[2023.12.12 15:45:35 - info ] [ParserCTP] Market data server connected
[2023.12.12 15:45:35 - error] [ParserCTP] Market data server disconnected: 0
[2023.12.12 15:45:35 - info ] [ParserCTP] Market data server connected
[2023.12.12 15:45:35 - error] [ParserCTP] Market data server disconnected: 0
[2023.12.12 15:45:35 - info ] [ParserCTP] Market data server connected
[2023.12.12 15:45:35 - error] [ParserCTP] Market data server disconnected: 0
[2023.12.12 15:45:35 - info ] [ParserCTP] Market data server connected
[2023.12.12 15:45:35 - error] [ParserCTP] Market data server disconnected: 0
[2023.12.12 15:45:35 - info ] [ParserCTP] Market data server connected
[2023.12.12 15:45:35 - error] [ParserCTP] Market data server disconnected: 0
[2023.12.12 15:45:35 - info ] [ParserCTP] Market data server connected
[2023.12.12 15:45:35 - error] [ParserCTP] Market data server disconnected: 0
[2023.12.12 15:45:35 - info ] [ParserCTP] Market data server connected
[2023.12.12 15:45:35 - error] [ParserCTP] Market data server disconnected: 0
[2023.12.12 15:45:35 - info ] [ParserCTP] Market data server connected
[2023.12.12 15:45:35 - error] [ParserCTP] Market data server disconnected: 0
[2023.12.12 15:45:35 - info ] [ParserCTP] Market data server connected
[2023.12.12 15:45:35 - error] [ParserCTP] Market data server disconnected: 0
[2023.12.12 15:45:35 - info ] [ParserCTP] Market data server connected
[2023.12.12 15:45:35 - error] [ParserCTP] Market data server disconnected: 0
[2023.12.12 15:45:35 - info ] [ParserCTP] Market data server connected
[2023.12.12 15:45:35 - error] [ParserCTP] Market data server disconnected: 0
[2023.12.12 15:45:35 - info ] [ParserCTP] Market data server connected
[2023.12.12 15:45:35 - error] [ParserCTP] Market data server disconnected: 0
[2023.12.12 15:45:35 - info ] [ParserCTP] Market data server connected
[2023.12.12 15:45:35 - error] [ParserCTP] Market data server disconnected: 0
[2023.12.12 15:45:35 - info ] [ParserCTP] Market data server connected
[2023.12.12 15:45:35 - error] [ParserCTP] Market data server disconnected: 0
[2023.12.12 15:45:35 - info ] [ParserCTP] Market data server connected
[2023.12.12 15:45:35 - error] [ParserCTP] Market data server disconnected: 0
[2023.12.12 15:45:35 - info ] [ParserCTP] Market data server connected
[2023.12.12 15:45:35 - error] [ParserCTP] Market data server disconnected: 0
[2023.12.12 15:45:35 - info ] [ParserCTP] Market data server connected
[2023.12.12 15:45:35 - error] [ParserCTP] Market data server disconnected: 0
[2023.12.12 15:45:35 - info ] [ParserCTP] Market data server connected
[2023.12.12 15:45:35 - error] [ParserCTP] Market data server disconnected: 0
[2023.12.12 15:45:35 - info ] [ParserCTP] Market data server connected
[2023.12.12 15:45:35 - error] [ParserCTP] Market data server disconnected: 0
[2023.12.12 15:45:35 - info ] [ParserCTP] Market data server connected
[2023.12.12 15:45:35 - error] [ParserCTP] Market data server disconnected: 0
[2023.12.12 15:45:35 - info ] [ParserCTP] Market data server connected
[2023.12.12 15:45:35 - error] [ParserCTP] Market data server disconnected: 0
[2023.12.12 15:45:35 - info ] [ParserCTP] Market data server connected
[2023.12.12 15:45:35 - error] [ParserCTP] Market data server disconnected: 0
[2023.12.12 15:45:35 - info ] [ParserCTP] Market data server connected
[2023.12.12 15:45:35 - error] [ParserCTP] Market data server disconnected: 0
[2023.12.12 15:45:35 - info ] [ParserCTP] Market data server connected
[2023.12.12 15:45:35 - error] [ParserCTP] Market data server disconnected: 0
[2023.12.12 15:45:35 - info ] [ParserCTP] Market data server connected
[2023.12.12 15:45:35 - error] [ParserCTP] Market data server disconnected: 0
[2023.12.12 15:45:35 - info ] [ParserCTP] Market data server connected
[2023.12.12 15:45:35 - error] [ParserCTP] Market data server disconnected: 0
[2023.12.12 15:45:35 - info ] [ParserCTP] Market data server connected
[2023.12.12 16:30:52 - info ] [ParserCTP] Market data server connected
[2023.12.12 16:30:52 - error] [ParserCTP] Market data server disconnected: 0
[2023.12.12 16:30:52 - info ] [ParserCTP] Market data server connected
[2023.12.12 16:30:52 - error] [ParserCTP] Market data server disconnected: 0
[2023.12.12 16:30:52 - info ] [ParserCTP] Market data server connected
[2023.12.12 16:30:52 - error] [ParserCTP] Market data server disconnected: 0
[2023.12.12 16:30:52 - info ] [ParserCTP] Market data server connected
[2023.12.12 16:30:52 - error] [ParserCTP] Market data server disconnected: 0
[2023.12.12 16:30:52 - info ] [ParserCTP] Market data server connected
[2023.12.12 16:30:52 - error] [ParserCTP] Market data server disconnected: 0
[2023.12.12 16:30:52 - info ] [ParserCTP] Market data server connected
[2023.12.12 16:30:52 - error] [ParserCTP] Market data server disconnected: 0
[2023.12.12 16:30:52 - info ] [ParserCTP] Market data server connected
[2023.12.12 16:30:52 - error] [ParserCTP] Market data server disconnected: 0
[2023.12.12 16:30:52 - info ] [ParserCTP] Market data server connected
[2023.12.12 16:30:52 - error] [ParserCTP] Market data server disconnected: 0
[2023.12.12 16:30:52 - info ] [ParserCTP] Market data server connected
[2023.12.12 16:30:52 - error] [ParserCTP] Market data server disconnected: 0
[2023.12.12 16:30:52 - info ] [ParserCTP] Market data server connected
[2023.12.12 16:30:53 - error] [ParserCTP] Market data server disconnected: 0
[2023.12.12 16:30:53 - info ] [ParserCTP] Market data server connected
[2023.12.12 16:30:53 - error] [ParserCTP] Market data server disconnected: 0
[2023.12.12 16:30:53 - info ] [ParserCTP] Market data server connected
[2023.12.12 16:30:53 - error] [ParserCTP] Market data server disconnected: 0
[2023.12.12 16:30:53 - info ] [ParserCTP] Market data server connected
[2023.12.12 16:30:53 - error] [ParserCTP] Market data server disconnected: 0
[2023.12.12 16:30:53 - info ] [ParserCTP] Market data server connected
[2023.12.12 16:30:53 - error] [ParserCTP] Market data server disconnected: 0
[2023.12.12 16:30:53 - info ] [ParserCTP] Market data server connected
[2023.12.12 16:30:53 - error] [ParserCTP] Market data server disconnected: 0
[2023.12.12 16:30:53 - info ] [ParserCTP] Market data server connected
[2023.12.12 16:30:53 - error] [ParserCTP] Market data server disconnected: 0
[2023.12.12 16:30:53 - info ] [ParserCTP] Market data server connected
[2023.12.12 16:37:06 - info ] [ParserCTP] Market data server connected
[2023.12.12 16:37:06 - error] [ParserCTP] Market data server disconnected: 0
[2023.12.12 16:37:06 - info ] [ParserCTP] Market data server connected
[2023.12.12 16:37:06 - error] [ParserCTP] Market data server disconnected: 0
[2023.12.12 16:37:06 - info ] [ParserCTP] Market data server connected
[2023.12.12 16:37:06 - error] [ParserCTP] Market data server disconnected: 0
[2023.12.12 16:37:06 - info ] [ParserCTP] Market data server connected
[2023.12.12 16:37:06 - error] [ParserCTP] Market data server disconnected: 0
[2023.12.12 16:37:06 - info ] [ParserCTP] Market data server connected
[2023.12.12 16:37:06 - error] [ParserCTP] Market data server disconnected: 0
[2023.12.12 16:37:06 - info ] [ParserCTP] Market data server connected
[2023.12.12 16:37:06 - error] [ParserCTP] Market data server disconnected: 0
[2023.12.12 16:37:06 - info ] [ParserCTP] Market data server connected
[2023.12.12 16:37:06 - error] [ParserCTP] Market data server disconnected: 0
[2023.12.12 16:37:06 - info ] [ParserCTP] Market data server connected
[2023.12.12 16:37:06 - error] [ParserCTP] Market data server disconnected: 0
[2023.12.12 16:37:06 - info ] [ParserCTP] Market data server connected
[2023.12.12 16:37:06 - error] [ParserCTP] Market data server disconnected: 0
[2023.12.12 16:37:06 - info ] [ParserCTP] Market data server connected
[2023.12.12 16:37:06 - error] [ParserCTP] Market data server disconnected: 0
[2023.12.12 16:37:06 - info ] [ParserCTP] Market data server connected
[2023.12.12 16:37:07 - error] [ParserCTP] Market data server disconnected: 0
[2023.12.12 16:37:07 - info ] [ParserCTP] Market data server connected
[2023.12.12 16:37:07 - error] [ParserCTP] Market data server disconnected: 0
[2023.12.12 16:37:07 - info ] [ParserCTP] Market data server connected
[2023.12.12 16:37:07 - error] [ParserCTP] Market data server disconnected: 0
[2023.12.12 16:37:07 - info ] [ParserCTP] Market data server connected
[2023.12.12 16:37:07 - error] [ParserCTP] Market data server disconnected: 0
[2023.12.12 16:37:07 - info ] [ParserCTP] Market data server connected
[2023.12.12 16:37:07 - error] [ParserCTP] Market data server disconnected: 0
[2023.12.12 16:37:07 - info ] [ParserCTP] Market data server connected
[2023.12.12 16:37:07 - error] [ParserCTP] Market data server disconnected: 0
[2023.12.12 16:37:07 - info ] [ParserCTP] Market data server connected
[2023.12.12 16:37:07 - error] [ParserCTP] Market data server disconnected: 0
