[2023.12.20 10:54:19 - info ] Trading sessions loaded
[2023.12.20 10:54:19 - warning] No session configured for CFFEX.TL
[2023.12.20 10:54:19 - warning] No session configured for CZCE.PX
[2023.12.20 10:54:19 - warning] No session configured for CZCE.SH
[2023.12.20 10:54:19 - warning] No session configured for GFEX.lc
[2023.12.20 10:54:19 - warning] No session configured for GFEX.si
[2023.12.20 10:54:19 - warning] No session configured for INE.ec
[2023.12.20 10:54:19 - warning] No session configured for SHFE.ao
[2023.12.20 10:54:19 - warning] No session configured for SHFE.br
[2023.12.20 10:54:19 - info ] Commodities configuration file ../common/commodities.json loaded
[2023.12.20 10:54:19 - info ] Contracts configuration file ../common/contracts_SP.json loaded, 2 exchanges
[2023.12.20 10:54:19 - info ] Holidays loaded
[2023.12.20 10:54:19 - info ] Data storage module E:/miniconda3/envs/wtpy/lib/site-packages/wtpy/wrapper/x64/WtDataStorage.dll loaded
[2023.12.20 10:54:19 - info ] WtDataWriter initialized, root dir: ../FUT_Data/, save_csv_tick: false, async_mode: false, log_group_size: 20, disable_history: false, disable_tick: false, disable_min1: false, disable_min5: false, disable_day: false, disable_trans: false, disable_ordque: false, disable_orders: false, min_price_mode: 0
[2023.12.20 10:54:19 - info ] Reading parser config from mdparsers.yaml...
[2023.12.20 10:54:19 - info ] [parserCTP] Parser module E:/miniconda3/envs/wtpy/lib/site-packages/wtpy/wrapper/x64/parsers/parserCTP.dll loaded
[2023.12.20 10:54:19 - info ] 1 market data parsers loaded in total
[2023.12.20 10:54:19 - info ] Callbacks of Extented Parser registration done
[2023.12.20 10:54:19 - info ] WonderTrader datakit initialzied，version: X64 v0.9.9 Build@Nov 27 2023 13:47:50
[2023.12.20 10:54:19 - info ] 1 parsers started
[2023.12.20 10:54:19 - info ] Trading session 期货白盘0900[FD0900] started receiving data
[2023.12.20 10:54:19 - info ] Trading session 期货白盘0915[FD0915] started receiving data
[2023.12.20 10:54:19 - info ] Trading session 期货夜盘0100[FN0100] started receiving data
[2023.12.20 10:54:19 - info ] Trading session 期货夜盘0230[FN0230] started receiving data
[2023.12.20 10:54:19 - info ] Trading session 期货夜盘2300[FN2300] started receiving data
[2023.12.20 10:54:19 - info ] No corresponding instrument of trading session 期货夜盘2330[FN2330], changed into holiday state
[2023.12.20 10:54:19 - info ] All instruments of trading session 期货夜盘2330[FN2330] are in holiday, changed into holiday state
[2023.12.20 10:54:19 - info ] Trading session 股票白盘0930[SD0930] started receiving data
[2023.12.20 10:54:19 - info ] [ParserCTP] Market data server connected
[2023.12.20 10:54:19 - info ] [ParserCTP] Market data server logined, 20231220
[2023.12.20 10:54:19 - info ] [ParserCTP] Market data of 82 contracts subscribed totally
[2023.12.20 10:54:19 - info ] First tick of new tradingday 20231220,SHFE.hc2410,2312,0,0,51,0
[2023.12.20 10:54:19 - info ] Data file ../FUT_Data/rt/ticks/SHFE/hc2410.dmb not exists, initializing...
[2023.12.20 10:54:19 - info ] Data file ../FUT_Data/rt/min1/SHFE/hc2410.dmb not exists, initializing...
[2023.12.20 10:54:19 - info ] Data file ../FUT_Data/rt/min5/SHFE/hc2410.dmb not exists, initializing...
[2023.12.20 10:54:19 - info ] First tick of new tradingday 20231220,SHFE.hc2411,2338,0,0,85,0
[2023.12.20 10:54:19 - info ] Data file ../FUT_Data/rt/ticks/SHFE/hc2411.dmb not exists, initializing...
[2023.12.20 10:54:19 - info ] Data file ../FUT_Data/rt/min1/SHFE/hc2411.dmb not exists, initializing...
[2023.12.20 10:54:19 - info ] Data file ../FUT_Data/rt/min5/SHFE/hc2411.dmb not exists, initializing...
[2023.12.20 10:54:19 - info ] First tick of new tradingday 20231220,DCE.p2401,7100,3,213600,6670,1
[2023.12.20 10:54:19 - info ] Data file ../FUT_Data/rt/ticks/DCE/p2401.dmb not exists, initializing...
[2023.12.20 10:54:19 - info ] Data file ../FUT_Data/rt/min1/DCE/p2401.dmb not exists, initializing...
[2023.12.20 10:54:19 - info ] Data file ../FUT_Data/rt/min5/DCE/p2401.dmb not exists, initializing...
[2023.12.20 10:54:19 - info ] First tick of new tradingday 20231220,DCE.p2402,7064,0,0,220,0
[2023.12.20 10:54:19 - info ] Data file ../FUT_Data/rt/ticks/DCE/p2402.dmb not exists, initializing...
[2023.12.20 10:54:19 - warning] [pipeToKlines] [DCE.p2402] 20231220.63213000 is invalid timestamp, skip this tick
[2023.12.20 10:54:19 - info ] First tick of new tradingday 20231220,DCE.p2403,7108,0,0,1143,0
[2023.12.20 10:54:19 - info ] Data file ../FUT_Data/rt/ticks/DCE/p2403.dmb not exists, initializing...
[2023.12.20 10:54:19 - warning] [pipeToKlines] [DCE.p2403] 20231220.63213000 is invalid timestamp, skip this tick
[2023.12.20 10:54:19 - info ] First tick of new tradingday 20231220,DCE.p2404,7096,0,0,98,0
[2023.12.20 10:54:19 - info ] Data file ../FUT_Data/rt/ticks/DCE/p2404.dmb not exists, initializing...
[2023.12.20 10:54:19 - warning] [pipeToKlines] [DCE.p2404] 20231220.63213000 is invalid timestamp, skip this tick
[2023.12.20 10:54:19 - info ] First tick of new tradingday 20231220,DCE.p2405,7202,5,359980,755,5
[2023.12.20 10:54:19 - info ] Data file ../FUT_Data/rt/ticks/DCE/p2405.dmb not exists, initializing...
[2023.12.20 10:54:19 - info ] Data file ../FUT_Data/rt/min1/DCE/p2405.dmb not exists, initializing...
[2023.12.20 10:54:19 - info ] Data file ../FUT_Data/rt/min5/DCE/p2405.dmb not exists, initializing...
[2023.12.20 10:54:19 - info ] First tick of new tradingday 20231220,DCE.p2406,7100,0,0,45,0
[2023.12.20 10:54:19 - info ] Data file ../FUT_Data/rt/ticks/DCE/p2406.dmb not exists, initializing...
[2023.12.20 10:54:19 - warning] [pipeToKlines] [DCE.p2406] 20231220.63213000 is invalid timestamp, skip this tick
[2023.12.20 10:54:19 - info ] First tick of new tradingday 20231220,DCE.p2407,7062,0,0,1096,0
[2023.12.20 10:54:19 - info ] Data file ../FUT_Data/rt/ticks/DCE/p2407.dmb not exists, initializing...
[2023.12.20 10:54:19 - warning] [pipeToKlines] [DCE.p2407] 20231220.63213000 is invalid timestamp, skip this tick
[2023.12.20 10:54:19 - info ] First tick of new tradingday 20231220,DCE.p2408,7042,0,0,344,0
[2023.12.20 10:54:19 - info ] Data file ../FUT_Data/rt/ticks/DCE/p2408.dmb not exists, initializing...
[2023.12.20 10:54:19 - warning] [pipeToKlines] [DCE.p2408] 20231220.63213000 is invalid timestamp, skip this tick
[2023.12.20 10:54:19 - info ] First tick of new tradingday 20231220,DCE.p2409,7000,0,0,84,0
[2023.12.20 10:54:19 - info ] Data file ../FUT_Data/rt/ticks/DCE/p2409.dmb not exists, initializing...
[2023.12.20 10:54:19 - warning] [pipeToKlines] [DCE.p2409] 20231220.63213000 is invalid timestamp, skip this tick
[2023.12.20 10:54:19 - info ] First tick of new tradingday 20231220,DCE.m2401,3874,2,77460,62164,0
[2023.12.20 10:54:19 - info ] Data file ../FUT_Data/rt/ticks/DCE/m2401.dmb not exists, initializing...
[2023.12.20 10:54:19 - info ] Data file ../FUT_Data/rt/min1/DCE/m2401.dmb not exists, initializing...
[2023.12.20 10:54:19 - info ] Data file ../FUT_Data/rt/min5/DCE/m2401.dmb not exists, initializing...
[2023.12.20 10:54:19 - info ] First tick of new tradingday 20231220,DCE.m2403,4084,1,40840,5242,1
[2023.12.20 10:54:19 - info ] Data file ../FUT_Data/rt/ticks/DCE/m2403.dmb not exists, initializing...
[2023.12.20 10:54:19 - info ] Data file ../FUT_Data/rt/min1/DCE/m2403.dmb not exists, initializing...
[2023.12.20 10:54:19 - info ] Data file ../FUT_Data/rt/min5/DCE/m2403.dmb not exists, initializing...
[2023.12.20 10:54:19 - info ] First tick of new tradingday 20231220,DCE.m2405,3355,74,2479820,1996,17
[2023.12.20 10:54:19 - info ] Data file ../FUT_Data/rt/ticks/DCE/m2405.dmb not exists, initializing...
[2023.12.20 10:54:19 - info ] Data file ../FUT_Data/rt/min1/DCE/m2405.dmb not exists, initializing...
[2023.12.20 10:54:19 - info ] Data file ../FUT_Data/rt/min5/DCE/m2405.dmb not exists, initializing...
[2023.12.20 10:54:19 - info ] First tick of new tradingday 20231220,DCE.m2407,3390,2,67800,301,0
[2023.12.20 10:54:19 - info ] Data file ../FUT_Data/rt/ticks/DCE/m2407.dmb not exists, initializing...
[2023.12.20 10:54:19 - info ] Data file ../FUT_Data/rt/min1/DCE/m2407.dmb not exists, initializing...
[2023.12.20 10:54:19 - info ] Data file ../FUT_Data/rt/min5/DCE/m2407.dmb not exists, initializing...
[2023.12.20 10:54:19 - info ] First tick of new tradingday 20231220,DCE.m2408,3441,8018,275899460,8956,8012
[2023.12.20 10:54:19 - info ] Data file ../FUT_Data/rt/ticks/DCE/m2408.dmb not exists, initializing...
[2023.12.20 10:54:19 - info ] Data file ../FUT_Data/rt/min1/DCE/m2408.dmb not exists, initializing...
[2023.12.20 10:54:19 - info ] Data file ../FUT_Data/rt/min5/DCE/m2408.dmb not exists, initializing...
[2023.12.20 10:54:19 - info ] First tick of new tradingday 20231220,DCE.m2409,3560,0,0,1598,0
[2023.12.20 10:54:19 - info ] Data file ../FUT_Data/rt/ticks/DCE/m2409.dmb not exists, initializing...
[2023.12.20 10:54:19 - warning] [pipeToKlines] [DCE.m2409] 20231220.63213000 is invalid timestamp, skip this tick
[2023.12.20 10:54:19 - info ] First tick of new tradingday 20231220,DCE.lh2411,18000,0,0,12,0
[2023.12.20 10:54:19 - info ] Data file ../FUT_Data/rt/ticks/DCE/lh2411.dmb not exists, initializing...
[2023.12.20 10:54:19 - info ] Data file ../FUT_Data/rt/min1/DCE/lh2411.dmb not exists, initializing...
[2023.12.20 10:54:19 - info ] Data file ../FUT_Data/rt/min5/DCE/lh2411.dmb not exists, initializing...
[2023.12.20 10:54:19 - info ] First tick of new tradingday 20231220,DCE.j2401,2585,2,517000,506,-2
[2023.12.20 10:54:19 - info ] Data file ../FUT_Data/rt/ticks/DCE/j2401.dmb not exists, initializing...
[2023.12.20 10:54:19 - info ] Data file ../FUT_Data/rt/min1/DCE/j2401.dmb not exists, initializing...
[2023.12.20 10:54:19 - info ] Data file ../FUT_Data/rt/min5/DCE/j2401.dmb not exists, initializing...
[2023.12.20 10:54:19 - info ] First tick of new tradingday 20231220,DCE.j2402,2590,0,0,68,0
[2023.12.20 10:54:19 - info ] Data file ../FUT_Data/rt/ticks/DCE/j2402.dmb not exists, initializing...
[2023.12.20 10:54:19 - info ] Data file ../FUT_Data/rt/min1/DCE/j2402.dmb not exists, initializing...
[2023.12.20 10:54:19 - info ] Data file ../FUT_Data/rt/min5/DCE/j2402.dmb not exists, initializing...
[2023.12.20 10:54:19 - info ] First tick of new tradingday 20231220,DCE.j2403,2576,0,0,568,0
[2023.12.20 10:54:19 - info ] Data file ../FUT_Data/rt/ticks/DCE/j2403.dmb not exists, initializing...
[2023.12.20 10:54:19 - info ] Data file ../FUT_Data/rt/min1/DCE/j2403.dmb not exists, initializing...
[2023.12.20 10:54:19 - info ] Data file ../FUT_Data/rt/min5/DCE/j2403.dmb not exists, initializing...
[2023.12.20 10:54:19 - info ] First tick of new tradingday 20231220,SHFE.rb2410,3404,0,0,351,0
[2023.12.20 10:54:19 - info ] Data file ../FUT_Data/rt/ticks/SHFE/rb2410.dmb not exists, initializing...
[2023.12.20 10:54:19 - info ] Data file ../FUT_Data/rt/min1/SHFE/rb2410.dmb not exists, initializing...
[2023.12.20 10:54:19 - info ] Data file ../FUT_Data/rt/min5/SHFE/rb2410.dmb not exists, initializing...
[2023.12.20 10:54:19 - info ] First tick of new tradingday 20231220,DCE.j2404,2575.5,0,0,32,0
[2023.12.20 10:54:19 - info ] Data file ../FUT_Data/rt/ticks/DCE/j2404.dmb not exists, initializing...
[2023.12.20 10:54:19 - info ] Data file ../FUT_Data/rt/min1/DCE/j2404.dmb not exists, initializing...
[2023.12.20 10:54:19 - info ] Data file ../FUT_Data/rt/min5/DCE/j2404.dmb not exists, initializing...
[2023.12.20 10:54:19 - info ] 20 ticks received from exchange DCE
[2023.12.20 10:54:19 - info ] First tick of new tradingday 20231220,SHFE.rb2411,3891,0,0,251,0
[2023.12.20 10:54:19 - info ] Data file ../FUT_Data/rt/ticks/SHFE/rb2411.dmb not exists, initializing...
[2023.12.20 10:54:19 - info ] Data file ../FUT_Data/rt/min1/SHFE/rb2411.dmb not exists, initializing...
[2023.12.20 10:54:19 - info ] Data file ../FUT_Data/rt/min5/SHFE/rb2411.dmb not exists, initializing...
[2023.12.20 10:54:19 - info ] First tick of new tradingday 20231220,DCE.j2405,2523.5,1,252350,93,0
[2023.12.20 10:54:19 - info ] Data file ../FUT_Data/rt/ticks/DCE/j2405.dmb not exists, initializing...
[2023.12.20 10:54:19 - info ] Data file ../FUT_Data/rt/min1/DCE/j2405.dmb not exists, initializing...
[2023.12.20 10:54:19 - info ] Data file ../FUT_Data/rt/min5/DCE/j2405.dmb not exists, initializing...
[2023.12.20 10:54:19 - info ] First tick of new tradingday 20231220,DCE.j2406,2387,0,0,58,0
[2023.12.20 10:54:19 - info ] Data file ../FUT_Data/rt/ticks/DCE/j2406.dmb not exists, initializing...
[2023.12.20 10:54:19 - info ] Data file ../FUT_Data/rt/min1/DCE/j2406.dmb not exists, initializing...
[2023.12.20 10:54:19 - info ] Data file ../FUT_Data/rt/min5/DCE/j2406.dmb not exists, initializing...
[2023.12.20 10:54:19 - info ] First tick of new tradingday 20231220,DCE.j2407,2094,0,0,53,0
[2023.12.20 10:54:19 - info ] Data file ../FUT_Data/rt/ticks/DCE/j2407.dmb not exists, initializing...
[2023.12.20 10:54:19 - warning] [pipeToKlines] [DCE.j2407] 20231220.63213000 is invalid timestamp, skip this tick
[2023.12.20 10:54:19 - info ] First tick of new tradingday 20231220,DCE.j2408,2381,0,0,36,0
[2023.12.20 10:54:19 - info ] Data file ../FUT_Data/rt/ticks/DCE/j2408.dmb not exists, initializing...
[2023.12.20 10:54:19 - warning] [pipeToKlines] [DCE.j2408] 20231220.63213000 is invalid timestamp, skip this tick
[2023.12.20 10:54:19 - info ] First tick of new tradingday 20231220,DCE.j2409,2482,0,0,119,0
[2023.12.20 10:54:19 - info ] Data file ../FUT_Data/rt/ticks/DCE/j2409.dmb not exists, initializing...
[2023.12.20 10:54:19 - warning] [pipeToKlines] [DCE.j2409] 20231220.63213000 is invalid timestamp, skip this tick
[2023.12.20 10:54:19 - info ] First tick of new tradingday 20231220,DCE.i2410,928,0,0,1160,0
[2023.12.20 10:54:19 - info ] Data file ../FUT_Data/rt/ticks/DCE/i2410.dmb not exists, initializing...
[2023.12.20 10:54:19 - info ] Data file ../FUT_Data/rt/min1/DCE/i2410.dmb not exists, initializing...
[2023.12.20 10:54:19 - info ] Data file ../FUT_Data/rt/min5/DCE/i2410.dmb not exists, initializing...
[2023.12.20 10:54:19 - info ] First tick of new tradingday 20231220,DCE.i2411,758,0,0,267,0
[2023.12.20 10:54:19 - info ] Data file ../FUT_Data/rt/ticks/DCE/i2411.dmb not exists, initializing...
[2023.12.20 10:54:19 - info ] Data file ../FUT_Data/rt/min1/DCE/i2411.dmb not exists, initializing...
[2023.12.20 10:54:19 - info ] Data file ../FUT_Data/rt/min5/DCE/i2411.dmb not exists, initializing...
[2023.12.20 10:54:19 - info ] First tick of new tradingday 20231220,DCE.y2411,7432,0,0,128,0
[2023.12.20 10:54:19 - info ] Data file ../FUT_Data/rt/ticks/DCE/y2411.dmb not exists, initializing...
[2023.12.20 10:54:19 - warning] [pipeToKlines] [DCE.y2411] 20231220.63213000 is invalid timestamp, skip this tick
[2023.12.20 10:54:19 - info ] First tick of new tradingday 20231220,SHFE.hc2401,1962.0000000000002,1,19620.000000000004,14558,0
[2023.12.20 10:54:19 - info ] Data file ../FUT_Data/rt/ticks/SHFE/hc2401.dmb not exists, initializing...
[2023.12.20 10:54:19 - info ] Data file ../FUT_Data/rt/min1/SHFE/hc2401.dmb not exists, initializing...
[2023.12.20 10:54:19 - info ] Data file ../FUT_Data/rt/min5/SHFE/hc2401.dmb not exists, initializing...
[2023.12.20 10:54:19 - info ] First tick of new tradingday 20231220,SHFE.hc2402,1872,0,0,21534,0
[2023.12.20 10:54:19 - info ] Data file ../FUT_Data/rt/ticks/SHFE/hc2402.dmb not exists, initializing...
[2023.12.20 10:54:19 - info ] Data file ../FUT_Data/rt/min1/SHFE/hc2402.dmb not exists, initializing...
[2023.12.20 10:54:19 - info ] Data file ../FUT_Data/rt/min5/SHFE/hc2402.dmb not exists, initializing...
[2023.12.20 10:54:19 - info ] First tick of new tradingday 20231220,SHFE.hc2403,2402,0,0,1052,0
[2023.12.20 10:54:19 - info ] Data file ../FUT_Data/rt/ticks/SHFE/hc2403.dmb not exists, initializing...
[2023.12.20 10:54:19 - info ] Data file ../FUT_Data/rt/min1/SHFE/hc2403.dmb not exists, initializing...
[2023.12.20 10:54:19 - info ] Data file ../FUT_Data/rt/min5/SHFE/hc2403.dmb not exists, initializing...
[2023.12.20 10:54:19 - info ] First tick of new tradingday 20231220,SHFE.hc2404,2504,0,0,85,0
[2023.12.20 10:54:19 - info ] Data file ../FUT_Data/rt/ticks/SHFE/hc2404.dmb not exists, initializing...
[2023.12.20 10:54:19 - info ] Data file ../FUT_Data/rt/min1/SHFE/hc2404.dmb not exists, initializing...
[2023.12.20 10:54:19 - info ] Data file ../FUT_Data/rt/min5/SHFE/hc2404.dmb not exists, initializing...
[2023.12.20 10:54:19 - info ] First tick of new tradingday 20231220,SHFE.hc2405,2462,0,0,223,0
[2023.12.20 10:54:19 - info ] Data file ../FUT_Data/rt/ticks/SHFE/hc2405.dmb not exists, initializing...
[2023.12.20 10:54:19 - info ] Data file ../FUT_Data/rt/min1/SHFE/hc2405.dmb not exists, initializing...
[2023.12.20 10:54:19 - info ] Data file ../FUT_Data/rt/min5/SHFE/hc2405.dmb not exists, initializing...
[2023.12.20 10:54:19 - info ] First tick of new tradingday 20231220,SHFE.hc2406,2274,0,0,72,0
[2023.12.20 10:54:19 - info ] Data file ../FUT_Data/rt/ticks/SHFE/hc2406.dmb not exists, initializing...
[2023.12.20 10:54:19 - info ] Data file ../FUT_Data/rt/min1/SHFE/hc2406.dmb not exists, initializing...
[2023.12.20 10:54:19 - info ] Data file ../FUT_Data/rt/min5/SHFE/hc2406.dmb not exists, initializing...
[2023.12.20 10:54:19 - info ] First tick of new tradingday 20231220,SHFE.hc2407,2308,0,0,154,0
[2023.12.20 10:54:19 - info ] Data file ../FUT_Data/rt/ticks/SHFE/hc2407.dmb not exists, initializing...
[2023.12.20 10:54:19 - info ] Data file ../FUT_Data/rt/min1/SHFE/hc2407.dmb not exists, initializing...
[2023.12.20 10:54:19 - info ] Data file ../FUT_Data/rt/min5/SHFE/hc2407.dmb not exists, initializing...
[2023.12.20 10:54:19 - info ] First tick of new tradingday 20231220,SHFE.hc2408,2298,0,0,62,0
[2023.12.20 10:54:19 - info ] Data file ../FUT_Data/rt/ticks/SHFE/hc2408.dmb not exists, initializing...
[2023.12.20 10:54:19 - info ] Data file ../FUT_Data/rt/min1/SHFE/hc2408.dmb not exists, initializing...
[2023.12.20 10:54:19 - info ] Data file ../FUT_Data/rt/min5/SHFE/hc2408.dmb not exists, initializing...
[2023.12.20 10:54:19 - info ] First tick of new tradingday 20231220,SHFE.hc2409,2348,0,0,112,0
[2023.12.20 10:54:19 - info ] Data file ../FUT_Data/rt/ticks/SHFE/hc2409.dmb not exists, initializing...
[2023.12.20 10:54:19 - info ] Data file ../FUT_Data/rt/min1/SHFE/hc2409.dmb not exists, initializing...
[2023.12.20 10:54:19 - info ] Data file ../FUT_Data/rt/min5/SHFE/hc2409.dmb not exists, initializing...
[2023.12.20 10:54:19 - info ] First tick of new tradingday 20231220,DCE.p2410,6926,0,0,39,0
[2023.12.20 10:54:19 - info ] Data file ../FUT_Data/rt/ticks/DCE/p2410.dmb not exists, initializing...
[2023.12.20 10:54:19 - warning] [pipeToKlines] [DCE.p2410] 20231220.63213000 is invalid timestamp, skip this tick
[2023.12.20 10:54:19 - info ] First tick of new tradingday 20231220,DCE.p2411,6916,0,0,127,0
[2023.12.20 10:54:19 - info ] Data file ../FUT_Data/rt/ticks/DCE/p2411.dmb not exists, initializing...
[2023.12.20 10:54:19 - warning] [pipeToKlines] [DCE.p2411] 20231220.63213000 is invalid timestamp, skip this tick
[2023.12.20 10:54:19 - info ] First tick of new tradingday 20231220,DCE.m2411,3390,0,0,42,0
[2023.12.20 10:54:19 - info ] Data file ../FUT_Data/rt/ticks/DCE/m2411.dmb not exists, initializing...
[2023.12.20 10:54:19 - warning] [pipeToKlines] [DCE.m2411] 20231220.63213000 is invalid timestamp, skip this tick
[2023.12.20 10:54:19 - info ] First tick of new tradingday 20231220,DCE.lh2401,14155,7,1578960,549,1
[2023.12.20 10:54:19 - info ] Data file ../FUT_Data/rt/ticks/DCE/lh2401.dmb not exists, initializing...
[2023.12.20 10:54:19 - info ] Data file ../FUT_Data/rt/min1/DCE/lh2401.dmb not exists, initializing...
[2023.12.20 10:54:19 - info ] Data file ../FUT_Data/rt/min5/DCE/lh2401.dmb not exists, initializing...
[2023.12.20 10:54:19 - info ] First tick of new tradingday 20231220,DCE.lh2403,13950,8,1785520,612,-4
[2023.12.20 10:54:19 - info ] Data file ../FUT_Data/rt/ticks/DCE/lh2403.dmb not exists, initializing...
[2023.12.20 10:54:19 - info ] Data file ../FUT_Data/rt/min1/DCE/lh2403.dmb not exists, initializing...
[2023.12.20 10:54:19 - info ] Data file ../FUT_Data/rt/min5/DCE/lh2403.dmb not exists, initializing...
[2023.12.20 10:54:19 - info ] First tick of new tradingday 20231220,DCE.lh2405,15230,0,0,477,0
[2023.12.20 10:54:19 - info ] Data file ../FUT_Data/rt/ticks/DCE/lh2405.dmb not exists, initializing...
[2023.12.20 10:54:19 - info ] Data file ../FUT_Data/rt/min1/DCE/lh2405.dmb not exists, initializing...
[2023.12.20 10:54:19 - info ] Data file ../FUT_Data/rt/min5/DCE/lh2405.dmb not exists, initializing...
[2023.12.20 10:54:19 - info ] First tick of new tradingday 20231220,DCE.lh2407,16095,0,0,34,0
[2023.12.20 10:54:19 - info ] Data file ../FUT_Data/rt/ticks/DCE/lh2407.dmb not exists, initializing...
[2023.12.20 10:54:19 - info ] Data file ../FUT_Data/rt/min1/DCE/lh2407.dmb not exists, initializing...
[2023.12.20 10:54:19 - info ] Data file ../FUT_Data/rt/min5/DCE/lh2407.dmb not exists, initializing...
[2023.12.20 10:54:19 - info ] First tick of new tradingday 20231220,SHFE.rb2401,4050.0000000000005,117,4750710,21054,-23
[2023.12.20 10:54:19 - info ] Data file ../FUT_Data/rt/ticks/SHFE/rb2401.dmb not exists, initializing...
[2023.12.20 10:54:19 - info ] Data file ../FUT_Data/rt/min1/SHFE/rb2401.dmb not exists, initializing...
[2023.12.20 10:54:19 - info ] Data file ../FUT_Data/rt/min5/SHFE/rb2401.dmb not exists, initializing...
[2023.12.20 10:54:19 - info ] First tick of new tradingday 20231220,SHFE.rb2402,4007,0,0,9765,0
[2023.12.20 10:54:19 - info ] Data file ../FUT_Data/rt/ticks/SHFE/rb2402.dmb not exists, initializing...
[2023.12.20 10:54:19 - info ] Data file ../FUT_Data/rt/min1/SHFE/rb2402.dmb not exists, initializing...
[2023.12.20 10:54:19 - info ] Data file ../FUT_Data/rt/min5/SHFE/rb2402.dmb not exists, initializing...
[2023.12.20 10:54:19 - info ] First tick of new tradingday 20231220,DCE.lh2409,17190,1,275040,142,1
[2023.12.20 10:54:19 - info ] Data file ../FUT_Data/rt/ticks/DCE/lh2409.dmb not exists, initializing...
[2023.12.20 10:54:19 - info ] Data file ../FUT_Data/rt/min1/DCE/lh2409.dmb not exists, initializing...
[2023.12.20 10:54:20 - info ] Data file ../FUT_Data/rt/min5/DCE/lh2409.dmb not exists, initializing...
[2023.12.20 10:54:20 - info ] First tick of new tradingday 20231220,DCE.j2410,2328.5,0,0,127,0
[2023.12.20 10:54:20 - info ] Data file ../FUT_Data/rt/ticks/DCE/j2410.dmb not exists, initializing...
[2023.12.20 10:54:20 - warning] [pipeToKlines] [DCE.j2410] 20231220.63213000 is invalid timestamp, skip this tick
[2023.12.20 10:54:20 - info ] First tick of new tradingday 20231220,SHFE.rb2403,3569,0,0,2215,0
[2023.12.20 10:54:20 - info ] Data file ../FUT_Data/rt/ticks/SHFE/rb2403.dmb not exists, initializing...
[2023.12.20 10:54:20 - info ] Data file ../FUT_Data/rt/min1/SHFE/rb2403.dmb not exists, initializing...
[2023.12.20 10:54:20 - info ] Data file ../FUT_Data/rt/min5/SHFE/rb2403.dmb not exists, initializing...
[2023.12.20 10:54:20 - info ] First tick of new tradingday 20231220,DCE.j2411,2302.5,0,0,23,0
[2023.12.20 10:54:20 - info ] Data file ../FUT_Data/rt/ticks/DCE/j2411.dmb not exists, initializing...
[2023.12.20 10:54:20 - warning] [pipeToKlines] [DCE.j2411] 20231220.63213000 is invalid timestamp, skip this tick
[2023.12.20 10:54:20 - info ] First tick of new tradingday 20231220,SHFE.rb2404,2946,0,0,575,0
[2023.12.20 10:54:20 - info ] Data file ../FUT_Data/rt/ticks/SHFE/rb2404.dmb not exists, initializing...
[2023.12.20 10:54:20 - info ] Data file ../FUT_Data/rt/min1/SHFE/rb2404.dmb not exists, initializing...
[2023.12.20 10:54:20 - info ] Data file ../FUT_Data/rt/min5/SHFE/rb2404.dmb not exists, initializing...
[2023.12.20 10:54:20 - info ] First tick of new tradingday 20231220,SHFE.rb2405,3937.0000000000005,242,9494740.000000002,3100,164
[2023.12.20 10:54:20 - info ] Data file ../FUT_Data/rt/ticks/SHFE/rb2405.dmb not exists, initializing...
[2023.12.20 10:54:20 - info ] Data file ../FUT_Data/rt/min1/SHFE/rb2405.dmb not exists, initializing...
[2023.12.20 10:54:20 - info ] Data file ../FUT_Data/rt/min5/SHFE/rb2405.dmb not exists, initializing...
[2023.12.20 10:54:20 - info ] First tick of new tradingday 20231220,SHFE.rb2406,2500,1,25000,10626,1
[2023.12.20 10:54:20 - info ] Data file ../FUT_Data/rt/ticks/SHFE/rb2406.dmb not exists, initializing...
[2023.12.20 10:54:20 - info ] Data file ../FUT_Data/rt/min1/SHFE/rb2406.dmb not exists, initializing...
[2023.12.20 10:54:20 - info ] Data file ../FUT_Data/rt/min5/SHFE/rb2406.dmb not exists, initializing...
[2023.12.20 10:54:20 - info ] First tick of new tradingday 20231220,SHFE.rb2407,2863,1,28630,325,1
[2023.12.20 10:54:20 - info ] Data file ../FUT_Data/rt/ticks/SHFE/rb2407.dmb not exists, initializing...
[2023.12.20 10:54:20 - info ] Data file ../FUT_Data/rt/min1/SHFE/rb2407.dmb not exists, initializing...
[2023.12.20 10:54:20 - info ] Data file ../FUT_Data/rt/min5/SHFE/rb2407.dmb not exists, initializing...
[2023.12.20 10:54:20 - info ] 20 ticks received from exchange SHFE
[2023.12.20 10:54:20 - info ] First tick of new tradingday 20231220,SHFE.rb2408,3131,0,0,340,0
[2023.12.20 10:54:20 - info ] Data file ../FUT_Data/rt/ticks/SHFE/rb2408.dmb not exists, initializing...
[2023.12.20 10:54:20 - info ] Data file ../FUT_Data/rt/min1/SHFE/rb2408.dmb not exists, initializing...
[2023.12.20 10:54:20 - info ] Data file ../FUT_Data/rt/min5/SHFE/rb2408.dmb not exists, initializing...
[2023.12.20 10:54:20 - info ] First tick of new tradingday 20231220,SHFE.rb2409,3142,0,0,166,0
[2023.12.20 10:54:20 - info ] Data file ../FUT_Data/rt/ticks/SHFE/rb2409.dmb not exists, initializing...
[2023.12.20 10:54:20 - info ] Data file ../FUT_Data/rt/min1/SHFE/rb2409.dmb not exists, initializing...
[2023.12.20 10:54:20 - info ] Data file ../FUT_Data/rt/min5/SHFE/rb2409.dmb not exists, initializing...
[2023.12.20 10:54:20 - info ] First tick of new tradingday 20231220,DCE.i2401,900,130,13955400,14915,-7
[2023.12.20 10:54:20 - info ] Data file ../FUT_Data/rt/ticks/DCE/i2401.dmb not exists, initializing...
[2023.12.20 10:54:20 - info ] Data file ../FUT_Data/rt/min1/DCE/i2401.dmb not exists, initializing...
[2023.12.20 10:54:20 - info ] Data file ../FUT_Data/rt/min5/DCE/i2401.dmb not exists, initializing...
[2023.12.20 10:54:20 - info ] First tick of new tradingday 20231220,DCE.i2402,980.5,0,0,3922,0
[2023.12.20 10:54:20 - info ] Data file ../FUT_Data/rt/ticks/DCE/i2402.dmb not exists, initializing...
[2023.12.20 10:54:20 - info ] Data file ../FUT_Data/rt/min1/DCE/i2402.dmb not exists, initializing...
[2023.12.20 10:54:20 - info ] Data file ../FUT_Data/rt/min5/DCE/i2402.dmb not exists, initializing...
[2023.12.20 10:54:20 - info ] 40 ticks received from exchange DCE
[2023.12.20 10:54:20 - info ] First tick of new tradingday 20231220,DCE.i2403,1056,0,0,3104,0
[2023.12.20 10:54:20 - info ] Data file ../FUT_Data/rt/ticks/DCE/i2403.dmb not exists, initializing...
[2023.12.20 10:54:20 - info ] Data file ../FUT_Data/rt/min1/DCE/i2403.dmb not exists, initializing...
[2023.12.20 10:54:20 - info ] Data file ../FUT_Data/rt/min5/DCE/i2403.dmb not exists, initializing...
[2023.12.20 10:54:20 - info ] First tick of new tradingday 20231220,DCE.i2404,1036,3,310800,2289,3
[2023.12.20 10:54:20 - info ] Data file ../FUT_Data/rt/ticks/DCE/i2404.dmb not exists, initializing...
[2023.12.20 10:54:20 - info ] Data file ../FUT_Data/rt/min1/DCE/i2404.dmb not exists, initializing...
[2023.12.20 10:54:20 - info ] Data file ../FUT_Data/rt/min5/DCE/i2404.dmb not exists, initializing...
[2023.12.20 10:54:20 - info ] First tick of new tradingday 20231220,DCE.i2405,938,65,6086500,3444,10
[2023.12.20 10:54:20 - info ] Data file ../FUT_Data/rt/ticks/DCE/i2405.dmb not exists, initializing...
[2023.12.20 10:54:20 - info ] Data file ../FUT_Data/rt/min1/DCE/i2405.dmb not exists, initializing...
[2023.12.20 10:54:20 - info ] Data file ../FUT_Data/rt/min5/DCE/i2405.dmb not exists, initializing...
[2023.12.20 10:54:20 - info ] First tick of new tradingday 20231220,DCE.i2406,996,34,3244800,1793,24
[2023.12.20 10:54:20 - info ] Data file ../FUT_Data/rt/ticks/DCE/i2406.dmb not exists, initializing...
[2023.12.20 10:54:20 - info ] Data file ../FUT_Data/rt/min1/DCE/i2406.dmb not exists, initializing...
[2023.12.20 10:54:20 - info ] Data file ../FUT_Data/rt/min5/DCE/i2406.dmb not exists, initializing...
[2023.12.20 10:54:20 - info ] First tick of ne[2023.12.20 10:54:23 - info ] Trading sessions loaded
[2023.12.20 10:54:23 - warning] No session configured for CFFEX.TL
[2023.12.20 10:54:23 - warning] No session configured for CZCE.PX
[2023.12.20 10:54:23 - warning] No session configured for CZCE.SH
[2023.12.20 10:54:23 - warning] No session configured for GFEX.lc
[2023.12.20 10:54:23 - warning] No session configured for GFEX.si
[2023.12.20 10:54:23 - warning] No session configured for INE.ec
[2023.12.20 10:54:23 - warning] No session configured for SHFE.ao
[2023.12.20 10:54:23 - warning] No session configured for SHFE.br
[2023.12.20 10:54:23 - info ] Commodities configuration file ../common/commodities.json loaded
[2023.12.20 10:54:23 - info ] Contracts configuration file ../common/contracts_SP.json loaded, 2 exchanges
[2023.12.20 10:54:23 - info ] Holidays loaded
[2023.12.20 10:54:23 - info ] Data storage module E:/miniconda3/envs/wtpy/lib/site-packages/wtpy/wrapper/x64/WtDataStorage.dll loaded
[2023.12.20 10:54:23 - info ] WtDataWriter initialized, root dir: ../FUT_Data/, save_csv_tick: false, async_mode: false, log_group_size: 20, disable_history: false, disable_tick: false, disable_min1: false, disable_min5: false, disable_day: false, disable_trans: false, disable_ordque: false, disable_orders: false, min_price_mode: 0
[2023.12.20 10:54:23 - info ] Reading parser config from mdparsers.yaml...
[2023.12.20 10:54:23 - info ] [parserCTP] Parser module E:/miniconda3/envs/wtpy/lib/site-packages/wtpy/wrapper/x64/parsers/parserCTP.dll loaded
[2023.12.20 10:54:23 - info ] 1 market data parsers loaded in total
[2023.12.20 10:54:23 - info ] Callbacks of Extented Parser registration done
[2023.12.20 10:54:23 - info ] WonderTrader datakit initialzied，version: X64 v0.9.9 Build@Nov 27 2023 13:47:50
[2023.12.20 10:54:23 - info ] 1 parsers started
[2023.12.20 10:54:23 - info ] Trading session 期货白盘0900[FD0900] started receiving data
[2023.12.20 10:54:23 - info ] Trading session 期货白盘0915[FD0915] started receiving data
[2023.12.20 10:54:23 - info ] Trading session 期货夜盘0100[FN0100] started receiving data
[2023.12.20 10:54:23 - info ] Trading session 期货夜盘0230[FN0230] started receiving data
[2023.12.20 10:54:23 - info ] Trading session 期货夜盘2300[FN2300] started receiving data
[2023.12.20 10:54:23 - info ] No corresponding instrument of trading session 期货夜盘2330[FN2330], changed into holiday state
[2023.12.20 10:54:23 - info ] All instruments of trading session 期货夜盘2330[FN2330] are in holiday, changed into holiday state
[2023.12.20 10:54:23 - info ] Trading session 股票白盘0930[SD0930] started receiving data
[2023.12.20 10:54:23 - info ] [ParserCTP] Market data server connected
[2023.12.20 10:54:23 - info ] [ParserCTP] Market data server logined, 20231220
[2023.12.20 10:54:23 - info ] [ParserCTP] Market data of 82 contracts subscribed totally
[2023.12.20 10:54:23 - warning] [pipeToKlines] [DCE.p2402] 20231220.63213200 is invalid timestamp, skip this tick
[2023.12.20 10:54:23 - warning] [pipeToKlines] [DCE.p2403] 20231220.63213200 is invalid timestamp, skip this tick
[2023.12.20 10:54:23 - warning] [pipeToKlines] [DCE.p2404] 20231220.63213200 is invalid timestamp, skip this tick
[2023.12.20 10:54:23 - warning] [pipeToKlines] [DCE.p2406] 20231220.63213200 is invalid timestamp, skip this tick
[2023.12.20 10:54:23 - warning] [pipeToKlines] [DCE.p2407] 20231220.63213200 is invalid timestamp, skip this tick
[2023.12.20 10:54:23 - warning] [pipeToKlines] [DCE.p2408] 20231220.63213200 is invalid timestamp, skip this tick
[2023.12.20 10:54:23 - warning] [pipeToKlines] [DCE.p2409] 20231220.63213200 is invalid timestamp, skip this tick
[2023.12.20 10:54:23 - warning] [pipeToKlines] [DCE.m2409] 20231220.63213200 is invalid timestamp, skip this tick
[2023.12.20 10:54:23 - info ] 20 ticks received from exchange DCE
[2023.12.20 10:54:23 - warning] [pipeToKlines] [DCE.j2407] 20231220.63213200 is invalid timestamp, skip this tick
[2023.12.20 10:54:23 - warning] [pipeToKlines] [DCE.j2408] 20231220.63213200 is invalid timestamp, skip this tick
[2023.12.20 10:54:23 - warning] [pipeToKlines] [DCE.j2409] 20231220.63213200 is invalid timestamp, skip this tick
[2023.12.20 10:54:23 - warning] [pipeToKlines] [DCE.y2411] 20231220.63213200 is invalid timestamp, skip this tick
[2023.12.20 10:54:23 - warning] [pipeToKlines] [DCE.p2410] 20231220.63213200 is invalid timestamp, skip this tick
[2023.12.20 10:54:23 - warning] [pipeToKlines] [DCE.p2411] 20231220.63213200 is invalid timestamp, skip this tick
[2023.12.20 10:54:23 - warning] [pipeToKlines] [DCE.m2411] 20231220.63213200 is invalid timestamp, skip this tick
[2023.12.20 10:54:23 - warning] [pipeToKlines] [DCE.j2410] 20231220.63213200 is invalid timestamp, skip this tick
[2023.12.20 10:54:23 - warning] [pipeToKlines] [DCE.j2411] 20231220.63213200 is invalid timestamp, skip this tick
[2023.12.20 10:54:23 - info ] 20 ticks received from exchange SHFE
[2023.12.20 10:54:23 - info ] 40 ticks received from exchange DCE
[2023.12.20 10:54:23 - warning] [pipeToKlines] [DCE.y2403] 20231220.63213200 is invalid timestamp, skip this tick
[2023.12.20 10:54:23 - warning] [pipeToKlines] [DCE.y2407] 20231220.63213200 is invalid timestamp, skip this tick
[2023.12.20 10:54:23 - warning] [pipeToKlines] [DCE.y2408] 20231220.63213200 is invalid timestamp, skip this tick
[2023.12.20 10:54:23 - warning] [pipeToKlines] [DCE.y2409] 20231220.63213200 is invalid timestamp, skip this tick
[2023.12.20 10:54:33 - info ] 60 ticks received from exchange DCE
[2023.12.20 10:54:36 - info ] 40 ticks received from exchange SHFE
[2023.12.20 10:54:51 - info ] 60 ticks received from exchange SHFE
[2023.12.20 10:54:54 - info ] 80 ticks received from exchange DCE
[2023.12.20 10:54:59 - info ] 100 ticks received from exchange DCE
[2023.12.20 10:55:08 - info ] 120 ticks received from exchange DCE
[2023.12.20 10:55:10 - info ] 80 ticks received from exchange SHFE
[2023.12.20 10:55:22 - info ] 100 ticks received from exchange SHFE
[2023.12.20 10:55:34 - info ] 140 ticks received from exchange DCE
