[2023.08.31 13:30:25 - info ] 0 conditions recovered, setup time: 0
[2023.08.31 13:30:25 - info ] SSE.ETF.510050 untouched signal recovered, target pos: 0
[2023.08.31 13:30:25 - info ] Market data subscribed: SSE.ETF.510050
[2023.08.31 13:30:25 - debug] Main KBars confirmed: SSE.ETF.510050#m1
[2023.08.31 13:30:25 - info ] Market data subscribed: SSE.ETF.510050
[2023.08.31 13:31:00 - debug] Main KBars SSE.ETF.510050#m1 closed
[2023.08.31 13:31:00 - info ] 1331 set SSE.ETF.510050 position -0.0
[2023.08.31 13:31:00 - debug] Strategy T0_LXY_510050 scheduled @ 1331
[2023.08.31 13:32:00 - debug] Main KBars SSE.ETF.510050#m1 closed
[2023.08.31 13:32:00 - info ] 1332 set SSE.ETF.510050 position 0.0
[2023.08.31 13:32:00 - debug] Strategy T0_LXY_510050 scheduled @ 1332
[2023.08.31 13:33:00 - debug] Main KBars SSE.ETF.510050#m1 closed
[2023.08.31 13:33:00 - info ] 1333 set SSE.ETF.510050 position 0.0
[2023.08.31 13:33:00 - debug] Strategy T0_LXY_510050 scheduled @ 1333
[2023.08.31 13:34:00 - debug] Main KBars SSE.ETF.510050#m1 closed
[2023.08.31 13:34:00 - info ] 1334 set SSE.ETF.510050 position 0.0
[2023.08.31 13:34:00 - debug] Strategy T0_LXY_510050 scheduled @ 1334
[2023.08.31 13:35:00 - debug] Main KBars SSE.ETF.510050#m1 closed
[2023.08.31 13:35:00 - info ] 1335 set SSE.ETF.510050 position -0.0
[2023.08.31 13:35:00 - debug] Strategy T0_LXY_510050 scheduled @ 1335
[2023.08.31 13:36:00 - debug] Main KBars SSE.ETF.510050#m1 closed
[2023.08.31 13:36:00 - info ] 1336 set SSE.ETF.510050 position 0.0
[2023.08.31 13:36:00 - debug] Strategy T0_LXY_510050 scheduled @ 1336
[2023.08.31 13:37:00 - debug] Main KBars SSE.ETF.510050#m1 closed
[2023.08.31 13:37:00 - info ] 1337 set SSE.ETF.510050 position 0.0
[2023.08.31 13:37:00 - debug] Strategy T0_LXY_510050 scheduled @ 1337
[2023.08.31 13:38:00 - debug] Main KBars SSE.ETF.510050#m1 closed
[2023.08.31 13:38:00 - info ] 1338 set SSE.ETF.510050 position 0.0
[2023.08.31 13:38:00 - debug] Strategy T0_LXY_510050 scheduled @ 1338
[2023.08.31 13:39:00 - debug] Main KBars SSE.ETF.510050#m1 closed
[2023.08.31 13:39:00 - info ] 1339 set SSE.ETF.510050 position 0.0
[2023.08.31 13:39:00 - debug] Strategy T0_LXY_510050 scheduled @ 1339
[2023.08.31 13:40:00 - debug] Main KBars SSE.ETF.510050#m1 closed
[2023.08.31 13:40:00 - info ] 1340 set SSE.ETF.510050 position -0.0
[2023.08.31 13:40:00 - debug] Strategy T0_LXY_510050 scheduled @ 1340
[2023.08.31 13:41:00 - debug] Main KBars SSE.ETF.510050#m1 closed
[2023.08.31 13:41:00 - info ] 1341 set SSE.ETF.510050 position -0.0
[2023.08.31 13:41:00 - debug] Strategy T0_LXY_510050 scheduled @ 1341
[2023.08.31 13:42:00 - debug] Main KBars SSE.ETF.510050#m1 closed
[2023.08.31 13:42:00 - info ] 1342 set SSE.ETF.510050 position 0.0
[2023.08.31 13:42:00 - debug] Strategy T0_LXY_510050 scheduled @ 1342
[2023.08.31 13:43:00 - debug] Main KBars SSE.ETF.510050#m1 closed
[2023.08.31 13:43:00 - info ] 1343 set SSE.ETF.510050 position -0.0
[2023.08.31 13:43:00 - debug] Strategy T0_LXY_510050 scheduled @ 1343
[2023.08.31 13:44:00 - debug] Main KBars SSE.ETF.510050#m1 closed
[2023.08.31 13:44:00 - info ] 1344 set SSE.ETF.510050 position 0.0
[2023.08.31 13:44:00 - debug] Strategy T0_LXY_510050 scheduled @ 1344
[2023.08.31 13:45:00 - debug] Main KBars SSE.ETF.510050#m1 closed
[2023.08.31 13:45:00 - info ] 1345 set SSE.ETF.510050 position 0.0
[2023.08.31 13:45:00 - debug] Strategy T0_LXY_510050 scheduled @ 1345
[2023.08.31 13:46:00 - debug] Main KBars SSE.ETF.510050#m1 closed
[2023.08.31 13:46:00 - info ] 1346 set SSE.ETF.510050 position -0.0
[2023.08.31 13:46:00 - debug] Strategy T0_LXY_510050 scheduled @ 1346
[2023.08.31 13:47:00 - debug] Main KBars SSE.ETF.510050#m1 closed
[2023.08.31 13:47:00 - info ] 1347 set SSE.ETF.510050 position 0.0
[2023.08.31 13:47:00 - debug] Strategy T0_LXY_510050 scheduled @ 1347
[2023.08.31 13:48:00 - debug] Main KBars SSE.ETF.510050#m1 closed
[2023.08.31 13:48:00 - info ] 1348 set SSE.ETF.510050 position 0.0
[2023.08.31 13:48:00 - debug] Strategy T0_LXY_510050 scheduled @ 1348
[2023.08.31 13:49:00 - debug] Main KBars SSE.ETF.510050#m1 closed
[2023.08.31 13:49:00 - info ] 1349 set SSE.ETF.510050 position 0.0
[2023.08.31 13:49:00 - debug] Strategy T0_LXY_510050 scheduled @ 1349
[2023.08.31 13:50:00 - debug] Main KBars SSE.ETF.510050#m1 closed
[2023.08.31 13:50:00 - info ] 1350 set SSE.ETF.510050 position 0.0
[2023.08.31 13:50:00 - debug] Strategy T0_LXY_510050 scheduled @ 1350
[2023.08.31 13:50:00 - info ] Strategy has been scheduled 20 times, totally taking 3097342 us, 154867.100 us each time
[2023.08.31 13:51:00 - debug] Main KBars SSE.ETF.510050#m1 closed
[2023.08.31 13:51:00 - info ] 1351 set SSE.ETF.510050 position 0.0
[2023.08.31 13:51:00 - debug] Strategy T0_LXY_510050 scheduled @ 1351
[2023.08.31 13:52:00 - debug] Main KBars SSE.ETF.510050#m1 closed
[2023.08.31 13:52:00 - info ] 1352 set SSE.ETF.510050 position -0.0
[2023.08.31 13:52:00 - debug] Strategy T0_LXY_510050 scheduled @ 1352
[2023.08.31 13:53:00 - debug] Main KBars SSE.ETF.510050#m1 closed
[2023.08.31 13:53:00 - info ] 1353 set SSE.ETF.510050 position -0.0
[2023.08.31 13:53:00 - debug] Strategy T0_LXY_510050 scheduled @ 1353
[2023.08.31 13:54:00 - debug] Main KBars SSE.ETF.510050#m1 closed
[2023.08.31 13:54:00 - info ] 1354 set SSE.ETF.510050 position 0.0
[2023.08.31 13:54:00 - debug] Strategy T0_LXY_510050 scheduled @ 1354
[2023.08.31 13:55:00 - debug] Main KBars SSE.ETF.510050#m1 closed
[2023.08.31 13:55:00 - info ] 1355 set SSE.ETF.510050 position 0.0
[2023.08.31 13:55:00 - debug] Strategy T0_LXY_510050 scheduled @ 1355
[2023.08.31 13:56:00 - debug] Main KBars SSE.ETF.510050#m1 closed
[2023.08.31 13:56:00 - info ] 1356 set SSE.ETF.510050 position 0.0
[2023.08.31 13:56:00 - debug] Strategy T0_LXY_510050 scheduled @ 1356
[2023.08.31 13:57:00 - debug] Main KBars SSE.ETF.510050#m1 closed
[2023.08.31 13:57:00 - info ] 1357 set SSE.ETF.510050 position -0.0
[2023.08.31 13:57:00 - debug] Strategy T0_LXY_510050 scheduled @ 1357
[2023.08.31 13:58:00 - debug] Main KBars SSE.ETF.510050#m1 closed
[2023.08.31 13:58:00 - info ] 1358 set SSE.ETF.510050 position 0.0
[2023.08.31 13:58:00 - debug] Strategy T0_LXY_510050 scheduled @ 1358
[2023.08.31 13:59:00 - debug] Main KBars SSE.ETF.510050#m1 closed
[2023.08.31 13:59:00 - info ] 1359 set SSE.ETF.510050 position -0.0
[2023.08.31 13:59:00 - debug] Strategy T0_LXY_510050 scheduled @ 1359
[2023.08.31 14:00:00 - debug] Main KBars SSE.ETF.510050#m1 closed
[2023.08.31 14:00:00 - info ] 1400 set SSE.ETF.510050 position -0.0
[2023.08.31 14:00:00 - debug] Strategy T0_LXY_510050 scheduled @ 1400
[2023.08.31 14:01:00 - debug] Main KBars SSE.ETF.510050#m1 closed
[2023.08.31 14:01:00 - info ] 1401 set SSE.ETF.510050 position 0.0
[2023.08.31 14:01:00 - debug] Strategy T0_LXY_510050 scheduled @ 1401
[2023.08.31 14:02:00 - debug] Main KBars SSE.ETF.510050#m1 closed
[2023.08.31 14:02:00 - info ] 1402 set SSE.ETF.510050 position -0.0
[2023.08.31 14:02:00 - debug] Strategy T0_LXY_510050 scheduled @ 1402
[2023.08.31 14:03:00 - debug] Main KBars SSE.ETF.510050#m1 closed
[2023.08.31 14:03:00 - info ] 1403 set SSE.ETF.510050 position -0.0
[2023.08.31 14:03:00 - debug] Strategy T0_LXY_510050 scheduled @ 1403
[2023.08.31 14:04:00 - debug] Main KBars SSE.ETF.510050#m1 closed
[2023.08.31 14:04:00 - info ] 1404 set SSE.ETF.510050 position -0.0
[2023.08.31 14:04:00 - debug] Strategy T0_LXY_510050 scheduled @ 1404
[2023.08.31 14:05:00 - debug] Main KBars SSE.ETF.510050#m1 closed
[2023.08.31 14:05:00 - info ] 1405 set SSE.ETF.510050 position -0.0
[2023.08.31 14:05:00 - debug] Strategy T0_LXY_510050 scheduled @ 1405
[2023.08.31 14:06:00 - debug] Main KBars SSE.ETF.510050#m1 closed
[2023.08.31 14:06:00 - info ] 1406 set SSE.ETF.510050 position -0.0
[2023.08.31 14:06:00 - debug] Strategy T0_LXY_510050 scheduled @ 1406
[2023.08.31 14:07:00 - debug] Main KBars SSE.ETF.510050#m1 closed
[2023.08.31 14:07:00 - info ] 1407 set SSE.ETF.510050 position 0.0
[2023.08.31 14:07:00 - debug] Strategy T0_LXY_510050 scheduled @ 1407
[2023.08.31 14:08:00 - debug] Main KBars SSE.ETF.510050#m1 closed
[2023.08.31 14:08:00 - info ] 1408 set SSE.ETF.510050 position 0.0
[2023.08.31 14:08:00 - debug] Strategy T0_LXY_510050 scheduled @ 1408
[2023.08.31 14:09:00 - debug] Main KBars SSE.ETF.510050#m1 closed
[2023.08.31 14:09:00 - info ] 1409 set SSE.ETF.510050 position -0.0
[2023.08.31 14:09:00 - debug] Strategy T0_LXY_510050 scheduled @ 1409
[2023.08.31 14:10:00 - debug] Main KBars SSE.ETF.510050#m1 closed
[2023.08.31 14:10:00 - info ] 1410 set SSE.ETF.510050 position 0.0
[2023.08.31 14:10:00 - debug] Strategy T0_LXY_510050 scheduled @ 1410
[2023.08.31 14:10:00 - info ] Strategy has been scheduled 40 times, totally taking 6230658 us, 155766.450 us each time
[2023.08.31 14:11:00 - debug] Main KBars SSE.ETF.510050#m1 closed
[2023.08.31 14:11:00 - info ] 1411 set SSE.ETF.510050 position -0.0
[2023.08.31 14:11:00 - debug] Strategy T0_LXY_510050 scheduled @ 1411
[2023.08.31 14:12:00 - debug] Main KBars SSE.ETF.510050#m1 closed
[2023.08.31 14:12:00 - info ] 1412 set SSE.ETF.510050 position 0.0
[2023.08.31 14:12:00 - debug] Strategy T0_LXY_510050 scheduled @ 1412
[2023.08.31 14:13:00 - debug] Main KBars SSE.ETF.510050#m1 closed
[2023.08.31 14:13:00 - info ] 1413 set SSE.ETF.510050 position 0.0
[2023.08.31 14:13:00 - debug] Strategy T0_LXY_510050 scheduled @ 1413
[2023.08.31 14:14:00 - debug] Main KBars SSE.ETF.510050#m1 closed
[2023.08.31 14:14:00 - info ] 1414 set SSE.ETF.510050 position 0.0
[2023.08.31 14:14:00 - debug] Strategy T0_LXY_510050 scheduled @ 1414
[2023.08.31 14:15:00 - debug] Main KBars SSE.ETF.510050#m1 closed
[2023.08.31 14:15:00 - info ] 1415 set SSE.ETF.510050 position -0.0
[2023.08.31 14:15:00 - debug] Strategy T0_LXY_510050 scheduled @ 1415
[2023.08.31 14:16:00 - debug] Main KBars SSE.ETF.510050#m1 closed
[2023.08.31 14:16:00 - info ] 1416 set SSE.ETF.510050 position -0.0
[2023.08.31 14:16:00 - debug] Strategy T0_LXY_510050 scheduled @ 1416
[2023.08.31 14:17:00 - debug] Main KBars SSE.ETF.510050#m1 closed
[2023.08.31 14:17:00 - info ] 1417 set SSE.ETF.510050 position 0.0
[2023.08.31 14:17:00 - debug] Strategy T0_LXY_510050 scheduled @ 1417
[2023.08.31 14:18:00 - debug] Main KBars SSE.ETF.510050#m1 closed
[2023.08.31 14:18:00 - info ] 1418 set SSE.ETF.510050 position 0.0
[2023.08.31 14:18:00 - debug] Strategy T0_LXY_510050 scheduled @ 1418
[2023.08.31 14:19:00 - debug] Main KBars SSE.ETF.510050#m1 closed
[2023.08.31 14:19:00 - info ] 1419 set SSE.ETF.510050 position 0.0
[2023.08.31 14:19:00 - debug] Strategy T0_LXY_510050 scheduled @ 1419
[2023.08.31 14:20:00 - debug] Main KBars SSE.ETF.510050#m1 closed
[2023.08.31 14:20:00 - info ] 1420 set SSE.ETF.510050 position -0.0
[2023.08.31 14:20:00 - debug] Strategy T0_LXY_510050 scheduled @ 1420
[2023.08.31 14:21:00 - debug] Main KBars SSE.ETF.510050#m1 closed
[2023.08.31 14:21:00 - info ] 1421 set SSE.ETF.510050 position 0.0
[2023.08.31 14:21:00 - debug] Strategy T0_LXY_510050 scheduled @ 1421
[2023.08.31 14:22:00 - debug] Main KBars SSE.ETF.510050#m1 closed
[2023.08.31 14:22:00 - info ] 1422 set SSE.ETF.510050 position -0.0
[2023.08.31 14:22:00 - debug] Strategy T0_LXY_510050 scheduled @ 1422
[2023.08.31 14:23:00 - debug] Main KBars SSE.ETF.510050#m1 closed
[2023.08.31 14:23:00 - info ] 1423 set SSE.ETF.510050 position -0.0
[2023.08.31 14:23:00 - debug] Strategy T0_LXY_510050 scheduled @ 1423
[2023.08.31 14:24:00 - debug] Main KBars SSE.ETF.510050#m1 closed
[2023.08.31 14:24:00 - info ] 1424 set SSE.ETF.510050 position -0.0
[2023.08.31 14:24:00 - debug] Strategy T0_LXY_510050 scheduled @ 1424
[2023.08.31 14:25:00 - debug] Main KBars SSE.ETF.510050#m1 closed
[2023.08.31 14:25:00 - info ] 1425 set SSE.ETF.510050 position 0.0
[2023.08.31 14:25:00 - debug] Strategy T0_LXY_510050 scheduled @ 1425
[2023.08.31 14:26:00 - debug] Main KBars SSE.ETF.510050#m1 closed
[2023.08.31 14:26:00 - info ] 1426 set SSE.ETF.510050 position -0.0
[2023.08.31 14:26:00 - debug] Strategy T0_LXY_510050 scheduled @ 1426
[2023.08.31 14:27:00 - debug] Main KBars SSE.ETF.510050#m1 closed
[2023.08.31 14:27:00 - info ] 1427 set SSE.ETF.510050 position -0.0
[2023.08.31 14:27:00 - debug] Strategy T0_LXY_510050 scheduled @ 1427
[2023.08.31 14:28:00 - debug] Main KBars SSE.ETF.510050#m1 closed
[2023.08.31 14:28:00 - info ] 1428 set SSE.ETF.510050 position -0.0
[2023.08.31 14:28:00 - debug] Strategy T0_LXY_510050 scheduled @ 1428
[2023.08.31 14:29:00 - debug] Main KBars SSE.ETF.510050#m1 closed
[2023.08.31 14:29:00 - info ] 1429 set SSE.ETF.510050 position 0.0
[2023.08.31 14:29:00 - debug] Strategy T0_LXY_510050 scheduled @ 1429
[2023.08.31 14:30:00 - debug] Main KBars SSE.ETF.510050#m1 closed
[2023.08.31 14:30:00 - info ] 1430 set SSE.ETF.510050 position -0.0
[2023.08.31 14:30:00 - debug] Strategy T0_LXY_510050 scheduled @ 1430
[2023.08.31 14:30:00 - info ] Strategy has been scheduled 60 times, totally taking 9424375 us, 157072.917 us each time
[2023.08.31 14:31:00 - debug] Main KBars SSE.ETF.510050#m1 closed
[2023.08.31 14:31:00 - info ] 1431 set SSE.ETF.510050 position -0.0
[2023.08.31 14:31:00 - debug] Strategy T0_LXY_510050 scheduled @ 1431
[2023.08.31 14:32:00 - debug] Main KBars SSE.ETF.510050#m1 closed
[2023.08.31 14:32:00 - info ] 1432 set SSE.ETF.510050 position -0.0
[2023.08.31 14:32:00 - debug] Strategy T0_LXY_510050 scheduled @ 1432
[2023.08.31 14:33:00 - debug] Main KBars SSE.ETF.510050#m1 closed
[2023.08.31 14:33:00 - info ] 1433 set SSE.ETF.510050 position 0.0
[2023.08.31 14:33:00 - debug] Strategy T0_LXY_510050 scheduled @ 1433
[2023.08.31 14:34:00 - debug] Main KBars SSE.ETF.510050#m1 closed
[2023.08.31 14:34:00 - info ] 1434 set SSE.ETF.510050 position 0.0
[2023.08.31 14:34:00 - debug] Strategy T0_LXY_510050 scheduled @ 1434
[2023.08.31 14:35:00 - debug] Main KBars SSE.ETF.510050#m1 closed
[2023.08.31 14:35:00 - info ] 1435 set SSE.ETF.510050 position 0.0
[2023.08.31 14:35:00 - debug] Strategy T0_LXY_510050 scheduled @ 1435
[2023.08.31 14:36:00 - debug] Main KBars SSE.ETF.510050#m1 closed
[2023.08.31 14:36:00 - info ] 1436 set SSE.ETF.510050 position 0.0
[2023.08.31 14:36:00 - debug] Strategy T0_LXY_510050 scheduled @ 1436
[2023.08.31 14:37:00 - debug] Main KBars SSE.ETF.510050#m1 closed
[2023.08.31 14:37:00 - info ] 1437 set SSE.ETF.510050 position 0.0
[2023.08.31 14:37:00 - debug] Strategy T0_LXY_510050 scheduled @ 1437
[2023.08.31 14:38:00 - debug] Main KBars SSE.ETF.510050#m1 closed
[2023.08.31 14:38:00 - info ] 1438 set SSE.ETF.510050 position 0.0
[2023.08.31 14:38:00 - debug] Strategy T0_LXY_510050 scheduled @ 1438
[2023.08.31 14:39:00 - debug] Main KBars SSE.ETF.510050#m1 closed
[2023.08.31 14:39:00 - info ] 1439 set SSE.ETF.510050 position 0.0
[2023.08.31 14:39:00 - debug] Strategy T0_LXY_510050 scheduled @ 1439
[2023.08.31 14:40:00 - debug] Main KBars SSE.ETF.510050#m1 closed
[2023.08.31 14:40:00 - info ] 1440 set SSE.ETF.510050 position -0.0
[2023.08.31 14:40:00 - debug] Strategy T0_LXY_510050 scheduled @ 1440
[2023.08.31 14:41:00 - debug] Main KBars SSE.ETF.510050#m1 closed
[2023.08.31 14:41:00 - info ] 1441 set SSE.ETF.510050 position -0.0
[2023.08.31 14:41:00 - debug] Strategy T0_LXY_510050 scheduled @ 1441
[2023.08.31 14:42:00 - debug] Main KBars SSE.ETF.510050#m1 closed
[2023.08.31 14:42:00 - info ] 1443 set SSE.ETF.510050 position 0.0
[2023.08.31 14:42:00 - debug] Strategy T0_LXY_510050 scheduled @ 1442
[2023.08.31 14:43:00 - debug] Main KBars SSE.ETF.510050#m1 closed
[2023.08.31 14:43:00 - info ] 1443 set SSE.ETF.510050 position -0.0
[2023.08.31 14:43:00 - debug] Strategy T0_LXY_510050 scheduled @ 1443
[2023.08.31 14:44:00 - debug] Main KBars SSE.ETF.510050#m1 closed
[2023.08.31 14:44:00 - info ] 1444 set SSE.ETF.510050 position 0.0
[2023.08.31 14:44:00 - debug] Strategy T0_LXY_510050 scheduled @ 1444
[2023.08.31 14:45:00 - debug] Main KBars SSE.ETF.510050#m1 closed
[2023.08.31 14:45:00 - info ] 1445 set SSE.ETF.510050 position 0.0
[2023.08.31 14:45:00 - debug] Strategy T0_LXY_510050 scheduled @ 1445
[2023.08.31 14:46:00 - debug] Main KBars SSE.ETF.510050#m1 closed
[2023.08.31 14:46:00 - info ] 1446 set SSE.ETF.510050 position -0.0
[2023.08.31 14:46:00 - debug] Strategy T0_LXY_510050 scheduled @ 1446
[2023.08.31 14:47:00 - debug] Main KBars SSE.ETF.510050#m1 closed
[2023.08.31 14:47:00 - info ] 1447 set SSE.ETF.510050 position 0.0
[2023.08.31 14:47:00 - debug] Strategy T0_LXY_510050 scheduled @ 1447
[2023.08.31 14:48:00 - debug] Main KBars SSE.ETF.510050#m1 closed
[2023.08.31 14:48:00 - info ] 1448 set SSE.ETF.510050 position 0.0
[2023.08.31 14:48:00 - debug] Strategy T0_LXY_510050 scheduled @ 1448
[2023.08.31 14:49:00 - debug] Main KBars SSE.ETF.510050#m1 closed
[2023.08.31 14:49:00 - info ] 1449 set SSE.ETF.510050 position -0.0
[2023.08.31 14:49:00 - debug] Strategy T0_LXY_510050 scheduled @ 1449
[2023.08.31 14:50:00 - debug] Main KBars SSE.ETF.510050#m1 closed
[2023.08.31 14:50:00 - info ] 1450 set SSE.ETF.510050 position 0.0
[2023.08.31 14:50:00 - debug] Strategy T0_LXY_510050 scheduled @ 1450
[2023.08.31 14:50:00 - info ] Strategy has been scheduled 80 times, totally taking 13282287 us, 166028.587 us each time
[2023.08.31 14:51:00 - debug] Main KBars SSE.ETF.510050#m1 closed
[2023.08.31 14:51:00 - info ] 1451 set SSE.ETF.510050 position 0.0
[2023.08.31 14:51:00 - debug] Strategy T0_LXY_510050 scheduled @ 1451
[2023.08.31 14:52:00 - debug] Main KBars SSE.ETF.510050#m1 closed
[2023.08.31 14:52:00 - info ] 1452 set SSE.ETF.510050 position 0.0
[2023.08.31 14:52:00 - debug] Strategy T0_LXY_510050 scheduled @ 1452
[2023.08.31 14:53:00 - debug] Main KBars SSE.ETF.510050#m1 closed
[2023.08.31 14:53:00 - info ] 1453 set SSE.ETF.510050 position -0.0
[2023.08.31 14:53:00 - debug] Strategy T0_LXY_510050 scheduled @ 1453
[2023.08.31 14:54:00 - debug] Main KBars SSE.ETF.510050#m1 closed
[2023.08.31 14:54:00 - info ] 1454 set SSE.ETF.510050 position -0.0
[2023.08.31 14:54:00 - debug] Strategy T0_LXY_510050 scheduled @ 1454
[2023.08.31 14:55:00 - debug] Main KBars SSE.ETF.510050#m1 closed
[2023.08.31 14:55:00 - info ] 1455 set SSE.ETF.510050 position -0.0
[2023.08.31 14:55:00 - debug] Strategy T0_LXY_510050 scheduled @ 1455
[2023.08.31 14:56:00 - debug] Main KBars SSE.ETF.510050#m1 closed
[2023.08.31 14:56:00 - info ] 1456 set SSE.ETF.510050 position 0.0
[2023.08.31 14:56:00 - debug] Strategy T0_LXY_510050 scheduled @ 1456
[2023.08.31 14:57:00 - debug] Main KBars SSE.ETF.510050#m1 closed
[2023.08.31 14:57:00 - info ] 1457 set SSE.ETF.510050 position 0.0
[2023.08.31 14:57:00 - debug] Strategy T0_LXY_510050 scheduled @ 1457
[2023.08.31 14:58:00 - debug] Main KBars SSE.ETF.510050#m1 closed
[2023.08.31 14:58:00 - info ] 1458 set SSE.ETF.510050 position 0
[2023.08.31 14:58:00 - debug] Strategy T0_LXY_510050 scheduled @ 1458
[2023.08.31 14:58:59 - debug] Main KBars SSE.ETF.510050#m1 closed
[2023.08.31 14:58:59 - info ] 1459 set SSE.ETF.510050 position 0
[2023.08.31 14:58:59 - debug] Strategy T0_LXY_510050 scheduled @ 1459
[2023.08.31 14:59:58 - debug] Main KBars SSE.ETF.510050#m1 closed
[2023.08.31 14:59:59 - info ] 1500 set SSE.ETF.510050 position 0
[2023.08.31 14:59:59 - debug] Strategy T0_LXY_510050 scheduled @ 1500
