[2023.09.04 09:25:07 - info ] 0 conditions recovered, setup time: 0
[2023.09.04 09:25:07 - info ] SSE.ETF.510050 untouched signal recovered, target pos: 0
[2023.09.04 09:25:07 - info ] Market data subscribed: SSE.ETF.510050
[2023.09.04 09:25:07 - debug] Main KBars confirmed: SSE.ETF.510050#m1
[2023.09.04 09:25:07 - info ] Market data subscribed: SSE.ETF.510050
[2023.09.04 09:30:59 - debug] Main KBars SSE.ETF.510050#m1 closed
[2023.09.04 09:30:59 - info ] 932 set SSE.ETF.510050 position -10000.0
[2023.09.04 09:30:59 - debug] Strategy T0_LXY_510050 scheduled @ 931
[2023.09.04 09:31:58 - debug] Main KBars SSE.ETF.510050#m1 closed
[2023.09.04 09:31:58 - info ] 932 set SSE.ETF.510050 position -10000.0
[2023.09.04 09:31:58 - debug] Strategy T0_LXY_510050 scheduled @ 932
[2023.09.04 09:32:57 - debug] Main KBars SSE.ETF.510050#m1 closed
[2023.09.04 09:32:58 - info ] 933 set SSE.ETF.510050 position -10000.0
[2023.09.04 09:32:58 - debug] Strategy T0_LXY_510050 scheduled @ 933
[2023.09.04 09:33:57 - debug] Main KBars SSE.ETF.510050#m1 closed
[2023.09.04 09:33:58 - info ] 934 set SSE.ETF.510050 position 10000.0
[2023.09.04 09:33:58 - debug] Strategy T0_LXY_510050 scheduled @ 934
[2023.09.04 09:34:58 - debug] Main KBars SSE.ETF.510050#m1 closed
[2023.09.04 09:34:58 - info ] 935 set SSE.ETF.510050 position -10000.0
[2023.09.04 09:34:58 - debug] Strategy T0_LXY_510050 scheduled @ 935
[2023.09.04 09:35:58 - debug] Main KBars SSE.ETF.510050#m1 closed
[2023.09.04 09:35:58 - info ] 936 set SSE.ETF.510050 position 10000.0
[2023.09.04 09:35:58 - debug] Strategy T0_LXY_510050 scheduled @ 936
[2023.09.04 09:36:57 - debug] Main KBars SSE.ETF.510050#m1 closed
[2023.09.04 09:36:58 - info ] 937 set SSE.ETF.510050 position 10000.0
[2023.09.04 09:36:58 - debug] Strategy T0_LXY_510050 scheduled @ 937
[2023.09.04 09:37:58 - debug] Main KBars SSE.ETF.510050#m1 closed
[2023.09.04 09:37:58 - info ] 938 set SSE.ETF.510050 position -10000.0
[2023.09.04 09:37:58 - debug] Strategy T0_LXY_510050 scheduled @ 938
[2023.09.04 09:38:58 - debug] Main KBars SSE.ETF.510050#m1 closed
[2023.09.04 09:38:58 - info ] 939 set SSE.ETF.510050 position -10000.0
[2023.09.04 09:38:58 - debug] Strategy T0_LXY_510050 scheduled @ 939
[2023.09.04 09:39:58 - debug] Main KBars SSE.ETF.510050#m1 closed
[2023.09.04 09:39:58 - info ] 940 set SSE.ETF.510050 position 10000.0
[2023.09.04 09:39:58 - debug] Strategy T0_LXY_510050 scheduled @ 940
[2023.09.04 09:40:58 - debug] Main KBars SSE.ETF.510050#m1 closed
[2023.09.04 09:40:58 - info ] 941 set SSE.ETF.510050 position -10000.0
[2023.09.04 09:40:58 - debug] Strategy T0_LXY_510050 scheduled @ 941
[2023.09.04 09:41:58 - debug] Main KBars SSE.ETF.510050#m1 closed
[2023.09.04 09:41:58 - info ] 943 set SSE.ETF.510050 position 10000.0
[2023.09.04 09:41:58 - debug] Strategy T0_LXY_510050 scheduled @ 942
[2023.09.04 09:42:58 - debug] Main KBars SSE.ETF.510050#m1 closed
[2023.09.04 09:42:58 - info ] 943 set SSE.ETF.510050 position -10000.0
[2023.09.04 09:42:58 - debug] Strategy T0_LXY_510050 scheduled @ 943
[2023.09.04 09:44:01 - info ] Position confirmed,SSE.ETF.510050 -> -10000
[2023.09.04 09:44:01 - info ] Market data subscribed: SSE.ETF.510050
[2023.09.04 09:44:01 - info ] 0 conditions recovered, setup time: 0
[2023.09.04 09:44:01 - info ] SSE.ETF.510050 untouched signal recovered, target pos: -10000
[2023.09.04 09:44:01 - info ] Market data subscribed: SSE.ETF.510050
[2023.09.04 09:44:01 - debug] Main KBars confirmed: SSE.ETF.510050#m1
[2023.09.04 09:44:01 - info ] Market data subscribed: SSE.ETF.510050
[2023.09.04 09:44:58 - debug] Main KBars SSE.ETF.510050#m1 closed
[2023.09.04 09:44:58 - info ] 946 set SSE.ETF.510050 position 10000.0
[2023.09.04 09:44:58 - debug] Strategy T0_LXY_510050 scheduled @ 945
[2023.09.04 09:45:58 - debug] Main KBars SSE.ETF.510050#m1 closed
[2023.09.04 09:45:58 - info ] 946 set SSE.ETF.510050 position 10000.0
[2023.09.04 09:45:58 - debug] Strategy T0_LXY_510050 scheduled @ 946
[2023.09.04 09:46:58 - debug] Main KBars SSE.ETF.510050#m1 closed
[2023.09.04 09:46:58 - info ] 947 set SSE.ETF.510050 position -10000.0
[2023.09.04 09:46:58 - debug] Strategy T0_LXY_510050 scheduled @ 947
[2023.09.04 09:47:58 - debug] Main KBars SSE.ETF.510050#m1 closed
[2023.09.04 09:47:58 - info ] 948 set SSE.ETF.510050 position 10000.0
[2023.09.04 09:47:58 - debug] Strategy T0_LXY_510050 scheduled @ 948
[2023.09.04 09:48:58 - debug] Main KBars SSE.ETF.510050#m1 closed
[2023.09.04 09:48:58 - info ] 950 set SSE.ETF.510050 position 10000.0
[2023.09.04 09:48:58 - debug] Strategy T0_LXY_510050 scheduled @ 949
[2023.09.04 09:49:57 - debug] Main KBars SSE.ETF.510050#m1 closed
[2023.09.04 09:49:58 - info ] 951 set SSE.ETF.510050 position -10000.0
[2023.09.04 09:49:58 - debug] Strategy T0_LXY_510050 scheduled @ 950
[2023.09.04 09:50:58 - debug] Main KBars SSE.ETF.510050#m1 closed
[2023.09.04 09:50:58 - info ] 952 set SSE.ETF.510050 position -0.0
[2023.09.04 09:50:58 - debug] Strategy T0_LXY_510050 scheduled @ 951
[2023.09.04 09:51:58 - debug] Main KBars SSE.ETF.510050#m1 closed
[2023.09.04 09:51:58 - info ] 952 set SSE.ETF.510050 position -10000.0
[2023.09.04 09:51:58 - debug] Strategy T0_LXY_510050 scheduled @ 952
[2023.09.04 09:52:58 - debug] Main KBars SSE.ETF.510050#m1 closed
[2023.09.04 09:52:58 - info ] 954 set SSE.ETF.510050 position 10000.0
[2023.09.04 09:52:58 - debug] Strategy T0_LXY_510050 scheduled @ 953
[2023.09.04 09:53:57 - debug] Main KBars SSE.ETF.510050#m1 closed
[2023.09.04 09:53:58 - info ] 954 set SSE.ETF.510050 position -0.0
[2023.09.04 09:53:58 - debug] Strategy T0_LXY_510050 scheduled @ 954
[2023.09.04 09:54:57 - debug] Main KBars SSE.ETF.510050#m1 closed
[2023.09.04 09:54:58 - info ] 955 set SSE.ETF.510050 position 0.0
[2023.09.04 09:54:58 - debug] Strategy T0_LXY_510050 scheduled @ 955
[2023.09.04 09:55:57 - debug] Main KBars SSE.ETF.510050#m1 closed
[2023.09.04 09:55:58 - info ] 956 set SSE.ETF.510050 position -0.0
[2023.09.04 09:55:58 - debug] Strategy T0_LXY_510050 scheduled @ 956
[2023.09.04 09:56:57 - debug] Main KBars SSE.ETF.510050#m1 closed
[2023.09.04 09:56:58 - info ] 957 set SSE.ETF.510050 position 10000.0
[2023.09.04 09:56:58 - debug] Strategy T0_LXY_510050 scheduled @ 957
[2023.09.04 09:57:57 - debug] Main KBars SSE.ETF.510050#m1 closed
[2023.09.04 09:57:58 - info ] 958 set SSE.ETF.510050 position 10000.0
[2023.09.04 09:57:58 - debug] Strategy T0_LXY_510050 scheduled @ 958
[2023.09.04 09:58:57 - debug] Main KBars SSE.ETF.510050#m1 closed
[2023.09.04 09:58:58 - info ] 959 set SSE.ETF.510050 position 10000.0
[2023.09.04 09:58:58 - debug] Strategy T0_LXY_510050 scheduled @ 959
[2023.09.04 09:59:57 - debug] Main KBars SSE.ETF.510050#m1 closed
[2023.09.04 09:59:58 - info ] 1000 set SSE.ETF.510050 position 10000.0
[2023.09.04 09:59:58 - debug] Strategy T0_LXY_510050 scheduled @ 1000
[2023.09.04 10:00:58 - debug] Main KBars SSE.ETF.510050#m1 closed
[2023.09.04 10:00:58 - info ] 1001 set SSE.ETF.510050 position 10000.0
[2023.09.04 10:00:58 - debug] Strategy T0_LXY_510050 scheduled @ 1001
[2023.09.04 10:01:58 - debug] Main KBars SSE.ETF.510050#m1 closed
[2023.09.04 10:01:58 - info ] 1003 set SSE.ETF.510050 position 10000.0
[2023.09.04 10:01:58 - debug] Strategy T0_LXY_510050 scheduled @ 1002
[2023.09.04 10:02:58 - debug] Main KBars SSE.ETF.510050#m1 closed
[2023.09.04 10:02:59 - info ] 1003 set SSE.ETF.510050 position 10000.0
[2023.09.04 10:02:59 - debug] Strategy T0_LXY_510050 scheduled @ 1003
[2023.09.04 10:03:57 - debug] Main KBars SSE.ETF.510050#m1 closed
[2023.09.04 10:03:58 - info ] 1005 set SSE.ETF.510050 position 10000.0
[2023.09.04 10:03:58 - debug] Strategy T0_LXY_510050 scheduled @ 1004
[2023.09.04 10:03:58 - info ] Strategy has been scheduled 20 times, totally taking 4312344 us, 215617.200 us each time
[2023.09.04 10:04:58 - debug] Main KBars SSE.ETF.510050#m1 closed
[2023.09.04 10:04:58 - info ] 1005 set SSE.ETF.510050 position -10000.0
[2023.09.04 10:04:58 - debug] Strategy T0_LXY_510050 scheduled @ 1005
[2023.09.04 10:05:58 - debug] Main KBars SSE.ETF.510050#m1 closed
[2023.09.04 10:05:58 - info ] 1007 set SSE.ETF.510050 position 10000.0
[2023.09.04 10:05:58 - debug] Strategy T0_LXY_510050 scheduled @ 1006
[2023.09.04 10:06:57 - debug] Main KBars SSE.ETF.510050#m1 closed
[2023.09.04 10:06:58 - info ] 1008 set SSE.ETF.510050 position 10000.0
[2023.09.04 10:06:58 - debug] Strategy T0_LXY_510050 scheduled @ 1007
[2023.09.04 10:07:57 - debug] Main KBars SSE.ETF.510050#m1 closed
[2023.09.04 10:07:58 - info ] 1009 set SSE.ETF.510050 position -10000.0
[2023.09.04 10:07:58 - debug] Strategy T0_LXY_510050 scheduled @ 1008
[2023.09.04 10:08:57 - debug] Main KBars SSE.ETF.510050#m1 closed
[2023.09.04 10:08:58 - info ] 1010 set SSE.ETF.510050 position -10000.0
[2023.09.04 10:08:58 - debug] Strategy T0_LXY_510050 scheduled @ 1009
[2023.09.04 10:09:58 - debug] Main KBars SSE.ETF.510050#m1 closed
[2023.09.04 10:09:58 - info ] 1010 set SSE.ETF.510050 position -10000.0
[2023.09.04 10:09:58 - debug] Strategy T0_LXY_510050 scheduled @ 1010
[2023.09.04 10:10:57 - debug] Main KBars SSE.ETF.510050#m1 closed
[2023.09.04 10:10:58 - info ] 1012 set SSE.ETF.510050 position 10000.0
[2023.09.04 10:10:58 - debug] Strategy T0_LXY_510050 scheduled @ 1011
[2023.09.04 10:11:58 - debug] Main KBars SSE.ETF.510050#m1 closed
[2023.09.04 10:11:58 - info ] 1012 set SSE.ETF.510050 position 10000.0
[2023.09.04 10:11:58 - debug] Strategy T0_LXY_510050 scheduled @ 1012
[2023.09.04 10:12:58 - debug] Main KBars SSE.ETF.510050#m1 closed
[2023.09.04 10:12:58 - info ] 1014 set SSE.ETF.510050 position -10000.0
[2023.09.04 10:12:58 - debug] Strategy T0_LXY_510050 scheduled @ 1013
[2023.09.04 10:13:58 - debug] Main KBars SSE.ETF.510050#m1 closed
[2023.09.04 10:13:58 - info ] 1014 set SSE.ETF.510050 position 10000.0
[2023.09.04 10:13:58 - debug] Strategy T0_LXY_510050 scheduled @ 1014
[2023.09.04 10:14:58 - debug] Main KBars SSE.ETF.510050#m1 closed
[2023.09.04 10:14:58 - info ] 1016 set SSE.ETF.510050 position -0.0
[2023.09.04 10:14:58 - debug] Strategy T0_LXY_510050 scheduled @ 1015
[2023.09.04 10:15:58 - debug] Main KBars SSE.ETF.510050#m1 closed
[2023.09.04 10:15:58 - info ] 1016 set SSE.ETF.510050 position 10000.0
[2023.09.04 10:15:58 - debug] Strategy T0_LXY_510050 scheduled @ 1016
[2023.09.04 10:16:57 - debug] Main KBars SSE.ETF.510050#m1 closed
[2023.09.04 10:16:58 - info ] 1017 set SSE.ETF.510050 position 10000.0
[2023.09.04 10:16:58 - debug] Strategy T0_LXY_510050 scheduled @ 1017
[2023.09.04 10:17:58 - debug] Main KBars SSE.ETF.510050#m1 closed
[2023.09.04 10:17:58 - info ] 1018 set SSE.ETF.510050 position -10000.0
[2023.09.04 10:17:58 - debug] Strategy T0_LXY_510050 scheduled @ 1018
[2023.09.04 10:18:58 - debug] Main KBars SSE.ETF.510050#m1 closed
[2023.09.04 10:18:58 - info ] 1020 set SSE.ETF.510050 position -0.0
[2023.09.04 10:18:58 - debug] Strategy T0_LXY_510050 scheduled @ 1019
[2023.09.04 10:19:58 - debug] Main KBars SSE.ETF.510050#m1 closed
[2023.09.04 10:19:58 - info ] 1021 set SSE.ETF.510050 position -0.0
[2023.09.04 10:19:58 - debug] Strategy T0_LXY_510050 scheduled @ 1020
[2023.09.04 10:20:57 - debug] Main KBars SSE.ETF.510050#m1 closed
[2023.09.04 10:20:58 - info ] 1021 set SSE.ETF.510050 position -10000.0
[2023.09.04 10:20:58 - debug] Strategy T0_LXY_510050 scheduled @ 1021
[2023.09.04 10:21:57 - debug] Main KBars SSE.ETF.510050#m1 closed
[2023.09.04 10:21:58 - info ] 1022 set SSE.ETF.510050 position 10000.0
[2023.09.04 10:21:58 - debug] Strategy T0_LXY_510050 scheduled @ 1022
[2023.09.04 10:22:57 - debug] Main KBars SSE.ETF.510050#m1 closed
[2023.09.04 10:22:58 - info ] 1023 set SSE.ETF.510050 position -10000.0
[2023.09.04 10:22:58 - debug] Strategy T0_LXY_510050 scheduled @ 1023
[2023.09.04 10:23:57 - debug] Main KBars SSE.ETF.510050#m1 closed
[2023.09.04 10:23:58 - info ] 1024 set SSE.ETF.510050 position 10000.0
[2023.09.04 10:23:58 - debug] Strategy T0_LXY_510050 scheduled @ 1024
[2023.09.04 10:23:58 - info ] Strategy has been scheduled 40 times, totally taking 8433863 us, 210846.575 us each time
[2023.09.04 10:24:57 - debug] Main KBars SSE.ETF.510050#m1 closed
[2023.09.04 10:24:58 - info ] 1025 set SSE.ETF.510050 position 10000.0
[2023.09.04 10:24:58 - debug] Strategy T0_LXY_510050 scheduled @ 1025
[2023.09.04 10:25:57 - debug] Main KBars SSE.ETF.510050#m1 closed
[2023.09.04 10:25:58 - info ] 1026 set SSE.ETF.510050 position -0.0
[2023.09.04 10:25:58 - debug] Strategy T0_LXY_510050 scheduled @ 1026
[2023.09.04 10:26:57 - debug] Main KBars SSE.ETF.510050#m1 closed
[2023.09.04 10:26:58 - info ] 1027 set SSE.ETF.510050 position 0.0
[2023.09.04 10:26:58 - debug] Strategy T0_LXY_510050 scheduled @ 1027
[2023.09.04 10:27:57 - debug] Main KBars SSE.ETF.510050#m1 closed
[2023.09.04 10:27:58 - info ] 1028 set SSE.ETF.510050 position 10000.0
[2023.09.04 10:27:58 - debug] Strategy T0_LXY_510050 scheduled @ 1028
[2023.09.04 10:28:57 - debug] Main KBars SSE.ETF.510050#m1 closed
[2023.09.04 10:28:58 - info ] 1029 set SSE.ETF.510050 position 10000.0
[2023.09.04 10:28:58 - debug] Strategy T0_LXY_510050 scheduled @ 1029
[2023.09.04 10:29:57 - debug] Main KBars SSE.ETF.510050#m1 closed
[2023.09.04 10:29:58 - info ] 1030 set SSE.ETF.510050 position 10000.0
[2023.09.04 10:29:58 - debug] Strategy T0_LXY_510050 scheduled @ 1030
[2023.09.04 10:30:57 - debug] Main KBars SSE.ETF.510050#m1 closed
[2023.09.04 10:30:58 - info ] 1031 set SSE.ETF.510050 position 10000.0
[2023.09.04 10:30:58 - debug] Strategy T0_LXY_510050 scheduled @ 1031
[2023.09.04 10:31:57 - debug] Main KBars SSE.ETF.510050#m1 closed
[2023.09.04 10:31:58 - info ] 1033 set SSE.ETF.510050 position 10000.0
[2023.09.04 10:31:58 - debug] Strategy T0_LXY_510050 scheduled @ 1032
[2023.09.04 10:32:57 - debug] Main KBars SSE.ETF.510050#m1 closed
[2023.09.04 10:32:58 - info ] 1033 set SSE.ETF.510050 position -10000.0
[2023.09.04 10:32:58 - debug] Strategy T0_LXY_510050 scheduled @ 1033
[2023.09.04 10:33:57 - debug] Main KBars SSE.ETF.510050#m1 closed
[2023.09.04 10:33:58 - info ] 1034 set SSE.ETF.510050 position -0.0
[2023.09.04 10:33:58 - debug] Strategy T0_LXY_510050 scheduled @ 1034
[2023.09.04 10:34:57 - debug] Main KBars SSE.ETF.510050#m1 closed
[2023.09.04 10:34:58 - info ] 1035 set SSE.ETF.510050 position 0.0
[2023.09.04 10:34:58 - debug] Strategy T0_LXY_510050 scheduled @ 1035
[2023.09.04 10:35:57 - debug] Main KBars SSE.ETF.510050#m1 closed
[2023.09.04 10:35:57 - info ] 1036 set SSE.ETF.510050 position 10000.0
[2023.09.04 10:35:57 - debug] Strategy T0_LXY_510050 scheduled @ 1036
[2023.09.04 10:36:57 - debug] Main KBars SSE.ETF.510050#m1 closed
[2023.09.04 10:36:58 - info ] 1037 set SSE.ETF.510050 position -0.0
[2023.09.04 10:36:58 - debug] Strategy T0_LXY_510050 scheduled @ 1037
[2023.09.04 10:37:57 - debug] Main KBars SSE.ETF.510050#m1 closed
[2023.09.04 10:37:57 - info ] 1038 set SSE.ETF.510050 position -0.0
[2023.09.04 10:37:57 - debug] Strategy T0_LXY_510050 scheduled @ 1038
[2023.09.04 10:38:57 - debug] Main KBars SSE.ETF.510050#m1 closed
[2023.09.04 10:38:57 - info ] 1039 set SSE.ETF.510050 position -0.0
[2023.09.04 10:38:57 - debug] Strategy T0_LXY_510050 scheduled @ 1039
[2023.09.04 10:39:57 - debug] Main KBars SSE.ETF.510050#m1 closed
[2023.09.04 10:39:58 - info ] 1041 set SSE.ETF.510050 position -0.0
[2023.09.04 10:39:58 - debug] Strategy T0_LXY_510050 scheduled @ 1040
[2023.09.04 10:40:57 - debug] Main KBars SSE.ETF.510050#m1 closed
[2023.09.04 10:40:57 - info ] 1041 set SSE.ETF.510050 position -0.0
[2023.09.04 10:40:57 - debug] Strategy T0_LXY_510050 scheduled @ 1041
[2023.09.04 10:41:57 - debug] Main KBars SSE.ETF.510050#m1 closed
[2023.09.04 10:41:57 - info ] 1042 set SSE.ETF.510050 position 0.0
[2023.09.04 10:41:57 - debug] Strategy T0_LXY_510050 scheduled @ 1042
[2023.09.04 10:42:57 - debug] Main KBars SSE.ETF.510050#m1 closed
[2023.09.04 10:42:57 - info ] 1043 set SSE.ETF.510050 position 0.0
[2023.09.04 10:42:57 - debug] Strategy T0_LXY_510050 scheduled @ 1043
[2023.09.04 10:43:57 - debug] Main KBars SSE.ETF.510050#m1 closed
[2023.09.04 10:43:58 - info ] 1044 set SSE.ETF.510050 position -0.0
[2023.09.04 10:43:58 - debug] Strategy T0_LXY_510050 scheduled @ 1044
[2023.09.04 10:43:58 - info ] Strategy has been scheduled 60 times, totally taking 13136890 us, 218948.167 us each time
[2023.09.04 10:44:57 - debug] Main KBars SSE.ETF.510050#m1 closed
[2023.09.04 10:44:58 - info ] 1045 set SSE.ETF.510050 position 0.0
[2023.09.04 10:44:58 - debug] Strategy T0_LXY_510050 scheduled @ 1045
[2023.09.04 10:45:57 - debug] Main KBars SSE.ETF.510050#m1 closed
[2023.09.04 10:45:58 - info ] 1046 set SSE.ETF.510050 position 0.0
[2023.09.04 10:45:58 - debug] Strategy T0_LXY_510050 scheduled @ 1046
[2023.09.04 10:46:57 - debug] Main KBars SSE.ETF.510050#m1 closed
[2023.09.04 10:46:58 - info ] 1047 set SSE.ETF.510050 position -0.0
[2023.09.04 10:46:58 - debug] Strategy T0_LXY_510050 scheduled @ 1047
[2023.09.04 10:47:57 - debug] Main KBars SSE.ETF.510050#m1 closed
[2023.09.04 10:47:58 - info ] 1048 set SSE.ETF.510050 position 0.0
[2023.09.04 10:47:58 - debug] Strategy T0_LXY_510050 scheduled @ 1048
[2023.09.04 10:48:57 - debug] Main KBars SSE.ETF.510050#m1 closed
[2023.09.04 10:48:58 - info ] 1049 set SSE.ETF.510050 position -0.0
[2023.09.04 10:48:58 - debug] Strategy T0_LXY_510050 scheduled @ 1049
[2023.09.04 10:49:57 - debug] Main KBars SSE.ETF.510050#m1 closed
[2023.09.04 10:49:58 - info ] 1051 set SSE.ETF.510050 position -0.0
[2023.09.04 10:49:58 - debug] Strategy T0_LXY_510050 scheduled @ 1050
[2023.09.04 10:50:57 - debug] Main KBars SSE.ETF.510050#m1 closed
[2023.09.04 10:50:58 - info ] 1051 set SSE.ETF.510050 position 0.0
[2023.09.04 10:50:58 - debug] Strategy T0_LXY_510050 scheduled @ 1051
[2023.09.04 10:51:57 - debug] Main KBars SSE.ETF.510050#m1 closed
[2023.09.04 10:51:58 - info ] 1052 set SSE.ETF.510050 position -0.0
[2023.09.04 10:51:58 - debug] Strategy T0_LXY_510050 scheduled @ 1052
[2023.09.04 10:52:57 - debug] Main KBars SSE.ETF.510050#m1 closed
[2023.09.04 10:52:58 - info ] 1053 set SSE.ETF.510050 position 0.0
[2023.09.04 10:52:58 - debug] Strategy T0_LXY_510050 scheduled @ 1053
[2023.09.04 10:53:57 - debug] Main KBars SSE.ETF.510050#m1 closed
[2023.09.04 10:53:58 - info ] 1054 set SSE.ETF.510050 position 0.0
[2023.09.04 10:53:58 - debug] Strategy T0_LXY_510050 scheduled @ 1054
[2023.09.04 10:54:57 - debug] Main KBars SSE.ETF.510050#m1 closed
[2023.09.04 10:54:58 - info ] 1055 set SSE.ETF.510050 position -0.0
[2023.09.04 10:54:58 - debug] Strategy T0_LXY_510050 scheduled @ 1055
[2023.09.04 10:55:57 - debug] Main KBars SSE.ETF.510050#m1 closed
[2023.09.04 10:55:58 - info ] 1056 set SSE.ETF.510050 position -0.0
[2023.09.04 10:55:58 - debug] Strategy T0_LXY_510050 scheduled @ 1056
[2023.09.04 10:56:57 - debug] Main KBars SSE.ETF.510050#m1 closed
[2023.09.04 10:56:58 - info ] 1057 set SSE.ETF.510050 position -0.0
[2023.09.04 10:56:58 - debug] Strategy T0_LXY_510050 scheduled @ 1057
[2023.09.04 10:57:57 - debug] Main KBars SSE.ETF.510050#m1 closed
[2023.09.04 10:57:57 - info ] 1058 set SSE.ETF.510050 position -0.0
[2023.09.04 10:57:57 - debug] Strategy T0_LXY_510050 scheduled @ 1058
[2023.09.04 10:58:57 - debug] Main KBars SSE.ETF.510050#m1 closed
[2023.09.04 10:58:57 - info ] 1059 set SSE.ETF.510050 position -0.0
[2023.09.04 10:58:57 - debug] Strategy T0_LXY_510050 scheduled @ 1059
[2023.09.04 10:59:57 - debug] Main KBars SSE.ETF.510050#m1 closed
[2023.09.04 10:59:57 - info ] 1100 set SSE.ETF.510050 position 0.0
[2023.09.04 10:59:57 - debug] Strategy T0_LXY_510050 scheduled @ 1100
[2023.09.04 11:00:57 - debug] Main KBars SSE.ETF.510050#m1 closed
[2023.09.04 11:00:57 - info ] 1101 set SSE.ETF.510050 position 0.0
[2023.09.04 11:00:57 - debug] Strategy T0_LXY_510050 scheduled @ 1101
[2023.09.04 11:01:57 - debug] Main KBars SSE.ETF.510050#m1 closed
[2023.09.04 11:01:57 - info ] 1102 set SSE.ETF.510050 position -0.0
[2023.09.04 11:01:57 - debug] Strategy T0_LXY_510050 scheduled @ 1102
[2023.09.04 11:02:57 - debug] Main KBars SSE.ETF.510050#m1 closed
[2023.09.04 11:02:57 - info ] 1103 set SSE.ETF.510050 position 0.0
[2023.09.04 11:02:57 - debug] Strategy T0_LXY_510050 scheduled @ 1103
[2023.09.04 11:03:57 - debug] Main KBars SSE.ETF.510050#m1 closed
[2023.09.04 11:03:57 - info ] 1104 set SSE.ETF.510050 position -0.0
[2023.09.04 11:03:57 - debug] Strategy T0_LXY_510050 scheduled @ 1104
[2023.09.04 11:03:57 - info ] Strategy has been scheduled 80 times, totally taking 17649962 us, 220624.525 us each time
[2023.09.04 11:04:57 - debug] Main KBars SSE.ETF.510050#m1 closed
[2023.09.04 11:04:58 - info ] 1105 set SSE.ETF.510050 position -0.0
[2023.09.04 11:04:58 - debug] Strategy T0_LXY_510050 scheduled @ 1105
[2023.09.04 11:05:57 - debug] Main KBars SSE.ETF.510050#m1 closed
[2023.09.04 11:05:57 - info ] 1106 set SSE.ETF.510050 position 0.0
[2023.09.04 11:05:57 - debug] Strategy T0_LXY_510050 scheduled @ 1106
[2023.09.04 11:06:57 - debug] Main KBars SSE.ETF.510050#m1 closed
[2023.09.04 11:06:57 - info ] 1107 set SSE.ETF.510050 position -0.0
[2023.09.04 11:06:57 - debug] Strategy T0_LXY_510050 scheduled @ 1107
[2023.09.04 11:07:57 - debug] Main KBars SSE.ETF.510050#m1 closed
[2023.09.04 11:07:57 - info ] 1108 set SSE.ETF.510050 position 0.0
[2023.09.04 11:07:57 - debug] Strategy T0_LXY_510050 scheduled @ 1108
[2023.09.04 11:08:57 - debug] Main KBars SSE.ETF.510050#m1 closed
[2023.09.04 11:08:57 - info ] 1109 set SSE.ETF.510050 position -0.0
[2023.09.04 11:08:57 - debug] Strategy T0_LXY_510050 scheduled @ 1109
[2023.09.04 11:09:57 - debug] Main KBars SSE.ETF.510050#m1 closed
[2023.09.04 11:09:57 - info ] 1110 set SSE.ETF.510050 position -0.0
[2023.09.04 11:09:57 - debug] Strategy T0_LXY_510050 scheduled @ 1110
[2023.09.04 11:10:57 - debug] Main KBars SSE.ETF.510050#m1 closed
[2023.09.04 11:10:57 - info ] 1111 set SSE.ETF.510050 position 0.0
[2023.09.04 11:10:57 - debug] Strategy T0_LXY_510050 scheduled @ 1111
[2023.09.04 11:11:57 - debug] Main KBars SSE.ETF.510050#m1 closed
[2023.09.04 11:11:57 - info ] 1112 set SSE.ETF.510050 position -0.0
[2023.09.04 11:11:57 - debug] Strategy T0_LXY_510050 scheduled @ 1112
[2023.09.04 11:12:57 - debug] Main KBars SSE.ETF.510050#m1 closed
[2023.09.04 11:12:57 - info ] 1113 set SSE.ETF.510050 position -0.0
[2023.09.04 11:12:57 - debug] Strategy T0_LXY_510050 scheduled @ 1113
[2023.09.04 11:13:57 - debug] Main KBars SSE.ETF.510050#m1 closed
[2023.09.04 11:13:57 - info ] 1114 set SSE.ETF.510050 position -0.0
[2023.09.04 11:13:57 - debug] Strategy T0_LXY_510050 scheduled @ 1114
[2023.09.04 11:14:57 - debug] Main KBars SSE.ETF.510050#m1 closed
[2023.09.04 11:14:58 - info ] 1115 set SSE.ETF.510050 position 0.0
[2023.09.04 11:14:58 - debug] Strategy T0_LXY_510050 scheduled @ 1115
[2023.09.04 11:15:57 - debug] Main KBars SSE.ETF.510050#m1 closed
[2023.09.04 11:15:57 - info ] 1116 set SSE.ETF.510050 position -0.0
[2023.09.04 11:15:57 - debug] Strategy T0_LXY_510050 scheduled @ 1116
[2023.09.04 11:16:57 - debug] Main KBars SSE.ETF.510050#m1 closed
[2023.09.04 11:16:57 - info ] 1117 set SSE.ETF.510050 position 0.0
[2023.09.04 11:16:57 - debug] Strategy T0_LXY_510050 scheduled @ 1117
[2023.09.04 11:17:57 - debug] Main KBars SSE.ETF.510050#m1 closed
[2023.09.04 11:17:57 - info ] 1118 set SSE.ETF.510050 position 0.0
[2023.09.04 11:17:57 - debug] Strategy T0_LXY_510050 scheduled @ 1118
[2023.09.04 11:18:57 - debug] Main KBars SSE.ETF.510050#m1 closed
[2023.09.04 11:18:57 - info ] 1119 set SSE.ETF.510050 position 0.0
[2023.09.04 11:18:57 - debug] Strategy T0_LXY_510050 scheduled @ 1119
[2023.09.04 11:19:57 - debug] Main KBars SSE.ETF.510050#m1 closed
[2023.09.04 11:19:58 - info ] 1120 set SSE.ETF.510050 position -0.0
[2023.09.04 11:19:58 - debug] Strategy T0_LXY_510050 scheduled @ 1120
[2023.09.04 11:20:57 - debug] Main KBars SSE.ETF.510050#m1 closed
[2023.09.04 11:20:58 - info ] 1121 set SSE.ETF.510050 position 0.0
[2023.09.04 11:20:58 - debug] Strategy T0_LXY_510050 scheduled @ 1121
[2023.09.04 11:21:57 - debug] Main KBars SSE.ETF.510050#m1 closed
[2023.09.04 11:21:57 - info ] 1122 set SSE.ETF.510050 position 0.0
[2023.09.04 11:21:57 - debug] Strategy T0_LXY_510050 scheduled @ 1122
[2023.09.04 11:22:57 - debug] Main KBars SSE.ETF.510050#m1 closed
[2023.09.04 11:22:57 - info ] 1123 set SSE.ETF.510050 position 0.0
[2023.09.04 11:22:57 - debug] Strategy T0_LXY_510050 scheduled @ 1123
[2023.09.04 11:23:57 - debug] Main KBars SSE.ETF.510050#m1 closed
[2023.09.04 11:23:57 - info ] 1124 set SSE.ETF.510050 position 0.0
[2023.09.04 11:23:57 - debug] Strategy T0_LXY_510050 scheduled @ 1124
[2023.09.04 11:23:57 - info ] Strategy has been scheduled 100 times, totally taking 23261884 us, 232618.840 us each time
[2023.09.04 11:24:57 - debug] Main KBars SSE.ETF.510050#m1 closed
[2023.09.04 11:24:57 - info ] 1125 set SSE.ETF.510050 position 0.0
[2023.09.04 11:24:57 - debug] Strategy T0_LXY_510050 scheduled @ 1125
[2023.09.04 11:25:57 - debug] Main KBars SSE.ETF.510050#m1 closed
[2023.09.04 11:25:57 - info ] 1126 set SSE.ETF.510050 position -0.0
[2023.09.04 11:25:57 - debug] Strategy T0_LXY_510050 scheduled @ 1126
[2023.09.04 11:26:57 - debug] Main KBars SSE.ETF.510050#m1 closed
[2023.09.04 11:26:57 - info ] 1127 set SSE.ETF.510050 position 0.0
[2023.09.04 11:26:57 - debug] Strategy T0_LXY_510050 scheduled @ 1127
[2023.09.04 11:27:57 - debug] Main KBars SSE.ETF.510050#m1 closed
[2023.09.04 11:27:57 - info ] 1128 set SSE.ETF.510050 position -0.0
[2023.09.04 11:27:57 - debug] Strategy T0_LXY_510050 scheduled @ 1128
[2023.09.04 11:28:57 - debug] Main KBars SSE.ETF.510050#m1 closed
[2023.09.04 11:28:57 - info ] 1129 set SSE.ETF.510050 position -0.0
[2023.09.04 11:28:57 - debug] Strategy T0_LXY_510050 scheduled @ 1129
[2023.09.04 11:29:57 - debug] Main KBars SSE.ETF.510050#m1 closed
[2023.09.04 11:29:57 - info ] 1130 set SSE.ETF.510050 position -0.0
[2023.09.04 11:29:57 - debug] Strategy T0_LXY_510050 scheduled @ 1130
[2023.09.04 13:00:57 - debug] Main KBars SSE.ETF.510050#m1 closed
[2023.09.04 13:00:57 - info ] 1301 set SSE.ETF.510050 position -0.0
[2023.09.04 13:00:57 - debug] Strategy T0_LXY_510050 scheduled @ 1301
[2023.09.04 13:01:57 - debug] Main KBars SSE.ETF.510050#m1 closed
[2023.09.04 13:01:57 - info ] 1302 set SSE.ETF.510050 position -0.0
[2023.09.04 13:01:57 - debug] Strategy T0_LXY_510050 scheduled @ 1302
[2023.09.04 13:02:57 - debug] Main KBars SSE.ETF.510050#m1 closed
[2023.09.04 13:02:57 - info ] 1303 set SSE.ETF.510050 position -0.0
[2023.09.04 13:02:57 - debug] Strategy T0_LXY_510050 scheduled @ 1303
[2023.09.04 13:03:57 - debug] Main KBars SSE.ETF.510050#m1 closed
[2023.09.04 13:03:57 - info ] 1304 set SSE.ETF.510050 position -0.0
[2023.09.04 13:03:57 - debug] Strategy T0_LXY_510050 scheduled @ 1304
[2023.09.04 13:04:57 - debug] Main KBars SSE.ETF.510050#m1 closed
[2023.09.04 13:04:57 - info ] 1305 set SSE.ETF.510050 position -0.0
[2023.09.04 13:04:57 - debug] Strategy T0_LXY_510050 scheduled @ 1305
[2023.09.04 13:05:57 - debug] Main KBars SSE.ETF.510050#m1 closed
[2023.09.04 13:05:57 - info ] 1306 set SSE.ETF.510050 position 0.0
[2023.09.04 13:05:57 - debug] Strategy T0_LXY_510050 scheduled @ 1306
[2023.09.04 13:06:57 - debug] Main KBars SSE.ETF.510050#m1 closed
[2023.09.04 13:06:57 - info ] 1307 set SSE.ETF.510050 position 0.0
[2023.09.04 13:06:57 - debug] Strategy T0_LXY_510050 scheduled @ 1307
[2023.09.04 13:07:57 - debug] Main KBars SSE.ETF.510050#m1 closed
[2023.09.04 13:07:57 - info ] 1308 set SSE.ETF.510050 position 0.0
[2023.09.04 13:07:57 - debug] Strategy T0_LXY_510050 scheduled @ 1308
[2023.09.04 13:08:57 - debug] Main KBars SSE.ETF.510050#m1 closed
[2023.09.04 13:08:57 - info ] 1309 set SSE.ETF.510050 position 0.0
[2023.09.04 13:08:57 - debug] Strategy T0_LXY_510050 scheduled @ 1309
[2023.09.04 13:09:57 - debug] Main KBars SSE.ETF.510050#m1 closed
[2023.09.04 13:09:57 - info ] 1310 set SSE.ETF.510050 position 0.0
[2023.09.04 13:09:57 - debug] Strategy T0_LXY_510050 scheduled @ 1310
[2023.09.04 13:10:57 - debug] Main KBars SSE.ETF.510050#m1 closed
[2023.09.04 13:10:57 - info ] 1311 set SSE.ETF.510050 position -0.0
[2023.09.04 13:10:57 - debug] Strategy T0_LXY_510050 scheduled @ 1311
[2023.09.04 13:11:57 - debug] Main KBars SSE.ETF.510050#m1 closed
[2023.09.04 13:11:57 - info ] 1312 set SSE.ETF.510050 position 0.0
[2023.09.04 13:11:57 - debug] Strategy T0_LXY_510050 scheduled @ 1312
[2023.09.04 13:12:57 - debug] Main KBars SSE.ETF.510050#m1 closed
[2023.09.04 13:12:57 - info ] 1313 set SSE.ETF.510050 position 0.0
[2023.09.04 13:12:57 - debug] Strategy T0_LXY_510050 scheduled @ 1313
[2023.09.04 13:13:57 - debug] Main KBars SSE.ETF.510050#m1 closed
[2023.09.04 13:13:57 - info ] 1314 set SSE.ETF.510050 position 0.0
[2023.09.04 13:13:57 - debug] Strategy T0_LXY_510050 scheduled @ 1314
[2023.09.04 13:13:57 - info ] Strategy has been scheduled 120 times, totally taking 27534352 us, 229452.933 us each time
[2023.09.04 13:14:57 - debug] Main KBars SSE.ETF.510050#m1 closed
[2023.09.04 13:14:57 - info ] 1315 set SSE.ETF.510050 position -0.0
[2023.09.04 13:14:57 - debug] Strategy T0_LXY_510050 scheduled @ 1315
[2023.09.04 13:15:57 - debug] Main KBars SSE.ETF.510050#m1 closed
[2023.09.04 13:15:57 - info ] 1316 set SSE.ETF.510050 position -0.0
[2023.09.04 13:15:57 - debug] Strategy T0_LXY_510050 scheduled @ 1316
[2023.09.04 13:16:57 - debug] Main KBars SSE.ETF.510050#m1 closed
[2023.09.04 13:16:57 - info ] 1317 set SSE.ETF.510050 position -0.0
[2023.09.04 13:16:57 - debug] Strategy T0_LXY_510050 scheduled @ 1317
[2023.09.04 13:17:57 - debug] Main KBars SSE.ETF.510050#m1 closed
[2023.09.04 13:17:57 - info ] 1318 set SSE.ETF.510050 position -0.0
[2023.09.04 13:17:57 - debug] Strategy T0_LXY_510050 scheduled @ 1318
[2023.09.04 13:18:57 - debug] Main KBars SSE.ETF.510050#m1 closed
[2023.09.04 13:18:57 - info ] 1319 set SSE.ETF.510050 position -0.0
[2023.09.04 13:18:57 - debug] Strategy T0_LXY_510050 scheduled @ 1319
[2023.09.04 13:19:57 - debug] Main KBars SSE.ETF.510050#m1 closed
[2023.09.04 13:19:57 - info ] 1320 set SSE.ETF.510050 position 0.0
[2023.09.04 13:19:57 - debug] Strategy T0_LXY_510050 scheduled @ 1320
[2023.09.04 13:20:57 - debug] Main KBars SSE.ETF.510050#m1 closed
[2023.09.04 13:20:57 - info ] 1321 set SSE.ETF.510050 position -0.0
[2023.09.04 13:20:57 - debug] Strategy T0_LXY_510050 scheduled @ 1321
[2023.09.04 13:21:57 - debug] Main KBars SSE.ETF.510050#m1 closed
[2023.09.04 13:21:57 - info ] 1322 set SSE.ETF.510050 position -0.0
[2023.09.04 13:21:57 - debug] Strategy T0_LXY_510050 scheduled @ 1322
[2023.09.04 13:22:57 - debug] Main KBars SSE.ETF.510050#m1 closed
[2023.09.04 13:22:57 - info ] 1323 set SSE.ETF.510050 position 0.0
[2023.09.04 13:22:57 - debug] Strategy T0_LXY_510050 scheduled @ 1323
[2023.09.04 13:23:57 - debug] Main KBars SSE.ETF.510050#m1 closed
[2023.09.04 13:23:57 - info ] 1324 set SSE.ETF.510050 position -0.0
[2023.09.04 13:23:57 - debug] Strategy T0_LXY_510050 scheduled @ 1324
[2023.09.04 13:24:57 - debug] Main KBars SSE.ETF.510050#m1 closed
[2023.09.04 13:24:57 - info ] 1325 set SSE.ETF.510050 position -0.0
[2023.09.04 13:24:57 - debug] Strategy T0_LXY_510050 scheduled @ 1325
[2023.09.04 13:25:57 - debug] Main KBars SSE.ETF.510050#m1 closed
[2023.09.04 13:25:57 - info ] 1326 set SSE.ETF.510050 position 0.0
[2023.09.04 13:25:57 - debug] Strategy T0_LXY_510050 scheduled @ 1326
[2023.09.04 13:26:57 - debug] Main KBars SSE.ETF.510050#m1 closed
[2023.09.04 13:26:57 - info ] 1327 set SSE.ETF.510050 position 0.0
[2023.09.04 13:26:57 - debug] Strategy T0_LXY_510050 scheduled @ 1327
[2023.09.04 13:27:57 - debug] Main KBars SSE.ETF.510050#m1 closed
[2023.09.04 13:27:57 - info ] 1328 set SSE.ETF.510050 position -0.0
[2023.09.04 13:27:57 - debug] Strategy T0_LXY_510050 scheduled @ 1328
[2023.09.04 13:28:57 - debug] Main KBars SSE.ETF.510050#m1 closed
[2023.09.04 13:28:57 - info ] 1329 set SSE.ETF.510050 position 0.0
[2023.09.04 13:28:57 - debug] Strategy T0_LXY_510050 scheduled @ 1329
[2023.09.04 13:29:57 - debug] Main KBars SSE.ETF.510050#m1 closed
[2023.09.04 13:29:57 - info ] 1330 set SSE.ETF.510050 position -0.0
[2023.09.04 13:29:57 - debug] Strategy T0_LXY_510050 scheduled @ 1330
[2023.09.04 13:30:57 - debug] Main KBars SSE.ETF.510050#m1 closed
[2023.09.04 13:30:57 - info ] 1331 set SSE.ETF.510050 position -0.0
[2023.09.04 13:30:57 - debug] Strategy T0_LXY_510050 scheduled @ 1331
[2023.09.04 13:31:57 - debug] Main KBars SSE.ETF.510050#m1 closed
[2023.09.04 13:31:57 - info ] 1332 set SSE.ETF.510050 position 0.0
[2023.09.04 13:31:57 - debug] Strategy T0_LXY_510050 scheduled @ 1332
[2023.09.04 13:32:57 - debug] Main KBars SSE.ETF.510050#m1 closed
[2023.09.04 13:32:57 - info ] 1333 set SSE.ETF.510050 position -0.0
[2023.09.04 13:32:57 - debug] Strategy T0_LXY_510050 scheduled @ 1333
[2023.09.04 13:33:57 - debug] Main KBars SSE.ETF.510050#m1 closed
[2023.09.04 13:33:57 - info ] 1334 set SSE.ETF.510050 position 0.0
[2023.09.04 13:33:57 - debug] Strategy T0_LXY_510050 scheduled @ 1334
[2023.09.04 13:33:57 - info ] Strategy has been scheduled 140 times, totally taking 31786349 us, 227045.350 us each time
[2023.09.04 13:34:57 - debug] Main KBars SSE.ETF.510050#m1 closed
[2023.09.04 13:34:57 - info ] 1335 set SSE.ETF.510050 position 0.0
[2023.09.04 13:34:57 - debug] Strategy T0_LXY_510050 scheduled @ 1335
[2023.09.04 13:35:57 - debug] Main KBars SSE.ETF.510050#m1 closed
[2023.09.04 13:35:57 - info ] 1336 set SSE.ETF.510050 position 0.0
[2023.09.04 13:35:57 - debug] Strategy T0_LXY_510050 scheduled @ 1336
[2023.09.04 13:36:57 - debug] Main KBars SSE.ETF.510050#m1 closed
[2023.09.04 13:36:57 - info ] 1337 set SSE.ETF.510050 position 0.0
[2023.09.04 13:36:57 - debug] Strategy T0_LXY_510050 scheduled @ 1337
[2023.09.04 13:37:57 - debug] Main KBars SSE.ETF.510050#m1 closed
[2023.09.04 13:37:57 - info ] 1338 set SSE.ETF.510050 position -0.0
[2023.09.04 13:37:57 - debug] Strategy T0_LXY_510050 scheduled @ 1338
[2023.09.04 13:38:57 - debug] Main KBars SSE.ETF.510050#m1 closed
[2023.09.04 13:38:57 - info ] 1339 set SSE.ETF.510050 position 0.0
[2023.09.04 13:38:57 - debug] Strategy T0_LXY_510050 scheduled @ 1339
[2023.09.04 13:39:57 - debug] Main KBars SSE.ETF.510050#m1 closed
[2023.09.04 13:39:57 - info ] 1340 set SSE.ETF.510050 position -0.0
[2023.09.04 13:39:57 - debug] Strategy T0_LXY_510050 scheduled @ 1340
[2023.09.04 13:40:57 - debug] Main KBars SSE.ETF.510050#m1 closed
[2023.09.04 13:40:57 - info ] 1341 set SSE.ETF.510050 position 0.0
[2023.09.04 13:40:57 - debug] Strategy T0_LXY_510050 scheduled @ 1341
[2023.09.04 13:41:57 - debug] Main KBars SSE.ETF.510050#m1 closed
[2023.09.04 13:41:57 - info ] 1342 set SSE.ETF.510050 position 0.0
[2023.09.04 13:41:57 - debug] Strategy T0_LXY_510050 scheduled @ 1342
[2023.09.04 13:42:57 - debug] Main KBars SSE.ETF.510050#m1 closed
[2023.09.04 13:42:57 - info ] 1343 set SSE.ETF.510050 position 0.0
[2023.09.04 13:42:57 - debug] Strategy T0_LXY_510050 scheduled @ 1343
[2023.09.04 13:43:57 - debug] Main KBars SSE.ETF.510050#m1 closed
[2023.09.04 13:43:57 - info ] 1344 set SSE.ETF.510050 position 0.0
[2023.09.04 13:43:57 - debug] Strategy T0_LXY_510050 scheduled @ 1344
[2023.09.04 13:44:57 - debug] Main KBars SSE.ETF.510050#m1 closed
[2023.09.04 13:44:57 - info ] 1345 set SSE.ETF.510050 position -0.0
[2023.09.04 13:44:57 - debug] Strategy T0_LXY_510050 scheduled @ 1345
[2023.09.04 13:45:56 - debug] Main KBars SSE.ETF.510050#m1 closed
[2023.09.04 13:45:57 - info ] 1346 set SSE.ETF.510050 position 0.0
[2023.09.04 13:45:57 - debug] Strategy T0_LXY_510050 scheduled @ 1346
[2023.09.04 13:46:56 - debug] Main KBars SSE.ETF.510050#m1 closed
[2023.09.04 13:46:57 - info ] 1347 set SSE.ETF.510050 position -0.0
[2023.09.04 13:46:57 - debug] Strategy T0_LXY_510050 scheduled @ 1347
[2023.09.04 13:47:57 - debug] Main KBars SSE.ETF.510050#m1 closed
[2023.09.04 13:47:57 - info ] 1348 set SSE.ETF.510050 position -0.0
[2023.09.04 13:47:57 - debug] Strategy T0_LXY_510050 scheduled @ 1348
[2023.09.04 13:48:57 - debug] Main KBars SSE.ETF.510050#m1 closed
[2023.09.04 13:48:57 - info ] 1349 set SSE.ETF.510050 position 0.0
[2023.09.04 13:48:57 - debug] Strategy T0_LXY_510050 scheduled @ 1349
[2023.09.04 13:49:57 - debug] Main KBars SSE.ETF.510050#m1 closed
[2023.09.04 13:49:57 - info ] 1350 set SSE.ETF.510050 position -0.0
[2023.09.04 13:49:57 - debug] Strategy T0_LXY_510050 scheduled @ 1350
[2023.09.04 13:50:57 - debug] Main KBars SSE.ETF.510050#m1 closed
[2023.09.04 13:50:57 - info ] 1351 set SSE.ETF.510050 position -0.0
[2023.09.04 13:50:57 - debug] Strategy T0_LXY_510050 scheduled @ 1351
[2023.09.04 13:51:57 - debug] Main KBars SSE.ETF.510050#m1 closed
[2023.09.04 13:51:57 - info ] 1352 set SSE.ETF.510050 position 0.0
[2023.09.04 13:51:57 - debug] Strategy T0_LXY_510050 scheduled @ 1352
[2023.09.04 13:52:57 - debug] Main KBars SSE.ETF.510050#m1 closed
[2023.09.04 13:52:57 - info ] 1353 set SSE.ETF.510050 position 0.0
[2023.09.04 13:52:57 - debug] Strategy T0_LXY_510050 scheduled @ 1353
[2023.09.04 13:53:57 - debug] Main KBars SSE.ETF.510050#m1 closed
[2023.09.04 13:53:57 - info ] 1354 set SSE.ETF.510050 position -0.0
[2023.09.04 13:53:57 - debug] Strategy T0_LXY_510050 scheduled @ 1354
[2023.09.04 13:53:57 - info ] Strategy has been scheduled 160 times, totally taking 36217380 us, 226358.625 us each time
[2023.09.04 13:54:57 - debug] Main KBars SSE.ETF.510050#m1 closed
[2023.09.04 13:54:57 - info ] 1355 set SSE.ETF.510050 position 0.0
[2023.09.04 13:54:57 - debug] Strategy T0_LXY_510050 scheduled @ 1355
[2023.09.04 13:55:57 - debug] Main KBars SSE.ETF.510050#m1 closed
[2023.09.04 13:55:57 - info ] 1356 set SSE.ETF.510050 position 0.0
[2023.09.04 13:55:57 - debug] Strategy T0_LXY_510050 scheduled @ 1356
[2023.09.04 13:56:57 - debug] Main KBars SSE.ETF.510050#m1 closed
[2023.09.04 13:56:57 - info ] 1357 set SSE.ETF.510050 position -0.0
[2023.09.04 13:56:57 - debug] Strategy T0_LXY_510050 scheduled @ 1357
[2023.09.04 13:57:57 - debug] Main KBars SSE.ETF.510050#m1 closed
[2023.09.04 13:57:57 - info ] 1358 set SSE.ETF.510050 position -0.0
[2023.09.04 13:57:57 - debug] Strategy T0_LXY_510050 scheduled @ 1358
[2023.09.04 13:58:57 - debug] Main KBars SSE.ETF.510050#m1 closed
[2023.09.04 13:58:57 - info ] 1359 set SSE.ETF.510050 position -0.0
[2023.09.04 13:58:57 - debug] Strategy T0_LXY_510050 scheduled @ 1359
[2023.09.04 13:59:57 - debug] Main KBars SSE.ETF.510050#m1 closed
[2023.09.04 13:59:57 - info ] 1400 set SSE.ETF.510050 position -0.0
[2023.09.04 13:59:57 - debug] Strategy T0_LXY_510050 scheduled @ 1400
[2023.09.04 14:00:57 - debug] Main KBars SSE.ETF.510050#m1 closed
[2023.09.04 14:00:57 - info ] 1401 set SSE.ETF.510050 position 0.0
[2023.09.04 14:00:57 - debug] Strategy T0_LXY_510050 scheduled @ 1401
[2023.09.04 14:01:57 - debug] Main KBars SSE.ETF.510050#m1 closed
[2023.09.04 14:01:57 - info ] 1402 set SSE.ETF.510050 position 0.0
[2023.09.04 14:01:57 - debug] Strategy T0_LXY_510050 scheduled @ 1402
[2023.09.04 14:02:57 - debug] Main KBars SSE.ETF.510050#m1 closed
[2023.09.04 14:02:57 - info ] 1403 set SSE.ETF.510050 position 0.0
[2023.09.04 14:02:57 - debug] Strategy T0_LXY_510050 scheduled @ 1403
[2023.09.04 14:03:57 - debug] Main KBars SSE.ETF.510050#m1 closed
[2023.09.04 14:03:57 - info ] 1404 set SSE.ETF.510050 position -0.0
[2023.09.04 14:03:57 - debug] Strategy T0_LXY_510050 scheduled @ 1404
[2023.09.04 14:04:57 - debug] Main KBars SSE.ETF.510050#m1 closed
[2023.09.04 14:04:57 - info ] 1405 set SSE.ETF.510050 position 0.0
[2023.09.04 14:04:57 - debug] Strategy T0_LXY_510050 scheduled @ 1405
[2023.09.04 14:05:57 - debug] Main KBars SSE.ETF.510050#m1 closed
[2023.09.04 14:05:57 - info ] 1406 set SSE.ETF.510050 position -0.0
[2023.09.04 14:05:57 - debug] Strategy T0_LXY_510050 scheduled @ 1406
[2023.09.04 14:06:57 - debug] Main KBars SSE.ETF.510050#m1 closed
[2023.09.04 14:06:57 - info ] 1407 set SSE.ETF.510050 position 0.0
[2023.09.04 14:06:57 - debug] Strategy T0_LXY_510050 scheduled @ 1407
[2023.09.04 14:07:57 - debug] Main KBars SSE.ETF.510050#m1 closed
[2023.09.04 14:07:57 - info ] 1408 set SSE.ETF.510050 position 0.0
[2023.09.04 14:07:57 - debug] Strategy T0_LXY_510050 scheduled @ 1408
[2023.09.04 14:08:56 - debug] Main KBars SSE.ETF.510050#m1 closed
[2023.09.04 14:08:57 - info ] 1409 set SSE.ETF.510050 position 0.0
[2023.09.04 14:08:57 - debug] Strategy T0_LXY_510050 scheduled @ 1409
[2023.09.04 14:09:56 - debug] Main KBars SSE.ETF.510050#m1 closed
[2023.09.04 14:09:57 - info ] 1410 set SSE.ETF.510050 position -0.0
[2023.09.04 14:09:57 - debug] Strategy T0_LXY_510050 scheduled @ 1410
[2023.09.04 14:10:56 - debug] Main KBars SSE.ETF.510050#m1 closed
[2023.09.04 14:10:57 - info ] 1411 set SSE.ETF.510050 position -0.0
[2023.09.04 14:10:57 - debug] Strategy T0_LXY_510050 scheduled @ 1411
[2023.09.04 14:11:56 - debug] Main KBars SSE.ETF.510050#m1 closed
[2023.09.04 14:11:57 - info ] 1412 set SSE.ETF.510050 position 0.0
[2023.09.04 14:11:57 - debug] Strategy T0_LXY_510050 scheduled @ 1412
[2023.09.04 14:12:57 - debug] Main KBars SSE.ETF.510050#m1 closed
[2023.09.04 14:12:57 - info ] 1413 set SSE.ETF.510050 position 0.0
[2023.09.04 14:12:57 - debug] Strategy T0_LXY_510050 scheduled @ 1413
[2023.09.04 14:13:57 - debug] Main KBars SSE.ETF.510050#m1 closed
[2023.09.04 14:13:57 - info ] 1414 set SSE.ETF.510050 position 0.0
[2023.09.04 14:13:57 - debug] Strategy T0_LXY_510050 scheduled @ 1414
[2023.09.04 14:13:57 - info ] Strategy has been scheduled 180 times, totally taking 41027690 us, 227931.611 us each time
[2023.09.04 14:14:57 - debug] Main KBars SSE.ETF.510050#m1 closed
[2023.09.04 14:14:57 - info ] 1415 set SSE.ETF.510050 position 0.0
[2023.09.04 14:14:57 - debug] Strategy T0_LXY_510050 scheduled @ 1415
[2023.09.04 14:15:57 - debug] Main KBars SSE.ETF.510050#m1 closed
[2023.09.04 14:15:57 - info ] 1416 set SSE.ETF.510050 position 0.0
[2023.09.04 14:15:57 - debug] Strategy T0_LXY_510050 scheduled @ 1416
[2023.09.04 14:16:57 - debug] Main KBars SSE.ETF.510050#m1 closed
[2023.09.04 14:16:57 - info ] 1417 set SSE.ETF.510050 position 0.0
[2023.09.04 14:16:57 - debug] Strategy T0_LXY_510050 scheduled @ 1417
[2023.09.04 14:17:57 - debug] Main KBars SSE.ETF.510050#m1 closed
[2023.09.04 14:17:57 - info ] 1418 set SSE.ETF.510050 position -0.0
[2023.09.04 14:17:57 - debug] Strategy T0_LXY_510050 scheduled @ 1418
[2023.09.04 14:18:57 - debug] Main KBars SSE.ETF.510050#m1 closed
[2023.09.04 14:18:57 - info ] 1419 set SSE.ETF.510050 position 0.0
[2023.09.04 14:18:57 - debug] Strategy T0_LXY_510050 scheduled @ 1419
[2023.09.04 14:19:57 - debug] Main KBars SSE.ETF.510050#m1 closed
[2023.09.04 14:19:57 - info ] 1420 set SSE.ETF.510050 position -0.0
[2023.09.04 14:19:57 - debug] Strategy T0_LXY_510050 scheduled @ 1420
[2023.09.04 14:20:57 - debug] Main KBars SSE.ETF.510050#m1 closed
[2023.09.04 14:20:57 - info ] 1421 set SSE.ETF.510050 position 0.0
[2023.09.04 14:20:57 - debug] Strategy T0_LXY_510050 scheduled @ 1421
[2023.09.04 14:21:57 - debug] Main KBars SSE.ETF.510050#m1 closed
[2023.09.04 14:21:57 - info ] 1422 set SSE.ETF.510050 position 0.0
[2023.09.04 14:21:57 - debug] Strategy T0_LXY_510050 scheduled @ 1422
[2023.09.04 14:22:57 - debug] Main KBars SSE.ETF.510050#m1 closed
[2023.09.04 14:23:03 - info ] 1423 set SSE.ETF.510050 position 0.0
[2023.09.04 14:23:03 - debug] Strategy T0_LXY_510050 scheduled @ 1423
[2023.09.04 14:23:57 - debug] Main KBars SSE.ETF.510050#m1 closed
[2023.09.04 14:24:04 - info ] 1424 set SSE.ETF.510050 position 0.0
[2023.09.04 14:24:04 - debug] Strategy T0_LXY_510050 scheduled @ 1424
[2023.09.04 14:24:57 - debug] Main KBars SSE.ETF.510050#m1 closed
[2023.09.04 14:24:57 - info ] 1425 set SSE.ETF.510050 position 0.0
[2023.09.04 14:24:57 - debug] Strategy T0_LXY_510050 scheduled @ 1425
[2023.09.04 14:25:57 - debug] Main KBars SSE.ETF.510050#m1 closed
[2023.09.04 14:25:57 - info ] 1426 set SSE.ETF.510050 position -0.0
[2023.09.04 14:25:57 - debug] Strategy T0_LXY_510050 scheduled @ 1426
[2023.09.04 14:26:56 - debug] Main KBars SSE.ETF.510050#m1 closed
[2023.09.04 14:26:57 - info ] 1427 set SSE.ETF.510050 position 0.0
[2023.09.04 14:26:57 - debug] Strategy T0_LXY_510050 scheduled @ 1427
[2023.09.04 14:27:57 - debug] Main KBars SSE.ETF.510050#m1 closed
[2023.09.04 14:27:57 - info ] 1428 set SSE.ETF.510050 position 0.0
[2023.09.04 14:27:57 - debug] Strategy T0_LXY_510050 scheduled @ 1428
[2023.09.04 14:28:56 - debug] Main KBars SSE.ETF.510050#m1 closed
[2023.09.04 14:28:57 - info ] 1429 set SSE.ETF.510050 position -0.0
[2023.09.04 14:28:57 - debug] Strategy T0_LXY_510050 scheduled @ 1429
[2023.09.04 14:29:56 - debug] Main KBars SSE.ETF.510050#m1 closed
[2023.09.04 14:29:57 - info ] 1430 set SSE.ETF.510050 position 0.0
[2023.09.04 14:29:57 - debug] Strategy T0_LXY_510050 scheduled @ 1430
[2023.09.04 14:30:56 - debug] Main KBars SSE.ETF.510050#m1 closed
[2023.09.04 14:30:57 - info ] 1431 set SSE.ETF.510050 position -0.0
[2023.09.04 14:30:57 - debug] Strategy T0_LXY_510050 scheduled @ 1431
[2023.09.04 14:31:56 - debug] Main KBars SSE.ETF.510050#m1 closed
[2023.09.04 14:31:57 - info ] 1432 set SSE.ETF.510050 position -0.0
[2023.09.04 14:31:57 - debug] Strategy T0_LXY_510050 scheduled @ 1432
[2023.09.04 14:32:56 - debug] Main KBars SSE.ETF.510050#m1 closed
[2023.09.04 14:32:57 - info ] 1433 set SSE.ETF.510050 position 0.0
[2023.09.04 14:32:57 - debug] Strategy T0_LXY_510050 scheduled @ 1433
[2023.09.04 14:33:57 - debug] Main KBars SSE.ETF.510050#m1 closed
[2023.09.04 14:33:57 - info ] 1434 set SSE.ETF.510050 position 10000.0
[2023.09.04 14:33:57 - debug] Strategy T0_LXY_510050 scheduled @ 1434
[2023.09.04 14:33:57 - info ] Strategy has been scheduled 200 times, totally taking 62745596 us, 313727.980 us each time
[2023.09.04 14:34:56 - debug] Main KBars SSE.ETF.510050#m1 closed
[2023.09.04 14:34:57 - info ] 1435 set SSE.ETF.510050 position -10000.0
[2023.09.04 14:34:57 - debug] Strategy T0_LXY_510050 scheduled @ 1435
[2023.09.04 14:35:56 - debug] Main KBars SSE.ETF.510050#m1 closed
[2023.09.04 14:35:57 - info ] 1436 set SSE.ETF.510050 position 10000.0
[2023.09.04 14:35:57 - debug] Strategy T0_LXY_510050 scheduled @ 1436
[2023.09.04 14:36:56 - debug] Main KBars SSE.ETF.510050#m1 closed
[2023.09.04 14:37:15 - info ] 1437 set SSE.ETF.510050 position -10000.0
[2023.09.04 14:37:15 - debug] Strategy T0_LXY_510050 scheduled @ 1437
[2023.09.04 14:37:57 - debug] Main KBars SSE.ETF.510050#m1 closed
[2023.09.04 14:37:57 - info ] 1438 set SSE.ETF.510050 position 10000.0
[2023.09.04 14:37:57 - debug] Strategy T0_LXY_510050 scheduled @ 1438
[2023.09.04 14:38:57 - debug] Main KBars SSE.ETF.510050#m1 closed
[2023.09.04 14:38:57 - info ] 1439 set SSE.ETF.510050 position -10000.0
[2023.09.04 14:38:57 - debug] Strategy T0_LXY_510050 scheduled @ 1439
[2023.09.04 14:39:57 - debug] Main KBars SSE.ETF.510050#m1 closed
[2023.09.04 14:39:57 - info ] 1440 set SSE.ETF.510050 position -10000.0
[2023.09.04 14:39:57 - debug] Strategy T0_LXY_510050 scheduled @ 1440
[2023.09.04 14:40:57 - debug] Main KBars SSE.ETF.510050#m1 closed
[2023.09.04 14:40:57 - info ] 1441 set SSE.ETF.510050 position 10000.0
[2023.09.04 14:40:57 - debug] Strategy T0_LXY_510050 scheduled @ 1441
[2023.09.04 14:41:57 - debug] Main KBars SSE.ETF.510050#m1 closed
[2023.09.04 14:41:57 - info ] 1442 set SSE.ETF.510050 position -10000.0
[2023.09.04 14:41:57 - debug] Strategy T0_LXY_510050 scheduled @ 1442
[2023.09.04 14:42:57 - debug] Main KBars SSE.ETF.510050#m1 closed
[2023.09.04 14:42:57 - info ] 1443 set SSE.ETF.510050 position 10000.0
[2023.09.04 14:42:57 - debug] Strategy T0_LXY_510050 scheduled @ 1443
[2023.09.04 14:43:57 - debug] Main KBars SSE.ETF.510050#m1 closed
[2023.09.04 14:44:12 - info ] 1444 set SSE.ETF.510050 position 10000.0
[2023.09.04 14:44:13 - debug] Strategy T0_LXY_510050 scheduled @ 1444
[2023.09.04 14:44:57 - debug] Main KBars SSE.ETF.510050#m1 closed
[2023.09.04 14:44:57 - info ] 1445 set SSE.ETF.510050 position 10000.0
[2023.09.04 14:44:57 - debug] Strategy T0_LXY_510050 scheduled @ 1445
[2023.09.04 14:45:57 - debug] Main KBars SSE.ETF.510050#m1 closed
[2023.09.04 14:45:57 - info ] 1446 set SSE.ETF.510050 position -10000.0
[2023.09.04 14:45:57 - debug] Strategy T0_LXY_510050 scheduled @ 1446
[2023.09.04 14:46:57 - debug] Main KBars SSE.ETF.510050#m1 closed
[2023.09.04 14:46:57 - info ] 1447 set SSE.ETF.510050 position 10000.0
[2023.09.04 14:46:57 - debug] Strategy T0_LXY_510050 scheduled @ 1447
[2023.09.04 14:47:56 - debug] Main KBars SSE.ETF.510050#m1 closed
[2023.09.04 14:47:57 - info ] 1448 set SSE.ETF.510050 position 10000.0
[2023.09.04 14:47:57 - debug] Strategy T0_LXY_510050 scheduled @ 1448
[2023.09.04 14:48:57 - debug] Main KBars SSE.ETF.510050#m1 closed
[2023.09.04 14:48:57 - info ] 1449 set SSE.ETF.510050 position -10000.0
[2023.09.04 14:48:57 - debug] Strategy T0_LXY_510050 scheduled @ 1449
[2023.09.04 14:49:57 - debug] Main KBars SSE.ETF.510050#m1 closed
[2023.09.04 14:49:57 - info ] 1450 set SSE.ETF.510050 position 10000.0
[2023.09.04 14:49:57 - debug] Strategy T0_LXY_510050 scheduled @ 1450
[2023.09.04 14:50:56 - debug] Main KBars SSE.ETF.510050#m1 closed
[2023.09.04 14:50:57 - info ] 1451 set SSE.ETF.510050 position 10000.0
[2023.09.04 14:50:57 - debug] Strategy T0_LXY_510050 scheduled @ 1451
[2023.09.04 14:51:56 - debug] Main KBars SSE.ETF.510050#m1 closed
[2023.09.04 14:51:57 - info ] 1452 set SSE.ETF.510050 position -10000.0
[2023.09.04 14:51:57 - debug] Strategy T0_LXY_510050 scheduled @ 1452
[2023.09.04 14:52:56 - debug] Main KBars SSE.ETF.510050#m1 closed
[2023.09.04 14:52:57 - info ] 1453 set SSE.ETF.510050 position 10000.0
[2023.09.04 14:52:57 - debug] Strategy T0_LXY_510050 scheduled @ 1453
[2023.09.04 14:53:56 - debug] Main KBars SSE.ETF.510050#m1 closed
[2023.09.04 14:53:57 - info ] 1454 set SSE.ETF.510050 position 10000.0
[2023.09.04 14:53:57 - debug] Strategy T0_LXY_510050 scheduled @ 1454
[2023.09.04 14:53:57 - info ] Strategy has been scheduled 220 times, totally taking 106439099 us, 483814.086 us each time
[2023.09.04 14:54:56 - debug] Main KBars SSE.ETF.510050#m1 closed
[2023.09.04 14:54:57 - info ] 1455 set SSE.ETF.510050 position 10000.0
[2023.09.04 14:54:57 - debug] Strategy T0_LXY_510050 scheduled @ 1455
[2023.09.04 14:55:56 - debug] Main KBars SSE.ETF.510050#m1 closed
[2023.09.04 14:55:57 - info ] 1456 set SSE.ETF.510050 position -10000.0
[2023.09.04 14:55:57 - debug] Strategy T0_LXY_510050 scheduled @ 1456
[2023.09.04 14:56:56 - debug] Main KBars SSE.ETF.510050#m1 closed
[2023.09.04 14:56:57 - info ] 1457 set SSE.ETF.510050 position -10000.0
[2023.09.04 14:56:57 - debug] Strategy T0_LXY_510050 scheduled @ 1457
[2023.09.04 14:57:56 - debug] Main KBars SSE.ETF.510050#m1 closed
[2023.09.04 14:57:57 - info ] 1458 set SSE.ETF.510050 position 0
[2023.09.04 14:57:57 - debug] Strategy T0_LXY_510050 scheduled @ 1458
[2023.09.04 14:58:56 - debug] Main KBars SSE.ETF.510050#m1 closed
[2023.09.04 14:58:57 - info ] 1459 set SSE.ETF.510050 position 0
[2023.09.04 14:58:57 - debug] Strategy T0_LXY_510050 scheduled @ 1459
[2023.09.04 14:59:57 - debug] Main KBars SSE.ETF.510050#m1 closed
[2023.09.04 14:59:57 - info ] 1500 set SSE.ETF.510050 position 0
[2023.09.04 14:59:57 - debug] Strategy T0_LXY_510050 scheduled @ 1500
