[2023.12.20 11:28:06 - info ] WonderTrader HFT production framework initialzied, version: X64 v0.9.9 Build@Nov 29 2023 15:47:44
[2023.12.20 11:28:06 - info ] Trading sessions loaded
[2023.12.20 11:28:06 - warning] No session configured for CFFEX.TL
[2023.12.20 11:28:06 - warning] No session configured for CZCE.PX
[2023.12.20 11:28:06 - warning] No session configured for CZCE.SH
[2023.12.20 11:28:06 - warning] No session configured for GFEX.lc
[2023.12.20 11:28:06 - warning] No session configured for GFEX.si
[2023.12.20 11:28:06 - warning] No session configured for INE.ec
[2023.12.20 11:28:06 - warning] No session configured for SHFE.ao
[2023.12.20 11:28:06 - warning] No session configured for SHFE.br
[2023.12.20 11:28:06 - info ] Commodities configuration file ../common/commodities.json loaded
[2023.12.20 11:28:06 - info ] Contracts configuration file ../common/contracts_SP.json loaded, 2 exchanges
[2023.12.20 11:28:06 - info ] Holidays loaded
[2023.12.20 11:28:06 - info ] Hot rules loaded
[2023.12.20 11:28:06 - info ] Trading environment initialized, engine name: HFT
[2023.12.20 11:28:06 - info ] Running mode: Production
[2023.12.20 11:28:06 - debug] Filters configuration file filters.yaml not exists
[2023.12.20 11:28:06 - info ] 0 fee templates loaded
[2023.12.20 11:28:06 - warning] RiskMon is not configured, portfilio fund will be updated every 5s
[2023.12.20 11:28:06 - info ] Resampled bars will be aligned by section:  no
[2023.12.20 11:28:06 - info ] Force to cache bars: yes
[2023.12.20 11:28:06 - info ] WtDataReader initialized, rt dir is ../FUT_Data/rt/, hist dir is ../FUT_Data/his/, adjust_flag is 0
[2023.12.20 11:28:06 - info ] No adjusting factor file configured, loading skipped
[2023.12.20 11:28:06 - info ] Data manager initialized
[2023.12.20 11:28:06 - info ] Action policies initialized
[2023.12.20 11:28:06 - info ] Reading parser config from tdparsers.yaml...
[2023.12.20 11:28:06 - info ] [parser1] Parser module E:/miniconda3/envs/wtpy/lib/site-packages/wtpy/wrapper/x64/parsers/ParserUDP.dll loaded
[2023.12.20 11:28:06 - info ] [parser1] Parser initialzied, check_time: false
[2023.12.20 11:28:06 - info ] 1 parsers loaded
[2023.12.20 11:28:06 - info ] Reading trader config from tdtraders.yaml...
[2023.12.20 11:28:06 - info ] [zhongxinFUT] Risk control rule default of trading channel loaded
[2023.12.20 11:28:06 - info ] [zhongxinFUT] Trader module E:/miniconda3/envs/wtpy/lib/site-packages/wtpy/wrapper/x64/traders/TraderCTP.dll loaded
[2023.12.20 11:28:06 - info ] 1 traders loaded
[2023.12.20 11:28:06 - info ] 1 parsers started
[2023.12.20 11:28:06 - info ] registerFront: tcp://121.13.217.132:44205
[2023.12.20 11:28:06 - info ] 1 trading channels started
[2023.12.20 11:28:06 - info ] Market Data subscribed: DCE.y.2403
[2023.12.20 11:28:06 - info ] Trading day 20231220 begun
[2023.12.20 11:28:06 - info ] [TraderCTP][7050-58110678] Login succeed, AppID: wz_wt_v100, Sessionid: 1596327551, login time: 11:27:41...
[2023.12.20 11:28:06 - warning] Cache file reset due to a different date
[2023.12.20 11:28:06 - warning] Cache file reset due to a different date
[2023.12.20 11:28:06 - info ] [TraderCTP][7050-58110678] Login succeed, trading date: 20231220...
[2023.12.20 11:28:06 - info ] [TraderCTP][7050-58110678] Querying confirming state of settlement data...
[2023.12.20 11:28:07 - info ] [TraderCTP][7050-58110678] Trading channel initialized...
[2023.12.20 11:28:07 - info ] [zhongxinFUT] Trader login succeed, trading date: 20231220
[2023.12.20 11:28:08 - info ] [zhongxinFUT] DCE.p.2408 position updated, long:0[0]|0[0], short:1[1]|0[0]
[2023.12.20 11:28:08 - info ] [zhongxinFUT] DCE.y.2403 position updated, long:0[0]|0[0], short:1[1]|0[0]
[2023.12.20 11:28:08 - info ] [zhongxinFUT] Position data updated
