[2023.07.21 13:40:25 - debug] Main KBars confirmed: SSE.STK.600000#d1
[2023.07.21 13:41:32 - debug] Main KBars confirmed: SSE.STK.600000#d1
[2023.07.21 14:28:37 - info ] 0 conditions recovered, setup time: 0
[2023.07.21 14:28:37 - debug] Main KBars confirmed: SSE.STK.600000#d1
[2023.07.21 15:11:09 - info ] 0 conditions recovered, setup time: 0
[2023.07.21 15:11:09 - debug] Main KBars confirmed: SSE.STK.600000#d1
[2023.07.21 15:13:36 - info ] 0 conditions recovered, setup time: 0
[2023.07.21 15:13:36 - debug] Main KBars confirmed: SSE.STK.600000#d1
[2023.07.21 15:15:29 - info ] 0 conditions recovered, setup time: 0
[2023.07.21 15:15:29 - debug] Main KBars confirmed: SSE.STK.600000#d1
[2023.07.21 15:18:47 - info ] 0 conditions recovered, setup time: 0
[2023.07.21 15:18:47 - debug] Main KBars confirmed: SSE.STK.600000#d1
[2023.07.21 15:18:47 - info ] DualThrust inited
[2023.07.21 15:18:47 - info ] Market data subscribed: SSE.STK.600000
[2023.07.21 15:19:22 - info ] 0 conditions recovered, setup time: 0
[2023.07.21 15:19:22 - debug] Main KBars confirmed: SSE.STK.600000#d1
[2023.07.21 15:19:22 - info ] DualThrust inited
[2023.07.21 15:19:22 - info ] Market data subscribed: SSE.STK.600000
[2023.07.21 15:19:47 - info ] 0 conditions recovered, setup time: 0
[2023.07.21 15:19:47 - debug] Main KBars confirmed: SSE.STK.600000#d1
[2023.07.21 15:19:47 - info ] DualThrust inited
[2023.07.21 15:19:47 - info ] Market data subscribed: SSE.STK.600000
[2023.07.21 15:20:42 - info ] 0 conditions recovered, setup time: 0
[2023.07.21 15:20:42 - debug] Main KBars confirmed: SSE.STK.600000#d1
[2023.07.21 15:20:42 - info ] DualThrust inited
[2023.07.21 15:20:42 - info ] Market data subscribed: SSE.STK.600000
[2023.07.21 15:26:03 - info ] 0 conditions recovered, setup time: 0
[2023.07.21 15:26:03 - debug] Main KBars confirmed: SSE.STK.600000#d1
[2023.07.21 15:26:03 - info ] DualThrust inited
[2023.07.21 15:26:03 - info ] Market data subscribed: SSE.STK.600000
[2023.07.21 15:28:00 - info ] 0 conditions recovered, setup time: 0
[2023.07.21 15:28:00 - debug] Main KBars confirmed: SSE.STK.600000#d1
[2023.07.21 15:28:00 - info ] DualThrust inited
[2023.07.21 15:28:00 - info ] Market data subscribed: SSE.STK.600000
[2023.07.21 15:30:09 - info ] 0 conditions recovered, setup time: 0
[2023.07.21 15:30:09 - debug] Main KBars confirmed: SSE.STK.600000#d1
[2023.07.21 15:30:09 - info ] DualThrust inited
[2023.07.21 15:30:09 - info ] Market data subscribed: SSE.STK.600000
[2023.07.21 15:30:44 - info ] 0 conditions recovered, setup time: 0
[2023.07.21 15:30:44 - debug] Main KBars confirmed: SSE.STK.600000#d1
[2023.07.21 15:32:51 - info ] 0 conditions recovered, setup time: 0
[2023.07.21 15:32:51 - debug] Main KBars confirmed: SSE.STK.600000#d1
[2023.07.21 15:59:30 - info ] 0 conditions recovered, setup time: 0
[2023.07.21 15:59:30 - debug] Main KBars confirmed: SSE.STK.600000#d1
[2023.07.21 16:26:38 - info ] 0 conditions recovered, setup time: 0
[2023.07.21 16:26:38 - debug] Main KBars confirmed: SSE.STK.600000#d1
[2023.07.21 16:27:21 - info ] 0 conditions recovered, setup time: 0
[2023.07.21 16:27:21 - debug] Main KBars confirmed: SSE.STK.600000#d1
[2023.07.21 16:29:02 - info ] 0 conditions recovered, setup time: 0
[2023.07.21 16:29:02 - debug] Main KBars confirmed: SSE.STK.600000#d1
[2023.07.21 16:33:18 - info ] 0 conditions recovered, setup time: 0
[2023.07.21 16:33:18 - debug] Main KBars confirmed: SSE.STK.600000#m1
[2023.07.21 16:33:18 - info ] DualThrust inited
[2023.07.21 16:33:18 - info ] Market data subscribed: SSE.STK.600000
[2023.07.21 16:35:29 - info ] 0 conditions recovered, setup time: 0
[2023.07.21 16:35:29 - debug] Main KBars confirmed: SSE.STK.600000#d1
[2023.07.21 16:36:47 - info ] 0 conditions recovered, setup time: 0
[2023.07.21 16:36:47 - debug] Main KBars confirmed: SSE.STK.600000#m5
[2023.07.21 16:36:47 - info ] DualThrust inited
[2023.07.21 16:36:47 - info ] Market data subscribed: SSE.STK.600000
[2023.07.21 16:36:55 - info ] 0 conditions recovered, setup time: 0
[2023.07.21 16:36:55 - debug] Main KBars confirmed: SSE.STK.600000#m1
[2023.07.21 16:36:55 - info ] DualThrust inited
[2023.07.21 16:36:55 - info ] Market data subscribed: SSE.STK.600000
[2023.07.21 16:37:01 - info ] 0 conditions recovered, setup time: 0
[2023.07.21 16:37:01 - debug] Main KBars confirmed: SSE.STK.600000#m3
[2023.07.21 17:00:47 - info ] 0 conditions recovered, setup time: 0
[2023.07.21 17:00:47 - debug] Main KBars confirmed: SSE.STK.600000#m1
[2023.07.21 17:00:47 - info ] DualThrust inited
[2023.07.21 17:00:47 - info ] Market data subscribed: SSE.STK.600000
