[2023.12.14 10:34:28 - info ] [zhongxinFUT] Risk control rule default of trading channel loaded
[2023.12.14 10:34:28 - info ] [zhongxinFUT] Trader module E:/miniconda3/envs/wtpy/lib/site-packages/wtpy/wrapper/x64/traders/TraderCTP.dll loaded
[2023.12.14 10:34:28 - info ] registerFront: tcp://121.13.217.132:44213
[2023.12.14 10:34:28 - error] 0 rsp error: 77 : CTP:无此功能
[2023.12.14 10:38:13 - info ] [zhongxinFUT] Risk control rule default of trading channel loaded
[2023.12.14 10:38:13 - info ] [zhongxinFUT] Trader module E:/miniconda3/envs/wtpy/lib/site-packages/wtpy/wrapper/x64/traders/TraderCTP.dll loaded
[2023.12.14 10:38:13 - info ] registerFront: tcp://121.13.217.132:44213
[2023.12.14 10:38:13 - error] 0 rsp error: 77 : CTP:无此功能
[2023.12.14 10:38:57 - info ] [zhongxinFUT] Risk control rule default of trading channel loaded
[2023.12.14 10:38:57 - info ] [zhongxinFUT] Trader module E:/miniconda3/envs/wtpy/lib/site-packages/wtpy/wrapper/x64/traders/TraderCTP.dll loaded
[2023.12.14 10:38:57 - info ] registerFront: tcp://121.13.217.132:44213
[2023.12.14 10:38:57 - error] 0 rsp error: 77 : CTP:无此功能
[2023.12.14 10:39:47 - info ] [zhongxinFUT] Risk control rule default of trading channel loaded
[2023.12.14 10:39:47 - info ] [zhongxinFUT] Trader module E:/miniconda3/envs/wtpy/lib/site-packages/wtpy/wrapper/x64/traders/TraderCTP.dll loaded
[2023.12.14 10:39:47 - info ] registerFront: tcp://121.13.217.132:44205
[2023.12.14 10:39:48 - info ] [TraderCTP][7050-58110678] Login succeed, AppID: wz_wt_v100, Sessionid: 1791886629, login time: 10:39:25...
[2023.12.14 10:39:48 - info ] [TraderCTP][7050-58110678] Login succeed, trading date: 20231214...
[2023.12.14 10:39:48 - info ] [TraderCTP][7050-58110678] Querying confirming state of settlement data...
[2023.12.14 10:39:48 - info ] [TraderCTP][7050-58110678] Trading channel initialized...
[2023.12.14 10:39:48 - info ] [zhongxinFUT] Trader login succeed, trading date: 20231214
[2023.12.14 10:39:49 - info ] [zhongxinFUT] Position data updated
[2023.12.14 10:39:52 - info ] [zhongxinFUT] Trading channel ready
[2023.12.14 10:42:39 - info ] [zhongxinFUT] Risk control rule default of trading channel loaded
[2023.12.14 10:42:39 - info ] [zhongxinFUT] Trader module E:/miniconda3/envs/wtpy/lib/site-packages/wtpy/wrapper/x64/traders/TraderCTP.dll loaded
[2023.12.14 10:42:39 - info ] registerFront: tcp://121.13.217.132:44205
[2023.12.14 10:42:40 - info ] [TraderCTP][7050-58110678] Login succeed, AppID: wz_wt_v100, Sessionid: 1803683135, login time: 10:42:17...
[2023.12.14 10:42:40 - info ] [TraderCTP][7050-58110678] Login succeed, trading date: 20231214...
[2023.12.14 10:42:40 - info ] [TraderCTP][7050-58110678] Querying confirming state of settlement data...
[2023.12.14 10:42:40 - info ] [TraderCTP][7050-58110678] Trading channel initialized...
[2023.12.14 10:42:40 - info ] [zhongxinFUT] Trader login succeed, trading date: 20231214
[2023.12.14 10:42:41 - info ] [zhongxinFUT] Position data updated
[2023.12.14 10:42:44 - info ] [zhongxinFUT] Trading channel ready
[2023.12.14 10:43:45 - info ] [zhongxinFUT] Risk control rule default of trading channel loaded
[2023.12.14 10:43:45 - info ] [zhongxinFUT] Trader module E:/miniconda3/envs/wtpy/lib/site-packages/wtpy/wrapper/x64/traders/TraderCTP.dll loaded
[2023.12.14 10:43:45 - info ] registerFront: tcp://121.13.217.132:44205
[2023.12.14 10:43:45 - info ] [TraderCTP][7050-58110678] Login succeed, AppID: wz_wt_v100, Sessionid: 1807615305, login time: 10:43:23...
[2023.12.14 10:43:45 - info ] [TraderCTP][7050-58110678] Login succeed, trading date: 20231214...
[2023.12.14 10:43:45 - info ] [TraderCTP][7050-58110678] Querying confirming state of settlement data...
[2023.12.14 10:43:46 - info ] [TraderCTP][7050-58110678] Trading channel initialized...
[2023.12.14 10:43:46 - info ] [zhongxinFUT] Trader login succeed, trading date: 20231214
[2023.12.14 10:43:46 - info ] [zhongxinFUT] Position data updated
[2023.12.14 10:43:50 - info ] [zhongxinFUT] Trading channel ready
[2023.12.14 10:44:31 - info ] [zhongxinFUT] Risk control rule default of trading channel loaded
[2023.12.14 10:44:31 - info ] [zhongxinFUT] Trader module E:/miniconda3/envs/wtpy/lib/site-packages/wtpy/wrapper/x64/traders/TraderCTP.dll loaded
[2023.12.14 10:44:31 - info ] registerFront: tcp://121.13.217.132:44205
[2023.12.14 10:44:32 - info ] [TraderCTP][7050-58110678] Login succeed, AppID: wz_wt_v100, Sessionid: 1811023184, login time: 10:44:09...
[2023.12.14 10:44:32 - info ] [TraderCTP][7050-58110678] Login succeed, trading date: 20231214...
[2023.12.14 10:44:32 - info ] [TraderCTP][7050-58110678] Querying confirming state of settlement data...
[2023.12.14 10:44:32 - info ] [TraderCTP][7050-58110678] Trading channel initialized...
[2023.12.14 10:44:32 - info ] [zhongxinFUT] Trader login succeed, trading date: 20231214
[2023.12.14 10:44:33 - info ] [zhongxinFUT] Position data updated
[2023.12.14 10:44:36 - info ] [zhongxinFUT] Trading channel ready
[2023.12.14 10:45:41 - info ] [zhongxinFUT] Risk control rule default of trading channel loaded
[2023.12.14 10:45:41 - info ] [zhongxinFUT] Trader module E:/miniconda3/envs/wtpy/lib/site-packages/wtpy/wrapper/x64/traders/TraderCTP.dll loaded
[2023.12.14 10:45:41 - info ] registerFront: tcp://121.13.217.132:44205
[2023.12.14 10:45:42 - info ] [TraderCTP][7050-58110678] Login succeed, AppID: wz_wt_v100, Sessionid: 1815479644, login time: 10:45:19...
[2023.12.14 10:45:42 - info ] [TraderCTP][7050-58110678] Login succeed, trading date: 20231214...
[2023.12.14 10:45:42 - info ] [TraderCTP][7050-58110678] Querying confirming state of settlement data...
[2023.12.14 10:45:42 - info ] [TraderCTP][7050-58110678] Trading channel initialized...
[2023.12.14 10:45:42 - info ] [zhongxinFUT] Trader login succeed, trading date: 20231214
[2023.12.14 10:45:43 - info ] [zhongxinFUT] Position data updated
[2023.12.14 10:45:46 - info ] [zhongxinFUT] Trading channel ready
[2023.12.14 10:55:31 - info ] [zhongxinFUT] Risk control rule default of trading channel loaded
[2023.12.14 10:55:31 - info ] [zhongxinFUT] Trader module E:/miniconda3/envs/wtpy/lib/site-packages/wtpy/wrapper/x64/traders/TraderCTP.dll loaded
[2023.12.14 10:55:31 - info ] registerFront: tcp://121.13.217.132:44205
[2023.12.14 10:55:32 - info ] [TraderCTP][7050-58110678] Login succeed, AppID: wz_wt_v100, Sessionid: 1854408114, login time: 10:55:09...
[2023.12.14 10:55:32 - info ] [TraderCTP][7050-58110678] Login succeed, trading date: 20231214...
[2023.12.14 10:55:32 - info ] [TraderCTP][7050-58110678] Querying confirming state of settlement data...
[2023.12.14 10:55:32 - info ] [TraderCTP][7050-58110678] Trading channel initialized...
[2023.12.14 10:55:32 - info ] [zhongxinFUT] Trader login succeed, trading date: 20231214
[2023.12.14 10:55:33 - info ] [zhongxinFUT] Position data updated
[2023.12.14 10:55:36 - info ] [zhongxinFUT] Trading channel ready
[2023.12.14 10:56:20 - info ] [zhongxinFUT] Risk control rule default of trading channel loaded
[2023.12.14 10:56:20 - info ] [zhongxinFUT] Trader module E:/miniconda3/envs/wtpy/lib/site-packages/wtpy/wrapper/x64/traders/TraderCTP.dll loaded
[2023.12.14 10:56:20 - info ] registerFront: tcp://121.13.217.132:44205
[2023.12.14 10:56:20 - info ] [TraderCTP][7050-58110678] Login succeed, AppID: wz_wt_v100, Sessionid: 1857422777, login time: 10:55:57...
[2023.12.14 10:56:20 - info ] [TraderCTP][7050-58110678] Login succeed, trading date: 20231214...
[2023.12.14 10:56:20 - info ] [TraderCTP][7050-58110678] Querying confirming state of settlement data...
[2023.12.14 10:56:20 - info ] [TraderCTP][7050-58110678] Trading channel initialized...
[2023.12.14 10:56:20 - info ] [zhongxinFUT] Trader login succeed, trading date: 20231214
[2023.12.14 10:56:21 - info ] [zhongxinFUT] Position data updated
[2023.12.14 10:56:24 - info ] [zhongxinFUT] Trading channel ready
[2023.12.14 10:57:29 - info ] [zhongxinFUT] Risk control rule default of trading channel loaded
[2023.12.14 10:57:29 - info ] [zhongxinFUT] Trader module E:/miniconda3/envs/wtpy/lib/site-packages/wtpy/wrapper/x64/traders/TraderCTP.dll loaded
[2023.12.14 10:57:29 - info ] registerFront: tcp://121.13.217.132:44205
[2023.12.14 10:57:30 - info ] [TraderCTP][7050-58110678] Login succeed, AppID: wz_wt_v100, Sessionid: 1862272453, login time: 10:57:07...
[2023.12.14 10:57:30 - info ] [TraderCTP][7050-58110678] Login succeed, trading date: 20231214...
[2023.12.14 10:57:30 - info ] [TraderCTP][7050-58110678] Querying confirming state of settlement data...
[2023.12.14 10:57:30 - info ] [TraderCTP][7050-58110678] Trading channel initialized...
[2023.12.14 10:57:30 - info ] [zhongxinFUT] Trader login succeed, trading date: 20231214
[2023.12.14 10:57:31 - info ] [zhongxinFUT] Position data updated
[2023.12.14 10:57:34 - info ] [zhongxinFUT] Trading channel ready
