[2023.09.07 14:09:08 - error] [parser] Parser module ParserInsight.dll loading failed
[2023.09.07 14:10:12 - info ] [parser] Parser module ParserInsight.dll loaded
[2023.09.07 14:10:15 - info ] [ParserInsight] MDCTest2859 login success
[2023.09.07 14:10:15 - info ] [ParserInsight] Connecting to [112.4.154.165] successed: 0, begin to subscibe data ...
[2023.09.07 14:10:15 - info ] [DoSubscribeMD] Subscribe 695 stocks from SSE
[2023.09.07 14:10:15 - info ] [DoSubscribeMD] Subscribe 816 stocks from SZSE
[2023.09.07 14:10:15 - info ] [ParserInsight] Market data of 695 instruments of SSE and 816 instruments of SZSE subscribed
[2023.09.07 14:10:15 - debug] code: 601686.SH, date: 20230907 type:stock...........
[2023.09.07 14:10:15 - debug] code: 603023.SH, date: 20230907 type:stock...........
[2023.09.07 14:10:15 - debug] code: 603098.SH, date: 20230907 type:stock...........
[2023.09.07 14:10:15 - debug] code: 113530.SH, date: 20230907type:bond
[2023.09.07 14:10:15 - debug] code: 113662.SH, date: 20230907type:bond
[2023.09.07 14:10:15 - debug] code: 110048.SH, date: 20230907type:bond
[2023.09.07 14:10:15 - debug] code: 113504.SH, date: 20230907type:bond
[2023.09.07 14:10:15 - debug] code: 113602.SH, date: 20230907type:bond
[2023.09.07 14:10:15 - debug] code: 113643.SH, date: 20230907type:bond
[2023.09.07 14:10:15 - debug] code: 123054.SZ, date: 20230907type:bond
[2023.09.07 14:10:15 - debug] code: 123048.SZ, date: 20230907type:bond
[2023.09.07 14:10:15 - debug] code: 123085.SZ, date: 20230907type:bond
[2023.09.07 14:10:15 - debug] code: 123046.SZ, date: 20230907type:bond
[2023.09.07 14:10:15 - debug] code: 123011.SZ, date: 20230907type:bond
[2023.09.07 14:10:15 - debug] code: 123131.SZ, date: 20230907type:bond
[2023.09.07 14:10:15 - debug] code: 123065.SZ, date: 20230907type:bond
[2023.09.07 14:10:15 - debug] code: 123022.SZ, date: 20230907type:bond
[2023.09.07 14:10:15 - debug] code: 123038.SZ, date: 20230907type:bond
[2023.09.07 14:10:15 - debug] code: 123118.SZ, date: 20230907type:bond
[2023.09.07 14:10:15 - debug] code: 123050.SZ, date: 20230907type:bond
[2023.09.07 14:10:15 - debug] code: 123124.SZ, date: 20230907type:bond
[2023.09.07 14:10:15 - debug] code: 123091.SZ, date: 20230907type:bond
[2023.09.07 14:10:15 - debug] code: 123092.SZ, date: 20230907type:bond
[2023.09.07 14:10:15 - debug] code: 123004.SZ, date: 20230907type:bond
[2023.09.07 14:10:15 - debug] code: 123035.SZ, date: 20230907type:bond
[2023.09.07 14:10:15 - debug] code: 600535.SH, date: 20230907 type:stock...........
[2023.09.07 14:10:15 - debug] code: 123076.SZ, date: 20230907type:bond
[2023.09.07 14:10:15 - debug] code: 123031.SZ, date: 20230907type:bond
[2023.09.07 14:10:15 - debug] code: 123133.SZ, date: 20230907type:bond
[2023.09.07 14:10:15 - debug] code: 123025.SZ, date: 20230907type:bond
[2023.09.07 14:10:15 - debug] code: 601336.SH, date: 20230907 type:stock...........
[2023.09.07 14:10:15 - debug] code: 123141.SZ, date: 20230907type:bond
[2023.09.07 14:10:15 - debug] code: 123052.SZ, date: 20230907type:bond
[2023.09.07 14:10:15 - debug] code: 603916.SH, date: 20230907 type:stock...........
[2023.09.07 14:10:15 - debug] code: 123080.SZ, date: 20230907type:bond
[2023.09.07 14:10:15 - debug] code: 123087.SZ, date: 20230907type:bond
[2023.09.07 14:10:15 - debug] code: 123112.SZ, date: 20230907type:bond
[2023.09.07 14:10:15 - debug] code: 123067.SZ, date: 20230907type:bond
[2023.09.07 14:10:15 - debug] code: 123107.SZ, date: 20230907type:bond
[2023.09.07 14:10:15 - debug] code: 123147.SZ, date: 20230907type:bond
[2023.09.07 14:10:15 - debug] code: 123138.SZ, date: 20230907type:bond
[2023.09.07 14:10:15 - debug] code: 123059.SZ, date: 20230907type:bond
[2023.09.07 14:10:15 - debug] code: 601311.SH, date: 20230907 type:stock...........
[2023.09.07 14:10:15 - debug] code: 123018.SZ, date: 20230907type:bond
[2023.09.07 14:10:15 - debug] code: 123100.SZ, date: 20230907type:bond
[2023.09.07 14:10:15 - debug] code: 123039.SZ, date: 20230907type:bond
[2023.09.07 14:10:15 - debug] code: 123078.SZ, date: 20230907type:bond
[2023.09.07 14:10:15 - debug] code: 600496.SH, date: 20230907 type:stock...........
[2023.09.07 14:10:15 - debug] code: 600269.SH, date: 20230907 type:stock...........
[2023.09.07 14:10:15 - debug] code: 123121.SZ, date: 20230907type:bond
[2023.09.07 14:10:15 - debug] code: 123093.SZ, date: 20230907type:bond
[2023.09.07 14:10:15 - debug] code: 123090.SZ, date: 20230907type:bond
[2023.09.07 14:10:15 - debug] code: 123013.SZ, date: 20230907type:bond
[2023.09.07 14:10:15 - debug] code: 123130.SZ, date: 20230907type:bond
[2023.09.07 14:10:15 - debug] code: 123142.SZ, date: 20230907type:bond
[2023.09.07 14:10:15 - debug] code: 123099.SZ, date: 20230907type:bond
[2023.09.07 14:10:15 - debug] code: 123153.SZ, date: 20230907type:bond
[2023.09.07 14:10:15 - debug] code: 123152.SZ, date: 20230907type:bond
[2023.09.07 14:10:15 - debug] code: 123173.SZ, date: 20230907type:bond
[2023.09.07 14:10:15 - debug] code: 603866.SH, date: 20230907 type:stock...........
[2023.09.07 14:10:15 - debug] code: 123034.SZ, date: 20230907type:bond
[2023.09.07 14:10:15 - debug] code: 123156.SZ, date: 20230907type:bond
[2023.09.07 14:10:15 - debug] code: 123071.SZ, date: 20230907type:bond
[2023.09.07 14:10:15 - debug] code: 123115.SZ, date: 20230907type:bond
[2023.09.07 14:10:15 - debug] code: 123129.SZ, date: 20230907type:bond
[2023.09.07 14:10:15 - debug] code: 600798.SH, date: 20230907 type:stock...........
[2023.09.07 14:10:15 - debug] code: 123158.SZ, date: 20230907type:bond
[2023.09.07 14:10:15 - debug] code: 123127.SZ, date: 20230907type:bond
[2023.09.07 14:10:15 - debug] code: 603363.SH, date: 20230907 type:stock...........
[2023.09.07 14:10:15 - debug] code: 123145.SZ, date: 20230907type:bond
[2023.09.07 14:10:15 - debug] code: 123166.SZ, date: 20230907type:bond
[2023.09.07 14:10:15 - debug] code: 123143.SZ, date: 20230907type:bond
[2023.09.07 14:10:15 - debug] code: 123144.SZ, date: 20230907type:bond
[2023.09.07 14:10:15 - debug] code: 123120.SZ, date: 20230907type:bond
[2023.09.07 14:10:15 - debug] code: 123180.SZ, date: 20230907type:bond
[2023.09.07 14:10:15 - debug] code: 123089.SZ, date: 20230907type:bond
[2023.09.07 14:10:15 - debug] code: 123096.SZ, date: 20230907type:bond
[2023.09.07 14:10:15 - debug] code: 123171.SZ, date: 20230907type:bond
[2023.09.07 14:10:15 - debug] code: 123169.SZ, date: 20230907type:bond
[2023.09.07 14:10:15 - debug] code: 123190.SZ, date: 20230907type:bond
[2023.09.07 14:10:15 - debug] code: 123122.SZ, date: 20230907type:bond
[2023.09.07 14:10:15 - debug] code: 688680.SH, date: 20230907 type:stock...........
[2023.09.07 14:10:15 - debug] code: 123162.SZ, date: 20230907type:bond
[2023.09.07 14:10:15 - debug] code: 123176.SZ, date: 20230907type:bond
[2023.09.07 14:10:15 - debug] code: 123140.SZ, date: 20230907type:bond
[2023.09.07 14:10:15 - debug] code: 123161.SZ, date: 20230907type:bond
[2023.09.07 14:10:15 - debug] code: 123160.SZ, date: 20230907type:bond
[2023.09.07 14:10:15 - debug] code: 123128.SZ, date: 20230907type:bond
[2023.09.07 14:10:15 - debug] code: 600600.SH, date: 20230907 type:stock...........
[2023.09.07 14:10:15 - debug] code: 123184.SZ, date: 20230907type:bond
[2023.09.07 14:10:15 - debug] code: 123191.SZ, date: 20230907type:bond
[2023.09.07 14:10:15 - debug] code: 123146.SZ, date: 20230907type:bond
[2023.09.07 14:10:15 - debug] code: 123181.SZ, date: 20230907type:bond
[2023.09.07 14:10:15 - debug] code: 123175.SZ, date: 20230907type:bond
[2023.09.07 14:10:15 - debug] code: 123135.SZ, date: 20230907type:bond
[2023.09.07 14:10:15 - debug] code: 123187.SZ, date: 20230907type:bond
[2023.09.07 14:10:15 - debug] code: 123164.SZ, date: 20230907type:bond
[2023.09.07 14:10:15 - debug] code: 123172.SZ, date: 20230907type:bond
[2023.09.07 14:10:15 - debug] code: 123170.SZ, date: 20230907type:bond
[2023.09.07 14:10:15 - debug] code: 123179.SZ, date: 20230907type:bond
[2023.09.07 14:10:15 - debug] code: 123182.SZ, date: 20230907type:bond
[2023.09.07 14:10:15 - debug] code: 123157.SZ, date: 20230907type:bond
[2023.09.07 14:10:15 - debug] code: 123167.SZ, date: 20230907type:bond
[2023.09.07 14:10:15 - debug] code: 127012.SZ, date: 20230907type:bond
[2023.09.07 14:10:15 - debug] code: 127027.SZ, date: 20230907type:bond
[2023.09.07 14:10:15 - debug] code: 127014.SZ, date: 20230907type:bond
[2023.09.07 14:10:15 - debug] code: 123177.SZ, date: 20230907type:bond
[2023.09.07 14:10:15 - debug] code: 123186.SZ, date: 20230907type:bond
[2023.09.07 14:10:15 - debug] code: 123188.SZ, date: 20230907type:bond
[2023.09.07 14:10:15 - debug] code: 123174.SZ, date: 20230907type:bond
[2023.09.07 14:10:15 - debug] code: 127005.SZ, date: 20230907type:bond
[2023.09.07 14:10:15 - debug] code: 127063.SZ, date: 20230907type:bond
[2023.09.07 14:10:15 - debug] code: 123189.SZ, date: 20230907type:bond
[2023.09.07 14:10:15 - debug] code: 123183.SZ, date: 20230907type:bond
[2023.09.07 14:10:15 - debug] code: 127045.SZ, date: 20230907type:bond
[2023.09.07 14:10:15 - debug] code: 127064.SZ, date: 20230907type:bond
[2023.09.07 14:10:15 - debug] code: 127006.SZ, date: 20230907type:bond
[2023.09.07 14:10:15 - debug] code: 127018.SZ, date: 20230907type:bond
[2023.09.07 14:10:15 - debug] code: 123192.SZ, date: 20230907type:bond
[2023.09.07 14:10:15 - debug] code: 123194.SZ, date: 20230907type:bond
[2023.09.07 14:10:15 - debug] code: 127015.SZ, date: 20230907type:bond
[2023.09.07 14:10:15 - debug] code: 123196.SZ, date: 20230907type:bond
[2023.09.07 14:10:15 - debug] code: 127034.SZ, date: 20230907type:bond
[2023.09.07 14:10:15 - debug] code: 127049.SZ, date: 20230907type:bond
[2023.09.07 14:10:15 - debug] code: 127040.SZ, date: 20230907type:bond
[2023.09.07 14:10:15 - debug] code: 127007.SZ, date: 20230907type:bond
[2023.09.07 14:10:15 - debug] code: 127037.SZ, date: 20230907type:bond
[2023.09.07 14:10:15 - debug] code: 127046.SZ, date: 20230907type:bond
[2023.09.07 14:10:15 - debug] code: 127052.SZ, date: 20230907type:bond
[2023.09.07 14:10:15 - debug] code: 127016.SZ, date: 20230907type:bond
[2023.09.07 14:10:15 - debug] code: 127043.SZ, date: 20230907type:bond
[2023.09.07 14:10:15 - debug] code: 127042.SZ, date: 20230907type:bond
[2023.09.07 14:10:15 - debug] code: 127055.SZ, date: 20230907type:bond
[2023.09.07 14:10:15 - debug] code: 127047.SZ, date: 20230907type:bond
[2023.09.07 14:10:15 - debug] code: 127041.SZ, date: 20230907type:bond
[2023.09.07 14:10:15 - debug] code: 127031.SZ, date: 20230907type:bond
[2023.09.07 14:10:15 - debug] code: 128095.SZ, date: 20230907type:bond
[2023.09.07 14:10:15 - debug] code: 127029.SZ, date: 20230907type:bond
[2023.09.07 14:10:15 - debug] code: 128044.SZ, date: 20230907type:bond
[2023.09.07 14:10:15 - debug] code: 128017.SZ, date: 20230907type:bond
[2023.09.07 14:10:15 - debug] code: 127038.SZ, date: 20230907type:bond
[2023.09.07 14:10:15 - debug] code: 127074.SZ, date: 20230907type:bond
[2023.09.07 14:10:15 - debug] code: 127044.SZ, date: 20230907type:bond
[2023.09.07 14:10:15 - debug] code: 127065.SZ, date: 20230907type:bond
[2023.09.07 14:10:15 - debug] code: 127071.SZ, date: 20230907type:bond
[2023.09.07 14:10:15 - debug] code: 127020.SZ, date: 20230907type:bond
[2023.09.07 14:10:15 - debug] code: 127077.SZ, date: 20230907type:bond
[2023.09.07 14:10:15 - debug] code: 128023.SZ, date: 20230907type:bond
[2023.09.07 14:10:15 - debug] code: 127068.SZ, date: 20230907type:bond
[2023.09.07 14:10:15 - debug] code: 127080.SZ, date: 20230907type:bond
[2023.09.07 14:10:15 - debug] code: 127026.SZ, date: 20230907type:bond
[2023.09.07 14:10:15 - debug] code: 127035.SZ, date: 20230907type:bond
[2023.09.07 14:10:15 - debug] code: 127030.SZ, date: 20230907type:bond
[2023.09.07 14:10:15 - debug] code: 128037.SZ, date: 20230907type:bond
[2023.09.07 14:10:15 - debug] code: 127081.SZ, date: 20230907type:bond
[2023.09.07 14:10:15 - debug] code: 128034.SZ, date: 20230907type:bond
[2023.09.07 14:10:15 - debug] code: 127060.SZ, date: 20230907type:bond
[2023.09.07 14:10:15 - debug] code: 127069.SZ, date: 20230907type:bond
[2023.09.07 14:10:15 - debug] code: 128025.SZ, date: 20230907type:bond
[2023.09.07 14:10:15 - debug] code: 127033.SZ, date: 20230907type:bond
[2023.09.07 14:10:15 - debug] code: 127075.SZ, date: 20230907type:bond
[2023.09.07 14:10:15 - debug] code: 128048.SZ, date: 20230907type:bond
[2023.09.07 14:10:15 - debug] code: 127084.SZ, date: 20230907type:bond
[2023.09.07 14:10:15 - debug] code: 127085.SZ, date: 20230907type:bond
[2023.09.07 14:10:15 - debug] code: 128111.SZ, date: 20230907type:bond
[2023.09.07 14:10:15 - debug] code: 128081.SZ, date: 20230907type:bond
[2023.09.07 14:10:15 - debug] code: 128021.SZ, date: 20230907type:bond
[2023.09.07 14:10:15 - debug] code: 127058.SZ, date: 20230907type:bond
[2023.09.07 14:10:15 - debug] code: 128070.SZ, date: 20230907type:bond
[2023.09.07 14:10:15 - debug] code: 127070.SZ, date: 20230907type:bond
[2023.09.07 14:10:15 - debug] code: 128087.SZ, date: 20230907type:bond
[2023.09.07 14:10:15 - debug] code: 128085.SZ, date: 20230907type:bond
[2023.09.07 14:10:15 - debug] code: 128036.SZ, date: 20230907type:bond
[2023.09.07 14:10:15 - debug] code: 128124.SZ, date: 20230907type:bond
[2023.09.07 14:10:15 - debug] code: 128091.SZ, date: 20230907type:bond
[2023.09.07 14:10:15 - debug] code: 128117.SZ, date: 20230907type:bond
[2023.09.07 14:10:15 - debug] code: 128039.SZ, date: 20230907type:bond
[2023.09.07 14:10:15 - debug] code: 128076.SZ, date: 20230907type:bond
[2023.09.07 14:10:15 - debug] code: 128049.SZ, date: 20230907type:bond
[2023.09.07 14:10:15 - debug] code: 128106.SZ, date: 20230907type:bond
[2023.09.07 14:10:15 - debug] code: 128120.SZ, date: 20230907type:bond
[2023.09.07 14:10:15 - debug] code: 128108.SZ, date: 20230907type:bond
[2023.09.07 14:10:15 - debug] code: 128075.SZ, date: 20230907type:bond
[2023.09.07 14:10:15 - debug] code: 128121.SZ, date: 20230907type:bond
[2023.09.07 14:10:15 - debug] code: 128131.SZ, date: 20230907type:bond
[2023.09.07 14:10:15 - debug] code: 128074.SZ, date: 20230907type:bond
[2023.09.07 14:10:15 - debug] code: 128082.SZ, date: 20230907type:bond
[2023.09.07 14:10:15 - debug] code: 128071.SZ, date: 20230907type:bond
[2023.09.07 14:10:15 - debug] code: 128109.SZ, date: 20230907type:bond
[2023.09.07 14:10:15 - debug] code: 128105.SZ, date: 20230907type:bond
[2023.09.07 14:10:15 - debug] code: 128066.SZ, date: 20230907type:bond
[2023.09.07 14:10:15 - debug] code: 128118.SZ, date: 20230907type:bond
[2023.09.07 14:10:15 - debug] code: 128056.SZ, date: 20230907type:bond
[2023.09.07 14:10:15 - debug] code: 128116.SZ, date: 20230907type:bond
[2023.09.07 14:10:15 - debug] code: 128035.SZ, date: 20230907type:bond
[2023.09.07 14:10:15 - debug] code: 128101.SZ, date: 20230907type:bond
[2023.09.07 14:10:15 - debug] code: 128041.SZ, date: 20230907type:bond
[2023.09.07 14:10:15 - debug] code: 128083.SZ, date: 20230907type:bond
[2023.09.07 14:10:15 - debug] code: 128090.SZ, date: 20230907type:bond
[2023.09.07 14:10:15 - debug] code: 128143.SZ, date: 20230907type:bond
[2023.09.07 14:10:15 - debug] code: 128125.SZ, date: 20230907type:bond
[2023.09.07 14:10:15 - debug] code: 128144.SZ, date: 20230907type:bond
[2023.09.07 14:10:15 - debug] code: 128141.SZ, date: 20230907type:bond
[2023.09.07 14:10:15 - debug] code: 128132.SZ, date: 20230907type:bond
[2023.09.07 14:10:15 - debug] code: 128097.SZ, date: 20230907type:bond
[2023.09.07 14:10:15 - debug] code: 128136.SZ, date: 20230907type:bond
[2023.09.07 14:10:15 - debug] code: 128122.SZ, date: 20230907type:bond
[2023.09.07 14:10:15 - debug] code: 128128.SZ, date: 20230907type:bond
[2023.09.07 14:10:15 - debug] code: 113532.SH, date: 20230907type:bond
[2023.09.07 14:10:15 - debug] code: 110073.SH, date: 20230907type:bond
[2023.09.07 14:10:15 - debug] code: 113030.SH, date: 20230907type:bond
[2023.09.07 14:10:15 - debug] code: 110070.SH, date: 20230907type:bond
[2023.09.07 14:10:15 - debug] code: 110092.SH, date: 20230907type:bond
[2023.09.07 14:10:15 - debug] code: 113582.SH, date: 20230907type:bond
[2023.09.07 14:10:15 - debug] code: 113545.SH, date: 20230907type:bond
[2023.09.07 14:10:15 - debug] code: 118031.SH, date: 20230907type:bond
[2023.09.07 14:10:15 - debug] code: 600231.SH, date: 20230907 type:stock...........
[2023.09.07 14:10:15 - debug] code: 603225.SH, date: 20230907 type:stock...........
[2023.09.07 14:10:15 - debug] code: 110076.SH, date: 20230907type:bond
[2023.09.07 14:10:15 - debug] code: 603278.SH, date: 20230907 type:stock...........
[2023.09.07 14:10:15 - debug] code: 113578.SH, date: 20230907type:bond
[2023.09.07 14:10:15 - debug] code: 601677.SH, date: 20230907 type:stock...........
[2023.09.07 14:10:15 - debug] code: 688219.SH, date: 20230907 type:stock...........
[2023.09.07 14:10:15 - debug] code: 603738.SH, date: 20230907 type:stock...........
[2023.09.07 14:10:15 - debug] code: 603212.SH, date: 20230907 type:stock...........
[2023.09.07 14:10:15 - debug] code: 603810.SH, date: 20230907 type:stock...........
[2023.09.07 14:10:15 - debug] code: 603208.SH, date: 20230907 type:stock...........
[2023.09.07 14:10:15 - debug] code: 601801.SH, date: 20230907 type:stock...........
[2023.09.07 14:10:15 - debug] code: 601666.SH, date: 20230907 type:stock...........
[2023.09.07 14:10:15 - debug] code: 603681.SH, date: 20230907 type:stock...........
[2023.09.07 14:10:15 - debug] code: 603051.SH, date: 20230907 type:stock...........
[2023.09.07 14:10:15 - debug] code: 603890.SH, date: 20230907 type:stock...........
[2023.09.07 14:10:15 - debug] code: 688179.SH, date: 20230907 type:stock...........
[2023.09.07 14:10:15 - debug] code: 601366.SH, date: 20230907 type:stock...........
[2023.09.07 14:10:15 - debug] code: 600831.SH, date: 20230907 type:stock...........
[2023.09.07 14:10:15 - debug] code: 113639.SH, date: 20230907type:bond
[2023.09.07 14:10:15 - debug] code: 111012.SH, date: 20230907type:bond
[2023.09.07 14:10:15 - debug] code: 113569.SH, date: 20230907type:bond
[2023.09.07 14:10:15 - debug] code: 110075.SH, date: 20230907type:bond
[2023.09.07 14:10:15 - debug] code: 605007.SH, date: 20230907 type:stock...........
[2023.09.07 14:10:15 - debug] code: 601899.SH, date: 20230907 type:stock...........
[2023.09.07 14:10:15 - debug] code: 600577.SH, date: 20230907 type:stock...........
[2023.09.07 14:10:15 - debug] code: 600633.SH, date: 20230907 type:stock...........
[2023.09.07 14:10:15 - debug] code: 688148.SH, date: 20230907 type:stock...........
[2023.09.07 14:10:15 - debug] code: 603019.SH, date: 20230907 type:stock...........
[2023.09.07 14:10:15 - debug] code: 603466.SH, date: 20230907 type:stock...........
[2023.09.07 14:10:15 - debug] code: 603055.SH, date: 20230907 type:stock...........
[2023.09.07 14:10:15 - debug] code: 110052.SH, date: 20230907type:bond
[2023.09.07 14:10:15 - debug] code: 603679.SH, date: 20230907 type:stock...........
[2023.09.07 14:10:15 - debug] code: 603688.SH, date: 20230907 type:stock...........
[2023.09.07 14:10:15 - debug] code: 688590.SH, date: 20230907 type:stock...........
[2023.09.07 14:10:15 - debug] code: 600487.SH, date: 20230907 type:stock...........
[2023.09.07 14:10:15 - debug] code: 600795.SH, date: 20230907 type:stock...........
[2023.09.07 14:10:15 - debug] code: 110084.SH, date: 20230907type:bond
[2023.09.07 14:10:15 - debug] code: 113644.SH, date: 20230907type:bond
[2023.09.07 14:10:15 - debug] code: 603887.SH, date: 20230907 type:stock...........
[2023.09.07 14:10:15 - debug] code: 113066.SH, date: 20230907type:bond
[2023.09.07 14:10:15 - debug] code: 118017.SH, date: 20230907type:bond
[2023.09.07 14:10:15 - debug] code: 603663.SH, date: 20230907 type:stock...........
[2023.09.07 14:10:15 - debug] code: 603809.SH, date: 20230907 type:stock...........
[2023.09.07 14:10:15 - debug] code: 603658.SH, date: 20230907 type:stock...........
[2023.09.07 14:10:15 - debug] code: 688030.SH, date: 20230907 type:stock...........
[2023.09.07 14:10:15 - debug] code: 603989.SH, date: 20230907 type:stock...........
[2023.09.07 14:10:15 - debug] code: 603368.SH, date: 20230907 type:stock...........
[2023.09.07 14:10:15 - debug] code: 113625.SH, date: 20230907type:bond
[2023.09.07 14:10:15 - debug] code: 113619.SH, date: 20230907type:bond
[2023.09.07 14:10:15 - debug] code: 603058.SH, date: 20230907 type:stock...........
[2023.09.07 14:10:15 - debug] code: 113054.SH, date: 20230907type:bond
[2023.09.07 14:10:15 - debug] code: 601799.SH, date: 20230907 type:stock...........
[2023.09.07 14:10:15 - debug] code: 603499.SH, date: 20230907 type:stock...........
[2023.09.07 14:10:15 - debug] code: 605488.SH, date: 20230907 type:stock...........
[2023.09.07 14:10:15 - debug] code: 601778.SH, date: 20230907 type:stock...........
[2023.09.07 14:10:15 - debug] code: 601619.SH, date: 20230907 type:stock...........
[2023.09.07 14:10:15 - debug] code: 603477.SH, date: 20230907 type:stock...........
[2023.09.07 14:10:15 - debug] code: 601139.SH, date: 20230907 type:stock...........
[2023.09.07 14:10:15 - debug] code: 605088.SH, date: 20230907 type:stock...........
[2023.09.07 14:10:15 - debug] code: 603035.SH, date: 20230907 type:stock...........
[2023.09.07 14:10:15 - debug] code: 600109.SH, date: 20230907 type:stock...........
[2023.09.07 14:10:15 - debug] code: 113046.SH, date: 20230907type:bond
[2023.09.07 14:10:15 - debug] code: 603131.SH, date: 20230907 type:stock...........
[2023.09.07 14:10:15 - debug] code: 601857.SH, date: 20230907 type:stock...........
[2023.09.07 14:10:15 - debug] code: 600075.SH, date: 20230907 type:stock...........
[2023.09.07 14:10:15 - debug] code: 603320.SH, date: 20230907 type:stock...........
[2023.09.07 14:10:29 - info ] [parser] Parser module ParserInsight.dll loaded
[2023.09.07 14:10:32 - info ] [ParserInsight] MDCTest2859 login success
[2023.09.07 14:10:32 - info ] [ParserInsight] Connecting to [112.4.154.165] successed: 0, begin to subscibe data ...
[2023.09.07 14:10:32 - info ] [DoSubscribeMD] Subscribe 695 stocks from SSE
[2023.09.07 14:10:32 - info ] [DoSubscribeMD] Subscribe 816 stocks from SZSE
[2023.09.07 14:10:32 - debug] code: 603336.SH, date: 20230907 type:stock...........
[2023.09.07 14:10:32 - debug] code: 111009.SH, date: 20230907type:bond
[2023.09.07 14:10:32 - debug] code: 600004.SH, date: 20230907 type:stock...........
[2023.09.07 14:10:32 - debug] code: 113661.SH, date: 20230907type:bond
[2023.09.07 14:10:32 - debug] code: 113561.SH, date: 20230907type:bond
[2023.09.07 14:10:32 - debug] code: 601998.SH, date: 20230907 type:stock...........
[2023.09.07 14:10:32 - debug] code: 603833.SH, date: 20230907 type:stock...........
[2023.09.07 14:10:32 - debug] code: 688186.SH, date: 20230907 type:stock...........
[2023.09.07 14:10:32 - debug] code: 603298.SH, date: 20230907 type:stock...........
[2023.09.07 14:10:32 - info ] [ParserInsight] Market data of 695 instruments of SSE and 816 instruments of SZSE subscribed
[2023.09.07 14:10:32 - debug] code: 605020.SH, date: 20230907 type:stock...........
[2023.09.07 14:10:32 - debug] code: 601515.SH, date: 20230907 type:stock...........
[2023.09.07 14:10:32 - debug] code: 603079.SH, date: 20230907 type:stock...........
[2023.09.07 14:10:32 - debug] code: 601966.SH, date: 20230907 type:stock...........
[2023.09.07 14:10:32 - debug] code: 603861.SH, date: 20230907 type:stock...........
[2023.09.07 14:10:32 - debug] code: 110064.SH, date: 20230907type:bond
[2023.09.07 14:10:32 - debug] code: 601137.SH, date: 20230907 type:stock...........
[2023.09.07 14:10:32 - debug] code: 118022.SH, date: 20230907type:bond
[2023.09.07 14:10:32 - debug] code: 603176.SH, date: 20230907 type:stock...........
[2023.09.07 14:10:32 - debug] code: 603323.SH, date: 20230907 type:stock...........
[2023.09.07 14:10:32 - debug] code: 118027.SH, date: 20230907type:bond
[2023.09.07 14:10:32 - debug] code: 113610.SH, date: 20230907type:bond
[2023.09.07 14:10:32 - debug] code: 603667.SH, date: 20230907 type:stock...........
[2023.09.07 14:10:32 - debug] code: 603901.SH, date: 20230907 type:stock...........
[2023.09.07 14:10:32 - debug] code: 600323.SH, date: 20230907 type:stock...........
[2023.09.07 14:10:32 - debug] code: 605133.SH, date: 20230907 type:stock...........
[2023.09.07 14:10:32 - debug] code: 113626.SH, date: 20230907type:bond
[2023.09.07 14:10:32 - debug] code: 110083.SH, date: 20230907type:bond
[2023.09.07 14:10:32 - debug] code: 600782.SH, date: 20230907 type:stock...........
[2023.09.07 14:10:32 - debug] code: 603136.SH, date: 20230907 type:stock...........
[2023.09.07 14:10:32 - debug] code: 600900.SH, date: 20230907 type:stock...........
[2023.09.07 14:10:32 - debug] code: 601199.SH, date: 20230907 type:stock...........
[2023.09.07 14:10:32 - debug] code: 113537.SH, date: 20230907type:bond
[2023.09.07 14:10:32 - debug] code: 688208.SH, date: 20230907 type:stock...........
[2023.09.07 14:10:32 - debug] code: 110088.SH, date: 20230907type:bond
[2023.09.07 14:10:32 - debug] code: 600271.SH, date: 20230907 type:stock...........
[2023.09.07 14:10:32 - debug] code: 601881.SH, date: 20230907 type:stock...........
[2023.09.07 14:10:32 - debug] code: 110053.SH, date: 20230907type:bond
[2023.09.07 14:10:32 - debug] code: 601865.SH, date: 20230907 type:stock...........
[2023.09.07 14:10:32 - debug] code: 113061.SH, date: 20230907type:bond
[2023.09.07 14:10:32 - debug] code: 113025.SH, date: 20230907type:bond
[2023.09.07 14:10:32 - debug] code: 600985.SH, date: 20230907 type:stock...........
[2023.09.07 14:10:32 - debug] code: 600901.SH, date: 20230907 type:stock...........
[2023.09.07 14:10:32 - debug] code: 113664.SH, date: 20230907type:bond
[2023.09.07 14:10:32 - debug] code: 600966.SH, date: 20230907 type:stock...........
[2023.09.07 14:10:32 - debug] code: 110090.SH, date: 20230907type:bond
[2023.09.07 14:10:32 - debug] code: 111002.SH, date: 20230907type:bond
[2023.09.07 14:10:32 - debug] code: 118028.SH, date: 20230907type:bond
[2023.09.07 14:10:32 - debug] code: 113651.SH, date: 20230907type:bond
[2023.09.07 14:10:32 - debug] code: 601233.SH, date: 20230907 type:stock...........
[2023.09.07 14:10:32 - debug] code: 113037.SH, date: 20230907type:bond
[2023.09.07 14:10:32 - debug] code: 600908.SH, date: 20230907 type:stock...........
[2023.09.07 14:10:32 - debug] code: 113631.SH, date: 20230907type:bond
[2023.09.07 14:10:32 - debug] code: 113563.SH, date: 20230907type:bond
[2023.09.07 14:10:32 - debug] code: 113064.SH, date: 20230907type:bond
[2023.09.07 14:10:32 - debug] code: 600061.SH, date: 20230907 type:stock...........
[2023.09.07 14:10:32 - debug] code: 600299.SH, date: 20230907 type:stock...........
[2023.09.07 14:10:32 - debug] code: 600160.SH, date: 20230907 type:stock...........
[2023.09.07 14:10:32 - debug] code: 601016.SH, date: 20230907 type:stock...........
[2023.09.07 14:10:32 - debug] code: 600808.SH, date: 20230907 type:stock...........
[2023.09.07 14:10:32 - debug] code: 601860.SH, date: 20230907 type:stock...........
[2023.09.07 14:10:32 - debug] code: 601985.SH, date: 20230907 type:stock...........
[2023.09.07 14:10:32 - debug] code: 603185.SH, date: 20230907 type:stock...........
[2023.09.07 14:10:32 - debug] code: 601789.SH, date: 20230907 type:stock...........
[2023.09.07 14:10:32 - debug] code: 688689.SH, date: 20230907 type:stock...........
[2023.09.07 14:10:32 - debug] code: 603626.SH, date: 20230907 type:stock...........
[2023.09.07 14:10:32 - debug] code: 600420.SH, date: 20230907 type:stock...........
[2023.09.07 14:10:32 - debug] code: 113055.SH, date: 20230907type:bond
[2023.09.07 14:10:32 - debug] code: 113652.SH, date: 20230907type:bond
[2023.09.07 14:10:32 - debug] code: 600886.SH, date: 20230907 type:stock...........
[2023.09.07 14:10:32 - debug] code: 113063.SH, date: 20230907type:bond
[2023.09.07 14:10:32 - debug] code: 110055.SH, date: 20230907type:bond
[2023.09.07 14:10:32 - debug] code: 688595.SH, date: 20230907 type:stock...........
[2023.09.07 14:10:32 - debug] code: 118032.SH, date: 20230907type:bond
[2023.09.07 14:10:32 - debug] code: 601200.SH, date: 20230907 type:stock...........
[2023.09.07 14:10:33 - debug] code: 600233.SH, date: 20230907 type:stock...........
[2023.09.07 14:10:33 - debug] code: 688499.SH, date: 20230907 type:stock...........
[2023.09.07 14:10:33 - debug] code: 603601.SH, date: 20230907 type:stock...........
[2023.09.07 14:10:33 - debug] code: 111007.SH, date: 20230907type:bond
[2023.09.07 14:10:33 - debug] code: 603906.SH, date: 20230907 type:stock...........
[2023.09.07 14:10:33 - debug] code: 600909.SH, date: 20230907 type:stock...........
[2023.09.07 14:10:33 - debug] code: 601128.SH, date: 20230907 type:stock...........
[2023.09.07 14:11:13 - info ] [parser] Parser module ParserInsight.dll loaded
[2023.09.07 14:11:16 - info ] [ParserInsight] MDCTest2859 login success
[2023.09.07 14:11:16 - info ] [ParserInsight] Connecting to [112.4.154.165] successed: 0, begin to subscibe data ...
[2023.09.07 14:11:16 - info ] [DoSubscribeMD] Subscribe 695 stocks from SSE
[2023.09.07 14:11:16 - info ] [DoSubscribeMD] Subscribe 816 stocks from SZSE
[2023.09.07 14:11:16 - debug] code: 110080.SH, date: 20230907type:bond
[2023.09.07 14:11:16 - debug] code: 002352.SZ, date: 20230907 type:stock...........
[2023.09.07 14:11:16 - debug] code: 600755.SH, date: 20230907 type:stock...........
[2023.09.07 14:11:16 - debug] code: 002360.SZ, date: 20230907 type:stock...........
[2023.09.07 14:11:16 - debug] code: 002347.SZ, date: 20230907 type:stock...........
[2023.09.07 14:11:16 - debug] code: 600929.SH, date: 20230907 type:stock...........
[2023.09.07 14:11:16 - debug] code: 601929.SH, date: 20230907 type:stock...........
[2023.09.07 14:11:16 - debug] code: 002370.SZ, date: 20230907 type:stock...........
[2023.09.07 14:11:16 - debug] code: 603421.SH, date: 20230907 type:stock...........
[2023.09.07 14:11:16 - debug] code: 002376.SZ, date: 20230907 type:stock...........
[2023.09.07 14:11:16 - info ] [ParserInsight] Market data of 695 instruments of SSE and 816 instruments of SZSE subscribed
[2023.09.07 14:11:16 - debug] code: 601222.SH, date: 20230907 type:stock...........
[2023.09.07 14:11:16 - debug] code: 601231.SH, date: 20230907 type:stock...........
[2023.09.07 14:11:16 - debug] code: 603605.SH, date: 20230907 type:stock...........
[2023.09.07 14:11:16 - debug] code: 002368.SZ, date: 20230907 type:stock...........
[2023.09.07 14:11:16 - debug] code: 603516.SH, date: 20230907 type:stock...........
[2023.09.07 14:11:16 - debug] code: 002382.SZ, date: 20230907 type:stock...........
[2023.09.07 14:11:16 - debug] code: 002391.SZ, date: 20230907 type:stock...........
[2023.09.07 14:11:16 - debug] code: 603897.SH, date: 20230907 type:stock...........
[2023.09.07 14:11:16 - debug] code: 002398.SZ, date: 20230907 type:stock...........
[2023.09.07 14:11:16 - debug] code: 002422.SZ, date: 20230907 type:stock...........
[2023.09.07 14:11:16 - debug] code: 002455.SZ, date: 20230907 type:stock...........
[2023.09.07 14:11:16 - debug] code: 002406.SZ, date: 20230907 type:stock...........
[2023.09.07 14:11:16 - debug] code: 002402.SZ, date: 20230907 type:stock...........
[2023.09.07 14:11:16 - debug] code: 002439.SZ, date: 20230907 type:stock...........
[2023.09.07 14:11:16 - debug] code: 002475.SZ, date: 20230907 type:stock...........
[2023.09.07 14:11:16 - debug] code: 002444.SZ, date: 20230907 type:stock...........
[2023.09.07 14:11:16 - debug] code: 002381.SZ, date: 20230907 type:stock...........
[2023.09.07 14:11:16 - debug] code: 002436.SZ, date: 20230907 type:stock...........
[2023.09.07 14:11:16 - debug] code: 600745.SH, date: 20230907 type:stock...........
[2023.09.07 14:11:16 - debug] code: 605006.SH, date: 20230907 type:stock...........
[2023.09.07 14:11:16 - debug] code: 603501.SH, date: 20230907 type:stock...........
[2023.09.07 14:11:16 - debug] code: 600183.SH, date: 20230907 type:stock...........
[2023.09.07 14:11:16 - debug] code: 601838.SH, date: 20230907 type:stock...........
[2023.09.07 14:11:16 - debug] code: 002460.SZ, date: 20230907 type:stock...........
[2023.09.07 14:11:16 - debug] code: 688350.SH, date: 20230907 type:stock...........
[2023.09.07 14:11:16 - debug] code: 601900.SH, date: 20230907 type:stock...........
[2023.09.07 14:11:16 - debug] code: 002446.SZ, date: 20230907 type:stock...........
[2023.09.07 14:11:16 - debug] code: 002497.SZ, date: 20230907 type:stock...........
[2023.09.07 14:11:16 - debug] code: 002472.SZ, date: 20230907 type:stock...........
[2023.09.07 14:11:16 - debug] code: 002496.SZ, date: 20230907 type:stock...........
[2023.09.07 14:11:16 - debug] code: 111010.SH, date: 20230907type:bond
[2023.09.07 14:11:16 - debug] code: 002548.SZ, date: 20230907 type:stock...........
[2023.09.07 14:11:16 - debug] code: 002527.SZ, date: 20230907 type:stock...........
[2023.09.07 14:11:16 - debug] code: 002491.SZ, date: 20230907 type:stock...........
[2023.09.07 14:11:16 - debug] code: 002551.SZ, date: 20230907 type:stock...........
[2023.09.07 14:11:16 - debug] code: 002534.SZ, date: 20230907 type:stock...........
[2023.09.07 14:11:16 - debug] code: 002538.SZ, date: 20230907 type:stock...........
[2023.09.07 14:11:16 - debug] code: 002540.SZ, date: 20230907 type:stock...........
[2023.09.07 14:11:16 - debug] code: 002542.SZ, date: 20230907 type:stock...........
[2023.09.07 14:11:16 - debug] code: 002510.SZ, date: 20230907 type:stock...........
[2023.09.07 14:11:16 - debug] code: 002568.SZ, date: 20230907 type:stock...........
[2023.09.07 14:11:16 - debug] code: 002557.SZ, date: 20230907 type:stock...........
[2023.09.07 14:11:16 - debug] code: 002521.SZ, date: 20230907 type:stock...........
[2023.09.07 14:11:16 - debug] code: 113628.SH, date: 20230907type:bond
[2023.09.07 14:11:16 - debug] code: 002567.SZ, date: 20230907 type:stock...........
[2023.09.07 14:11:16 - debug] code: 002562.SZ, date: 20230907 type:stock...........
[2023.09.07 14:11:16 - debug] code: 110072.SH, date: 20230907type:bond
[2023.09.07 14:11:16 - debug] code: 113574.SH, date: 20230907type:bond
[2023.09.07 14:11:16 - debug] code: 002597.SZ, date: 20230907 type:stock...........
[2023.09.07 14:11:16 - debug] code: 002614.SZ, date: 20230907 type:stock...........
[2023.09.07 14:11:16 - debug] code: 002616.SZ, date: 20230907 type:stock...........
[2023.09.07 14:11:16 - debug] code: 002603.SZ, date: 20230907 type:stock...........
[2023.09.07 14:11:16 - debug] code: 002631.SZ, date: 20230907 type:stock...........
[2023.09.07 14:11:16 - debug] code: 002658.SZ, date: 20230907 type:stock...........
[2023.09.07 14:11:16 - debug] code: 002649.SZ, date: 20230907 type:stock...........
[2023.09.07 14:11:16 - debug] code: 603992.SH, date: 20230907 type:stock...........
[2023.09.07 14:11:16 - debug] code: 600461.SH, date: 20230907 type:stock...........
[2023.09.07 14:11:16 - debug] code: 603602.SH, date: 20230907 type:stock...........
[2023.09.07 14:11:16 - debug] code: 002645.SZ, date: 20230907 type:stock...........
[2023.09.07 14:11:16 - debug] code: 002717.SZ, date: 20230907 type:stock...........
[2023.09.07 14:11:16 - debug] code: 002707.SZ, date: 20230907 type:stock...........
[2023.09.07 14:11:16 - debug] code: 002701.SZ, date: 20230907 type:stock...........
[2023.09.07 14:11:16 - debug] code: 002709.SZ, date: 20230907 type:stock...........
[2023.09.07 14:11:16 - debug] code: 002722.SZ, date: 20230907 type:stock...........
[2023.09.07 14:11:16 - debug] code: 002698.SZ, date: 20230907 type:stock...........
[2023.09.07 14:11:16 - debug] code: 002726.SZ, date: 20230907 type:stock...........
[2023.09.07 14:11:16 - debug] code: 002714.SZ, date: 20230907 type:stock...........
[2023.09.07 14:11:16 - debug] code: 002738.SZ, date: 20230907 type:stock...........
[2023.09.07 14:11:16 - debug] code: 002745.SZ, date: 20230907 type:stock...........
[2023.09.07 14:11:16 - debug] code: 002727.SZ, date: 20230907 type:stock...........
[2023.09.07 14:11:16 - debug] code: 603538.SH, date: 20230907 type:stock...........
[2023.09.07 14:11:16 - debug] code: 002728.SZ, date: 20230907 type:stock...........
[2023.09.07 14:11:16 - debug] code: 002734.SZ, date: 20230907 type:stock...........
[2023.09.07 14:11:16 - debug] code: 113623.SH, date: 20230907type:bond
[2023.09.07 14:11:16 - debug] code: 002775.SZ, date: 20230907 type:stock...........
[2023.09.07 14:11:16 - debug] code: 002783.SZ, date: 20230907 type:stock...........
[2023.09.07 14:11:16 - debug] code: 002756.SZ, date: 20230907 type:stock...........
[2023.09.07 14:11:16 - debug] code: 002753.SZ, date: 20230907 type:stock...........
[2023.09.07 14:11:16 - debug] code: 002773.SZ, date: 20230907 type:stock...........
[2023.09.07 14:11:16 - debug] code: 600498.SH, date: 20230907 type:stock...........
[2023.09.07 14:11:16 - debug] code: 002772.SZ, date: 20230907 type:stock...........
[2023.09.07 14:11:16 - debug] code: 603920.SH, date: 20230907 type:stock...........
[2023.09.07 14:11:16 - debug] code: 601665.SH, date: 20230907 type:stock...........
[2023.09.07 14:11:16 - debug] code: 002787.SZ, date: 20230907 type:stock...........
[2023.09.07 14:11:16 - debug] code: 002798.SZ, date: 20230907 type:stock...........
[2023.09.07 14:11:16 - debug] code: 600438.SH, date: 20230907 type:stock...........
[2023.09.07 14:11:16 - debug] code: 002833.SZ, date: 20230907 type:stock...........
[2023.09.07 14:11:16 - debug] code: 002822.SZ, date: 20230907 type:stock...........
[2023.09.07 14:11:16 - debug] code: 113616.SH, date: 20230907type:bond
[2023.09.07 14:11:16 - debug] code: 002811.SZ, date: 20230907 type:stock...........
[2023.09.07 14:11:16 - debug] code: 600133.SH, date: 20230907 type:stock...........
[2023.09.07 14:11:16 - debug] code: 002861.SZ, date: 20230907 type:stock...........
[2023.09.07 14:11:16 - debug] code: 002807.SZ, date: 20230907 type:stock...........
[2023.09.07 14:11:16 - debug] code: 002815.SZ, date: 20230907 type:stock...........
[2023.09.07 14:11:16 - debug] code: 002823.SZ, date: 20230907 type:stock...........
[2023.09.07 14:11:16 - debug] code: 002842.SZ, date: 20230907 type:stock...........
[2023.09.07 14:11:16 - debug] code: 002850.SZ, date: 20230907 type:stock...........
[2023.09.07 14:11:16 - debug] code: 002832.SZ, date: 20230907 type:stock...........
[2023.09.07 14:11:16 - debug] code: 002812.SZ, date: 20230907 type:stock...........
[2023.09.07 14:11:16 - debug] code: 002838.SZ, date: 20230907 type:stock...........
[2023.09.07 14:11:16 - debug] code: 601012.SH, date: 20230907 type:stock...........
[2023.09.07 14:11:16 - debug] code: 113057.SH, date: 20230907type:bond
[2023.09.07 14:11:16 - debug] code: 605222.SH, date: 20230907 type:stock...........
[2023.09.07 14:11:16 - debug] code: 002841.SZ, date: 20230907 type:stock...........
[2023.09.07 14:11:16 - debug] code: 002839.SZ, date: 20230907 type:stock...........
[2023.09.07 14:11:16 - debug] code: 002863.SZ, date: 20230907 type:stock...........
[2023.09.07 14:11:16 - debug] code: 002860.SZ, date: 20230907 type:stock...........
[2023.09.07 14:11:16 - debug] code: 002840.SZ, date: 20230907 type:stock...........
[2023.09.07 14:11:16 - debug] code: 002891.SZ, date: 20230907 type:stock...........
[2023.09.07 14:11:16 - debug] code: 002864.SZ, date: 20230907 type:stock...........
[2023.09.07 14:11:16 - debug] code: 002846.SZ, date: 20230907 type:stock...........
[2023.09.07 14:11:16 - debug] code: 002931.SZ, date: 20230907 type:stock...........
[2023.09.07 14:11:16 - debug] code: 113056.SH, date: 20230907type:bond
[2023.09.07 14:11:16 - debug] code: 002887.SZ, date: 20230907 type:stock...........
[2023.09.07 14:11:16 - debug] code: 600536.SH, date: 20230907 type:stock...........
[2023.09.07 14:11:16 - debug] code: 002865.SZ, date: 20230907 type:stock...........
[2023.09.07 14:11:16 - debug] code: 002851.SZ, date: 20230907 type:stock...........
[2023.09.07 14:11:16 - debug] code: 002831.SZ, date: 20230907 type:stock...........
[2023.09.07 14:11:16 - debug] code: 002916.SZ, date: 20230907 type:stock...........
[2023.09.07 14:11:16 - debug] code: 002918.SZ, date: 20230907 type:stock...........
[2023.09.07 14:11:16 - debug] code: 002877.SZ, date: 20230907 type:stock...........
[2023.09.07 14:11:16 - debug] code: 002941.SZ, date: 20230907 type:stock...........
[2023.09.07 14:11:16 - debug] code: 002930.SZ, date: 20230907 type:stock...........
[2023.09.07 14:11:16 - debug] code: 002907.SZ, date: 20230907 type:stock...........
[2023.09.07 14:11:16 - debug] code: 002896.SZ, date: 20230907 type:stock...........
[2023.09.07 14:11:16 - debug] code: 002921.SZ, date: 20230907 type:stock...........
[2023.09.07 14:11:16 - debug] code: 002928.SZ, date: 20230907 type:stock...........
[2023.09.07 14:11:16 - debug] code: 002929.SZ, date: 20230907 type:stock...........
[2023.09.07 14:11:16 - debug] code: 002988.SZ, date: 20230907 type:stock...........
[2023.09.07 14:11:16 - debug] code: 002946.SZ, date: 20230907 type:stock...........
[2023.09.07 14:11:16 - debug] code: 002959.SZ, date: 20230907 type:stock...........
[2023.09.07 14:11:16 - debug] code: 002949.SZ, date: 20230907 type:stock...........
[2023.09.07 14:11:16 - debug] code: 002953.SZ, date: 20230907 type:stock...........
[2023.09.07 14:11:16 - debug] code: 002969.SZ, date: 20230907 type:stock...........
[2023.09.07 14:11:16 - debug] code: 002966.SZ, date: 20230907 type:stock...........
[2023.09.07 14:11:16 - debug] code: 002958.SZ, date: 20230907 type:stock...........
[2023.09.07 14:11:16 - debug] code: 002975.SZ, date: 20230907 type:stock...........
[2023.09.07 14:11:16 - debug] code: 603517.SH, date: 20230907 type:stock...........
[2023.09.07 14:11:16 - debug] code: 002997.SZ, date: 20230907 type:stock...........
[2023.09.07 14:11:16 - debug] code: 002998.SZ, date: 20230907 type:stock...........
[2023.09.07 14:11:16 - debug] code: 003004.SZ, date: 20230907 type:stock...........
[2023.09.07 14:11:16 - debug] code: 605358.SH, date: 20230907 type:stock...........
[2023.09.07 14:11:16 - debug] code: 002961.SZ, date: 20230907 type:stock...........
[2023.09.07 14:11:16 - debug] code: 003009.SZ, date: 20230907 type:stock...........
[2023.09.07 14:11:16 - debug] code: 600690.SH, date: 20230907 type:stock...........
[2023.09.07 14:11:16 - debug] code: 003043.SZ, date: 20230907 type:stock...........
[2023.09.07 14:11:16 - debug] code: 300003.SZ, date: 20230907 type:stock...........
[2023.09.07 14:11:16 - debug] code: 605189.SH, date: 20230907 type:stock...........
[2023.09.07 14:11:16 - debug] code: 600085.SH, date: 20230907 type:stock...........
[2023.09.07 14:11:16 - debug] code: 601330.SH, date: 20230907 type:stock...........
[2023.09.07 14:11:16 - debug] code: 300016.SZ, date: 20230907 type:stock...........
[2023.09.07 14:11:16 - debug] code: 300037.SZ, date: 20230907 type:stock...........
[2023.09.07 14:11:16 - debug] code: 600998.SH, date: 20230907 type:stock...........
[2023.09.07 14:11:16 - debug] code: 600839.SH, date: 20230907 type:stock...........
[2023.09.07 14:11:16 - debug] code: 300021.SZ, date: 20230907 type:stock...........
[2023.09.07 14:11:16 - debug] code: 300058.SZ, date: 20230907 type:stock...........
[2023.09.07 14:11:16 - debug] code: 300041.SZ, date: 20230907 type:stock...........
[2023.09.07 14:11:16 - debug] code: 300078.SZ, date: 20230907 type:stock...........
[2023.09.07 14:11:16 - debug] code: 300031.SZ, date: 20230907 type:stock...........
[2023.09.07 14:11:16 - debug] code: 300040.SZ, date: 20230907 type:stock...........
[2023.09.07 14:11:16 - debug] code: 300057.SZ, date: 20230907 type:stock...........
[2023.09.07 14:11:16 - debug] code: 300059.SZ, date: 20230907 type:stock...........
[2023.09.07 14:11:16 - debug] code: 300065.SZ, date: 20230907 type:stock...........
[2023.09.07 14:11:16 - debug] code: 300088.SZ, date: 20230907 type:stock...........
[2023.09.07 14:11:16 - debug] code: 600875.SH, date: 20230907 type:stock...........
[2023.09.07 14:11:16 - debug] code: 600845.SH, date: 20230907 type:stock...........
[2023.09.07 14:11:16 - debug] code: 118029.SH, date: 20230907type:bond
[2023.09.07 14:11:16 - debug] code: 110074.SH, date: 20230907type:bond
[2023.09.07 14:11:16 - debug] code: 300112.SZ, date: 20230907 type:stock...........
[2023.09.07 14:11:16 - debug] code: 300138.SZ, date: 20230907 type:stock...........
[2023.09.07 14:11:16 - debug] code: 300151.SZ, date: 20230907 type:stock...........
[2023.09.07 14:11:16 - debug] code: 110085.SH, date: 20230907type:bond
[2023.09.07 14:11:16 - debug] code: 113597.SH, date: 20230907type:bond
[2023.09.07 14:11:16 - debug] code: 300170.SZ, date: 20230907 type:stock...........
[2023.09.07 14:11:16 - debug] code: 300168.SZ, date: 20230907 type:stock...........
[2023.09.07 14:11:16 - debug] code: 300185.SZ, date: 20230907 type:stock...........
[2023.09.07 14:11:16 - debug] code: 300197.SZ, date: 20230907 type:stock...........
[2023.09.07 14:11:16 - debug] code: 300174.SZ, date: 20230907 type:stock...........
[2023.09.07 14:11:16 - debug] code: 300229.SZ, date: 20230907 type:stock...........
[2023.09.07 14:11:16 - debug] code: 300232.SZ, date: 20230907 type:stock...........
[2023.09.07 14:11:16 - debug] code: 300260.SZ, date: 20230907 type:stock...........
[2023.09.07 14:11:16 - debug] code: 300231.SZ, date: 20230907 type:stock...........
[2023.09.07 14:11:16 - debug] code: 300224.SZ, date: 20230907 type:stock...........
[2023.09.07 14:11:16 - debug] code: 300243.SZ, date: 20230907 type:stock...........
[2023.09.07 14:11:16 - debug] code: 300207.SZ, date: 20230907 type:stock...........
[2023.09.07 14:11:16 - debug] code: 300265.SZ, date: 20230907 type:stock...........
[2023.09.07 14:11:16 - debug] code: 300190.SZ, date: 20230907 type:stock...........
[2023.09.07 14:11:16 - debug] code: 300196.SZ, date: 20230907 type:stock...........
[2023.09.07 14:11:16 - debug] code: 300253.SZ, date: 20230907 type:stock...........
[2023.09.07 14:11:16 - debug] code: 113659.SH, date: 20230907type:bond
[2023.09.07 14:11:16 - debug] code: 300258.SZ, date: 20230907 type:stock...........
[2023.09.07 14:11:16 - debug] code: 300283.SZ, date: 20230907 type:stock...........
[2023.09.07 14:11:16 - debug] code: 300298.SZ, date: 20230907 type:stock...........
[2023.09.07 14:11:16 - debug] code: 300246.SZ, date: 20230907 type:stock...........
[2023.09.07 14:11:16 - debug] code: 113505.SH, date: 20230907type:bond
[2023.09.07 14:11:16 - debug] code: 300263.SZ, date: 20230907 type:stock...........
[2023.09.07 14:11:16 - debug] code: 300303.SZ, date: 20230907 type:stock...........
[2023.09.07 14:11:16 - debug] code: 300305.SZ, date: 20230907 type:stock...........
[2023.09.07 14:11:16 - debug] code: 300296.SZ, date: 20230907 type:stock...........
[2023.09.07 14:11:16 - debug] code: 300346.SZ, date: 20230907 type:stock...........
[2023.09.07 14:11:16 - debug] code: 300332.SZ, date: 20230907 type:stock...........
[2023.09.07 14:11:16 - debug] code: 300335.SZ, date: 20230907 type:stock...........
[2023.09.07 14:11:16 - debug] code: 300381.SZ, date: 20230907 type:stock...........
[2023.09.07 14:11:16 - debug] code: 300382.SZ, date: 20230907 type:stock...........
[2023.09.07 14:11:16 - debug] code: 300393.SZ, date: 20230907 type:stock...........
[2023.09.07 14:11:16 - debug] code: 300406.SZ, date: 20230907 type:stock...........
[2023.09.07 14:11:16 - debug] code: 300388.SZ, date: 20230907 type:stock...........
[2023.09.07 14:11:16 - debug] code: 300409.SZ, date: 20230907 type:stock...........
[2023.09.07 14:11:16 - debug] code: 300427.SZ, date: 20230907 type:stock...........
[2023.09.07 14:11:16 - debug] code: 300407.SZ, date: 20230907 type:stock...........
[2023.09.07 14:11:16 - debug] code: 300433.SZ, date: 20230907 type:stock...........
[2023.09.07 14:11:16 - debug] code: 300398.SZ, date: 20230907 type:stock...........
[2023.09.07 14:11:16 - debug] code: 300438.SZ, date: 20230907 type:stock...........
[2023.09.07 14:11:16 - debug] code: 300416.SZ, date: 20230907 type:stock...........
[2023.09.07 14:11:16 - debug] code: 300401.SZ, date: 20230907 type:stock...........
[2023.09.07 14:11:16 - debug] code: 300429.SZ, date: 20230907 type:stock...........
[2023.09.07 14:11:16 - debug] code: 300422.SZ, date: 20230907 type:stock...........
[2023.09.07 14:11:16 - debug] code: 300424.SZ, date: 20230907 type:stock...........
[2023.09.07 14:11:16 - debug] code: 300480.SZ, date: 20230907 type:stock...........
[2023.09.07 14:11:16 - debug] code: 300450.SZ, date: 20230907 type:stock...........
[2023.09.07 14:11:16 - debug] code: 300473.SZ, date: 20230907 type:stock...........
[2023.09.07 14:11:16 - debug] code: 300490.SZ, date: 20230907 type:stock...........
[2023.09.07 14:11:16 - debug] code: 300483.SZ, date: 20230907 type:stock...........
[2023.09.07 14:11:16 - debug] code: 300511.SZ, date: 20230907 type:stock...........
[2023.09.07 14:11:16 - debug] code: 300505.SZ, date: 20230907 type:stock...........
[2023.09.07 14:11:16 - debug] code: 300487.SZ, date: 20230907 type:stock...........
[2023.09.07 14:11:16 - debug] code: 300497.SZ, date: 20230907 type:stock...........
[2023.09.07 14:11:16 - debug] code: 300527.SZ, date: 20230907 type:stock...........
[2023.09.07 14:11:16 - debug] code: 300482.SZ, date: 20230907 type:stock...........
[2023.09.07 14:11:16 - debug] code: 300539.SZ, date: 20230907 type:stock...........
[2023.09.07 14:11:16 - debug] code: 300499.SZ, date: 20230907 type:stock...........
[2023.09.07 14:11:16 - debug] code: 300498.SZ, date: 20230907 type:stock...........
[2023.09.07 14:11:16 - debug] code: 300529.SZ, date: 20230907 type:stock...........
[2023.09.07 14:11:16 - debug] code: 118023.SH, date: 20230907type:bond
[2023.09.07 14:11:16 - debug] code: 300501.SZ, date: 20230907 type:stock...........
[2023.09.07 14:11:16 - debug] code: 300543.SZ, date: 20230907 type:stock...........
[2023.09.07 14:11:16 - debug] code: 300569.SZ, date: 20230907 type:stock...........
[2023.09.07 14:11:16 - debug] code: 601166.SH, date: 20230907 type:stock...........
[2023.09.07 14:11:16 - debug] code: 600297.SH, date: 20230907 type:stock...........
[2023.09.07 14:11:16 - debug] code: 110045.SH, date: 20230907type:bond
[2023.09.07 14:11:16 - debug] code: 300567.SZ, date: 20230907 type:stock...........
[2023.09.07 14:11:16 - debug] code: 300545.SZ, date: 20230907 type:stock...........
[2023.09.07 14:11:16 - debug] code: 113654.SH, date: 20230907type:bond
[2023.09.07 14:11:16 - debug] code: 300556.SZ, date: 20230907 type:stock...........
[2023.09.07 14:11:16 - debug] code: 600518.SH, date: 20230907 type:stock...........
[2023.09.07 14:11:16 - debug] code: 300601.SZ, date: 20230907 type:stock...........
[2023.09.07 14:11:16 - debug] code: 300587.SZ, date: 20230907 type:stock...........
[2023.09.07 14:11:16 - debug] code: 300577.SZ, date: 20230907 type:stock...........
[2023.09.07 14:11:16 - debug] code: 300554.SZ, date: 20230907 type:stock...........
[2023.09.07 14:11:16 - debug] code: 300580.SZ, date: 20230907 type:stock...........
[2023.09.07 14:11:16 - debug] code: 300568.SZ, date: 20230907 type:stock...........
[2023.09.07 14:11:16 - debug] code: 300607.SZ, date: 20230907 type:stock...........
[2023.09.07 14:11:16 - debug] code: 603557.SH, date: 20230907 type:stock...........
[2023.09.07 14:11:16 - debug] code: 300605.SZ, date: 20230907 type:stock...........
[2023.09.07 14:11:16 - debug] code: 300591.SZ, date: 20230907 type:stock...........
[2023.09.07 14:11:16 - debug] code: 300630.SZ, date: 20230907 type:stock...........
[2023.09.07 14:11:16 - debug] code: 601689.SH, date: 20230907 type:stock...........
[2023.09.07 14:11:16 - debug] code: 300624.SZ, date: 20230907 type:stock...........
[2023.09.07 14:11:16 - debug] code: 603708.SH, date: 20230907 type:stock...........
[2023.09.07 14:11:16 - debug] code: 300611.SZ, date: 20230907 type:stock...........
[2023.09.07 14:11:16 - debug] code: 300608.SZ, date: 20230907 type:stock...........
[2023.09.07 14:11:16 - debug] code: 603713.SH, date: 20230907 type:stock...........
[2023.09.07 14:11:16 - debug] code: 688026.SH, date: 20230907 type:stock...........
[2023.09.07 14:11:16 - debug] code: 111013.SH, date: 20230907type:bond
[2023.09.07 14:11:16 - debug] code: 601398.SH, date: 20230907 type:stock...........
[2023.09.07 14:11:16 - debug] code: 300613.SZ, date: 20230907 type:stock...........
[2023.09.07 14:11:16 - debug] code: 113615.SH, date: 20230907type:bond
[2023.09.07 14:11:16 - debug] code: 600522.SH, date: 20230907 type:stock...........
[2023.09.07 14:11:16 - debug] code: 113033.SH, date: 20230907type:bond
[2023.09.07 14:11:16 - debug] code: 300623.SZ, date: 20230907 type:stock...........
[2023.09.07 14:11:16 - debug] code: 600885.SH, date: 20230907 type:stock...........
[2023.09.07 14:11:16 - debug] code: 600728.SH, date: 20230907 type:stock...........
[2023.09.07 14:11:16 - debug] code: 300651.SZ, date: 20230907 type:stock...........
[2023.09.07 14:11:16 - debug] code: 300614.SZ, date: 20230907 type:stock...........
[2023.09.07 14:11:16 - debug] code: 300641.SZ, date: 20230907 type:stock...........
[2023.09.07 14:11:16 - debug] code: 300655.SZ, date: 20230907 type:stock...........
[2023.09.07 14:11:16 - debug] code: 300631.SZ, date: 20230907 type:stock...........
[2023.09.07 14:11:16 - debug] code: 300636.SZ, date: 20230907 type:stock...........
[2023.09.07 14:11:16 - debug] code: 300619.SZ, date: 20230907 type:stock...........
[2023.09.07 14:11:16 - debug] code: 300657.SZ, date: 20230907 type:stock...........
[2023.09.07 14:11:16 - debug] code: 300677.SZ, date: 20230907 type:stock...........
[2023.09.07 14:11:16 - debug] code: 300687.SZ, date: 20230907 type:stock...........
[2023.09.07 14:11:16 - debug] code: 300645.SZ, date: 20230907 type:stock...........
[2023.09.07 14:11:16 - debug] code: 300692.SZ, date: 20230907 type:stock...........
[2023.09.07 14:11:16 - debug] code: 300682.SZ, date: 20230907 type:stock...........
[2023.09.07 14:11:16 - debug] code: 300665.SZ, date: 20230907 type:stock...........
[2023.09.07 14:11:16 - debug] code: 300673.SZ, date: 20230907 type:stock...........
[2023.09.07 14:11:16 - debug] code: 300663.SZ, date: 20230907 type:stock...........
[2023.09.07 14:11:16 - debug] code: 603305.SH, date: 20230907 type:stock...........
[2023.09.07 14:11:16 - debug] code: 603716.SH, date: 20230907 type:stock...........
[2023.09.07 14:11:16 - debug] code: 300666.SZ, date: 20230907 type:stock...........
[2023.09.07 14:11:16 - debug] code: 300725.SZ, date: 20230907 type:stock...........
[2023.09.07 14:11:16 - debug] code: 600185.SH, date: 20230907 type:stock...........
[2023.09.07 14:11:16 - debug] code: 603112.SH, date: 20230907 type:stock...........
[2023.09.07 14:11:16 - debug] code: 300709.SZ, date: 20230907 type:stock...........
[2023.09.07 14:11:16 - debug] code: 300727.SZ, date: 20230907 type:stock...........
[2023.09.07 14:11:16 - debug] code: 300743.SZ, date: 20230907 type:stock...........
[2023.09.07 14:11:16 - debug] code: 603187.SH, date: 20230907 type:stock...........
[2023.09.07 14:11:16 - debug] code: 300748.SZ, date: 20230907 type:stock...........
[2023.09.07 14:11:16 - debug] code: 300752.SZ, date: 20230907 type:stock...........
[2023.09.07 14:11:16 - debug] code: 300723.SZ, date: 20230907 type:stock...........
[2023.09.07 14:11:16 - debug] code: 600219.SH, date: 20230907 type:stock...........
[2023.09.07 14:11:16 - debug] code: 688223.SH, date: 20230907 type:stock...........
[2023.09.07 14:11:16 - debug] code: 603081.SH, date: 20230907 type:stock...........
[2023.09.07 14:11:16 - debug] code: 603486.SH, date: 20230907 type:stock...........
[2023.09.07 14:11:16 - debug] code: 603113.SH, date: 20230907 type:stock...........
[2023.09.07 14:11:16 - debug] code: 603883.SH, date: 20230907 type:stock...........
[2023.09.07 14:11:16 - debug] code: 300705.SZ, date: 20230907 type:stock...........
[2023.09.07 14:11:16 - debug] code: 300740.SZ, date: 20230907 type:stock...........
[2023.09.07 14:11:16 - debug] code: 300776.SZ, date: 20230907 type:stock...........
[2023.09.07 14:11:16 - debug] code: 300729.SZ, date: 20230907 type:stock...........
[2023.09.07 14:11:16 - debug] code: 300772.SZ, date: 20230907 type:stock...........
[2023.09.07 14:11:16 - debug] code: 300787.SZ, date: 20230907 type:stock...........
[2023.09.07 14:11:16 - debug] code: 600105.SH, date: 20230907 type:stock...........
[2023.09.07 14:11:16 - debug] code: 300791.SZ, date: 20230907 type:stock...........
[2023.09.07 14:11:16 - debug] code: 300767.SZ, date: 20230907 type:stock...........
[2023.09.07 14:11:16 - debug] code: 300775.SZ, date: 20230907 type:stock...........
[2023.09.07 14:11:16 - debug] code: 300763.SZ, date: 20230907 type:stock...........
[2023.09.07 14:11:16 - debug] code: 300811.SZ, date: 20230907 type:stock...........
[2023.09.07 14:11:16 - debug] code: 300778.SZ, date: 20230907 type:stock...........
[2023.09.07 14:11:16 - debug] code: 300738.SZ, date: 20230907 type:stock...........
[2023.09.07 14:11:16 - debug] code: 300837.SZ, date: 20230907 type:stock...........
[2023.09.07 14:11:16 - debug] code: 300826.SZ, date: 20230907 type:stock...........
[2023.09.07 14:11:16 - debug] code: 300827.SZ, date: 20230907 type:stock...........
[2023.09.07 14:11:16 - debug] code: 300853.SZ, date: 20230907 type:stock...........
[2023.09.07 14:11:16 - debug] code: 300839.SZ, date: 20230907 type:stock...........
[2023.09.07 14:11:16 - debug] code: 300818.SZ, date: 20230907 type:stock...........
[2023.09.07 14:11:16 - debug] code: 300850.SZ, date: 20230907 type:stock...........
[2023.09.07 14:11:16 - debug] code: 300843.SZ, date: 20230907 type:stock...........
[2023.09.07 14:11:16 - debug] code: 603233.SH, date: 20230907 type:stock...........
[2023.09.07 14:11:16 - debug] code: 113527.SH, date: 20230907type:bond
[2023.09.07 14:11:16 - debug] code: 603896.SH, date: 20230907 type:stock...........
[2023.09.07 14:11:16 - debug] code: 300876.SZ, date: 20230907 type:stock...........
[2023.09.07 14:11:16 - debug] code: 113650.SH, date: 20230907type:bond
[2023.09.07 14:11:16 - debug] code: 603301.SH, date: 20230907 type:stock...........
[2023.09.07 14:11:16 - debug] code: 300871.SZ, date: 20230907 type:stock...........
[2023.09.07 14:11:16 - debug] code: 600016.SH, date: 20230907 type:stock...........
[2023.09.07 14:11:16 - debug] code: 113655.SH, date: 20230907type:bond
[2023.09.07 14:11:16 - debug] code: 300863.SZ, date: 20230907 type:stock...........
[2023.09.07 14:11:16 - debug] code: 688556.SH, date: 20230907 type:stock...........
[2023.09.07 14:11:16 - debug] code: 300872.SZ, date: 20230907 type:stock...........
[2023.09.07 14:11:16 - debug] code: 300891.SZ, date: 20230907 type:stock...........
[2023.09.07 14:11:16 - debug] code: 300869.SZ, date: 20230907 type:stock...........
[2023.09.07 14:11:16 - debug] code: 300900.SZ, date: 20230907 type:stock...........
[2023.09.07 14:11:16 - debug] code: 113601.SH, date: 20230907type:bond
[2023.09.07 14:11:16 - debug] code: 118030.SH, date: 20230907type:bond
[2023.09.07 14:11:16 - debug] code: 300894.SZ, date: 20230907 type:stock...........
[2023.09.07 14:11:16 - debug] code: 300992.SZ, date: 20230907 type:stock...........
[2023.09.07 14:11:16 - debug] code: 601818.SH, date: 20230907 type:stock...........
[2023.09.07 14:11:16 - debug] code: 113646.SH, date: 20230907type:bond
[2023.09.07 14:11:16 - debug] code: 113594.SH, date: 20230907type:bond
[2023.09.07 14:11:16 - debug] code: 300925.SZ, date: 20230907 type:stock...........
[2023.09.07 14:11:16 - debug] code: 113044.SH, date: 20230907type:bond
[2023.09.07 14:11:16 - debug] code: 300967.SZ, date: 20230907 type:stock...........
[2023.09.07 14:11:16 - debug] code: 300973.SZ, date: 20230907 type:stock...........
[2023.09.07 14:11:16 - debug] code: 301002.SZ, date: 20230907 type:stock...........
[2023.09.07 14:11:16 - debug] code: 300986.SZ, date: 20230907 type:stock...........
[2023.09.07 14:11:16 - debug] code: 300966.SZ, date: 20230907 type:stock...........
[2023.09.07 14:11:16 - debug] code: 300956.SZ, date: 20230907 type:stock...........
[2023.09.07 14:11:16 - debug] code: 300933.SZ, date: 20230907 type:stock...........
[2023.09.07 14:11:16 - debug] code: 300975.SZ, date: 20230907 type:stock...........
[2023.09.07 14:11:16 - debug] code: 300984.SZ, date: 20230907 type:stock...........
[2023.09.07 14:11:16 - debug] code: 301015.SZ, date: 20230907 type:stock...........
[2023.09.07 14:11:16 - debug] code: 301046.SZ, date: 20230907 type:stock...........
[2023.09.07 14:11:16 - debug] code: 301017.SZ, date: 20230907 type:stock...........
[2023.09.07 14:11:16 - debug] code: 301085.SZ, date: 20230907 type:stock...........
[2023.09.07 14:11:16 - debug] code: 600483.SH, date: 20230907 type:stock...........
[2023.09.07 14:11:16 - debug] code: 600711.SH, date: 20230907 type:stock...........
[2023.09.07 14:11:16 - debug] code: 603678.SH, date: 20230907 type:stock...........
[2023.09.07 14:11:16 - debug] code: 113535.SH, date: 20230907type:bond
[2023.09.07 14:11:16 - debug] code: 113524.SH, date: 20230907type:bond
[2023.09.07 14:11:16 - debug] code: 600481.SH, date: 20230907 type:stock...........
[2023.09.07 14:11:16 - debug] code: 603529.SH, date: 20230907 type:stock...........
[2023.09.07 14:11:16 - debug] code: 113648.SH, date: 20230907type:bond
[2023.09.07 14:11:16 - debug] code: 600863.SH, date: 20230907 type:stock...........
[2023.09.07 14:11:16 - debug] code: 601020.SH, date: 20230907 type:stock...........
[2023.09.07 14:11:16 - debug] code: 118025.SH, date: 20230907type:bond
[2023.09.07 14:11:17 - debug] code: 113600.SH, date: 20230907type:bond
[2023.09.07 14:11:17 - debug] code: 113549.SH, date: 20230907type:bond
[2023.09.07 14:11:17 - debug] code: 113632.SH, date: 20230907type:bond
[2023.09.07 14:11:17 - debug] code: 113636.SH, date: 20230907type:bond
[2023.09.07 14:11:17 - debug] code: 113045.SH, date: 20230907type:bond
[2023.09.07 14:11:17 - debug] code: 110059.SH, date: 20230907type:bond
[2023.09.07 14:11:17 - debug] code: 605162.SH, date: 20230907 type:stock...........
[2023.09.07 14:11:17 - debug] code: 600548.SH, date: 20230907 type:stock...........
[2023.09.07 14:11:17 - debug] code: 118012.SH, date: 20230907type:bond
[2023.09.07 14:11:17 - debug] code: 603578.SH, date: 20230907 type:stock...........
[2023.09.07 14:11:17 - debug] code: 601727.SH, date: 20230907 type:stock...........
[2023.09.07 14:11:17 - debug] code: 603108.SH, date: 20230907 type:stock...........
[2023.09.07 14:11:17 - debug] code: 605128.SH, date: 20230907 type:stock...........
[2023.09.07 14:11:17 - debug] code: 600996.SH, date: 20230907 type:stock...........
[2023.09.07 14:11:17 - debug] code: 603608.SH, date: 20230907 type:stock...........
[2023.09.07 14:11:17 - debug] code: 688066.SH, date: 20230907 type:stock...........
[2023.09.07 14:11:17 - debug] code: 603956.SH, date: 20230907 type:stock...........
[2023.09.07 14:11:17 - debug] code: 600939.SH, date: 20230907 type:stock...........
[2023.09.07 14:11:17 - debug] code: 600019.SH, date: 20230907 type:stock...........
[2023.09.07 14:11:17 - debug] code: 118013.SH, date: 20230907type:bond
[2023.09.07 14:11:17 - debug] code: 110060.SH, date: 20230907type:bond
[2023.09.07 14:11:17 - debug] code: 603876.SH, date: 20230907 type:stock...........
[2023.09.07 14:11:17 - debug] code: 603535.SH, date: 20230907 type:stock...........
[2023.09.07 14:11:17 - debug] code: 600428.SH, date: 20230907 type:stock...........
[2023.09.07 14:11:17 - debug] code: 118026.SH, date: 20230907type:bond
[2023.09.07 14:11:17 - debug] code: 113047.SH, date: 20230907type:bond
[2023.09.07 14:11:17 - debug] code: 113579.SH, date: 20230907type:bond
[2023.09.07 14:11:17 - debug] code: 110068.SH, date: 20230907type:bond
[2023.09.07 14:11:17 - debug] code: 601989.SH, date: 20230907 type:stock...........
[2023.09.07 14:11:17 - debug] code: 132018.SH, date: 20230907type:bond
[2023.09.07 14:11:17 - debug] code: 113649.SH, date: 20230907type:bond
[2023.09.07 14:11:17 - debug] code: 600362.SH, date: 20230907 type:stock...........
[2023.09.07 14:11:17 - debug] code: 113516.SH, date: 20230907type:bond
[2023.09.07 14:11:17 - debug] code: 603568.SH, date: 20230907 type:stock...........
[2023.09.07 14:11:17 - debug] code: 118008.SH, date: 20230907type:bond
[2023.09.07 14:11:17 - debug] code: 118004.SH, date: 20230907type:bond
[2023.09.07 14:11:17 - debug] code: 113621.SH, date: 20230907type:bond
[2023.09.07 14:11:17 - debug] code: 688388.SH, date: 20230907 type:stock...........
[2023.09.07 14:11:17 - debug] code: 603707.SH, date: 20230907 type:stock...........
[2023.09.07 14:11:17 - debug] code: 111011.SH, date: 20230907type:bond
[2023.09.07 14:11:17 - debug] code: 603960.SH, date: 20230907 type:stock...........
[2023.09.07 14:11:17 - debug] code: 603776.SH, date: 20230907 type:stock...........
[2023.09.07 14:11:17 - debug] code: 600919.SH, date: 20230907 type:stock...........
[2023.09.07 14:11:17 - debug] code: 603165.SH, date: 20230907 type:stock...........
[2023.09.07 14:11:17 - debug] code: 110087.SH, date: 20230907type:bond
[2023.09.07 14:11:17 - debug] code: 601318.SH, date: 20230907 type:stock...........
[2023.09.07 14:11:17 - debug] code: 600521.SH, date: 20230907 type:stock...........
[2023.09.07 14:11:17 - debug] code: 113053.SH, date: 20230907type:bond
[2023.09.07 14:11:17 - debug] code: 113062.SH, date: 20230907type:bond
[2023.09.07 14:11:17 - debug] code: 601009.SH, date: 20230907 type:stock...........
[2023.09.07 14:11:17 - debug] code: 113598.SH, date: 20230907type:bond
[2023.09.07 14:11:17 - debug] code: 118009.SH, date: 20230907type:bond
[2023.09.07 14:11:17 - debug] code: 113609.SH, date: 20230907type:bond
[2023.09.07 14:11:17 - debug] code: 113669.SH, date: 20230907type:bond
[2023.09.07 14:11:17 - debug] code: 600170.SH, date: 20230907 type:stock...........
[2023.09.07 14:11:17 - debug] code: 603618.SH, date: 20230907 type:stock...........
[2023.09.07 14:11:17 - debug] code: 110067.SH, date: 20230907type:bond
[2023.09.07 14:11:17 - debug] code: 601963.SH, date: 20230907 type:stock...........
[2023.09.07 14:11:17 - debug] code: 600017.SH, date: 20230907 type:stock...........
[2023.09.07 14:11:17 - debug] code: 603027.SH, date: 20230907 type:stock...........
[2023.09.07 14:11:17 - debug] code: 603179.SH, date: 20230907 type:stock...........
[2023.09.07 14:11:17 - debug] code: 601108.SH, date: 20230907 type:stock...........
[2023.09.07 14:11:17 - debug] code: 603348.SH, date: 20230907 type:stock...........
[2023.09.07 14:11:17 - debug] code: 600023.SH, date: 20230907 type:stock...........
[2023.09.07 14:11:17 - debug] code: 603377.SH, date: 20230907 type:stock...........
[2023.09.07 14:11:17 - debug] code: 603569.SH, date: 20230907 type:stock...........
[2023.09.07 14:11:17 - debug] code: 113575.SH, date: 20230907type:bond
[2023.09.07 14:11:17 - debug] code: 113060.SH, date: 20230907type:bond
[2023.09.07 14:11:17 - debug] code: 600566.SH, date: 20230907 type:stock...........
[2023.09.07 14:11:17 - debug] code: 113049.SH, date: 20230907type:bond
[2023.09.07 14:11:17 - debug] code: 113566.SH, date: 20230907type:bond
[2023.09.07 14:11:17 - debug] code: 600096.SH, date: 20230907 type:stock...........
[2023.09.07 14:11:17 - debug] code: 603336.SH, date: 20230907 type:stock...........
[2023.09.07 14:11:17 - debug] code: 605068.SH, date: 20230907 type:stock...........
[2023.09.07 14:11:17 - debug] code: 113059.SH, date: 20230907type:bond
[2023.09.07 14:11:17 - debug] code: 603228.SH, date: 20230907 type:stock...........
[2023.09.07 14:11:17 - debug] code: 601211.SH, date: 20230907 type:stock...........
[2023.09.07 14:11:17 - debug] code: 603079.SH, date: 20230907 type:stock...........
[2023.09.07 14:11:17 - debug] code: 603669.SH, date: 20230907 type:stock...........
[2023.09.07 14:11:17 - debug] code: 113627.SH, date: 20230907type:bond
[2023.09.07 14:11:17 - debug] code: 113542.SH, date: 20230907type:bond
[2023.09.07 14:11:17 - debug] code: 601238.SH, date: 20230907 type:stock...........
[2023.09.07 14:11:17 - debug] code: 601966.SH, date: 20230907 type:stock...........
[2023.09.07 14:11:17 - debug] code: 603528.SH, date: 20230907 type:stock...........
[2023.09.07 14:11:17 - debug] code: 118019.SH, date: 20230907type:bond
[2023.09.07 14:11:17 - debug] code: 601998.SH, date: 20230907 type:stock...........
[2023.09.07 14:11:17 - debug] code: 110047.SH, date: 20230907type:bond
[2023.09.07 14:11:17 - debug] code: 688323.SH, date: 20230907 type:stock...........
[2023.09.07 14:11:17 - debug] code: 600398.SH, date: 20230907 type:stock...........
[2023.09.07 14:11:17 - debug] code: 110043.SH, date: 20230907type:bond
[2023.09.07 14:11:17 - debug] code: 600028.SH, date: 20230907 type:stock...........
[2023.09.07 14:11:17 - debug] code: 601636.SH, date: 20230907 type:stock...........
[2023.09.07 14:11:17 - debug] code: 113561.SH, date: 20230907type:bond
[2023.09.07 14:11:17 - debug] code: 600500.SH, date: 20230907 type:stock...........
[2023.09.07 14:11:17 - debug] code: 113573.SH, date: 20230907type:bond
[2023.09.07 14:11:17 - debug] code: 113058.SH, date: 20230907type:bond
[2023.09.07 14:11:17 - debug] code: 113670.SH, date: 20230907type:bond
[2023.09.07 14:11:17 - debug] code: 600004.SH, date: 20230907 type:stock...........
[2023.09.07 14:11:17 - debug] code: 111003.SH, date: 20230907type:bond
[2023.09.07 14:11:17 - debug] code: 603833.SH, date: 20230907 type:stock...........
[2023.09.07 14:11:17 - debug] code: 113661.SH, date: 20230907type:bond
[2023.09.07 14:11:17 - debug] code: 111009.SH, date: 20230907type:bond
[2023.09.07 14:11:17 - debug] code: 118021.SH, date: 20230907type:bond
[2023.09.07 14:11:17 - debug] code: 113666.SH, date: 20230907type:bond
[2023.09.07 14:11:17 - debug] code: 118020.SH, date: 20230907type:bond
[2023.09.07 14:11:17 - debug] code: 603861.SH, date: 20230907 type:stock...........
[2023.09.07 14:11:17 - debug] code: 601515.SH, date: 20230907 type:stock...........
[2023.09.07 14:11:17 - debug] code: 688186.SH, date: 20230907 type:stock...........
[2023.09.07 14:11:17 - debug] code: 605020.SH, date: 20230907 type:stock...........
[2023.09.07 14:11:17 - debug] code: 601137.SH, date: 20230907 type:stock...........
[2023.09.07 14:11:17 - debug] code: 603298.SH, date: 20230907 type:stock...........
[2023.09.07 14:11:17 - debug] code: 110089.SH, date: 20230907type:bond
[2023.09.07 14:11:17 - debug] code: 603007.SH, date: 20230907 type:stock...........
[2023.09.07 14:11:17 - debug] code: 603136.SH, date: 20230907 type:stock...........
[2023.09.07 14:11:17 - debug] code: 118027.SH, date: 20230907type:bond
[2023.09.07 14:11:17 - debug] code: 110064.SH, date: 20230907type:bond
[2023.09.07 14:11:17 - debug] code: 603901.SH, date: 20230907 type:stock...........
[2023.09.07 14:11:17 - debug] code: 603323.SH, date: 20230907 type:stock...........
[2023.09.07 14:11:17 - debug] code: 603667.SH, date: 20230907 type:stock...........
[2023.09.07 14:11:17 - debug] code: 688208.SH, date: 20230907 type:stock...........
[2023.09.07 14:11:17 - debug] code: 113537.SH, date: 20230907type:bond
[2023.09.07 14:11:17 - debug] code: 600323.SH, date: 20230907 type:stock...........
[2023.09.07 14:11:17 - debug] code: 605133.SH, date: 20230907 type:stock...........
[2023.09.07 14:11:17 - debug] code: 601881.SH, date: 20230907 type:stock...........
[2023.09.07 14:11:17 - debug] code: 113064.SH, date: 20230907type:bond
[2023.09.07 14:11:17 - debug] code: 113626.SH, date: 20230907type:bond
[2023.09.07 14:11:17 - debug] code: 600908.SH, date: 20230907 type:stock...........
[2023.09.07 14:11:17 - debug] code: 113563.SH, date: 20230907type:bond
[2023.09.07 14:11:17 - debug] code: 113651.SH, date: 20230907type:bond
[2023.09.07 14:11:17 - debug] code: 110090.SH, date: 20230907type:bond
[2023.09.07 14:11:17 - debug] code: 600900.SH, date: 20230907 type:stock...........
[2023.09.07 14:11:17 - debug] code: 600782.SH, date: 20230907 type:stock...........
[2023.09.07 14:11:17 - debug] code: 110083.SH, date: 20230907type:bond
[2023.09.07 14:11:17 - debug] code: 110053.SH, date: 20230907type:bond
[2023.09.07 14:11:17 - debug] code: 600061.SH, date: 20230907 type:stock...........
[2023.09.07 14:11:17 - debug] code: 600985.SH, date: 20230907 type:stock...........
[2023.09.07 14:11:17 - debug] code: 110088.SH, date: 20230907type:bond
[2023.09.07 14:11:17 - debug] code: 118000.SH, date: 20230907type:bond
[2023.09.07 14:11:17 - debug] code: 113061.SH, date: 20230907type:bond
[2023.09.07 14:11:17 - debug] code: 111002.SH, date: 20230907type:bond
[2023.09.07 14:11:17 - debug] code: 113631.SH, date: 20230907type:bond
[2023.09.07 14:11:17 - debug] code: 113664.SH, date: 20230907type:bond
[2023.09.07 14:11:17 - debug] code: 600901.SH, date: 20230907 type:stock...........
[2023.09.07 14:11:17 - debug] code: 113025.SH, date: 20230907type:bond
[2023.09.07 14:11:17 - debug] code: 601199.SH, date: 20230907 type:stock...........
[2023.09.07 14:11:17 - debug] code: 118028.SH, date: 20230907type:bond
[2023.09.07 14:11:17 - debug] code: 601865.SH, date: 20230907 type:stock...........
[2023.09.07 14:11:17 - debug] code: 600160.SH, date: 20230907 type:stock...........
[2023.09.07 14:11:17 - debug] code: 601233.SH, date: 20230907 type:stock...........
[2023.09.07 14:11:17 - debug] code: 600966.SH, date: 20230907 type:stock...........
[2023.09.07 14:11:17 - debug] code: 600271.SH, date: 20230907 type:stock...........
[2023.09.07 14:11:17 - debug] code: 603185.SH, date: 20230907 type:stock...........
[2023.09.07 14:11:17 - debug] code: 601985.SH, date: 20230907 type:stock...........
[2023.09.07 14:11:17 - debug] code: 603089.SH, date: 20230907 type:stock...........
[2023.09.07 14:11:17 - debug] code: 601789.SH, date: 20230907 type:stock...........
[2023.09.07 14:11:17 - debug] code: 601016.SH, date: 20230907 type:stock...........
[2023.09.07 14:11:17 - debug] code: 600808.SH, date: 20230907 type:stock...........
[2023.09.07 14:11:17 - debug] code: 688689.SH, date: 20230907 type:stock...........
[2023.09.07 14:11:17 - debug] code: 603626.SH, date: 20230907 type:stock...........
[2023.09.07 14:11:17 - debug] code: 601860.SH, date: 20230907 type:stock...........
[2023.09.07 14:11:17 - debug] code: 688595.SH, date: 20230907 type:stock...........
[2023.09.07 14:11:17 - debug] code: 110086.SH, date: 20230907type:bond
[2023.09.07 14:11:17 - debug] code: 600420.SH, date: 20230907 type:stock...........
[2023.09.07 14:11:17 - debug] code: 113055.SH, date: 20230907type:bond
[2023.09.07 14:11:17 - debug] code: 603871.SH, date: 20230907 type:stock...........
[2023.09.07 14:11:17 - debug] code: 113660.SH, date: 20230907type:bond
[2023.09.07 14:11:17 - debug] code: 110044.SH, date: 20230907type:bond
[2023.09.07 14:11:17 - debug] code: 603995.SH, date: 20230907 type:stock...........
[2023.09.07 14:11:17 - debug] code: 113027.SH, date: 20230907type:bond
[2023.09.07 14:11:17 - debug] code: 110058.SH, date: 20230907type:bond
[2023.09.07 14:11:17 - debug] code: 118032.SH, date: 20230907type:bond
[2023.09.07 14:11:18 - debug] code: 110055.SH, date: 20230907type:bond
[2023.09.07 14:11:18 - debug] code: 111007.SH, date: 20230907type:bond
[2023.09.07 14:11:18 - debug] code: 601200.SH, date: 20230907 type:stock...........
[2023.09.07 14:11:18 - debug] code: 600886.SH, date: 20230907 type:stock...........
[2023.09.07 14:11:18 - debug] code: 113640.SH, date: 20230907type:bond
[2023.09.07 14:11:18 - debug] code: 601678.SH, date: 20230907 type:stock...........
[2023.09.07 14:11:18 - debug] code: 603906.SH, date: 20230907 type:stock...........
[2023.09.07 14:11:18 - debug] code: 600909.SH, date: 20230907 type:stock...........
[2023.09.07 14:11:18 - debug] code: 688166.SH, date: 20230907 type:stock...........
[2023.09.07 14:11:18 - debug] code: 600233.SH, date: 20230907 type:stock...........
[2023.09.07 14:11:18 - debug] code: 113063.SH, date: 20230907type:bond
[2023.09.07 14:11:18 - debug] code: 688499.SH, date: 20230907 type:stock...........
[2023.09.07 14:11:18 - debug] code: 600197.SH, date: 20230907 type:stock...........
[2023.09.07 14:11:18 - debug] code: 603313.SH, date: 20230907 type:stock...........
[2023.09.07 14:11:18 - debug] code: 600356.SH, date: 20230907 type:stock...........
[2023.09.07 14:11:18 - debug] code: 601128.SH, date: 20230907 type:stock...........
[2023.09.07 14:11:18 - debug] code: 603098.SH, date: 20230907 type:stock...........
[2023.09.07 14:11:18 - debug] code: 688096.SH, date: 20230907 type:stock...........
[2023.09.07 14:11:18 - debug] code: 600350.SH, date: 20230907 type:stock...........
[2023.09.07 14:11:18 - debug] code: 603982.SH, date: 20230907 type:stock...........
[2023.09.07 14:11:18 - debug] code: 601686.SH, date: 20230907 type:stock...........
[2023.09.07 14:11:18 - debug] code: 603677.SH, date: 20230907 type:stock...........
[2023.09.07 14:11:18 - debug] code: 603659.SH, date: 20230907 type:stock...........
[2023.09.07 14:11:18 - debug] code: 688772.SH, date: 20230907 type:stock...........
[2023.09.07 14:11:18 - debug] code: 601208.SH, date: 20230907 type:stock...........
[2023.09.07 14:11:18 - debug] code: 113577.SH, date: 20230907type:bond
[2023.09.07 14:11:18 - debug] code: 113039.SH, date: 20230907type:bond
[2023.09.07 14:11:18 - debug] code: 110077.SH, date: 20230907type:bond
[2023.09.07 14:11:18 - debug] code: 603023.SH, date: 20230907 type:stock...........
[2023.09.07 14:11:18 - debug] code: 113591.SH, date: 20230907type:bond
[2023.09.07 14:11:18 - debug] code: 600859.SH, date: 20230907 type:stock...........
[2023.09.07 14:11:18 - debug] code: 113618.SH, date: 20230907type:bond
[2023.09.07 14:11:18 - debug] code: 600535.SH, date: 20230907 type:stock...........
[2023.09.07 14:11:18 - debug] code: 603979.SH, date: 20230907 type:stock...........
[2023.09.07 14:11:18 - debug] code: 113546.SH, date: 20230907type:bond
[2023.09.07 14:11:18 - debug] code: 603916.SH, date: 20230907 type:stock...........
[2023.09.07 14:11:18 - debug] code: 123035.SZ, date: 20230907type:bond
[2023.09.07 14:11:18 - debug] code: 123018.SZ, date: 20230907type:bond
[2023.09.07 14:11:18 - debug] code: 123101.SZ, date: 20230907type:bond
[2023.09.07 14:11:18 - debug] code: 123010.SZ, date: 20230907type:bond
[2023.09.07 14:11:18 - debug] code: 123034.SZ, date: 20230907type:bond
[2023.09.07 14:11:18 - debug] code: 123091.SZ, date: 20230907type:bond
[2023.09.07 14:11:18 - debug] code: 123130.SZ, date: 20230907type:bond
[2023.09.07 14:11:18 - debug] code: 123012.SZ, date: 20230907type:bond
[2023.09.07 14:11:18 - debug] code: 123063.SZ, date: 20230907type:bond
[2023.09.07 14:11:18 - debug] code: 123078.SZ, date: 20230907type:bond
[2023.09.07 14:11:18 - debug] code: 123133.SZ, date: 20230907type:bond
[2023.09.07 14:11:18 - debug] code: 123046.SZ, date: 20230907type:bond
[2023.09.07 14:11:18 - debug] code: 123093.SZ, date: 20230907type:bond
[2023.09.07 14:11:18 - debug] code: 123064.SZ, date: 20230907type:bond
[2023.09.07 14:11:18 - debug] code: 123031.SZ, date: 20230907type:bond
[2023.09.07 14:11:18 - debug] code: 123004.SZ, date: 20230907type:bond
[2023.09.07 14:11:18 - debug] code: 123002.SZ, date: 20230907type:bond
[2023.09.07 14:11:18 - debug] code: 123089.SZ, date: 20230907type:bond
[2023.09.07 14:11:18 - debug] code: 123115.SZ, date: 20230907type:bond
[2023.09.07 14:11:18 - debug] code: 123054.SZ, date: 20230907type:bond
[2023.09.07 14:11:18 - debug] code: 600496.SH, date: 20230907 type:stock...........
[2023.09.07 14:11:18 - debug] code: 123013.SZ, date: 20230907type:bond
[2023.09.07 14:11:18 - debug] code: 113530.SH, date: 20230907type:bond
[2023.09.07 14:11:18 - debug] code: 123076.SZ, date: 20230907type:bond
[2023.09.07 14:11:18 - debug] code: 123142.SZ, date: 20230907type:bond
[2023.09.07 14:11:18 - debug] code: 123178.SZ, date: 20230907type:bond
[2023.09.07 14:11:18 - debug] code: 123025.SZ, date: 20230907type:bond
[2023.09.07 14:11:18 - debug] code: 123092.SZ, date: 20230907type:bond
[2023.09.07 14:11:18 - debug] code: 123067.SZ, date: 20230907type:bond
[2023.09.07 14:11:18 - debug] code: 123039.SZ, date: 20230907type:bond
[2023.09.07 14:11:18 - debug] code: 123173.SZ, date: 20230907type:bond
[2023.09.07 14:11:18 - debug] code: 123056.SZ, date: 20230907type:bond
[2023.09.07 14:11:18 - debug] code: 123143.SZ, date: 20230907type:bond
[2023.09.07 14:11:18 - debug] code: 123114.SZ, date: 20230907type:bond
[2023.09.07 14:11:18 - debug] code: 123127.SZ, date: 20230907type:bond
[2023.09.07 14:11:18 - debug] code: 123096.SZ, date: 20230907type:bond
[2023.09.07 14:11:18 - debug] code: 113662.SH, date: 20230907type:bond
[2023.09.07 14:11:18 - debug] code: 123141.SZ, date: 20230907type:bond
[2023.09.07 14:11:18 - debug] code: 123172.SZ, date: 20230907type:bond
[2023.09.07 14:11:18 - debug] code: 123194.SZ, date: 20230907type:bond
[2023.09.07 14:11:18 - debug] code: 123038.SZ, date: 20230907type:bond
[2023.09.07 14:11:18 - debug] code: 123080.SZ, date: 20230907type:bond
[2023.09.07 14:11:18 - debug] code: 123107.SZ, date: 20230907type:bond
[2023.09.07 14:11:18 - debug] code: 123174.SZ, date: 20230907type:bond
[2023.09.07 14:11:18 - debug] code: 127014.SZ, date: 20230907type:bond
[2023.09.07 14:11:18 - debug] code: 123175.SZ, date: 20230907type:bond
[2023.09.07 14:11:18 - debug] code: 603866.SH, date: 20230907 type:stock...........
[2023.09.07 14:11:18 - debug] code: 123048.SZ, date: 20230907type:bond
[2023.09.07 14:11:18 - debug] code: 123181.SZ, date: 20230907type:bond
[2023.09.07 14:11:18 - debug] code: 601311.SH, date: 20230907 type:stock...........
[2023.09.07 14:11:18 - debug] code: 123052.SZ, date: 20230907type:bond
[2023.09.07 14:11:18 - debug] code: 123167.SZ, date: 20230907type:bond
[2023.09.07 14:11:18 - debug] code: 600269.SH, date: 20230907 type:stock...........
[2023.09.07 14:11:18 - debug] code: 601336.SH, date: 20230907 type:stock...........
[2023.09.07 14:11:18 - debug] code: 123059.SZ, date: 20230907type:bond
[2023.09.07 14:11:18 - debug] code: 123112.SZ, date: 20230907type:bond
[2023.09.07 14:11:18 - debug] code: 123162.SZ, date: 20230907type:bond
[2023.09.07 14:11:18 - debug] code: 123147.SZ, date: 20230907type:bond
[2023.09.07 14:11:18 - debug] code: 123104.SZ, date: 20230907type:bond
[2023.09.07 14:11:18 - debug] code: 123144.SZ, date: 20230907type:bond
[2023.09.07 14:11:18 - debug] code: 123145.SZ, date: 20230907type:bond
[2023.09.07 14:11:18 - debug] code: 123161.SZ, date: 20230907type:bond
[2023.09.07 14:11:18 - debug] code: 123120.SZ, date: 20230907type:bond
[2023.09.07 14:11:18 - debug] code: 123186.SZ, date: 20230907type:bond
[2023.09.07 14:11:18 - debug] code: 123165.SZ, date: 20230907type:bond
[2023.09.07 14:11:18 - debug] code: 123131.SZ, date: 20230907type:bond
[2023.09.07 14:11:18 - debug] code: 123099.SZ, date: 20230907type:bond
[2023.09.07 14:11:18 - debug] code: 123128.SZ, date: 20230907type:bond
[2023.09.07 14:11:18 - debug] code: 123160.SZ, date: 20230907type:bond
[2023.09.07 14:11:18 - debug] code: 123121.SZ, date: 20230907type:bond
[2023.09.07 14:11:18 - debug] code: 603363.SH, date: 20230907 type:stock...........
[2023.09.07 14:11:18 - debug] code: 123164.SZ, date: 20230907type:bond
[2023.09.07 14:11:18 - debug] code: 603738.SH, date: 20230907 type:stock...........
[2023.09.07 14:11:18 - debug] code: 123176.SZ, date: 20230907type:bond
[2023.09.07 14:11:18 - debug] code: 123150.SZ, date: 20230907type:bond
[2023.09.07 14:11:18 - debug] code: 123177.SZ, date: 20230907type:bond
[2023.09.07 14:11:18 - debug] code: 123151.SZ, date: 20230907type:bond
[2023.09.07 14:11:18 - debug] code: 113643.SH, date: 20230907type:bond
[2023.09.07 14:11:18 - debug] code: 127063.SZ, date: 20230907type:bond
[2023.09.07 14:11:18 - debug] code: 123163.SZ, date: 20230907type:bond
[2023.09.07 14:11:18 - debug] code: 123118.SZ, date: 20230907type:bond
[2023.09.07 14:11:18 - debug] code: 127007.SZ, date: 20230907type:bond
[2023.09.07 14:11:18 - debug] code: 113602.SH, date: 20230907type:bond
[2023.09.07 14:11:18 - debug] code: 600798.SH, date: 20230907 type:stock...........
[2023.09.07 14:11:18 - debug] code: 123183.SZ, date: 20230907type:bond
[2023.09.07 14:11:18 - debug] code: 123188.SZ, date: 20230907type:bond
[2023.09.07 14:11:18 - debug] code: 123170.SZ, date: 20230907type:bond
[2023.09.07 14:11:18 - debug] code: 123192.SZ, date: 20230907type:bond
[2023.09.07 14:11:18 - debug] code: 123190.SZ, date: 20230907type:bond
[2023.09.07 14:11:18 - debug] code: 123191.SZ, date: 20230907type:bond
[2023.09.07 14:11:18 - debug] code: 123195.SZ, date: 20230907type:bond
[2023.09.07 14:11:18 - debug] code: 127064.SZ, date: 20230907type:bond
[2023.09.07 14:11:18 - debug] code: 123184.SZ, date: 20230907type:bond
[2023.09.07 14:11:18 - debug] code: 127006.SZ, date: 20230907type:bond
[2023.09.07 14:11:18 - debug] code: 127012.SZ, date: 20230907type:bond
[2023.09.07 14:11:18 - debug] code: 127005.SZ, date: 20230907type:bond
[2023.09.07 14:11:18 - debug] code: 128035.SZ, date: 20230907type:bond
[2023.09.07 14:11:18 - debug] code: 127033.SZ, date: 20230907type:bond
[2023.09.07 14:11:18 - debug] code: 127039.SZ, date: 20230907type:bond
[2023.09.07 14:11:18 - debug] code: 127045.SZ, date: 20230907type:bond
[2023.09.07 14:11:18 - debug] code: 127041.SZ, date: 20230907type:bond
[2023.09.07 14:11:18 - debug] code: 127020.SZ, date: 20230907type:bond
[2023.09.07 14:11:18 - debug] code: 123189.SZ, date: 20230907type:bond
[2023.09.07 14:11:18 - debug] code: 123182.SZ, date: 20230907type:bond
[2023.09.07 14:11:18 - debug] code: 123187.SZ, date: 20230907type:bond
[2023.09.07 14:11:18 - debug] code: 127055.SZ, date: 20230907type:bond
[2023.09.07 14:11:18 - debug] code: 123197.SZ, date: 20230907type:bond
[2023.09.07 14:11:18 - debug] code: 603278.SH, date: 20230907 type:stock...........
[2023.09.07 14:11:18 - debug] code: 603051.SH, date: 20230907 type:stock...........
[2023.09.07 14:11:18 - debug] code: 127027.SZ, date: 20230907type:bond
[2023.09.07 14:11:18 - debug] code: 127060.SZ, date: 20230907type:bond
[2023.09.07 14:11:18 - debug] code: 127028.SZ, date: 20230907type:bond
[2023.09.07 14:11:18 - debug] code: 127032.SZ, date: 20230907type:bond
[2023.09.07 14:11:18 - debug] code: 127037.SZ, date: 20230907type:bond
[2023.09.07 14:11:18 - debug] code: 128030.SZ, date: 20230907type:bond
[2023.09.07 14:11:18 - debug] code: 127019.SZ, date: 20230907type:bond
[2023.09.07 14:11:18 - debug] code: 128033.SZ, date: 20230907type:bond
[2023.09.07 14:11:18 - debug] code: 128075.SZ, date: 20230907type:bond
[2023.09.07 14:11:18 - debug] code: 600600.SH, date: 20230907 type:stock...........
[2023.09.07 14:11:18 - debug] code: 127075.SZ, date: 20230907type:bond
[2023.09.07 14:11:18 - debug] code: 110048.SH, date: 20230907type:bond
[2023.09.07 14:11:18 - debug] code: 128081.SZ, date: 20230907type:bond
[2023.09.07 14:11:18 - debug] code: 127046.SZ, date: 20230907type:bond
[2023.09.07 14:11:18 - debug] code: 127084.SZ, date: 20230907type:bond
[2023.09.07 14:11:18 - debug] code: 127069.SZ, date: 20230907type:bond
[2023.09.07 14:11:18 - debug] code: 128017.SZ, date: 20230907type:bond
[2023.09.07 14:11:18 - debug] code: 127077.SZ, date: 20230907type:bond
[2023.09.07 14:11:18 - debug] code: 127016.SZ, date: 20230907type:bond
[2023.09.07 14:11:18 - debug] code: 127052.SZ, date: 20230907type:bond
[2023.09.07 14:11:18 - debug] code: 118011.SH, date: 20230907type:bond
[2023.09.07 14:11:18 - debug] code: 128118.SZ, date: 20230907type:bond
[2023.09.07 14:11:18 - debug] code: 128048.SZ, date: 20230907type:bond
[2023.09.07 14:11:18 - debug] code: 113504.SH, date: 20230907type:bond
[2023.09.07 14:11:18 - debug] code: 128066.SZ, date: 20230907type:bond
[2023.09.07 14:11:18 - debug] code: 127082.SZ, date: 20230907type:bond
[2023.09.07 14:11:18 - debug] code: 128123.SZ, date: 20230907type:bond
[2023.09.07 14:11:18 - debug] code: 127059.SZ, date: 20230907type:bond
[2023.09.07 14:11:18 - debug] code: 127065.SZ, date: 20230907type:bond
[2023.09.07 14:11:18 - debug] code: 127056.SZ, date: 20230907type:bond
[2023.09.07 14:11:18 - debug] code: 127047.SZ, date: 20230907type:bond
[2023.09.07 14:11:18 - debug] code: 127074.SZ, date: 20230907type:bond
[2023.09.07 14:11:18 - debug] code: 128021.SZ, date: 20230907type:bond
[2023.09.07 14:11:18 - debug] code: 127018.SZ, date: 20230907type:bond
[2023.09.07 14:11:18 - debug] code: 127079.SZ, date: 20230907type:bond
[2023.09.07 14:11:18 - debug] code: 127029.SZ, date: 20230907type:bond
[2023.09.07 14:11:18 - debug] code: 128036.SZ, date: 20230907type:bond
[2023.09.07 14:11:18 - debug] code: 128117.SZ, date: 20230907type:bond
[2023.09.07 14:11:18 - debug] code: 128090.SZ, date: 20230907type:bond
[2023.09.07 14:11:18 - debug] code: 127043.SZ, date: 20230907type:bond
[2023.09.07 14:11:18 - debug] code: 127072.SZ, date: 20230907type:bond
[2023.09.07 14:11:18 - debug] code: 128120.SZ, date: 20230907type:bond
[2023.09.07 14:11:18 - debug] code: 128111.SZ, date: 20230907type:bond
[2023.09.07 14:11:18 - debug] code: 127070.SZ, date: 20230907type:bond
[2023.09.07 14:11:18 - debug] code: 128062.SZ, date: 20230907type:bond
[2023.09.07 14:11:18 - debug] code: 127030.SZ, date: 20230907type:bond
[2023.09.07 14:11:18 - debug] code: 128127.SZ, date: 20230907type:bond
[2023.09.07 14:11:18 - debug] code: 128105.SZ, date: 20230907type:bond
[2023.09.07 14:11:18 - debug] code: 128049.SZ, date: 20230907type:bond
[2023.09.07 14:11:18 - debug] code: 127025.SZ, date: 20230907type:bond
[2023.09.07 14:11:18 - debug] code: 128044.SZ, date: 20230907type:bond
[2023.09.07 14:11:18 - debug] code: 128106.SZ, date: 20230907type:bond
[2023.09.07 14:11:18 - debug] code: 128141.SZ, date: 20230907type:bond
[2023.09.07 14:11:18 - debug] code: 128063.SZ, date: 20230907type:bond
[2023.09.07 14:11:18 - debug] code: 128025.SZ, date: 20230907type:bond
[2023.09.07 14:11:18 - debug] code: 128076.SZ, date: 20230907type:bond
[2023.09.07 14:11:18 - debug] code: 128101.SZ, date: 20230907type:bond
[2023.09.07 14:11:18 - debug] code: 128130.SZ, date: 20230907type:bond
[2023.09.07 14:11:18 - debug] code: 128053.SZ, date: 20230907type:bond
[2023.09.07 14:11:18 - debug] code: 128083.SZ, date: 20230907type:bond
[2023.09.07 14:11:18 - debug] code: 128087.SZ, date: 20230907type:bond
[2023.09.07 14:11:18 - debug] code: 128143.SZ, date: 20230907type:bond
[2023.09.07 14:11:18 - debug] code: 127080.SZ, date: 20230907type:bond
[2023.09.07 14:11:18 - debug] code: 128133.SZ, date: 20230907type:bond
[2023.09.07 14:11:18 - debug] code: 128132.SZ, date: 20230907type:bond
[2023.09.07 14:11:18 - debug] code: 128131.SZ, date: 20230907type:bond
[2023.09.07 14:11:18 - debug] code: 128041.SZ, date: 20230907type:bond
[2023.09.07 14:11:18 - debug] code: 128095.SZ, date: 20230907type:bond
[2023.09.07 14:11:18 - debug] code: 128023.SZ, date: 20230907type:bond
[2023.09.07 14:11:18 - debug] code: 128119.SZ, date: 20230907type:bond
[2023.09.07 14:11:18 - debug] code: 128144.SZ, date: 20230907type:bond
[2023.09.07 14:11:18 - debug] code: 128136.SZ, date: 20230907type:bond
[2023.09.07 14:11:18 - debug] code: 603208.SH, date: 20230907 type:stock...........
[2023.09.07 14:11:18 - debug] code: 110070.SH, date: 20230907type:bond
[2023.09.07 14:11:18 - debug] code: 113582.SH, date: 20230907type:bond
[2023.09.07 14:11:18 - debug] code: 113545.SH, date: 20230907type:bond
[2023.09.07 14:11:18 - debug] code: 118031.SH, date: 20230907type:bond
[2023.09.07 14:11:18 - debug] code: 113532.SH, date: 20230907type:bond
[2023.09.07 14:11:18 - debug] code: 110092.SH, date: 20230907type:bond
[2023.09.07 14:11:18 - debug] code: 110073.SH, date: 20230907type:bond
[2023.09.07 14:11:18 - debug] code: 113578.SH, date: 20230907type:bond
[2023.09.07 14:11:18 - debug] code: 110076.SH, date: 20230907type:bond
[2023.09.07 14:11:18 - debug] code: 601801.SH, date: 20230907 type:stock...........
[2023.09.07 14:11:18 - debug] code: 603225.SH, date: 20230907 type:stock...........
[2023.09.07 14:11:18 - debug] code: 601677.SH, date: 20230907 type:stock...........
[2023.09.07 14:59:08 - info ] [parser] Parser module ParserInsight.dll loaded
[2023.09.07 14:59:10 - error] [ParserInsight] Create client failed!
[2023.09.07 14:59:10 - error] [parser] Parser initializing failed: api initializing failed...
[2023.09.07 15:02:09 - info ] [parser] Parser module ParserInsight.dll loaded
[2023.09.07 15:02:11 - error] [ParserInsight] Create client failed!
[2023.09.07 15:02:11 - error] [parser] Parser initializing failed: api initializing failed...
[2023.09.07 15:03:00 - info ] [parser] Parser module ParserInsight.dll loaded
[2023.09.07 15:03:02 - error] [ParserInsight] Create client failed!
[2023.09.07 15:03:02 - error] [parser] Parser initializing failed: api initializing failed...
[2023.09.07 16:14:45 - info ] [parser] Parser module ParserInsight.dll loaded
[2023.09.07 16:14:47 - error] [ParserInsight] Create client failed!
[2023.09.07 16:14:47 - error] [parser] Parser initializing failed: api initializing failed...
[2023.09.07 16:56:32 - info ] [parser] Parser module ParserInsight.dll loaded
[2023.09.07 16:56:34 - error] [ParserInsight] Create client failed!
[2023.09.07 16:56:34 - error] [parser] Parser initializing failed: api initializing failed...
[2023.09.07 16:57:25 - info ] [parser] Parser module ParserInsight.dll loaded
[2023.09.07 16:57:27 - error] [ParserInsight] Create client failed!
[2023.09.07 16:57:27 - error] [parser] Parser initializing failed: api initializing failed...
